Begin with paramters:
    F1: landsat-c2-l2_bands-r-g-b-nir-swir16-swir22_ZMB_20k-points_1024-features_yr-2009-2021_mn-1-12_lm-False_cm-True_wa-False_summary.feather
    F2: sentinel-2-l2a_bands-2-3-4_ZMB_4k-points_1000-features_yr-2016-2022_mn-1-12_lm-False_cm-True_wa-False_summary.feather
    One-hot encoding: True
    Split: 0
    Random state: 670487
    
Begin with paramters:
    F1: landsat-c2-l2_bands-r-g-b-nir-swir16-swir22_ZMB_20k-points_1024-features_yr-2009-2021_mn-1-12_lm-False_cm-True_wa-False_summary.feather
    F2: sentinel-2-l2a_bands-2-3-4_ZMB_4k-points_1000-features_yr-2016-2022_mn-1-12_lm-False_cm-True_wa-False_summary.feather
    One-hot encoding: True
    Split: 1
    Random state: 116739
    
Begin with paramters:
    F1: landsat-c2-l2_bands-r-g-b-nir-swir16-swir22_ZMB_20k-points_1024-features_yr-2009-2021_mn-1-12_lm-False_cm-True_wa-False_summary.feather
    F2: sentinel-2-l2a_bands-2-3-4_ZMB_4k-points_1000-features_yr-2016-2022_mn-1-12_lm-False_cm-True_wa-False_summary.feather
    One-hot encoding: True
    Split: 3
    Random state: 777572
    
Begin with paramters:
    F1: landsat-c2-l2_bands-r-g-b-nir-swir16-swir22_ZMB_20k-points_1024-features_yr-2009-2021_mn-1-12_lm-False_cm-True_wa-False_summary.feather
    F2: sentinel-2-l2a_bands-2-3-4_ZMB_4k-points_1000-features_yr-2016-2022_mn-1-12_lm-False_cm-True_wa-False_summary.feather
    One-hot encoding: True
    Split: 4
    Random state: 288389
    
Begin with paramters:
    F1: landsat-c2-l2_bands-r-g-b-nir-swir16-swir22_ZMB_20k-points_1024-features_yr-2009-2021_mn-1-12_lm-False_cm-True_wa-False_summary.feather
    F2: sentinel-2-l2a_bands-2-3-4_ZMB_4k-points_1000-features_yr-2016-2022_mn-1-12_lm-False_cm-True_wa-False_summary.feather
    One-hot encoding: True
    Split: 2
    Random state: 26225
    
Begin with paramters:
    F1: landsat-c2-l2_bands-r-g-b-nir-swir16-swir22_ZMB_20k-points_1024-features_yr-2009-2021_mn-1-12_lm-False_cm-True_wa-False_summary.feather
    F2: sentinel-2-l2a_bands-2-3-4_ZMB_4k-points_1000-features_yr-2016-2022_mn-1-12_lm-False_cm-True_wa-False_summary.feather
    One-hot encoding: True
    Split: 5
    Random state: 256787
    
Begin with paramters:
    F1: landsat-c2-l2_bands-r-g-b-nir-swir16-swir22_ZMB_20k-points_1024-features_yr-2009-2021_mn-1-12_lm-False_cm-True_wa-False_summary.feather
    F2: sentinel-2-l2a_bands-2-3-4_ZMB_4k-points_1000-features_yr-2016-2022_mn-1-12_lm-False_cm-True_wa-True_summary.feather
    One-hot encoding: True
    Split: 1
    Random state: 116739
    
Begin with paramters:
    F1: landsat-c2-l2_bands-r-g-b-nir-swir16-swir22_ZMB_20k-points_1024-features_yr-2009-2021_mn-1-12_lm-False_cm-True_wa-False_summary.feather
    F2: sentinel-2-l2a_bands-2-3-4_ZMB_4k-points_1000-features_yr-2016-2022_mn-1-12_lm-False_cm-True_wa-False_summary.feather
    One-hot encoding: True
    Split: 6
    Random state: 234053
    
Begin with paramters:
    F1: landsat-c2-l2_bands-r-g-b-nir-swir16-swir22_ZMB_20k-points_1024-features_yr-2009-2021_mn-1-12_lm-False_cm-True_wa-False_summary.feather
    F2: sentinel-2-l2a_bands-2-3-4_ZMB_4k-points_1000-features_yr-2016-2022_mn-1-12_lm-False_cm-True_wa-True_summary.feather
    One-hot encoding: True
    Split: 3
    Random state: 777572
    
Begin with paramters:
    F1: landsat-c2-l2_bands-r-g-b-nir-swir16-swir22_ZMB_20k-points_1024-features_yr-2009-2021_mn-1-12_lm-False_cm-True_wa-False_summary.feather
    F2: sentinel-2-l2a_bands-2-3-4_ZMB_4k-points_1000-features_yr-2016-2022_mn-1-12_lm-False_cm-True_wa-False_summary.feather
    One-hot encoding: True
    Split: 7
    Random state: 146316
    
Begin with paramters:
    F1: landsat-c2-l2_bands-r-g-b-nir-swir16-swir22_ZMB_20k-points_1024-features_yr-2009-2021_mn-1-12_lm-False_cm-True_wa-False_summary.feather
    F2: sentinel-2-l2a_bands-2-3-4_ZMB_4k-points_1000-features_yr-2016-2022_mn-1-12_lm-False_cm-True_wa-True_summary.feather
    One-hot encoding: True
    Split: 2
    Random state: 26225
    
Begin with paramters:
    F1: landsat-c2-l2_bands-r-g-b-nir-swir16-swir22_ZMB_20k-points_1024-features_yr-2009-2021_mn-1-12_lm-False_cm-True_wa-False_summary.feather
    F2: sentinel-2-l2a_bands-2-3-4_ZMB_4k-points_1000-features_yr-2016-2022_mn-1-12_lm-False_cm-True_wa-True_summary.feather
    One-hot encoding: True
    Split: 4
    Random state: 288389
    
Begin with paramters:
    F1: landsat-c2-l2_bands-r-g-b-nir-swir16-swir22_ZMB_20k-points_1024-features_yr-2009-2021_mn-1-12_lm-False_cm-True_wa-False_summary.feather
    F2: sentinel-2-l2a_bands-2-3-4_ZMB_4k-points_1000-features_yr-2016-2022_mn-1-12_lm-False_cm-True_wa-True_summary.feather
    One-hot encoding: True
    Split: 7
    Random state: 146316
    
Begin with paramters:
    F1: landsat-c2-l2_bands-r-g-b-nir-swir16-swir22_ZMB_20k-points_1024-features_yr-2009-2021_mn-1-12_lm-False_cm-True_wa-False_summary.feather
    F2: sentinel-2-l2a_bands-2-3-4_ZMB_4k-points_1000-features_yr-2016-2022_mn-1-12_lm-False_cm-True_wa-True_summary.feather
    One-hot encoding: True
    Split: 5
    Random state: 256787
    
Begin with paramters:
    F1: landsat-c2-l2_bands-r-g-b-nir-swir16-swir22_ZMB_20k-points_1024-features_yr-2009-2021_mn-1-12_lm-False_cm-True_wa-False_summary.feather
    F2: sentinel-2-l2a_bands-2-3-4_ZMB_4k-points_1000-features_yr-2016-2022_mn-1-12_lm-False_cm-True_wa-True_summary.feather
    One-hot encoding: True
    Split: 6
    Random state: 234053
    
Begin with paramters:
    F1: landsat-c2-l2_bands-r-g-b-nir-swir16-swir22_ZMB_20k-points_1024-features_yr-2009-2021_mn-1-12_lm-False_cm-True_wa-False_summary.feather
    F2: sentinel-2-l2a_bands-2-3-4_ZMB_4k-points_1000-features_yr-2016-2022_mn-1-12_lm-False_cm-True_wa-True_summary.feather
    One-hot encoding: True
    Split: 9
    Random state: 107473
    
Begin with paramters:
    F1: landsat-c2-l2_bands-r-g-b-nir-swir16-swir22_ZMB_20k-points_1024-features_yr-2009-2021_mn-1-12_lm-False_cm-True_wa-False_summary.feather
    F2: sentinel-2-l2a_bands-2-3-4_ZMB_4k-points_1000-features_yr-2016-2022_mn-1-12_lm-False_cm-True_wa-True_summary.feather
    One-hot encoding: True
    Split: 8
    Random state: 772246
    
Begin with paramters:
    F1: landsat-c2-l2_bands-r-g-b-nir-swir16-swir22_ZMB_20k-points_1024-features_yr-2009-2021_mn-1-12_lm-False_cm-True_wa-True_summary.feather
    F2: sentinel-2-l2a_bands-2-3-4-8_ZMB_15k-points_1000-features_yr-2016-2022_mn-1-12_lm-False_cm-True_wa-False_summary.feather
    One-hot encoding: True
    Split: 0
    Random state: 670487
    
Begin with paramters:
    F1: landsat-c2-l2_bands-r-g-b-nir-swir16-swir22_ZMB_20k-points_1024-features_yr-2009-2021_mn-1-12_lm-False_cm-True_wa-True_summary.feather
    F2: sentinel-2-l2a_bands-2-3-4-8_ZMB_15k-points_1000-features_yr-2016-2022_mn-1-12_lm-False_cm-True_wa-False_summary.feather
    One-hot encoding: True
    Split: 4
    Random state: 288389
    
Begin with paramters:
    F1: landsat-c2-l2_bands-r-g-b-nir-swir16-swir22_ZMB_20k-points_1024-features_yr-2009-2021_mn-1-12_lm-False_cm-True_wa-True_summary.feather
    F2: sentinel-2-l2a_bands-2-3-4-8_ZMB_15k-points_1000-features_yr-2016-2022_mn-1-12_lm-False_cm-True_wa-False_summary.feather
    One-hot encoding: True
    Split: 1
    Random state: 116739
    
Begin with paramters:
    F1: landsat-c2-l2_bands-r-g-b-nir-swir16-swir22_ZMB_20k-points_1024-features_yr-2009-2021_mn-1-12_lm-False_cm-True_wa-True_summary.feather
    F2: sentinel-2-l2a_bands-2-3-4-8_ZMB_15k-points_1000-features_yr-2016-2022_mn-1-12_lm-False_cm-True_wa-False_summary.feather
    One-hot encoding: True
    Split: 3
    Random state: 777572
    
Begin with paramters:
    F1: landsat-c2-l2_bands-r-g-b-nir-swir16-swir22_ZMB_20k-points_1024-features_yr-2009-2021_mn-1-12_lm-False_cm-True_wa-True_summary.feather
    F2: sentinel-2-l2a_bands-2-3-4-8_ZMB_15k-points_1000-features_yr-2016-2022_mn-1-12_lm-False_cm-True_wa-False_summary.feather
    One-hot encoding: True
    Split: 5
    Random state: 256787
    
Begin with paramters:
    F1: landsat-c2-l2_bands-r-g-b-nir-swir16-swir22_ZMB_20k-points_1024-features_yr-2009-2021_mn-1-12_lm-False_cm-True_wa-True_summary.feather
    F2: sentinel-2-l2a_bands-2-3-4-8_ZMB_15k-points_1000-features_yr-2016-2022_mn-1-12_lm-False_cm-True_wa-False_summary.feather
    One-hot encoding: True
    Split: 2
    Random state: 26225
    
Begin with paramters:
    F1: landsat-c2-l2_bands-r-g-b-nir-swir16-swir22_ZMB_20k-points_1024-features_yr-2009-2021_mn-1-12_lm-False_cm-True_wa-True_summary.feather
    F2: sentinel-2-l2a_bands-2-3-4-8_ZMB_15k-points_1000-features_yr-2016-2022_mn-1-12_lm-False_cm-True_wa-False_summary.feather
    One-hot encoding: True
    Split: 6
    Random state: 234053
    
Begin with paramters:
    F1: landsat-c2-l2_bands-r-g-b-nir-swir16-swir22_ZMB_20k-points_1024-features_yr-2009-2021_mn-1-12_lm-False_cm-True_wa-True_summary.feather
    F2: sentinel-2-l2a_bands-2-3-4-8_ZMB_15k-points_1000-features_yr-2016-2022_mn-1-12_lm-False_cm-True_wa-False_summary.feather
    One-hot encoding: True
    Split: 8
    Random state: 772246
    
Begin with paramters:
    F1: landsat-c2-l2_bands-r-g-b-nir-swir16-swir22_ZMB_20k-points_1024-features_yr-2009-2021_mn-1-12_lm-False_cm-True_wa-True_summary.feather
    F2: sentinel-2-l2a_bands-2-3-4-8_ZMB_15k-points_1000-features_yr-2016-2022_mn-1-12_lm-False_cm-True_wa-True_summary.feather
    One-hot encoding: True
    Split: 1
    Random state: 116739
    
Begin with paramters:
    F1: landsat-c2-l2_bands-r-g-b-nir-swir16-swir22_ZMB_20k-points_1024-features_yr-2009-2021_mn-1-12_lm-False_cm-True_wa-True_summary.feather
    F2: sentinel-2-l2a_bands-2-3-4-8_ZMB_15k-points_1000-features_yr-2016-2022_mn-1-12_lm-False_cm-True_wa-False_summary.feather
    One-hot encoding: True
    Split: 7
    Random state: 146316
    
Begin with paramters:
    F1: landsat-c2-l2_bands-r-g-b-nir-swir16-swir22_ZMB_20k-points_1024-features_yr-2009-2021_mn-1-12_lm-False_cm-True_wa-True_summary.feather
    F2: sentinel-2-l2a_bands-2-3-4-8_ZMB_15k-points_1000-features_yr-2016-2022_mn-1-12_lm-False_cm-True_wa-True_summary.feather
    One-hot encoding: True
    Split: 2
    Random state: 26225
    
Begin with paramters:
    F1: landsat-c2-l2_bands-r-g-b-nir-swir16-swir22_ZMB_20k-points_1024-features_yr-2009-2021_mn-1-12_lm-False_cm-True_wa-True_summary.feather
    F2: sentinel-2-l2a_bands-2-3-4-8_ZMB_15k-points_1000-features_yr-2016-2022_mn-1-12_lm-False_cm-True_wa-False_summary.feather
    One-hot encoding: True
    Split: 9
    Random state: 107473
    
Begin with paramters:
    F1: landsat-c2-l2_bands-r-g-b-nir-swir16-swir22_ZMB_20k-points_1024-features_yr-2009-2021_mn-1-12_lm-False_cm-True_wa-True_summary.feather
    F2: sentinel-2-l2a_bands-2-3-4-8_ZMB_15k-points_1000-features_yr-2016-2022_mn-1-12_lm-False_cm-True_wa-True_summary.feather
    One-hot encoding: True
    Split: 3
    Random state: 777572
    
Begin with paramters:
    F1: landsat-c2-l2_bands-r-g-b-nir-swir16-swir22_ZMB_20k-points_1024-features_yr-2009-2021_mn-1-12_lm-False_cm-True_wa-True_summary.feather
    F2: sentinel-2-l2a_bands-2-3-4-8_ZMB_15k-points_1000-features_yr-2016-2022_mn-1-12_lm-False_cm-True_wa-True_summary.feather
    One-hot encoding: True
    Split: 0
    Random state: 670487
    
Begin with paramters:
    F1: landsat-c2-l2_bands-r-g-b-nir-swir16-swir22_ZMB_20k-points_1024-features_yr-2009-2021_mn-1-12_lm-False_cm-True_wa-True_summary.feather
    F2: sentinel-2-l2a_bands-2-3-4-8_ZMB_15k-points_1000-features_yr-2016-2022_mn-1-12_lm-False_cm-True_wa-True_summary.feather
    One-hot encoding: True
    Split: 4
    Random state: 288389
    
Begin with paramters:
    F1: landsat-c2-l2_bands-r-g-b-nir-swir16-swir22_ZMB_20k-points_1024-features_yr-2009-2021_mn-1-12_lm-False_cm-True_wa-True_summary.feather
    F2: sentinel-2-l2a_bands-2-3-4-8_ZMB_15k-points_1000-features_yr-2016-2022_mn-1-12_lm-False_cm-True_wa-True_summary.feather
    One-hot encoding: True
    Split: 5
    Random state: 256787
    
Begin with paramters:
    F1: landsat-c2-l2_bands-r-g-b-nir-swir16-swir22_ZMB_20k-points_1024-features_yr-2009-2021_mn-1-12_lm-False_cm-True_wa-True_summary.feather
    F2: sentinel-2-l2a_bands-2-3-4-8_ZMB_15k-points_1000-features_yr-2016-2022_mn-1-12_lm-False_cm-True_wa-True_summary.feather
    One-hot encoding: True
    Split: 6
    Random state: 234053
    
Begin with paramters:
    F1: landsat-c2-l2_bands-r-g-b-nir-swir16-swir22_ZMB_20k-points_1024-features_yr-2009-2021_mn-1-12_lm-False_cm-True_wa-True_summary.feather
    F2: sentinel-2-l2a_bands-2-3-4_ZMB_15k-points_1000-features_yr-2016-2022_mn-1-12_lm-False_cm-True_wa-False_summary.feather
    One-hot encoding: True
    Split: 4
    Random state: 288389
    
Begin with paramters:
    F1: landsat-c2-l2_bands-r-g-b-nir-swir16-swir22_ZMB_20k-points_1024-features_yr-2009-2021_mn-1-12_lm-False_cm-True_wa-True_summary.feather
    F2: sentinel-2-l2a_bands-2-3-4-8_ZMB_15k-points_1000-features_yr-2016-2022_mn-1-12_lm-False_cm-True_wa-True_summary.feather
    One-hot encoding: True
    Split: 7
    Random state: 146316
    
Begin with paramters:
    F1: landsat-c2-l2_bands-r-g-b-nir-swir16-swir22_ZMB_20k-points_1024-features_yr-2009-2021_mn-1-12_lm-False_cm-True_wa-True_summary.feather
    F2: sentinel-2-l2a_bands-2-3-4-8_ZMB_15k-points_1000-features_yr-2016-2022_mn-1-12_lm-False_cm-True_wa-True_summary.feather
    One-hot encoding: True
    Split: 8
    Random state: 772246
    
Begin with paramters:
    F1: landsat-c2-l2_bands-r-g-b-nir-swir16-swir22_ZMB_20k-points_1024-features_yr-2009-2021_mn-1-12_lm-False_cm-True_wa-True_summary.feather
    F2: sentinel-2-l2a_bands-2-3-4-8_ZMB_15k-points_1000-features_yr-2016-2022_mn-1-12_lm-False_cm-True_wa-True_summary.feather
    One-hot encoding: True
    Split: 9
    Random state: 107473
    
Begin with paramters:
    F1: landsat-c2-l2_bands-r-g-b-nir-swir16-swir22_ZMB_20k-points_1024-features_yr-2009-2021_mn-1-12_lm-False_cm-True_wa-True_summary.feather
    F2: sentinel-2-l2a_bands-2-3-4_ZMB_15k-points_1000-features_yr-2016-2022_mn-1-12_lm-False_cm-True_wa-False_summary.feather
    One-hot encoding: True
    Split: 3
    Random state: 777572
    
Begin with paramters:
    F1: landsat-c2-l2_bands-r-g-b-nir-swir16-swir22_ZMB_20k-points_1024-features_yr-2009-2021_mn-1-12_lm-False_cm-True_wa-True_summary.feather
    F2: sentinel-2-l2a_bands-2-3-4_ZMB_15k-points_1000-features_yr-2016-2022_mn-1-12_lm-False_cm-True_wa-False_summary.feather
    One-hot encoding: True
    Split: 2
    Random state: 26225
    
Begin with paramters:
    F1: landsat-c2-l2_bands-r-g-b-nir-swir16-swir22_ZMB_20k-points_1024-features_yr-2009-2021_mn-1-12_lm-False_cm-True_wa-True_summary.feather
    F2: sentinel-2-l2a_bands-2-3-4_ZMB_15k-points_1000-features_yr-2016-2022_mn-1-12_lm-False_cm-True_wa-False_summary.feather
    One-hot encoding: True
    Split: 8
    Random state: 772246
    
Begin with paramters:
    F1: landsat-c2-l2_bands-r-g-b-nir-swir16-swir22_ZMB_20k-points_1024-features_yr-2009-2021_mn-1-12_lm-False_cm-True_wa-True_summary.feather
    F2: sentinel-2-l2a_bands-2-3-4_ZMB_15k-points_1000-features_yr-2016-2022_mn-1-12_lm-False_cm-True_wa-False_summary.feather
    One-hot encoding: True
    Split: 9
    Random state: 107473
    
Begin with paramters:
    F1: landsat-c2-l2_bands-r-g-b-nir-swir16-swir22_ZMB_20k-points_1024-features_yr-2009-2021_mn-1-12_lm-False_cm-True_wa-True_summary.feather
    F2: sentinel-2-l2a_bands-2-3-4_ZMB_15k-points_1000-features_yr-2016-2022_mn-1-12_lm-False_cm-True_wa-False_summary.feather
    One-hot encoding: True
    Split: 5
    Random state: 256787
    
Begin with paramters:
    F1: landsat-c2-l2_bands-r-g-b-nir-swir16-swir22_ZMB_20k-points_1024-features_yr-2009-2021_mn-1-12_lm-False_cm-True_wa-True_summary.feather
    F2: sentinel-2-l2a_bands-2-3-4_ZMB_15k-points_1000-features_yr-2016-2022_mn-1-12_lm-False_cm-True_wa-False_summary.feather
    One-hot encoding: True
    Split: 7
    Random state: 146316
    
Begin with paramters:
    F1: landsat-c2-l2_bands-r-g-b-nir-swir16-swir22_ZMB_20k-points_1024-features_yr-2009-2021_mn-1-12_lm-False_cm-True_wa-True_summary.feather
    F2: sentinel-2-l2a_bands-2-3-4_ZMB_15k-points_1000-features_yr-2016-2022_mn-1-12_lm-False_cm-True_wa-True_summary.feather
    One-hot encoding: True
    Split: 0
    Random state: 670487
    
Begin with paramters:
    F1: landsat-c2-l2_bands-r-g-b-nir-swir16-swir22_ZMB_20k-points_1024-features_yr-2009-2021_mn-1-12_lm-False_cm-True_wa-True_summary.feather
    F2: sentinel-2-l2a_bands-2-3-4_ZMB_15k-points_1000-features_yr-2016-2022_mn-1-12_lm-False_cm-True_wa-False_summary.feather
    One-hot encoding: True
    Split: 6
    Random state: 234053
    
Begin with paramters:
    F1: landsat-c2-l2_bands-r-g-b-nir-swir16-swir22_ZMB_20k-points_1024-features_yr-2009-2021_mn-1-12_lm-False_cm-True_wa-True_summary.feather
    F2: sentinel-2-l2a_bands-2-3-4_ZMB_15k-points_1000-features_yr-2016-2022_mn-1-12_lm-False_cm-True_wa-True_summary.feather
    One-hot encoding: True
    Split: 2
    Random state: 26225
    
Begin with paramters:
    F1: landsat-c2-l2_bands-r-g-b-nir-swir16-swir22_ZMB_20k-points_1024-features_yr-2009-2021_mn-1-12_lm-False_cm-True_wa-True_summary.feather
    F2: sentinel-2-l2a_bands-2-3-4_ZMB_15k-points_1000-features_yr-2016-2022_mn-1-12_lm-False_cm-True_wa-True_summary.feather
    One-hot encoding: True
    Split: 3
    Random state: 777572
    
Begin with paramters:
    F1: landsat-c2-l2_bands-r-g-b-nir-swir16-swir22_ZMB_20k-points_1024-features_yr-2009-2021_mn-1-12_lm-False_cm-True_wa-True_summary.feather
    F2: sentinel-2-l2a_bands-2-3-4_ZMB_15k-points_1000-features_yr-2016-2022_mn-1-12_lm-False_cm-True_wa-True_summary.feather
    One-hot encoding: True
    Split: 1
    Random state: 116739
    
Begin with paramters:
    F1: landsat-c2-l2_bands-r-g-b-nir-swir16-swir22_ZMB_20k-points_1024-features_yr-2009-2021_mn-1-12_lm-False_cm-True_wa-True_summary.feather
    F2: sentinel-2-l2a_bands-2-3-4_ZMB_15k-points_1000-features_yr-2016-2022_mn-1-12_lm-False_cm-True_wa-True_summary.feather
    One-hot encoding: True
    Split: 4
    Random state: 288389
    
Begin with paramters:
    F1: landsat-c2-l2_bands-r-g-b-nir-swir16-swir22_ZMB_20k-points_1024-features_yr-2009-2021_mn-1-12_lm-False_cm-True_wa-True_summary.feather
    F2: sentinel-2-l2a_bands-2-3-4_ZMB_15k-points_1000-features_yr-2016-2022_mn-1-12_lm-False_cm-True_wa-True_summary.feather
    One-hot encoding: True
    Split: 5
    Random state: 256787
    
Begin with paramters:
    F1: landsat-c2-l2_bands-r-g-b-nir-swir16-swir22_ZMB_20k-points_1024-features_yr-2009-2021_mn-1-12_lm-False_cm-True_wa-True_summary.feather
    F2: sentinel-2-l2a_bands-2-3-4_ZMB_15k-points_1000-features_yr-2016-2022_mn-1-12_lm-False_cm-True_wa-True_summary.feather
    One-hot encoding: True
    Split: 6
    Random state: 234053
    
Begin with paramters:
    F1: landsat-c2-l2_bands-r-g-b-nir-swir16-swir22_ZMB_20k-points_1024-features_yr-2009-2021_mn-1-12_lm-False_cm-True_wa-True_summary.feather
    F2: sentinel-2-l2a_bands-2-3-4_ZMB_15k-points_1000-features_yr-2016-2022_mn-1-12_lm-False_cm-True_wa-True_summary.feather
    One-hot encoding: True
    Split: 9
    Random state: 107473
    
Begin with paramters:
    F1: landsat-c2-l2_bands-r-g-b-nir-swir16-swir22_ZMB_20k-points_1024-features_yr-2009-2021_mn-1-12_lm-False_cm-True_wa-True_summary.feather
    F2: sentinel-2-l2a_bands-2-3-4_ZMB_15k-points_1000-features_yr-2016-2022_mn-1-12_lm-False_cm-True_wa-True_summary.feather
    One-hot encoding: True
    Split: 7
    Random state: 146316
    
Begin with paramters:
    F1: landsat-c2-l2_bands-r-g-b-nir-swir16-swir22_ZMB_20k-points_1024-features_yr-2009-2021_mn-1-12_lm-False_cm-True_wa-True_summary.feather
    F2: sentinel-2-l2a_bands-2-3-4_ZMB_15k-points_1000-features_yr-2016-2022_mn-1-12_lm-False_cm-True_wa-True_summary.feather
    One-hot encoding: True
    Split: 8
    Random state: 772246
    
Begin with paramters:
    F1: landsat-c2-l2_bands-r-g-b-nir-swir16-swir22_ZMB_20k-points_1024-features_yr-2009-2021_mn-1-12_lm-False_cm-True_wa-False_summary.feather
    F2: sentinel-2-l2a_bands-2-3-4_ZMB_4k-points_1000-features_yr-2016-2022_mn-1-12_lm-False_cm-True_wa-True_summary.feather
    One-hot encoding: True
    Split: 0
    Random state: 670487
    
Begin with paramters:
    F1: landsat-c2-l2_bands-r-g-b-nir-swir16-swir22_ZMB_20k-points_1024-features_yr-2009-2021_mn-1-12_lm-False_cm-True_wa-False_summary.feather
    F2: sentinel-2-l2a_bands-2-3-4_ZMB_4k-points_1000-features_yr-2016-2022_mn-1-12_lm-False_cm-True_wa-False_summary.feather
    One-hot encoding: True
    Split: 8
    Random state: 772246
    
Begin with paramters:
    F1: landsat-c2-l2_bands-r-g-b-nir-swir16-swir22_ZMB_20k-points_1024-features_yr-2009-2021_mn-1-12_lm-False_cm-True_wa-False_summary.feather
    F2: sentinel-2-l2a_bands-2-3-4_ZMB_4k-points_1000-features_yr-2016-2022_mn-1-12_lm-False_cm-True_wa-False_summary.feather
    One-hot encoding: True
    Split: 9
    Random state: 107473
    
Begin with paramters:
    F1: landsat-c2-l2_bands-r-g-b-nir-swir16-swir22_ZMB_20k-points_1024-features_yr-2009-2021_mn-1-12_lm-False_cm-True_wa-True_summary.feather
    F2: sentinel-2-l2a_bands-2-3-4_ZMB_15k-points_1000-features_yr-2016-2022_mn-1-12_lm-False_cm-True_wa-False_summary.feather
    One-hot encoding: True
    Split: 0
    Random state: 670487
    
Begin with paramters:
    F1: landsat-c2-l2_bands-r-g-b-nir-swir16-swir22_ZMB_20k-points_1024-features_yr-2009-2021_mn-1-12_lm-False_cm-True_wa-True_summary.feather
    F2: sentinel-2-l2a_bands-2-3-4_ZMB_15k-points_1000-features_yr-2016-2022_mn-1-12_lm-False_cm-True_wa-False_summary.feather
    One-hot encoding: True
    Split: 1
    Random state: 116739
    
Group indicies [0, 12288, 24288]
		  [12288, 24288, 24357]

Group indicies [0, 12288, 24288]
		  [12288, 24288, 24358]

Group indicies [0, 12288, 24288]
		  [12288, 24288, 24358]

Group indicies [0, 12288, 24288]
		  [12288, 24288, 24358]

Group indicies [0, 12288, 24288]
		  [12288, 24288, 24358]

Group indicies [0, 12288, 24288]
		  [12288, 24288, 24357]

Group indicies [0, 12288, 24288]
		  [12288, 24288, 24358]

Group indicies [0, 12288, 24288]
		  [12288, 24288, 24358]

Group indicies [0, 12288, 24288]
		  [12288, 24288, 24358]

Group indicies [0, 12288, 24288]
		  [12288, 24288, 24357]

Group indicies [0, 12288, 24288]
		  [12288, 24288, 24357]

Group indicies [0, 12288, 24288]
		  [12288, 24288, 24357]

Group indicies [0, 12288, 24288]
		  [12288, 24288, 24357]

Group indicies [0, 12288, 24288]
		  [12288, 24288, 24357]

Group indicies [0, 12288, 24288]
		  [12288, 24288, 24358]

Group indicies [0, 12288, 24288]
		  [12288, 24288, 24357]

Group indicies [0, 12288, 24288]
		  [12288, 24288, 24357]

Group indicies [0, 12288, 24288]
		  [12288, 24288, 24357]

Group indicies [0, 12288, 24288]
		  [12288, 24288, 24357]

Group indicies [0, 12288, 24288]
		  [12288, 24288, 24357]

Group indicies [0, 12288, 24288]
		  [12288, 24288, 24357]

Group indicies [0, 12288, 24288]
		  [12288, 24288, 24357]

Group indicies [0, 12288, 24288]
		  [12288, 24288, 24357]

Group indicies [0, 12288, 24288]
		  [12288, 24288, 24357]

Group indicies [0, 12288, 24288]
		  [12288, 24288, 24357]

Group indicies [0, 12288, 24288]
		  [12288, 24288, 24358]

Group indicies [0, 12288, 24288]
		  [12288, 24288, 24357]

Group indicies [0, 12288, 24288]
		  [12288, 24288, 24357]

Group indicies [0, 12288, 24288]
		  [12288, 24288, 24357]

Group indicies [0, 12288, 24288]
		  [12288, 24288, 24357]

Group indicies [0, 12288, 24288]
		  [12288, 24288, 24358]

Group indicies [0, 12288, 24288]
		  [12288, 24288, 24358]

Group indicies [0, 12288, 24288]
		  [12288, 24288, 24357]

Group indicies [0, 12288, 24288]
		  [12288, 24288, 24357]

Group indicies [0, 12288, 24288]
		  [12288, 24288, 24357]

Group indicies [0, 12288, 24288]
		  [12288, 24288, 24357]

Group indicies [0, 12288, 24288]
		  [12288, 24288, 24357]

Group indicies [0, 12288, 24288]
		  [12288, 24288, 24357]

Group indicies [0, 12288, 24288]
		  [12288, 24288, 24357]

Group indicies [0, 12288, 24288]
		  [12288, 24288, 24358]

Group indicies [0, 12288, 24288]
		  [12288, 24288, 24358]

Group indicies [0, 12288, 24288]
		  [12288, 24288, 24358]

Group indicies [0, 12288, 24288]
		  [12288, 24288, 24358]

Group indicies [0, 12288, 24288]
		  [12288, 24288, 24358]

Group indicies [0, 12288, 24288]
		  [12288, 24288, 24358]

Group indicies [0, 12288, 24288]
		  [12288, 24288, 24357]

Group indicies [0, 12288, 24288]
		  [12288, 24288, 24358]

Group indicies [0, 12288, 24288]
		  [12288, 24288, 24358]

Group indicies [0, 12288, 24288]
		  [12288, 24288, 24357]

Group indicies [0, 12288, 24288]
		  [12288, 24288, 24357]

Group indicies [0, 12288, 24288]
		  [12288, 24288, 24357]

Group indicies [0, 12288, 24288]
		  [12288, 24288, 24357]

Group indicies [0, 12288, 24288]
		  [12288, 24288, 24357]

Group indicies [0, 12288, 24288]
		  [12288, 24288, 24357]

Group indicies [0, 12288, 24288]
		  [12288, 24288, 24357]

Group indicies [0, 12288, 24288]
		  [12288, 24288, 24358]

Group indicies [0, 12288, 24288]
		  [12288, 24288, 24357]

Group indicies [0, 12288, 24288]
		  [12288, 24288, 24357]

Group indicies [0, 12288, 24288]
		  [12288, 24288, 24357]

Group indicies [0, 12288, 24288]
		  [12288, 24288, 24357]


dict_keys([0.09999999999999999, 1.0, 10.0, 100.0])
Best λ: 10.0
Best score: 0.5806623337994424

	Best λ: 10.0
	Val R2: 0.5807


dict_keys([0.09999999999999999, 1.0, 10.0, 100.0])
Best λ: 10.0
Best score: 0.6005940705816423

	Best λ: 10.0
	Val R2: 0.6006


dict_keys([0.09999999999999999, 1.0, 10.0, 100.0])
Best λ: 10.0
Best score: 0.6256143433504155

	Best λ: 10.0
	Val R2: 0.6256


dict_keys([0.09999999999999999, 1.0, 10.0, 100.0])
Best λ: 10.0
Best score: 0.6570414938661394

	Best λ: 10.0
	Val R2: 0.6570


dict_keys([0.09999999999999999, 1.0, 10.0, 100.0])
Best λ: 10.0
Best score: 0.6597909662249468

	Best λ: 10.0
	Val R2: 0.6598


dict_keys([0.09999999999999999, 1.0, 10.0, 100.0])
Best λ: 10.0
Best score: 0.6053944678962541

	Best λ: 10.0
	Val R2: 0.6054


dict_keys([0.09999999999999999, 1.0, 10.0, 100.0])
Best λ: 10.0
Best score: 0.6589866521878663

	Best λ: 10.0
	Val R2: 0.6590


dict_keys([0.09999999999999999, 1.0, 10.0, 100.0, 1000.0])
Best λ: 100.0
Best score: 0.6611912248342069

	Best λ: 100.0
	Val R2: 0.6612


dict_keys([0.09999999999999999, 1.0, 10.0, 100.0])
Best λ: 10.0
Best score: 0.6293957200816006

	Best λ: 10.0
	Val R2: 0.6294


dict_keys([0.09999999999999999, 1.0, 10.0, 100.0])
Best λ: 10.0
Best score: 0.6553649121422921

	Best λ: 10.0
	Val R2: 0.6554


dict_keys([0.09999999999999999, 1.0, 10.0, 100.0])
Best λ: 10.0
Best score: 0.6510631320688548

	Best λ: 10.0
	Val R2: 0.6511


dict_keys([0.09999999999999999, 1.0, 10.0, 100.0])
Best λ: 10.0
Best score: 0.6158236322852534

	Best λ: 10.0
	Val R2: 0.6158


dict_keys([0.09999999999999999, 1.0, 10.0, 100.0])
Best λ: 10.0
Best score: 0.6301884793402243

	Best λ: 10.0
	Val R2: 0.6302


dict_keys([0.09999999999999999, 1.0, 10.0, 100.0])
Best λ: 10.0
Best score: 0.6220322932486807

	Best λ: 10.0
	Val R2: 0.6220


dict_keys([0.09999999999999999, 1.0, 10.0, 100.0])
Best λ: 10.0
Best score: 0.633171062979784

	Best λ: 10.0
	Val R2: 0.6332


dict_keys([0.09999999999999999, 1.0, 10.0, 100.0])
Best λ: 10.0
Best score: 0.7144234976924223

	Best λ: 10.0
	Val R2: 0.7144


dict_keys([0.09999999999999999, 1.0, 10.0, 100.0])
Best λ: 10.0
Best score: 0.6086236496247006

	Best λ: 10.0
	Val R2: 0.6086


dict_keys([0.09999999999999999, 1.0, 10.0])
Best λ: 1.0
Best score: 0.6597909662249468

	Best λ: 1.0
	Val R2: 0.6598


dict_keys([0.09999999999999999, 1.0, 10.0, 100.0])
Best λ: 10.0
Best score: 0.6312245970237591

	Best λ: 10.0
	Val R2: 0.6312


dict_keys([0.09999999999999999, 1.0, 10.0, 100.0])
Best λ: 10.0
Best score: 0.6721608890753067

	Best λ: 10.0
	Val R2: 0.6722


dict_keys([0.09999999999999999, 1.0, 10.0])
Best λ: 1.0
Best score: 0.5642435247423648

	Best λ: 1.0
	Val R2: 0.5642


dict_keys([0.09999999999999999, 1.0, 10.0, 100.0])
Best λ: 10.0
Best score: 0.685553496818634

	Best λ: 10.0
	Val R2: 0.6856


dict_keys([0.09999999999999999, 1.0, 10.0, 100.0, 1000.0])
Best λ: 100.0
Best score: 0.661479619778449

	Best λ: 100.0
	Val R2: 0.6615


dict_keys([0.09999999999999999, 1.0, 10.0, 100.0])
Best λ: 10.0
Best score: 0.6248561197926804

	Best λ: 10.0
	Val R2: 0.6249


dict_keys([0.09999999999999999, 1.0, 10.0])
Best λ: 1.0
Best score: 0.5717783190465632

	Best λ: 1.0
	Val R2: 0.5718


dict_keys([0.09999999999999999, 1.0, 10.0])
Best λ: 1.0
Best score: 0.5816805360091608

	Best λ: 1.0
	Val R2: 0.5817


dict_keys([0.09999999999999999, 1.0, 10.0])
Best λ: 1.0
Best score: 0.5815081847856332

	Best λ: 1.0
	Val R2: 0.5815


dict_keys([0.09999999999999999, 1.0, 10.0, 100.0, 1000.0])
Best λ: 100.0
Best score: 0.667673900848222

	Best λ: 100.0
	Val R2: 0.6677


dict_keys([0.09999999999999999, 1.0, 10.0, 100.0, 1000.0])
Best λ: 100.0
Best score: 0.6936093195243075

	Best λ: 100.0
	Val R2: 0.6936


dict_keys([0.09999999999999999, 1.0, 10.0, 100.0, 1000.0])
Best λ: 100.0
Best score: 0.6648971134772447

	Best λ: 100.0
	Val R2: 0.6649


dict_keys([0.09999999999999999, 1.0, 10.0, 100.0, 1000.0])
Best λ: 100.0
Best score: 0.7040444723719135

	Best λ: 100.0
	Val R2: 0.7040


dict_keys([0.09999999999999999, 1.0, 10.0, 100.0])
Best λ: 10.0
Best score: 0.6749251431101927

	Best λ: 10.0
	Val R2: 0.6749


dict_keys([0.09999999999999999, 1.0, 10.0, 0.009999999999999998, 0.0009999999999999998, 9.999999999999998e-05, 9.999999999999997e-06])
Best λ: 9.999999999999998e-05
Best score: 0.7973305396264658

	Best λ: 9.999999999999998e-05
	Val R2: 0.7973


dict_keys([0.09999999999999999, 1.0, 10.0, 0.009999999999999998, 0.0009999999999999998, 9.999999999999998e-05, 9.999999999999997e-06])
Best λ: 9.999999999999998e-05
Best score: 0.7905178209968391

	Best λ: 9.999999999999998e-05
	Val R2: 0.7905


dict_keys([0.09999999999999999, 1.0, 10.0, 100.0])
Best λ: 10.0
Best score: 0.5691819227770428

	Best λ: 10.0
	Val R2: 0.5692


dict_keys([0.09999999999999999, 1.0, 10.0, 100.0])
Best λ: 10.0
Best score: 0.5907734622891578

	Best λ: 10.0
	Val R2: 0.5908


dict_keys([0.09999999999999999, 1.0, 10.0, 100.0])
Best λ: 10.0
Best score: 0.5679566821527778

	Best λ: 10.0
	Val R2: 0.5680


dict_keys([0.09999999999999999, 1.0, 10.0, 100.0])
Best λ: 10.0
Best score: 0.5574143740993558

	Best λ: 10.0
	Val R2: 0.5574


dict_keys([0.09999999999999999, 1.0, 10.0, 100.0])
Best λ: 10.0
Best score: 0.6616159983301325

	Best λ: 10.0
	Val R2: 0.6616


dict_keys([0.09999999999999999, 1.0, 10.0, 100.0])
Best λ: 10.0
Best score: 0.5820489337226962

	Best λ: 10.0
	Val R2: 0.5820


dict_keys([0.09999999999999999, 1.0, 10.0, 0.009999999999999998])
Best λ: 0.09999999999999999
Best score: 0.5674980585973403

	Best λ: 0.09999999999999999
	Val R2: 0.5675


dict_keys([0.09999999999999999, 1.0, 10.0, 0.009999999999999998, 0.0009999999999999998, 9.999999999999998e-05, 9.999999999999997e-06, 9.999999999999997e-07])
Best λ: 9.999999999999997e-06
Best score: 0.7908051469728503

	Best λ: 9.999999999999997e-06
	Val R2: 0.7908


dict_keys([0.09999999999999999, 1.0, 10.0, 0.009999999999999998])
Best λ: 0.09999999999999999
Best score: 0.5690679400937659

	Best λ: 0.09999999999999999
	Val R2: 0.5691


dict_keys([0.09999999999999999, 1.0, 10.0, 100.0])
Best λ: 10.0
Best score: 0.5882131365070532

	Best λ: 10.0
	Val R2: 0.5882


dict_keys([0.09999999999999999, 1.0, 10.0, 100.0])
Best λ: 10.0
Best score: 0.6642614910630036

	Best λ: 10.0
	Val R2: 0.6643


dict_keys([0.09999999999999999, 1.0, 10.0, 100.0])
Best λ: 10.0
Best score: 0.666320924550002

	Best λ: 10.0
	Val R2: 0.6663


dict_keys([0.09999999999999999, 1.0, 10.0, 100.0])
Best λ: 10.0
Best score: 0.5449171583437625

	Best λ: 10.0
	Val R2: 0.5449


    Finish:
    landsat-c2-l2_bands-r-g-b-nir-swir16-swir22_ZMB_20k-points_1024-features_yr-2009-2021_mn-1-12_lm-False_cm-True_wa-True_summary.feather
    sentinel-2-l2a_bands-2-3-4_ZMB_15k-points_1000-features_yr-2016-2022_mn-1-12_lm-False_cm-True_wa-False_summary.feather
    One-hot encoding: True
    Final Val R2:  0.8090 
    Final Test R2: 0.8320
    Total time: 216.26 minutes
    

    Finish:
    landsat-c2-l2_bands-r-g-b-nir-swir16-swir22_ZMB_20k-points_1024-features_yr-2009-2021_mn-1-12_lm-False_cm-True_wa-True_summary.feather
    sentinel-2-l2a_bands-2-3-4-8_ZMB_15k-points_1000-features_yr-2016-2022_mn-1-12_lm-False_cm-True_wa-True_summary.feather
    One-hot encoding: True
    Final Val R2:  0.7909 
    Final Test R2: 0.7774
    Total time: 217.31 minutes
    

dict_keys([0.09999999999999999, 1.0, 10.0, 100.0])
Best λ: 10.0
Best score: 0.66255838870629

	Best λ: 10.0
	Val R2: 0.6626


dict_keys([0.09999999999999999, 1.0, 10.0, 100.0])
Best λ: 10.0
Best score: 0.6766602504769217

	Best λ: 10.0
	Val R2: 0.6767


dict_keys([0.09999999999999999, 1.0, 10.0, 100.0])
Best λ: 10.0
Best score: 0.6505922596558659

	Best λ: 10.0
	Val R2: 0.6506


dict_keys([0.09999999999999999, 1.0, 10.0, 100.0])
Best λ: 10.0
Best score: 0.64104861294686

	Best λ: 10.0
	Val R2: 0.6410


dict_keys([0.09999999999999999, 1.0, 10.0])
Best λ: 1.0
Best score: 0.7144234976924223

	Best λ: 1.0
	Val R2: 0.7144


    Finish:
    landsat-c2-l2_bands-r-g-b-nir-swir16-swir22_ZMB_20k-points_1024-features_yr-2009-2021_mn-1-12_lm-False_cm-True_wa-True_summary.feather
    sentinel-2-l2a_bands-2-3-4_ZMB_15k-points_1000-features_yr-2016-2022_mn-1-12_lm-False_cm-True_wa-False_summary.feather
    One-hot encoding: True
    Final Val R2:  0.7949 
    Final Test R2: 0.8369
    Total time: 222.27 minutes
    

dict_keys([0.09999999999999999, 1.0, 10.0, 100.0])
Best λ: 10.0
Best score: 0.6825047967935853

	Best λ: 10.0
	Val R2: 0.6825


dict_keys([0.09999999999999999, 1.0, 10.0, 100.0])
Best λ: 10.0
Best score: 0.6705425220230056

	Best λ: 10.0
	Val R2: 0.6705


dict_keys([0.09999999999999999, 1.0, 10.0, 100.0])
Best λ: 10.0
Best score: 0.6678553227054703

	Best λ: 10.0
	Val R2: 0.6679


dict_keys([0.09999999999999999, 1.0, 10.0, 100.0])
Best λ: 10.0
Best score: 0.6190466087386632

	Best λ: 10.0
	Val R2: 0.6190


dict_keys([0.09999999999999999, 1.0, 10.0, 100.0])
Best λ: 10.0
Best score: 0.6594973502471945

	Best λ: 10.0
	Val R2: 0.6595


dict_keys([0.09999999999999999, 1.0, 10.0, 100.0])
Best λ: 10.0
Best score: 0.6843735181663405

	Best λ: 10.0
	Val R2: 0.6844


dict_keys([0.09999999999999999, 1.0, 10.0, 100.0])
Best λ: 10.0
Best score: 0.6864038843106588

	Best λ: 10.0
	Val R2: 0.6864


dict_keys([0.09999999999999999, 1.0, 10.0, 100.0])
Best λ: 10.0
Best score: 0.6853863521491548

	Best λ: 10.0
	Val R2: 0.6854


dict_keys([0.09999999999999999, 1.0, 10.0, 100.0])
Best λ: 10.0
Best score: 0.6306786140028612

	Best λ: 10.0
	Val R2: 0.6307


dict_keys([0.09999999999999999, 1.0, 10.0, 100.0])
Best λ: 10.0
Best score: 0.6623351759510997

	Best λ: 10.0
	Val R2: 0.6623


dict_keys([0.09999999999999999, 1.0, 10.0, 100.0])
Best λ: 10.0
Best score: 0.6348270434441038

	Best λ: 10.0
	Val R2: 0.6348


dict_keys([0.09999999999999999, 1.0, 10.0, 100.0, 1000.0])
Best λ: 100.0
Best score: 0.6182623633735816

	Best λ: 100.0
	Val R2: 0.6183


dict_keys([0.09999999999999999, 1.0, 10.0, 100.0, 1000.0])
Best λ: 100.0
Best score: 0.6325727362384614

	Best λ: 100.0
	Val R2: 0.6326


dict_keys([0.09999999999999999, 1.0, 10.0, 100.0])
Best λ: 10.0
Best score: 0.6647826856685711

	Best λ: 10.0
	Val R2: 0.6648


dict_keys([0.09999999999999999, 1.0, 10.0, 100.0, 1000.0])
Best λ: 100.0
Best score: 0.624747826667539

	Best λ: 100.0
	Val R2: 0.6247


dict_keys([0.09999999999999999, 1.0, 10.0, 100.0])
Best λ: 10.0
Best score: 0.655666282154266

	Best λ: 10.0
	Val R2: 0.6557


dict_keys([0.09999999999999999, 1.0, 10.0])
Best λ: 1.0
Best score: 0.7040444723719135

	Best λ: 1.0
	Val R2: 0.7040


dict_keys([0.09999999999999999, 1.0, 10.0, 100.0, 1000.0])
Best λ: 100.0
Best score: 0.592489404354698

	Best λ: 100.0
	Val R2: 0.5925


dict_keys([0.09999999999999999, 1.0, 10.0, 0.009999999999999998, 0.0009999999999999998, 9.999999999999998e-05, 9.999999999999997e-06])
Best λ: 9.999999999999998e-05
Best score: 0.7875389165888884

	Best λ: 9.999999999999998e-05
	Val R2: 0.7875


dict_keys([0.09999999999999999, 1.0, 10.0, 100.0])
Best λ: 10.0
Best score: 0.6376530667583581

	Best λ: 10.0
	Val R2: 0.6377


dict_keys([0.09999999999999999, 1.0, 10.0, 100.0, 1000.0])
Best λ: 100.0
Best score: 0.5859130643006857

	Best λ: 100.0
	Val R2: 0.5859


dict_keys([0.09999999999999999, 1.0, 10.0, 100.0, 1000.0])
Best λ: 100.0
Best score: 0.6534014485992307

	Best λ: 100.0
	Val R2: 0.6534


dict_keys([0.09999999999999999, 1.0, 10.0, 100.0, 1000.0])
Best λ: 100.0
Best score: 0.6920723165962486

	Best λ: 100.0
	Val R2: 0.6921


dict_keys([0.09999999999999999, 1.0, 10.0, 0.009999999999999998, 0.0009999999999999998, 9.999999999999998e-05])
Best λ: 0.0009999999999999998
Best score: 0.7988357166882905

	Best λ: 0.0009999999999999998
	Val R2: 0.7988


dict_keys([0.09999999999999999, 1.0, 10.0, 0.009999999999999998, 0.0009999999999999998, 9.999999999999998e-05, 9.999999999999997e-06])
Best λ: 9.999999999999998e-05
Best score: 0.8104234178272112

	Best λ: 9.999999999999998e-05
	Val R2: 0.8104


dict_keys([0.09999999999999999, 1.0, 10.0, 100.0])
Best λ: 10.0
Best score: 0.6991440791403831

	Best λ: 10.0
	Val R2: 0.6991


dict_keys([0.09999999999999999, 1.0, 10.0, 0.009999999999999998, 0.0009999999999999998, 9.999999999999998e-05, 9.999999999999997e-06])
Best λ: 9.999999999999998e-05
Best score: 0.8338399143488175

	Best λ: 9.999999999999998e-05
	Val R2: 0.8338


dict_keys([0.09999999999999999, 1.0, 10.0, 100.0, 1000.0])
Best λ: 100.0
Best score: 0.7065081448802368

	Best λ: 100.0
	Val R2: 0.7065


dict_keys([0.09999999999999999, 1.0, 10.0, 100.0, 1000.0])
Best λ: 100.0
Best score: 0.6387511191310843

	Best λ: 100.0
	Val R2: 0.6388


    Finish:
    landsat-c2-l2_bands-r-g-b-nir-swir16-swir22_ZMB_20k-points_1024-features_yr-2009-2021_mn-1-12_lm-False_cm-True_wa-False_summary.feather
    sentinel-2-l2a_bands-2-3-4_ZMB_4k-points_1000-features_yr-2016-2022_mn-1-12_lm-False_cm-True_wa-False_summary.feather
    One-hot encoding: True
    Final Val R2:  0.7913 
    Final Test R2: 0.8146
    Total time: 280.48 minutes
    

dict_keys([0.09999999999999999, 1.0, 10.0, 0.009999999999999998, 0.0009999999999999998, 9.999999999999998e-05, 9.999999999999997e-06])
Best λ: 9.999999999999998e-05
Best score: 0.7786564619107385

	Best λ: 9.999999999999998e-05
	Val R2: 0.7787


dict_keys([0.09999999999999999, 1.0, 10.0, 100.0, 1000.0])
Best λ: 100.0
Best score: 0.7277006255643227

	Best λ: 100.0
	Val R2: 0.7277


dict_keys([0.09999999999999999, 1.0, 10.0, 100.0])
Best λ: 10.0
Best score: 0.6734357640516347

	Best λ: 10.0
	Val R2: 0.6734


dict_keys([0.09999999999999999, 1.0, 10.0, 100.0])
Best λ: 10.0
Best score: 0.6967106623244398

	Best λ: 10.0
	Val R2: 0.6967


dict_keys([0.09999999999999999, 1.0, 10.0, 100.0, 1000.0])
Best λ: 100.0
Best score: 0.6358295568916981

	Best λ: 100.0
	Val R2: 0.6358


dict_keys([0.09999999999999999, 1.0, 10.0, 100.0, 1000.0])
Best λ: 100.0
Best score: 0.6250164631016357

	Best λ: 100.0
	Val R2: 0.6250


    Finish:
    landsat-c2-l2_bands-r-g-b-nir-swir16-swir22_ZMB_20k-points_1024-features_yr-2009-2021_mn-1-12_lm-False_cm-True_wa-False_summary.feather
    sentinel-2-l2a_bands-2-3-4_ZMB_4k-points_1000-features_yr-2016-2022_mn-1-12_lm-False_cm-True_wa-False_summary.feather
    One-hot encoding: True
    Final Val R2:  0.8130 
    Final Test R2: 0.8044
    Total time: 291.89 minutes
    

    Finish:
    landsat-c2-l2_bands-r-g-b-nir-swir16-swir22_ZMB_20k-points_1024-features_yr-2009-2021_mn-1-12_lm-False_cm-True_wa-False_summary.feather
    sentinel-2-l2a_bands-2-3-4_ZMB_4k-points_1000-features_yr-2016-2022_mn-1-12_lm-False_cm-True_wa-False_summary.feather
    One-hot encoding: True
    Final Val R2:  0.8182 
    Final Test R2: 0.8144
    Total time: 293.20 minutes
    

    Finish:
    landsat-c2-l2_bands-r-g-b-nir-swir16-swir22_ZMB_20k-points_1024-features_yr-2009-2021_mn-1-12_lm-False_cm-True_wa-False_summary.feather
    sentinel-2-l2a_bands-2-3-4_ZMB_4k-points_1000-features_yr-2016-2022_mn-1-12_lm-False_cm-True_wa-False_summary.feather
    One-hot encoding: True
    Final Val R2:  0.8365 
    Final Test R2: 0.7707
    Total time: 295.26 minutes
    

dict_keys([0.09999999999999999, 1.0, 10.0, 100.0])
Best λ: 10.0
Best score: 0.6778036441583435

	Best λ: 10.0
	Val R2: 0.6778


    Finish:
    landsat-c2-l2_bands-r-g-b-nir-swir16-swir22_ZMB_20k-points_1024-features_yr-2009-2021_mn-1-12_lm-False_cm-True_wa-False_summary.feather
    sentinel-2-l2a_bands-2-3-4_ZMB_4k-points_1000-features_yr-2016-2022_mn-1-12_lm-False_cm-True_wa-False_summary.feather
    One-hot encoding: True
    Final Val R2:  0.7867 
    Final Test R2: 0.8540
    Total time: 296.56 minutes
    

dict_keys([0.09999999999999999, 1.0, 10.0, 100.0])
Best λ: 10.0
Best score: 0.5945281769492443

	Best λ: 10.0
	Val R2: 0.5945


dict_keys([0.09999999999999999, 1.0, 10.0, 100.0])
Best λ: 10.0
Best score: 0.5786153318462357

	Best λ: 10.0
	Val R2: 0.5786


dict_keys([0.09999999999999999, 1.0, 10.0, 100.0])
Best λ: 10.0
Best score: 0.6190531044585693

	Best λ: 10.0
	Val R2: 0.6191


dict_keys([0.09999999999999999, 1.0, 10.0])
Best λ: 1.0
Best score: 0.6766602504769217

	Best λ: 1.0
	Val R2: 0.6767


dict_keys([0.09999999999999999, 1.0, 10.0])
Best λ: 1.0
Best score: 0.6825047967935853

	Best λ: 1.0
	Val R2: 0.6825


dict_keys([0.09999999999999999, 1.0, 10.0])
Best λ: 1.0
Best score: 0.6864038843106588

	Best λ: 1.0
	Val R2: 0.6864


dict_keys([0.09999999999999999, 1.0, 10.0])
Best λ: 1.0
Best score: 0.6594973502471946

	Best λ: 1.0
	Val R2: 0.6595


dict_keys([0.09999999999999999, 1.0, 10.0])
Best λ: 1.0
Best score: 0.6623351759510998

	Best λ: 1.0
	Val R2: 0.6623


dict_keys([0.09999999999999999, 1.0, 10.0])
Best λ: 1.0
Best score: 0.6853863521491548

	Best λ: 1.0
	Val R2: 0.6854


dict_keys([0.09999999999999999, 1.0, 10.0, 100.0])
Best λ: 10.0
Best score: 0.642909468615792

	Best λ: 10.0
	Val R2: 0.6429


dict_keys([0.09999999999999999, 1.0, 10.0, 100.0])
Best λ: 10.0
Best score: 0.6230406808533432

	Best λ: 10.0
	Val R2: 0.6230


dict_keys([0.09999999999999999, 1.0, 10.0, 100.0])
Best λ: 10.0
Best score: 0.6242416016403458

	Best λ: 10.0
	Val R2: 0.6242


dict_keys([0.09999999999999999, 1.0, 10.0, 100.0])
Best λ: 10.0
Best score: 0.6288920584190102

	Best λ: 10.0
	Val R2: 0.6289


dict_keys([0.09999999999999999, 1.0, 10.0, 100.0])
Best λ: 10.0
Best score: 0.5713761725888111

	Best λ: 10.0
	Val R2: 0.5714


dict_keys([0.09999999999999999, 1.0, 10.0, 100.0])
Best λ: 10.0
Best score: 0.6871373993603065

	Best λ: 10.0
	Val R2: 0.6871


dict_keys([0.09999999999999999, 1.0, 10.0, 100.0, 1000.0])
Best λ: 100.0
Best score: 0.6172070755419192

	Best λ: 100.0
	Val R2: 0.6172


dict_keys([0.09999999999999999, 1.0, 10.0, 100.0])
Best λ: 10.0
Best score: 0.5722520677769586

	Best λ: 10.0
	Val R2: 0.5723


dict_keys([0.09999999999999999, 1.0, 10.0, 100.0])
Best λ: 10.0
Best score: 0.6261319088842614

	Best λ: 10.0
	Val R2: 0.6261


dict_keys([0.09999999999999999, 1.0, 10.0, 100.0])
Best λ: 10.0
Best score: 0.6997591953557458

	Best λ: 10.0
	Val R2: 0.6998


dict_keys([0.09999999999999999, 1.0, 10.0, 100.0])
Best λ: 10.0
Best score: 0.6815727751355933

	Best λ: 10.0
	Val R2: 0.6816


dict_keys([0.09999999999999999, 1.0, 10.0, 100.0])
Best λ: 10.0
Best score: 0.7050778993699423

	Best λ: 10.0
	Val R2: 0.7051


dict_keys([0.09999999999999999, 1.0, 10.0, 100.0])
Best λ: 10.0
Best score: 0.6867502299857925

	Best λ: 10.0
	Val R2: 0.6868


dict_keys([0.09999999999999999, 1.0, 10.0, 100.0])
Best λ: 10.0
Best score: 0.6777774411528219

	Best λ: 10.0
	Val R2: 0.6778


dict_keys([0.09999999999999999, 1.0, 10.0, 100.0])
Best λ: 10.0
Best score: 0.6911722193977621

	Best λ: 10.0
	Val R2: 0.6912


dict_keys([0.09999999999999999, 1.0, 10.0, 100.0])
Best λ: 10.0
Best score: 0.6438411314759989

	Best λ: 10.0
	Val R2: 0.6438


dict_keys([0.09999999999999999, 1.0, 10.0, 100.0])
Best λ: 10.0
Best score: 0.6618335761686781

	Best λ: 10.0
	Val R2: 0.6618


dict_keys([0.09999999999999999, 1.0, 10.0, 100.0])
Best λ: 10.0
Best score: 0.7268206969625621

	Best λ: 10.0
	Val R2: 0.7268


dict_keys([0.09999999999999999, 1.0, 10.0, 0.009999999999999998, 0.0009999999999999998, 9.999999999999998e-05, 9.999999999999997e-06])
Best λ: 9.999999999999998e-05
Best score: 0.788112514157136

	Best λ: 9.999999999999998e-05
	Val R2: 0.7881


dict_keys([0.09999999999999999, 1.0, 10.0])
Best λ: 1.0
Best score: 0.7277006255643227

	Best λ: 1.0
	Val R2: 0.7277


dict_keys([0.09999999999999999, 1.0, 10.0, 100.0])
Best λ: 10.0
Best score: 0.6463836922128835

	Best λ: 10.0
	Val R2: 0.6464


dict_keys([0.09999999999999999, 1.0, 10.0, 100.0])
Best λ: 10.0
Best score: 0.6339058119367417

	Best λ: 10.0
	Val R2: 0.6339


dict_keys([0.09999999999999999, 1.0, 10.0, 100.0, 1000.0])
Best λ: 100.0
Best score: 0.6597556400111693

	Best λ: 100.0
	Val R2: 0.6598


dict_keys([0.09999999999999999, 1.0, 10.0, 100.0])
Best λ: 10.0
Best score: 0.6652844399760308

	Best λ: 10.0
	Val R2: 0.6653


dict_keys([0.09999999999999999, 1.0, 10.0, 100.0])
Best λ: 10.0
Best score: 0.6498401713031816

	Best λ: 10.0
	Val R2: 0.6498


dict_keys([0.09999999999999999, 1.0, 10.0, 0.009999999999999998, 0.0009999999999999998, 9.999999999999998e-05])
Best λ: 0.0009999999999999998
Best score: 0.7731076619936059

	Best λ: 0.0009999999999999998
	Val R2: 0.7731


dict_keys([0.09999999999999999, 1.0, 10.0, 0.009999999999999998, 0.0009999999999999998, 9.999999999999998e-05, 9.999999999999997e-06])
Best λ: 9.999999999999998e-05
Best score: 0.7776838936203232

	Best λ: 9.999999999999998e-05
	Val R2: 0.7777


dict_keys([0.09999999999999999, 1.0, 10.0, 0.009999999999999998, 0.0009999999999999998, 9.999999999999998e-05])
Best λ: 0.0009999999999999998
Best score: 0.7986573970763071

	Best λ: 0.0009999999999999998
	Val R2: 0.7987


dict_keys([0.09999999999999999, 1.0, 10.0, 100.0])
Best λ: 10.0
Best score: 0.6225021631975254

	Best λ: 10.0
	Val R2: 0.6225


dict_keys([0.09999999999999999, 1.0, 10.0, 100.0])
Best λ: 10.0
Best score: 0.6749131310228822

	Best λ: 10.0
	Val R2: 0.6749


dict_keys([0.09999999999999999, 1.0, 10.0, 100.0, 1000.0])
Best λ: 100.0
Best score: 0.6156215986923219

	Best λ: 100.0
	Val R2: 0.6156


dict_keys([0.09999999999999999, 1.0, 10.0, 0.009999999999999998, 0.0009999999999999998, 9.999999999999998e-05, 9.999999999999997e-06])
Best λ: 9.999999999999998e-05
Best score: 0.8010757519510243

	Best λ: 9.999999999999998e-05
	Val R2: 0.8011


dict_keys([0.09999999999999999, 1.0, 10.0, 0.009999999999999998, 0.0009999999999999998, 9.999999999999998e-05])
Best λ: 0.0009999999999999998
Best score: 0.743364577271558

	Best λ: 0.0009999999999999998
	Val R2: 0.7434


dict_keys([0.09999999999999999, 1.0, 10.0, 0.009999999999999998, 0.0009999999999999998, 9.999999999999998e-05])
Best λ: 0.0009999999999999998
Best score: 0.790651553525777

	Best λ: 0.0009999999999999998
	Val R2: 0.7907


dict_keys([0.09999999999999999, 1.0, 10.0, 0.009999999999999998, 0.0009999999999999998, 9.999999999999998e-05])
Best λ: 0.0009999999999999998
Best score: 0.7469272802507787

	Best λ: 0.0009999999999999998
	Val R2: 0.7469


dict_keys([0.09999999999999999, 1.0, 10.0, 0.009999999999999998, 0.0009999999999999998, 9.999999999999998e-05])
Best λ: 0.0009999999999999998
Best score: 0.7968720382632144

	Best λ: 0.0009999999999999998
	Val R2: 0.7969


dict_keys([0.09999999999999999, 1.0, 10.0, 0.009999999999999998, 0.0009999999999999998, 9.999999999999998e-05, 9.999999999999997e-06])
Best λ: 9.999999999999998e-05
Best score: 0.7901266133048087

	Best λ: 9.999999999999998e-05
	Val R2: 0.7901


dict_keys([0.09999999999999999, 1.0, 10.0, 0.009999999999999998, 0.0009999999999999998, 9.999999999999998e-05, 9.999999999999997e-06])
Best λ: 9.999999999999998e-05
Best score: 0.8149163642931672

	Best λ: 9.999999999999998e-05
	Val R2: 0.8149


    Finish:
    landsat-c2-l2_bands-r-g-b-nir-swir16-swir22_ZMB_20k-points_1024-features_yr-2009-2021_mn-1-12_lm-False_cm-True_wa-True_summary.feather
    sentinel-2-l2a_bands-2-3-4-8_ZMB_15k-points_1000-features_yr-2016-2022_mn-1-12_lm-False_cm-True_wa-False_summary.feather
    One-hot encoding: True
    Final Val R2:  0.8033 
    Final Test R2: 0.7752
    Total time: 497.86 minutes
    

dict_keys([0.09999999999999999, 1.0, 10.0, 100.0])
Best λ: 10.0
Best score: 0.7041285760200165

	Best λ: 10.0
	Val R2: 0.7041


dict_keys([0.09999999999999999, 1.0, 10.0, 0.009999999999999998, 0.0009999999999999998, 9.999999999999998e-05])
Best λ: 0.0009999999999999998
Best score: 0.795340464010617

	Best λ: 0.0009999999999999998
	Val R2: 0.7953


dict_keys([0.09999999999999999, 1.0, 10.0, 100.0])
Best λ: 10.0
Best score: 0.7230552210085105

	Best λ: 10.0
	Val R2: 0.7231


    Finish:
    landsat-c2-l2_bands-r-g-b-nir-swir16-swir22_ZMB_20k-points_1024-features_yr-2009-2021_mn-1-12_lm-False_cm-True_wa-True_summary.feather
    sentinel-2-l2a_bands-2-3-4-8_ZMB_15k-points_1000-features_yr-2016-2022_mn-1-12_lm-False_cm-True_wa-False_summary.feather
    One-hot encoding: True
    Final Val R2:  0.7762 
    Final Test R2: 0.8121
    Total time: 507.77 minutes
    

    Finish:
    landsat-c2-l2_bands-r-g-b-nir-swir16-swir22_ZMB_20k-points_1024-features_yr-2009-2021_mn-1-12_lm-False_cm-True_wa-True_summary.feather
    sentinel-2-l2a_bands-2-3-4-8_ZMB_15k-points_1000-features_yr-2016-2022_mn-1-12_lm-False_cm-True_wa-False_summary.feather
    One-hot encoding: True
    Final Val R2:  0.8027 
    Final Test R2: 0.8356
    Total time: 510.72 minutes
    

dict_keys([0.09999999999999999, 1.0, 10.0, 100.0])
Best λ: 10.0
Best score: 0.670444277397942

	Best λ: 10.0
	Val R2: 0.6704


    Finish:
    landsat-c2-l2_bands-r-g-b-nir-swir16-swir22_ZMB_20k-points_1024-features_yr-2009-2021_mn-1-12_lm-False_cm-True_wa-False_summary.feather
    sentinel-2-l2a_bands-2-3-4_ZMB_4k-points_1000-features_yr-2016-2022_mn-1-12_lm-False_cm-True_wa-True_summary.feather
    One-hot encoding: True
    Final Val R2:  0.7849 
    Final Test R2: 0.8437
    Total time: 511.51 minutes
    

    Finish:
    landsat-c2-l2_bands-r-g-b-nir-swir16-swir22_ZMB_20k-points_1024-features_yr-2009-2021_mn-1-12_lm-False_cm-True_wa-False_summary.feather
    sentinel-2-l2a_bands-2-3-4_ZMB_4k-points_1000-features_yr-2016-2022_mn-1-12_lm-False_cm-True_wa-False_summary.feather
    One-hot encoding: True
    Final Val R2:  0.7503 
    Final Test R2: 0.8296
    Total time: 518.45 minutes
    

    Finish:
    landsat-c2-l2_bands-r-g-b-nir-swir16-swir22_ZMB_20k-points_1024-features_yr-2009-2021_mn-1-12_lm-False_cm-True_wa-False_summary.feather
    sentinel-2-l2a_bands-2-3-4_ZMB_4k-points_1000-features_yr-2016-2022_mn-1-12_lm-False_cm-True_wa-True_summary.feather
    One-hot encoding: True
    Final Val R2:  0.8035 
    Final Test R2: 0.8132
    Total time: 518.47 minutes
    

dict_keys([0.09999999999999999, 1.0, 10.0, 100.0, 1000.0])
Best λ: 100.0
Best score: 0.6377896130594767

	Best λ: 100.0
	Val R2: 0.6378


    Finish:
    landsat-c2-l2_bands-r-g-b-nir-swir16-swir22_ZMB_20k-points_1024-features_yr-2009-2021_mn-1-12_lm-False_cm-True_wa-False_summary.feather
    sentinel-2-l2a_bands-2-3-4_ZMB_4k-points_1000-features_yr-2016-2022_mn-1-12_lm-False_cm-True_wa-True_summary.feather
    One-hot encoding: True
    Final Val R2:  0.8061 
    Final Test R2: 0.8108
    Total time: 519.53 minutes
    

    Finish:
    landsat-c2-l2_bands-r-g-b-nir-swir16-swir22_ZMB_20k-points_1024-features_yr-2009-2021_mn-1-12_lm-False_cm-True_wa-False_summary.feather
    sentinel-2-l2a_bands-2-3-4_ZMB_4k-points_1000-features_yr-2016-2022_mn-1-12_lm-False_cm-True_wa-True_summary.feather
    One-hot encoding: True
    Final Val R2:  0.7537 
    Final Test R2: 0.8242
    Total time: 520.04 minutes
    

    Finish:
    landsat-c2-l2_bands-r-g-b-nir-swir16-swir22_ZMB_20k-points_1024-features_yr-2009-2021_mn-1-12_lm-False_cm-True_wa-True_summary.feather
    sentinel-2-l2a_bands-2-3-4-8_ZMB_15k-points_1000-features_yr-2016-2022_mn-1-12_lm-False_cm-True_wa-False_summary.feather
    One-hot encoding: True
    Final Val R2:  0.8148 
    Final Test R2: 0.8110
    Total time: 520.48 minutes
    

    Finish:
    landsat-c2-l2_bands-r-g-b-nir-swir16-swir22_ZMB_20k-points_1024-features_yr-2009-2021_mn-1-12_lm-False_cm-True_wa-False_summary.feather
    sentinel-2-l2a_bands-2-3-4_ZMB_4k-points_1000-features_yr-2016-2022_mn-1-12_lm-False_cm-True_wa-False_summary.feather
    One-hot encoding: True
    Final Val R2:  0.7930 
    Final Test R2: 0.8282
    Total time: 520.91 minutes
    

    Finish:
    landsat-c2-l2_bands-r-g-b-nir-swir16-swir22_ZMB_20k-points_1024-features_yr-2009-2021_mn-1-12_lm-False_cm-True_wa-False_summary.feather
    sentinel-2-l2a_bands-2-3-4_ZMB_4k-points_1000-features_yr-2016-2022_mn-1-12_lm-False_cm-True_wa-False_summary.feather
    One-hot encoding: True
    Final Val R2:  0.8169 
    Final Test R2: 0.8194
    Total time: 521.68 minutes
    

    Finish:
    landsat-c2-l2_bands-r-g-b-nir-swir16-swir22_ZMB_20k-points_1024-features_yr-2009-2021_mn-1-12_lm-False_cm-True_wa-False_summary.feather
    sentinel-2-l2a_bands-2-3-4_ZMB_4k-points_1000-features_yr-2016-2022_mn-1-12_lm-False_cm-True_wa-True_summary.feather
    One-hot encoding: True
    Final Val R2:  0.7992 
    Final Test R2: 0.8196
    Total time: 522.93 minutes
    

dict_keys([0.09999999999999999, 1.0, 10.0, 0.009999999999999998, 0.0009999999999999998, 9.999999999999998e-05])
Best λ: 0.0009999999999999998
Best score: 0.78108173112396

	Best λ: 0.0009999999999999998
	Val R2: 0.7811


dict_keys([0.09999999999999999, 1.0, 10.0, 0.009999999999999998, 0.0009999999999999998, 9.999999999999998e-05, 9.999999999999997e-06])
Best λ: 9.999999999999998e-05
Best score: 0.7444917773987878

	Best λ: 9.999999999999998e-05
	Val R2: 0.7445


dict_keys([0.09999999999999999, 1.0, 10.0, 0.009999999999999998, 0.0009999999999999998, 9.999999999999998e-05])
Best λ: 0.0009999999999999998
Best score: 0.7486109355882221

	Best λ: 0.0009999999999999998
	Val R2: 0.7486


dict_keys([0.09999999999999999, 1.0, 10.0, 0.009999999999999998, 0.0009999999999999998, 9.999999999999998e-05])
Best λ: 0.0009999999999999998
Best score: 0.7547534080428246

	Best λ: 0.0009999999999999998
	Val R2: 0.7548


dict_keys([0.09999999999999999, 1.0, 10.0, 0.009999999999999998, 0.0009999999999999998, 9.999999999999998e-05])
Best λ: 0.0009999999999999998
Best score: 0.7709434469027817

	Best λ: 0.0009999999999999998
	Val R2: 0.7709


dict_keys([0.09999999999999999, 1.0, 10.0, 0.009999999999999998, 0.0009999999999999998, 9.999999999999998e-05])
Best λ: 0.0009999999999999998
Best score: 0.7348310521698658

	Best λ: 0.0009999999999999998
	Val R2: 0.7348


dict_keys([0.09999999999999999, 1.0, 10.0, 0.009999999999999998, 0.0009999999999999998, 9.999999999999998e-05, 9.999999999999997e-06])
Best λ: 9.999999999999998e-05
Best score: 0.7531529041081099

	Best λ: 9.999999999999998e-05
	Val R2: 0.7532


dict_keys([0.09999999999999999, 1.0, 10.0, 0.009999999999999998, 0.0009999999999999998, 9.999999999999998e-05, 9.999999999999997e-06])
Best λ: 9.999999999999998e-05
Best score: 0.7558381662636774

	Best λ: 9.999999999999998e-05
	Val R2: 0.7558


dict_keys([0.09999999999999999, 1.0, 10.0, 0.009999999999999998, 0.0009999999999999998, 9.999999999999998e-05, 9.999999999999997e-06])
Best λ: 9.999999999999998e-05
Best score: 0.7773792713544647

	Best λ: 9.999999999999998e-05
	Val R2: 0.7774


dict_keys([0.09999999999999999, 1.0, 10.0, 0.009999999999999998, 0.0009999999999999998, 9.999999999999998e-05, 9.999999999999997e-06])
Best λ: 9.999999999999998e-05
Best score: 0.8035700012879529

	Best λ: 9.999999999999998e-05
	Val R2: 0.8036


dict_keys([0.09999999999999999, 1.0, 10.0, 0.009999999999999998, 0.0009999999999999998, 9.999999999999998e-05])
Best λ: 0.0009999999999999998
Best score: 0.7849625834369596

	Best λ: 0.0009999999999999998
	Val R2: 0.7850


dict_keys([0.09999999999999999, 1.0, 10.0, 0.009999999999999998, 0.0009999999999999998, 9.999999999999998e-05, 9.999999999999997e-06, 9.999999999999997e-07])
Best λ: 9.999999999999997e-06
Best score: 0.7485167584552996

	Best λ: 9.999999999999997e-06
	Val R2: 0.7485


dict_keys([0.09999999999999999, 1.0, 10.0, 0.009999999999999998, 0.0009999999999999998, 9.999999999999998e-05, 9.999999999999997e-06, 9.999999999999997e-07])
Best λ: 9.999999999999997e-06
Best score: 0.726732439675348

	Best λ: 9.999999999999997e-06
	Val R2: 0.7267


dict_keys([0.09999999999999999, 1.0, 10.0, 0.009999999999999998, 0.0009999999999999998, 9.999999999999998e-05])
Best λ: 0.0009999999999999998
Best score: 0.8252038056156354

	Best λ: 0.0009999999999999998
	Val R2: 0.8252


dict_keys([0.09999999999999999, 1.0, 10.0, 0.009999999999999998, 0.0009999999999999998, 9.999999999999998e-05, 9.999999999999997e-06])
Best λ: 9.999999999999998e-05
Best score: 0.7392344997972403

	Best λ: 9.999999999999998e-05
	Val R2: 0.7392


dict_keys([0.09999999999999999, 1.0, 10.0, 0.009999999999999998, 0.0009999999999999998, 9.999999999999998e-05])
Best λ: 0.0009999999999999998
Best score: 0.7698491105202239

	Best λ: 0.0009999999999999998
	Val R2: 0.7698


dict_keys([0.09999999999999999, 1.0, 10.0, 0.009999999999999998, 0.0009999999999999998, 9.999999999999998e-05])
Best λ: 0.0009999999999999998
Best score: 0.8100383424677237

	Best λ: 0.0009999999999999998
	Val R2: 0.8100


dict_keys([0.09999999999999999, 1.0, 10.0, 0.009999999999999998, 0.0009999999999999998, 9.999999999999998e-05, 9.999999999999997e-06])
Best λ: 9.999999999999998e-05
Best score: 0.7553118354156505

	Best λ: 9.999999999999998e-05
	Val R2: 0.7553


dict_keys([0.09999999999999999, 1.0, 10.0, 0.009999999999999998, 0.0009999999999999998, 9.999999999999998e-05])
Best λ: 0.0009999999999999998
Best score: 0.7970021818384229

	Best λ: 0.0009999999999999998
	Val R2: 0.7970


dict_keys([0.09999999999999999, 1.0, 10.0, 0.009999999999999998, 0.0009999999999999998, 9.999999999999998e-05])
Best λ: 0.0009999999999999998
Best score: 0.7767909732825988

	Best λ: 0.0009999999999999998
	Val R2: 0.7768


dict_keys([0.09999999999999999, 1.0, 10.0, 0.009999999999999998, 0.0009999999999999998, 9.999999999999998e-05])
Best λ: 0.0009999999999999998
Best score: 0.8181783850277882

	Best λ: 0.0009999999999999998
	Val R2: 0.8182


    Finish:
    landsat-c2-l2_bands-r-g-b-nir-swir16-swir22_ZMB_20k-points_1024-features_yr-2009-2021_mn-1-12_lm-False_cm-True_wa-True_summary.feather
    sentinel-2-l2a_bands-2-3-4-8_ZMB_15k-points_1000-features_yr-2016-2022_mn-1-12_lm-False_cm-True_wa-True_summary.feather
    One-hot encoding: True
    Final Val R2:  0.7859 
    Final Test R2: 0.7829
    Total time: 784.21 minutes
    

dict_keys([0.09999999999999999, 1.0, 10.0, 0.009999999999999998, 0.0009999999999999998, 9.999999999999998e-05])
Best λ: 0.0009999999999999998
Best score: 0.7507175533376749

	Best λ: 0.0009999999999999998
	Val R2: 0.7507


dict_keys([0.09999999999999999, 1.0, 10.0, 0.009999999999999998, 0.0009999999999999998, 9.999999999999998e-05, 9.999999999999997e-06])
Best λ: 9.999999999999998e-05
Best score: 0.7875289647465744

	Best λ: 9.999999999999998e-05
	Val R2: 0.7875


    Finish:
    landsat-c2-l2_bands-r-g-b-nir-swir16-swir22_ZMB_20k-points_1024-features_yr-2009-2021_mn-1-12_lm-False_cm-True_wa-True_summary.feather
    sentinel-2-l2a_bands-2-3-4_ZMB_15k-points_1000-features_yr-2016-2022_mn-1-12_lm-False_cm-True_wa-False_summary.feather
    One-hot encoding: True
    Final Val R2:  0.7609 
    Final Test R2: 0.6962
    Total time: 788.84 minutes
    
dict_keys([0.09999999999999999, 1.0, 10.0, 0.009999999999999998, 0.0009999999999999998, 9.999999999999998e-05])
Best λ: 0.0009999999999999998
Best score: 0.7753583046738545


	Best λ: 0.0009999999999999998
	Val R2: 0.7754


dict_keys([0.09999999999999999, 1.0, 10.0, 0.009999999999999998, 0.0009999999999999998, 9.999999999999998e-05])
Best λ: 0.0009999999999999998
Best score: 0.779614762919312

	Best λ: 0.0009999999999999998
	Val R2: 0.7796


dict_keys([0.09999999999999999, 1.0, 10.0, 0.009999999999999998, 0.0009999999999999998, 9.999999999999998e-05, 9.999999999999997e-06])
Best λ: 9.999999999999998e-05
Best score: 0.7632851476923995

	Best λ: 9.999999999999998e-05
	Val R2: 0.7633


    Finish:
    landsat-c2-l2_bands-r-g-b-nir-swir16-swir22_ZMB_20k-points_1024-features_yr-2009-2021_mn-1-12_lm-False_cm-True_wa-True_summary.feather
    sentinel-2-l2a_bands-2-3-4_ZMB_15k-points_1000-features_yr-2016-2022_mn-1-12_lm-False_cm-True_wa-False_summary.feather
    One-hot encoding: True
    Final Val R2:  0.7771 
    Final Test R2: 0.8066
    Total time: 794.63 minutes
    

    Finish:
    landsat-c2-l2_bands-r-g-b-nir-swir16-swir22_ZMB_20k-points_1024-features_yr-2009-2021_mn-1-12_lm-False_cm-True_wa-True_summary.feather
    sentinel-2-l2a_bands-2-3-4-8_ZMB_15k-points_1000-features_yr-2016-2022_mn-1-12_lm-False_cm-True_wa-True_summary.feather
    One-hot encoding: True
    Final Val R2:  0.7631 
    Final Test R2: 0.7482
    Total time: 799.12 minutes
    

    Finish:
    landsat-c2-l2_bands-r-g-b-nir-swir16-swir22_ZMB_20k-points_1024-features_yr-2009-2021_mn-1-12_lm-False_cm-True_wa-False_summary.feather
    sentinel-2-l2a_bands-2-3-4_ZMB_4k-points_1000-features_yr-2016-2022_mn-1-12_lm-False_cm-True_wa-True_summary.feather
    One-hot encoding: True
    Final Val R2:  0.7688 
    Final Test R2: 0.7819
    Total time: 804.47 minutes
    

    Finish:
    landsat-c2-l2_bands-r-g-b-nir-swir16-swir22_ZMB_20k-points_1024-features_yr-2009-2021_mn-1-12_lm-False_cm-True_wa-True_summary.feather
    sentinel-2-l2a_bands-2-3-4-8_ZMB_15k-points_1000-features_yr-2016-2022_mn-1-12_lm-False_cm-True_wa-True_summary.feather
    One-hot encoding: True
    Final Val R2:  0.7402 
    Final Test R2: 0.7138
    Total time: 808.30 minutes
    

dict_keys([0.09999999999999999, 1.0, 10.0, 0.009999999999999998, 0.0009999999999999998, 9.999999999999998e-05, 9.999999999999997e-06])
Best λ: 9.999999999999998e-05
Best score: 0.8021721234034308

	Best λ: 9.999999999999998e-05
	Val R2: 0.8022


dict_keys([0.09999999999999999, 1.0, 10.0, 0.009999999999999998, 0.0009999999999999998, 9.999999999999998e-05])
Best λ: 0.0009999999999999998
Best score: 0.8235130601380668

	Best λ: 0.0009999999999999998
	Val R2: 0.8235


    Finish:
    landsat-c2-l2_bands-r-g-b-nir-swir16-swir22_ZMB_20k-points_1024-features_yr-2009-2021_mn-1-12_lm-False_cm-True_wa-True_summary.feather
    sentinel-2-l2a_bands-2-3-4_ZMB_15k-points_1000-features_yr-2016-2022_mn-1-12_lm-False_cm-True_wa-True_summary.feather
    One-hot encoding: True
    Final Val R2:  0.7821 
    Final Test R2: 0.8371
    Total time: 819.32 minutes
    

dict_keys([0.09999999999999999, 1.0, 10.0, 0.009999999999999998, 0.0009999999999999998, 9.999999999999998e-05, 9.999999999999997e-06, 9.999999999999997e-07])
Best λ: 9.999999999999997e-06
Best score: 0.719277155402852

	Best λ: 9.999999999999997e-06
	Val R2: 0.7193


dict_keys([0.09999999999999999, 1.0, 10.0, 0.009999999999999998, 0.0009999999999999998, 9.999999999999998e-05, 9.999999999999997e-06, 9.999999999999997e-07])
Best λ: 9.999999999999997e-06
Best score: 0.7208241238560322

	Best λ: 9.999999999999997e-06
	Val R2: 0.7208


dict_keys([0.09999999999999999, 1.0, 10.0, 0.009999999999999998, 0.0009999999999999998, 9.999999999999998e-05, 9.999999999999997e-06])
Best λ: 9.999999999999998e-05
Best score: 0.8254926539894951

	Best λ: 9.999999999999998e-05
	Val R2: 0.8255


    Finish:
    landsat-c2-l2_bands-r-g-b-nir-swir16-swir22_ZMB_20k-points_1024-features_yr-2009-2021_mn-1-12_lm-False_cm-True_wa-True_summary.feather
    sentinel-2-l2a_bands-2-3-4_ZMB_15k-points_1000-features_yr-2016-2022_mn-1-12_lm-False_cm-True_wa-False_summary.feather
    One-hot encoding: True
    Final Val R2:  0.7597 
    Final Test R2: 0.8041
    Total time: 823.68 minutes
    

    Finish:
    landsat-c2-l2_bands-r-g-b-nir-swir16-swir22_ZMB_20k-points_1024-features_yr-2009-2021_mn-1-12_lm-False_cm-True_wa-True_summary.feather
    sentinel-2-l2a_bands-2-3-4_ZMB_15k-points_1000-features_yr-2016-2022_mn-1-12_lm-False_cm-True_wa-False_summary.feather
    One-hot encoding: True
    Final Val R2:  0.7340 
    Final Test R2: 0.7942
    Total time: 823.80 minutes
    

    Finish:
    landsat-c2-l2_bands-r-g-b-nir-swir16-swir22_ZMB_20k-points_1024-features_yr-2009-2021_mn-1-12_lm-False_cm-True_wa-True_summary.feather
    sentinel-2-l2a_bands-2-3-4_ZMB_15k-points_1000-features_yr-2016-2022_mn-1-12_lm-False_cm-True_wa-True_summary.feather
    One-hot encoding: True
    Final Val R2:  0.8155 
    Final Test R2: 0.8211
    Total time: 823.90 minutes
    

    Finish:
    landsat-c2-l2_bands-r-g-b-nir-swir16-swir22_ZMB_20k-points_1024-features_yr-2009-2021_mn-1-12_lm-False_cm-True_wa-True_summary.feather
    sentinel-2-l2a_bands-2-3-4_ZMB_15k-points_1000-features_yr-2016-2022_mn-1-12_lm-False_cm-True_wa-True_summary.feather
    One-hot encoding: True
    Final Val R2:  0.7574 
    Final Test R2: 0.7948
    Total time: 826.30 minutes
    

    Finish:
    landsat-c2-l2_bands-r-g-b-nir-swir16-swir22_ZMB_20k-points_1024-features_yr-2009-2021_mn-1-12_lm-False_cm-True_wa-True_summary.feather
    sentinel-2-l2a_bands-2-3-4_ZMB_15k-points_1000-features_yr-2016-2022_mn-1-12_lm-False_cm-True_wa-True_summary.feather
    One-hot encoding: True
    Final Val R2:  0.7541 
    Final Test R2: 0.7862
    Total time: 827.20 minutes
    

    Finish:
    landsat-c2-l2_bands-r-g-b-nir-swir16-swir22_ZMB_20k-points_1024-features_yr-2009-2021_mn-1-12_lm-False_cm-True_wa-True_summary.feather
    sentinel-2-l2a_bands-2-3-4-8_ZMB_15k-points_1000-features_yr-2016-2022_mn-1-12_lm-False_cm-True_wa-True_summary.feather
    One-hot encoding: True
    Final Val R2:  0.8037 
    Final Test R2: 0.8011
    Total time: 827.72 minutes
    

    Finish:
    landsat-c2-l2_bands-r-g-b-nir-swir16-swir22_ZMB_20k-points_1024-features_yr-2009-2021_mn-1-12_lm-False_cm-True_wa-True_summary.feather
    sentinel-2-l2a_bands-2-3-4_ZMB_15k-points_1000-features_yr-2016-2022_mn-1-12_lm-False_cm-True_wa-False_summary.feather
    One-hot encoding: True
    Final Val R2:  0.8388 
    Final Test R2: 0.7771
    Total time: 828.43 minutes
    

    Finish:
    landsat-c2-l2_bands-r-g-b-nir-swir16-swir22_ZMB_20k-points_1024-features_yr-2009-2021_mn-1-12_lm-False_cm-True_wa-True_summary.feather
    sentinel-2-l2a_bands-2-3-4_ZMB_15k-points_1000-features_yr-2016-2022_mn-1-12_lm-False_cm-True_wa-True_summary.feather
    One-hot encoding: True
    Final Val R2:  0.8033 
    Final Test R2: 0.8323
    Total time: 829.10 minutes
    

dict_keys([0.09999999999999999, 1.0, 10.0, 0.009999999999999998, 0.0009999999999999998, 9.999999999999998e-05, 9.999999999999997e-06])
Best λ: 9.999999999999998e-05
Best score: 0.7929817668244916

	Best λ: 9.999999999999998e-05
	Val R2: 0.7930


    Finish:
    landsat-c2-l2_bands-r-g-b-nir-swir16-swir22_ZMB_20k-points_1024-features_yr-2009-2021_mn-1-12_lm-False_cm-True_wa-True_summary.feather
    sentinel-2-l2a_bands-2-3-4_ZMB_15k-points_1000-features_yr-2016-2022_mn-1-12_lm-False_cm-True_wa-True_summary.feather
    One-hot encoding: True
    Final Val R2:  0.7462 
    Final Test R2: 0.6976
    Total time: 829.53 minutes
    

dict_keys([0.09999999999999999, 1.0, 10.0, 0.009999999999999998, 0.0009999999999999998, 9.999999999999998e-05, 9.999999999999997e-06])
Best λ: 9.999999999999998e-05
Best score: 0.7711559305014747

	Best λ: 9.999999999999998e-05
	Val R2: 0.7712


    Finish:
    landsat-c2-l2_bands-r-g-b-nir-swir16-swir22_ZMB_20k-points_1024-features_yr-2009-2021_mn-1-12_lm-False_cm-True_wa-True_summary.feather
    sentinel-2-l2a_bands-2-3-4_ZMB_15k-points_1000-features_yr-2016-2022_mn-1-12_lm-False_cm-True_wa-True_summary.feather
    One-hot encoding: True
    Final Val R2:  0.8236 
    Final Test R2: 0.8041
    Total time: 830.73 minutes
    

    Finish:
    landsat-c2-l2_bands-r-g-b-nir-swir16-swir22_ZMB_20k-points_1024-features_yr-2009-2021_mn-1-12_lm-False_cm-True_wa-True_summary.feather
    sentinel-2-l2a_bands-2-3-4_ZMB_15k-points_1000-features_yr-2016-2022_mn-1-12_lm-False_cm-True_wa-False_summary.feather
    One-hot encoding: True
    Final Val R2:  0.8158 
    Final Test R2: 0.8218
    Total time: 831.41 minutes
    

dict_keys([0.09999999999999999, 1.0, 10.0, 0.009999999999999998, 0.0009999999999999998, 9.999999999999998e-05, 9.999999999999997e-06])
Best λ: 9.999999999999998e-05
Best score: 0.7699363135416466

	Best λ: 9.999999999999998e-05
	Val R2: 0.7699


    Finish:
    landsat-c2-l2_bands-r-g-b-nir-swir16-swir22_ZMB_20k-points_1024-features_yr-2009-2021_mn-1-12_lm-False_cm-True_wa-True_summary.feather
    sentinel-2-l2a_bands-2-3-4-8_ZMB_15k-points_1000-features_yr-2016-2022_mn-1-12_lm-False_cm-True_wa-False_summary.feather
    One-hot encoding: True
    Final Val R2:  0.7757 
    Final Test R2: 0.8404
    Total time: 836.19 minutes
    

dict_keys([0.09999999999999999, 1.0, 10.0, 0.009999999999999998, 0.0009999999999999998, 9.999999999999998e-05, 9.999999999999997e-06])
Best λ: 9.999999999999998e-05
Best score: 0.8189128985276481

	Best λ: 9.999999999999998e-05
	Val R2: 0.8189


    Finish:
    landsat-c2-l2_bands-r-g-b-nir-swir16-swir22_ZMB_20k-points_1024-features_yr-2009-2021_mn-1-12_lm-False_cm-True_wa-True_summary.feather
    sentinel-2-l2a_bands-2-3-4_ZMB_15k-points_1000-features_yr-2016-2022_mn-1-12_lm-False_cm-True_wa-False_summary.feather
    One-hot encoding: True
    Final Val R2:  0.8054 
    Final Test R2: 0.7684
    Total time: 838.85 minutes
    

dict_keys([0.09999999999999999, 1.0, 10.0, 0.009999999999999998, 0.0009999999999999998, 9.999999999999998e-05])
Best λ: 0.0009999999999999998
Best score: 0.7832355434571323

	Best λ: 0.0009999999999999998
	Val R2: 0.7832


    Finish:
    landsat-c2-l2_bands-r-g-b-nir-swir16-swir22_ZMB_20k-points_1024-features_yr-2009-2021_mn-1-12_lm-False_cm-True_wa-True_summary.feather
    sentinel-2-l2a_bands-2-3-4_ZMB_15k-points_1000-features_yr-2016-2022_mn-1-12_lm-False_cm-True_wa-True_summary.feather
    One-hot encoding: True
    Final Val R2:  0.8332 
    Final Test R2: 0.8063
    Total time: 839.83 minutes
    

    Finish:
    landsat-c2-l2_bands-r-g-b-nir-swir16-swir22_ZMB_20k-points_1024-features_yr-2009-2021_mn-1-12_lm-False_cm-True_wa-True_summary.feather
    sentinel-2-l2a_bands-2-3-4_ZMB_15k-points_1000-features_yr-2016-2022_mn-1-12_lm-False_cm-True_wa-False_summary.feather
    One-hot encoding: True
    Final Val R2:  0.7204 
    Final Test R2: 0.6446
    Total time: 839.92 minutes
    

    Finish:
    landsat-c2-l2_bands-r-g-b-nir-swir16-swir22_ZMB_20k-points_1024-features_yr-2009-2021_mn-1-12_lm-False_cm-True_wa-True_summary.feather
    sentinel-2-l2a_bands-2-3-4_ZMB_15k-points_1000-features_yr-2016-2022_mn-1-12_lm-False_cm-True_wa-True_summary.feather
    One-hot encoding: True
    Final Val R2:  0.7217 
    Final Test R2: 0.6508
    Total time: 839.93 minutes
    

    Finish:
    landsat-c2-l2_bands-r-g-b-nir-swir16-swir22_ZMB_20k-points_1024-features_yr-2009-2021_mn-1-12_lm-False_cm-True_wa-True_summary.feather
    sentinel-2-l2a_bands-2-3-4-8_ZMB_15k-points_1000-features_yr-2016-2022_mn-1-12_lm-False_cm-True_wa-True_summary.feather
    One-hot encoding: True
    Final Val R2:  0.7845 
    Final Test R2: 0.7582
    Total time: 840.69 minutes
    

    Finish:
    landsat-c2-l2_bands-r-g-b-nir-swir16-swir22_ZMB_20k-points_1024-features_yr-2009-2021_mn-1-12_lm-False_cm-True_wa-True_summary.feather
    sentinel-2-l2a_bands-2-3-4_ZMB_15k-points_1000-features_yr-2016-2022_mn-1-12_lm-False_cm-True_wa-True_summary.feather
    One-hot encoding: True
    Final Val R2:  0.7919 
    Final Test R2: 0.7507
    Total time: 841.56 minutes
    

dict_keys([0.09999999999999999, 1.0, 10.0, 0.009999999999999998, 0.0009999999999999998, 9.999999999999998e-05, 9.999999999999997e-06])
Best λ: 9.999999999999998e-05
Best score: 0.8047354592765343

	Best λ: 9.999999999999998e-05
	Val R2: 0.8047


    Finish:
    landsat-c2-l2_bands-r-g-b-nir-swir16-swir22_ZMB_20k-points_1024-features_yr-2009-2021_mn-1-12_lm-False_cm-True_wa-True_summary.feather
    sentinel-2-l2a_bands-2-3-4-8_ZMB_15k-points_1000-features_yr-2016-2022_mn-1-12_lm-False_cm-True_wa-True_summary.feather
    One-hot encoding: True
    Final Val R2:  0.7741 
    Final Test R2: 0.7817
    Total time: 843.43 minutes
    

dict_keys([0.09999999999999999, 1.0, 10.0, 0.009999999999999998, 0.0009999999999999998, 9.999999999999998e-05])
Best λ: 0.0009999999999999998
Best score: 0.7809298431949622

	Best λ: 0.0009999999999999998
	Val R2: 0.7809


dict_keys([0.09999999999999999, 1.0, 10.0, 0.009999999999999998, 0.0009999999999999998, 9.999999999999998e-05])
Best λ: 0.0009999999999999998
Best score: 0.8095670829251105

	Best λ: 0.0009999999999999998
	Val R2: 0.8096


    Finish:
    landsat-c2-l2_bands-r-g-b-nir-swir16-swir22_ZMB_20k-points_1024-features_yr-2009-2021_mn-1-12_lm-False_cm-True_wa-True_summary.feather
    sentinel-2-l2a_bands-2-3-4-8_ZMB_15k-points_1000-features_yr-2016-2022_mn-1-12_lm-False_cm-True_wa-True_summary.feather
    One-hot encoding: True
    Final Val R2:  0.7565 
    Final Test R2: 0.8377
    Total time: 845.73 minutes
    

dict_keys([0.09999999999999999, 1.0, 10.0, 0.009999999999999998, 0.0009999999999999998, 9.999999999999998e-05, 9.999999999999997e-06])
Best λ: 9.999999999999998e-05
Best score: 0.8108832370231005

	Best λ: 9.999999999999998e-05
	Val R2: 0.8109


    Finish:
    landsat-c2-l2_bands-r-g-b-nir-swir16-swir22_ZMB_20k-points_1024-features_yr-2009-2021_mn-1-12_lm-False_cm-True_wa-False_summary.feather
    sentinel-2-l2a_bands-2-3-4_ZMB_4k-points_1000-features_yr-2016-2022_mn-1-12_lm-False_cm-True_wa-True_summary.feather
    One-hot encoding: True
    Final Val R2:  0.7911 
    Final Test R2: 0.8260
    Total time: 847.50 minutes
    

    Finish:
    landsat-c2-l2_bands-r-g-b-nir-swir16-swir22_ZMB_20k-points_1024-features_yr-2009-2021_mn-1-12_lm-False_cm-True_wa-True_summary.feather
    sentinel-2-l2a_bands-2-3-4-8_ZMB_15k-points_1000-features_yr-2016-2022_mn-1-12_lm-False_cm-True_wa-False_summary.feather
    One-hot encoding: True
    Final Val R2:  0.7869 
    Final Test R2: 0.7604
    Total time: 847.71 minutes
    

    Finish:
    landsat-c2-l2_bands-r-g-b-nir-swir16-swir22_ZMB_20k-points_1024-features_yr-2009-2021_mn-1-12_lm-False_cm-True_wa-True_summary.feather
    sentinel-2-l2a_bands-2-3-4-8_ZMB_15k-points_1000-features_yr-2016-2022_mn-1-12_lm-False_cm-True_wa-False_summary.feather
    One-hot encoding: True
    Final Val R2:  0.7877 
    Final Test R2: 0.7683
    Total time: 848.10 minutes
    

    Finish:
    landsat-c2-l2_bands-r-g-b-nir-swir16-swir22_ZMB_20k-points_1024-features_yr-2009-2021_mn-1-12_lm-False_cm-True_wa-False_summary.feather
    sentinel-2-l2a_bands-2-3-4_ZMB_4k-points_1000-features_yr-2016-2022_mn-1-12_lm-False_cm-True_wa-False_summary.feather
    One-hot encoding: True
    Final Val R2:  0.7702 
    Final Test R2: 0.8618
    Total time: 850.20 minutes
    

    Finish:
    landsat-c2-l2_bands-r-g-b-nir-swir16-swir22_ZMB_20k-points_1024-features_yr-2009-2021_mn-1-12_lm-False_cm-True_wa-False_summary.feather
    sentinel-2-l2a_bands-2-3-4_ZMB_4k-points_1000-features_yr-2016-2022_mn-1-12_lm-False_cm-True_wa-True_summary.feather
    One-hot encoding: True
    Final Val R2:  0.8285 
    Final Test R2: 0.7703
    Total time: 860.37 minutes
    

    Finish:
    landsat-c2-l2_bands-r-g-b-nir-swir16-swir22_ZMB_20k-points_1024-features_yr-2009-2021_mn-1-12_lm-False_cm-True_wa-True_summary.feather
    sentinel-2-l2a_bands-2-3-4-8_ZMB_15k-points_1000-features_yr-2016-2022_mn-1-12_lm-False_cm-True_wa-False_summary.feather
    One-hot encoding: True
    Final Val R2:  0.7938 
    Final Test R2: 0.7911
    Total time: 863.04 minutes
    

    Finish:
    landsat-c2-l2_bands-r-g-b-nir-swir16-swir22_ZMB_20k-points_1024-features_yr-2009-2021_mn-1-12_lm-False_cm-True_wa-True_summary.feather
    sentinel-2-l2a_bands-2-3-4-8_ZMB_15k-points_1000-features_yr-2016-2022_mn-1-12_lm-False_cm-True_wa-True_summary.feather
    One-hot encoding: True
    Final Val R2:  0.7746 
    Final Test R2: 0.8126
    Total time: 864.54 minutes
    

    Finish:
    landsat-c2-l2_bands-r-g-b-nir-swir16-swir22_ZMB_20k-points_1024-features_yr-2009-2021_mn-1-12_lm-False_cm-True_wa-False_summary.feather
    sentinel-2-l2a_bands-2-3-4_ZMB_4k-points_1000-features_yr-2016-2022_mn-1-12_lm-False_cm-True_wa-True_summary.feather
    One-hot encoding: True
    Final Val R2:  0.8256 
    Final Test R2: 0.8071
    Total time: 865.78 minutes
    

    Finish:
    landsat-c2-l2_bands-r-g-b-nir-swir16-swir22_ZMB_20k-points_1024-features_yr-2009-2021_mn-1-12_lm-False_cm-True_wa-True_summary.feather
    sentinel-2-l2a_bands-2-3-4-8_ZMB_15k-points_1000-features_yr-2016-2022_mn-1-12_lm-False_cm-True_wa-False_summary.feather
    One-hot encoding: True
    Final Val R2:  0.7896 
    Final Test R2: 0.8525
    Total time: 866.35 minutes
    

    Finish:
    landsat-c2-l2_bands-r-g-b-nir-swir16-swir22_ZMB_20k-points_1024-features_yr-2009-2021_mn-1-12_lm-False_cm-True_wa-False_summary.feather
    sentinel-2-l2a_bands-2-3-4_ZMB_4k-points_1000-features_yr-2016-2022_mn-1-12_lm-False_cm-True_wa-True_summary.feather
    One-hot encoding: True
    Final Val R2:  0.8072 
    Final Test R2: 0.8108
    Total time: 866.71 minutes
    

    Finish:
    landsat-c2-l2_bands-r-g-b-nir-swir16-swir22_ZMB_20k-points_1024-features_yr-2009-2021_mn-1-12_lm-False_cm-True_wa-True_summary.feather
    sentinel-2-l2a_bands-2-3-4-8_ZMB_15k-points_1000-features_yr-2016-2022_mn-1-12_lm-False_cm-True_wa-True_summary.feather
    One-hot encoding: True
    Final Val R2:  0.7846 
    Final Test R2: 0.8281
    Total time: 867.49 minutes
    

    Finish:
    landsat-c2-l2_bands-r-g-b-nir-swir16-swir22_ZMB_20k-points_1024-features_yr-2009-2021_mn-1-12_lm-False_cm-True_wa-True_summary.feather
    sentinel-2-l2a_bands-2-3-4-8_ZMB_15k-points_1000-features_yr-2016-2022_mn-1-12_lm-False_cm-True_wa-False_summary.feather
    One-hot encoding: True
    Final Val R2:  0.8108 
    Final Test R2: 0.8051
    Total time: 867.52 minutes
    

    Finish:
    landsat-c2-l2_bands-r-g-b-nir-swir16-swir22_ZMB_20k-points_1024-features_yr-2009-2021_mn-1-12_lm-False_cm-True_wa-False_summary.feather
    sentinel-2-l2a_bands-2-3-4_ZMB_4k-points_1000-features_yr-2016-2022_mn-1-12_lm-False_cm-True_wa-False_summary.feather
    One-hot encoding: True
    Final Val R2:  0.8143 
    Final Test R2: 0.8121
    Total time: 867.53 minutes
    
Saving results as: 2_sensor_top-mod_n-splits-10_2023-05-12_10.csv


