
Begin with paramters:
    F1: landsat-c2-l2_bands-r-g-b-nir-swir16-swir22_ZMB_20k-points_1024-features_yr-2009-2021_mn-4-9_lm-True_cm-True_wa-False_summary.feather
    F2: sentinel-2-l2a_bands-2-3-4-8_ZMB_15k-points_1000-features_yr-2016-2022_mn-1-12_lm-False_cm-True_wa-False_summary.feather
    One-hot encoding: True
    Split: 0
    Random state: 670487
    N-splits: 5
    Include climate: True
    Climate vars: ndvi
    

Begin with paramters:
    F1: landsat-c2-l2_bands-r-g-b-nir-swir16-swir22_ZMB_20k-points_1024-features_yr-2009-2021_mn-4-9_lm-True_cm-True_wa-False_summary.feather
    F2: sentinel-2-l2a_bands-2-3-4-8_ZMB_15k-points_1000-features_yr-2016-2022_mn-1-12_lm-False_cm-True_wa-False_summary.feather
    One-hot encoding: True
    Split: 1
    Random state: 116739
    N-splits: 5
    Include climate: True
    Climate vars: ndvi
    

Begin with paramters:
    F1: landsat-c2-l2_bands-r-g-b-nir-swir16-swir22_ZMB_20k-points_1024-features_yr-2009-2021_mn-4-9_lm-True_cm-True_wa-False_summary.feather
    F2: sentinel-2-l2a_bands-2-3-4-8_ZMB_15k-points_1000-features_yr-2016-2022_mn-1-12_lm-False_cm-True_wa-False_summary.feather
    One-hot encoding: True
    Split: 2
    Random state: 26225
    N-splits: 5
    Include climate: True
    Climate vars: ndvi
    

Begin with paramters:
    F1: landsat-c2-l2_bands-r-g-b-nir-swir16-swir22_ZMB_20k-points_1024-features_yr-2009-2021_mn-4-9_lm-True_cm-True_wa-False_summary.feather
    F2: sentinel-2-l2a_bands-2-3-4-8_ZMB_15k-points_1000-features_yr-2016-2022_mn-1-12_lm-False_cm-True_wa-False_summary.feather
    One-hot encoding: True
    Split: 7
    Random state: 146316
    N-splits: 5
    Include climate: True
    Climate vars: ndvi
    

Begin with paramters:
    F1: landsat-c2-l2_bands-r-g-b-nir-swir16-swir22_ZMB_20k-points_1024-features_yr-2009-2021_mn-4-9_lm-True_cm-True_wa-False_summary.feather
    F2: sentinel-2-l2a_bands-2-3-4-8_ZMB_15k-points_1000-features_yr-2016-2022_mn-1-12_lm-False_cm-True_wa-False_summary.feather
    One-hot encoding: True
    Split: 4
    Random state: 288389
    N-splits: 5
    Include climate: True
    Climate vars: ndvi
    

Begin with paramters:
    F1: landsat-c2-l2_bands-r-g-b-nir-swir16-swir22_ZMB_20k-points_1024-features_yr-2009-2021_mn-4-9_lm-True_cm-True_wa-False_summary.feather
    F2: sentinel-2-l2a_bands-2-3-4-8_ZMB_15k-points_1000-features_yr-2016-2022_mn-1-12_lm-False_cm-True_wa-False_summary.feather
    One-hot encoding: True
    Split: 8
    Random state: 772246
    N-splits: 5
    Include climate: True
    Climate vars: ndvi
    

Begin with paramters:
    F1: landsat-c2-l2_bands-r-g-b-nir-swir16-swir22_ZMB_20k-points_1024-features_yr-2009-2021_mn-4-9_lm-True_cm-True_wa-False_summary.feather
    F2: sentinel-2-l2a_bands-2-3-4-8_ZMB_15k-points_1000-features_yr-2016-2022_mn-1-12_lm-False_cm-True_wa-False_summary.feather
    One-hot encoding: True
    Split: 1
    Random state: 116739
    N-splits: 5
    Include climate: True
    Climate vars: ndvi_tmp
    

Begin with paramters:
    F1: landsat-c2-l2_bands-r-g-b-nir-swir16-swir22_ZMB_20k-points_1024-features_yr-2009-2021_mn-4-9_lm-True_cm-True_wa-False_summary.feather
    F2: sentinel-2-l2a_bands-2-3-4-8_ZMB_15k-points_1000-features_yr-2016-2022_mn-1-12_lm-False_cm-True_wa-False_summary.feather
    One-hot encoding: True
    Split: 3
    Random state: 777572
    N-splits: 5
    Include climate: True
    Climate vars: ndvi_tmp
    

Begin with paramters:
    F1: landsat-c2-l2_bands-r-g-b-nir-swir16-swir22_ZMB_20k-points_1024-features_yr-2009-2021_mn-4-9_lm-True_cm-True_wa-False_summary.feather
    F2: sentinel-2-l2a_bands-2-3-4-8_ZMB_15k-points_1000-features_yr-2016-2022_mn-1-12_lm-False_cm-True_wa-False_summary.feather
    One-hot encoding: True
    Split: 3
    Random state: 777572
    N-splits: 5
    Include climate: True
    Climate vars: ndvi
    

Begin with paramters:
    F1: landsat-c2-l2_bands-r-g-b-nir-swir16-swir22_ZMB_20k-points_1024-features_yr-2009-2021_mn-4-9_lm-True_cm-True_wa-False_summary.feather
    F2: sentinel-2-l2a_bands-2-3-4-8_ZMB_15k-points_1000-features_yr-2016-2022_mn-1-12_lm-False_cm-True_wa-False_summary.feather
    One-hot encoding: True
    Split: 9
    Random state: 107473
    N-splits: 5
    Include climate: True
    Climate vars: ndvi
    

Begin with paramters:
    F1: landsat-c2-l2_bands-r-g-b-nir-swir16-swir22_ZMB_20k-points_1024-features_yr-2009-2021_mn-4-9_lm-True_cm-True_wa-False_summary.feather
    F2: sentinel-2-l2a_bands-2-3-4-8_ZMB_15k-points_1000-features_yr-2016-2022_mn-1-12_lm-False_cm-True_wa-False_summary.feather
    One-hot encoding: True
    Split: 0
    Random state: 670487
    N-splits: 5
    Include climate: True
    Climate vars: ndvi_tmp
    

Begin with paramters:
    F1: landsat-c2-l2_bands-r-g-b-nir-swir16-swir22_ZMB_20k-points_1024-features_yr-2009-2021_mn-4-9_lm-True_cm-True_wa-False_summary.feather
    F2: sentinel-2-l2a_bands-2-3-4-8_ZMB_15k-points_1000-features_yr-2016-2022_mn-1-12_lm-False_cm-True_wa-False_summary.feather
    One-hot encoding: True
    Split: 4
    Random state: 288389
    N-splits: 5
    Include climate: True
    Climate vars: ndvi_tmp
    

Begin with paramters:
    F1: landsat-c2-l2_bands-r-g-b-nir-swir16-swir22_ZMB_20k-points_1024-features_yr-2009-2021_mn-4-9_lm-True_cm-True_wa-False_summary.feather
    F2: sentinel-2-l2a_bands-2-3-4-8_ZMB_15k-points_1000-features_yr-2016-2022_mn-1-12_lm-False_cm-True_wa-False_summary.feather
    One-hot encoding: True
    Split: 2
    Random state: 26225
    N-splits: 5
    Include climate: True
    Climate vars: ndvi_tmp
    

Begin with paramters:
    F1: landsat-c2-l2_bands-r-g-b-nir-swir16-swir22_ZMB_20k-points_1024-features_yr-2009-2021_mn-4-9_lm-True_cm-True_wa-False_summary.feather
    F2: sentinel-2-l2a_bands-2-3-4-8_ZMB_15k-points_1000-features_yr-2016-2022_mn-1-12_lm-False_cm-True_wa-False_summary.feather
    One-hot encoding: True
    Split: 7
    Random state: 146316
    N-splits: 5
    Include climate: True
    Climate vars: ndvi_tmp
    

Begin with paramters:
    F1: landsat-c2-l2_bands-r-g-b-nir-swir16-swir22_ZMB_20k-points_1024-features_yr-2009-2021_mn-4-9_lm-True_cm-True_wa-False_summary.feather
    F2: sentinel-2-l2a_bands-2-3-4-8_ZMB_15k-points_1000-features_yr-2016-2022_mn-1-12_lm-False_cm-True_wa-False_summary.feather
    One-hot encoding: True
    Split: 5
    Random state: 256787
    N-splits: 5
    Include climate: True
    Climate vars: ndvi_tmp
    

Begin with paramters:
    F1: landsat-c2-l2_bands-r-g-b-nir-swir16-swir22_ZMB_20k-points_1024-features_yr-2009-2021_mn-4-9_lm-True_cm-True_wa-False_summary.feather
    F2: sentinel-2-l2a_bands-2-3-4-8_ZMB_15k-points_1000-features_yr-2016-2022_mn-1-12_lm-False_cm-True_wa-False_summary.feather
    One-hot encoding: True
    Split: 6
    Random state: 234053
    N-splits: 5
    Include climate: True
    Climate vars: ndvi_tmp
    

Begin with paramters:
    F1: landsat-c2-l2_bands-r-g-b-nir-swir16-swir22_ZMB_20k-points_1024-features_yr-2009-2021_mn-4-9_lm-True_cm-True_wa-False_summary.feather
    F2: sentinel-2-l2a_bands-2-3-4-8_ZMB_15k-points_1000-features_yr-2016-2022_mn-1-12_lm-False_cm-True_wa-False_summary.feather
    One-hot encoding: True
    Split: 8
    Random state: 772246
    N-splits: 5
    Include climate: True
    Climate vars: ndvi_tmp
    

Begin with paramters:
    F1: landsat-c2-l2_bands-r-g-b-nir-swir16-swir22_ZMB_20k-points_1024-features_yr-2009-2021_mn-4-9_lm-True_cm-True_wa-False_summary.feather
    F2: sentinel-2-l2a_bands-2-3-4-8_ZMB_15k-points_1000-features_yr-2016-2022_mn-1-12_lm-False_cm-True_wa-False_summary.feather
    One-hot encoding: True
    Split: 6
    Random state: 234053
    N-splits: 5
    Include climate: True
    Climate vars: ndvi
    

Begin with paramters:
    F1: landsat-c2-l2_bands-r-g-b-nir-swir16-swir22_ZMB_20k-points_1024-features_yr-2009-2021_mn-4-9_lm-True_cm-True_wa-False_summary.feather
    F2: sentinel-2-l2a_bands-2-3-4-8_ZMB_15k-points_1000-features_yr-2016-2022_mn-1-12_lm-False_cm-True_wa-False_summary.feather
    One-hot encoding: True
    Split: 5
    Random state: 256787
    N-splits: 5
    Include climate: True
    Climate vars: ndvi
    
Group indicies [0, 6144, 18144, 18156, 18168]
		  [6144, 18144, 18156, 18168, 18238]

Group indicies [0, 6144, 18144, 18156]
		  [6144, 18144, 18156, 18226]

Group indicies [0, 6144, 18144, 18156, 18168]
		  [6144, 18144, 18156, 18168, 18238]

Group indicies [0, 6144, 18144, 18156]
		  [6144, 18144, 18156, 18226]

Group indicies [0, 6144, 18144, 18156]
		  [6144, 18144, 18156, 18226]

Group indicies [0, 6144, 18144, 18156, 18168]
		  [6144, 18144, 18156, 18168, 18238]

Group indicies [0, 6144, 18144, 18156]
		  [6144, 18144, 18156, 18226]

Group indicies [0, 6144, 18144, 18156]
		  [6144, 18144, 18156, 18226]

Group indicies [0, 6144, 18144, 18156, 18168]
		  [6144, 18144, 18156, 18168, 18238]

Group indicies [0, 6144, 18144, 18156]
		  [6144, 18144, 18156, 18226]

Group indicies [0, 6144, 18144, 18156, 18168]
		  [6144, 18144, 18156, 18168, 18238]

Group indicies [0, 6144, 18144, 18156, 18168]
		  [6144, 18144, 18156, 18168, 18238]

Group indicies [0, 6144, 18144, 18156]
		  [6144, 18144, 18156, 18226]

Group indicies [0, 6144, 18144, 18156]
		  [6144, 18144, 18156, 18226]

Group indicies [0, 6144, 18144, 18156, 18168]
		  [6144, 18144, 18156, 18168, 18238]

Group indicies [0, 6144, 18144, 18156, 18168]
		  [6144, 18144, 18156, 18168, 18238]

Group indicies [0, 6144, 18144, 18156, 18168]
		  [6144, 18144, 18156, 18168, 18238]

Group indicies [0, 6144, 18144, 18156]
		  [6144, 18144, 18156, 18226]

Group indicies [0, 6144, 18144, 18156]
		  [6144, 18144, 18156, 18226]


dict_keys([0.09999999999999999, 1.0, 10.0, 100.0])
Best λ: 10.0
Best score: 0.6413510641166086

	Best λ: 10.0
	Val R2: 0.6414


dict_keys([0.09999999999999999, 1.0, 10.0, 100.0])
Best λ: 10.0
Best score: 0.6787844778859847

	Best λ: 10.0
	Val R2: 0.6788


dict_keys([0.09999999999999999, 1.0, 10.0, 100.0, 1000.0])
Best λ: 100.0
Best score: 0.7164699540656908

	Best λ: 100.0
	Val R2: 0.7165


dict_keys([0.09999999999999999, 1.0, 10.0, 100.0])
Best λ: 10.0
Best score: 0.6650969060922054

	Best λ: 10.0
	Val R2: 0.6651


dict_keys([0.09999999999999999, 1.0, 10.0, 100.0])
Best λ: 10.0
Best score: 0.6930119189621664

	Best λ: 10.0
	Val R2: 0.6930


dict_keys([0.09999999999999999, 1.0, 10.0, 100.0])
Best λ: 10.0
Best score: 0.6655953895554314

	Best λ: 10.0
	Val R2: 0.6656


dict_keys([0.09999999999999999, 1.0, 10.0, 100.0])
Best λ: 10.0
Best score: 0.6736174340098167

	Best λ: 10.0
	Val R2: 0.6736


dict_keys([0.09999999999999999, 1.0, 10.0, 100.0])
Best λ: 10.0
Best score: 0.7048556333673435

	Best λ: 10.0
	Val R2: 0.7049


dict_keys([0.09999999999999999, 1.0, 10.0, 100.0, 1000.0])
Best λ: 100.0
Best score: 0.7236398071486836

	Best λ: 100.0
	Val R2: 0.7236


dict_keys([0.09999999999999999, 1.0, 10.0, 100.0, 1000.0])
Best λ: 100.0
Best score: 0.7075659394735571

	Best λ: 100.0
	Val R2: 0.7076


dict_keys([0.09999999999999999, 1.0, 10.0, 100.0, 1000.0])
Best λ: 100.0
Best score: 0.6798795907373244

	Best λ: 100.0
	Val R2: 0.6799


dict_keys([0.09999999999999999, 1.0, 10.0, 100.0, 1000.0])
Best λ: 100.0
Best score: 0.7134545309071405

	Best λ: 100.0
	Val R2: 0.7135


dict_keys([0.09999999999999999, 1.0, 10.0, 100.0])
Best λ: 10.0
Best score: 0.7151905718993457

	Best λ: 10.0
	Val R2: 0.7152


dict_keys([0.09999999999999999, 1.0, 10.0, 100.0, 1000.0])
Best λ: 100.0
Best score: 0.7267164650470778

	Best λ: 100.0
	Val R2: 0.7267


dict_keys([0.09999999999999999, 1.0, 10.0, 100.0])
Best λ: 10.0
Best score: 0.7073240579609426

	Best λ: 10.0
	Val R2: 0.7073


dict_keys([0.09999999999999999, 1.0, 10.0, 100.0])
Best λ: 10.0
Best score: 0.7280063747912153

	Best λ: 10.0
	Val R2: 0.7280


dict_keys([0.09999999999999999, 1.0, 10.0, 100.0])
Best λ: 10.0
Best score: 0.6781472098241751

	Best λ: 10.0
	Val R2: 0.6781


dict_keys([0.09999999999999999, 1.0, 10.0, 100.0])
Best λ: 10.0
Best score: 0.6537596770737022

	Best λ: 10.0
	Val R2: 0.6538


dict_keys([0.09999999999999999, 1.0, 10.0, 100.0])
Best λ: 10.0
Best score: 0.7204889374586506

	Best λ: 10.0
	Val R2: 0.7205


dict_keys([0.09999999999999999, 1.0, 10.0, 100.0])
Best λ: 10.0
Best score: 0.6872483838148113

	Best λ: 10.0
	Val R2: 0.6872


dict_keys([0.09999999999999999, 1.0, 10.0, 100.0])
Best λ: 10.0
Best score: 0.7184544969190443

	Best λ: 10.0
	Val R2: 0.7185


dict_keys([0.09999999999999999, 1.0, 10.0, 100.0, 1000.0])
Best λ: 100.0
Best score: 0.7225103389167974

	Best λ: 100.0
	Val R2: 0.7225


dict_keys([0.09999999999999999, 1.0, 10.0, 100.0])
Best λ: 10.0
Best score: 0.7050687521829915

	Best λ: 10.0
	Val R2: 0.7051


dict_keys([0.09999999999999999, 1.0, 10.0, 0.009999999999999998, 0.0009999999999999998])
Best λ: 0.009999999999999998
Best score: 0.6820761111173214

	Best λ: 0.009999999999999998
	Val R2: 0.6821


dict_keys([0.09999999999999999, 1.0, 10.0, 0.009999999999999998])
Best λ: 0.09999999999999999
Best score: 0.7197271016842229

	Best λ: 0.09999999999999999
	Val R2: 0.7197


dict_keys([0.09999999999999999, 1.0, 10.0, 100.0])
Best λ: 10.0
Best score: 0.7284395027679684

	Best λ: 10.0
	Val R2: 0.7284


dict_keys([0.09999999999999999, 1.0, 10.0, 100.0])
Best λ: 10.0
Best score: 0.7091905014826361

	Best λ: 10.0
	Val R2: 0.7092


dict_keys([0.09999999999999999, 1.0, 10.0])
Best λ: 1.0
Best score: 0.7075659394735571

	Best λ: 1.0
	Val R2: 0.7076


dict_keys([0.09999999999999999, 1.0, 10.0, 100.0])
Best λ: 10.0
Best score: 0.6943887406639565

	Best λ: 10.0
	Val R2: 0.6944


dict_keys([0.09999999999999999, 1.0, 10.0, 100.0])
Best λ: 10.0
Best score: 0.7527784408263174

	Best λ: 10.0
	Val R2: 0.7528


dict_keys([0.09999999999999999, 1.0, 10.0, 100.0])
Best λ: 10.0
Best score: 0.7428972881957032

	Best λ: 10.0
	Val R2: 0.7429


dict_keys([0.09999999999999999, 1.0, 10.0, 100.0])
Best λ: 10.0
Best score: 0.7155887576861659

	Best λ: 10.0
	Val R2: 0.7156


dict_keys([0.09999999999999999, 1.0, 10.0, 100.0])
Best λ: 10.0
Best score: 0.7281313132080435

	Best λ: 10.0
	Val R2: 0.7281


dict_keys([0.09999999999999999, 1.0, 10.0, 100.0])
Best λ: 10.0
Best score: 0.7537508236081244

	Best λ: 10.0
	Val R2: 0.7538


dict_keys([0.09999999999999999, 1.0, 10.0, 100.0])
Best λ: 10.0
Best score: 0.7311491060256113

	Best λ: 10.0
	Val R2: 0.7311


dict_keys([0.09999999999999999, 1.0, 10.0, 100.0])
Best λ: 10.0
Best score: 0.7443804880786421

	Best λ: 10.0
	Val R2: 0.7444


dict_keys([0.09999999999999999, 1.0, 10.0, 100.0])
Best λ: 10.0
Best score: 0.7021199003277478

	Best λ: 10.0
	Val R2: 0.7021


dict_keys([0.09999999999999999, 1.0, 10.0, 100.0])
Best λ: 10.0
Best score: 0.6978588094173993

	Best λ: 10.0
	Val R2: 0.6979


dict_keys([0.09999999999999999, 1.0, 10.0, 100.0])
Best λ: 10.0
Best score: 0.7243548438754613

	Best λ: 10.0
	Val R2: 0.7244


dict_keys([0.09999999999999999, 1.0, 10.0, 100.0])
Best λ: 10.0
Best score: 0.7296883497558733

	Best λ: 10.0
	Val R2: 0.7297


dict_keys([0.09999999999999999, 1.0, 10.0])
Best λ: 1.0
Best score: 0.7075659394735571

	Best λ: 1.0
	Val R2: 0.7076


dict_keys([0.09999999999999999, 1.0, 10.0, 0.009999999999999998, 0.0009999999999999998, 9.999999999999998e-05])
Best λ: 0.0009999999999999998
Best score: 0.8058363479094721

	Best λ: 0.0009999999999999998
	Val R2: 0.8058


dict_keys([0.09999999999999999, 1.0, 10.0])
Best λ: 1.0
Best score: 0.6943887406639565

	Best λ: 1.0
	Val R2: 0.6944


dict_keys([0.09999999999999999, 1.0, 10.0, 0.009999999999999998, 0.0009999999999999998, 9.999999999999998e-05, 9.999999999999997e-06, 9.999999999999997e-07])
Best λ: 9.999999999999997e-06
Best score: 0.7956453042165184

	Best λ: 9.999999999999997e-06
	Val R2: 0.7956


dict_keys([0.09999999999999999, 1.0, 10.0, 100.0])
Best λ: 10.0
Best score: 0.7409920427820924

	Best λ: 10.0
	Val R2: 0.7410


Finish:
    F1: landsat-c2-l2_bands-r-g-b-nir-swir16-swir22_ZMB_20k-points_1024-features_yr-2009-2021_mn-4-9_lm-True_cm-True_wa-False_summary.feather
    F2: sentinel-2-l2a_bands-2-3-4-8_ZMB_15k-points_1000-features_yr-2016-2022_mn-1-12_lm-False_cm-True_wa-False_summary.feather
    One-hot encoding: True
    Split: 2
    Random state: 26225
    N-splits: 5
    Include climate: True
    Climate vars: ndvi
    Final Val R2:  0.8072 
    Final Test R2: 0.8244
    Total time: 118.78 minutes
    

Begin with paramters:
    F1: landsat-c2-l2_bands-r-g-b-nir-swir16-swir22_ZMB_20k-points_1024-features_yr-2009-2021_mn-4-9_lm-True_cm-True_wa-False_summary.feather
    F2: sentinel-2-l2a_bands-2-3-4-8_ZMB_15k-points_1000-features_yr-2016-2022_mn-1-12_lm-False_cm-True_wa-False_summary.feather
    One-hot encoding: True
    Split: 9
    Random state: 107473
    N-splits: 5
    Include climate: True
    Climate vars: ndvi_tmp
    
Group indicies [0, 6144, 18144, 18156, 18168]
		  [6144, 18144, 18156, 18168, 18238]


dict_keys([0.09999999999999999, 1.0, 10.0, 100.0])
Best λ: 10.0
Best score: 0.7286924242851697

	Best λ: 10.0
	Val R2: 0.7287


dict_keys([0.09999999999999999, 1.0, 10.0])
Best λ: 1.0
Best score: 0.7428972881957032

	Best λ: 1.0
	Val R2: 0.7429


dict_keys([0.09999999999999999, 1.0, 10.0, 0.009999999999999998])
Best λ: 0.09999999999999999
Best score: 0.7116019465477847

	Best λ: 0.09999999999999999
	Val R2: 0.7116


dict_keys([0.09999999999999999, 1.0, 10.0, 0.009999999999999998, 0.0009999999999999998, 9.999999999999998e-05, 9.999999999999997e-06, 9.999999999999997e-07])
Best λ: 9.999999999999997e-06
Best score: 0.8004365457404458

	Best λ: 9.999999999999997e-06
	Val R2: 0.8004


Finish:
    F1: landsat-c2-l2_bands-r-g-b-nir-swir16-swir22_ZMB_20k-points_1024-features_yr-2009-2021_mn-4-9_lm-True_cm-True_wa-False_summary.feather
    F2: sentinel-2-l2a_bands-2-3-4-8_ZMB_15k-points_1000-features_yr-2016-2022_mn-1-12_lm-False_cm-True_wa-False_summary.feather
    One-hot encoding: True
    Split: 1
    Random state: 116739
    N-splits: 5
    Include climate: True
    Climate vars: ndvi
    Final Val R2:  0.8063 
    Final Test R2: 0.8035
    Total time: 124.65 minutes
    

dict_keys([0.09999999999999999, 1.0, 10.0, 0.009999999999999998])
Best λ: 0.09999999999999999
Best score: 0.754144207617609

	Best λ: 0.09999999999999999
	Val R2: 0.7541


Finish:
    F1: landsat-c2-l2_bands-r-g-b-nir-swir16-swir22_ZMB_20k-points_1024-features_yr-2009-2021_mn-4-9_lm-True_cm-True_wa-False_summary.feather
    F2: sentinel-2-l2a_bands-2-3-4-8_ZMB_15k-points_1000-features_yr-2016-2022_mn-1-12_lm-False_cm-True_wa-False_summary.feather
    One-hot encoding: True
    Split: 0
    Random state: 670487
    N-splits: 5
    Include climate: True
    Climate vars: ndvi
    Final Val R2:  0.8063 
    Final Test R2: 0.8477
    Total time: 129.45 minutes
    

dict_keys([0.09999999999999999, 1.0, 10.0, 0.009999999999999998])
Best λ: 0.09999999999999999
Best score: 0.7171892928203437

	Best λ: 0.09999999999999999
	Val R2: 0.7172


dict_keys([0.09999999999999999, 1.0, 10.0, 0.009999999999999998])
Best λ: 0.09999999999999999
Best score: 0.7300312685144469

	Best λ: 0.09999999999999999
	Val R2: 0.7300


dict_keys([0.09999999999999999, 1.0, 10.0, 100.0])
Best λ: 10.0
Best score: 0.6767164353374249

	Best λ: 10.0
	Val R2: 0.6767


dict_keys([0.09999999999999999, 1.0, 10.0, 0.009999999999999998])
Best λ: 0.09999999999999999
Best score: 0.75624189231606

	Best λ: 0.09999999999999999
	Val R2: 0.7562


dict_keys([0.09999999999999999, 1.0, 10.0, 100.0])
Best λ: 10.0
Best score: 0.7317592519605276

	Best λ: 10.0
	Val R2: 0.7318


dict_keys([0.09999999999999999, 1.0, 10.0, 0.009999999999999998])
Best λ: 0.09999999999999999
Best score: 0.7330285992955913

	Best λ: 0.09999999999999999
	Val R2: 0.7330


dict_keys([0.09999999999999999, 1.0, 10.0, 0.009999999999999998])
Best λ: 0.09999999999999999
Best score: 0.7484868346608331

	Best λ: 0.09999999999999999
	Val R2: 0.7485


dict_keys([0.09999999999999999, 1.0, 10.0, 0.009999999999999998])
Best λ: 0.09999999999999999
Best score: 0.734154713403161

	Best λ: 0.09999999999999999
	Val R2: 0.7342


dict_keys([0.09999999999999999, 1.0, 10.0, 0.009999999999999998, 0.0009999999999999998])
Best λ: 0.009999999999999998
Best score: 0.7080859118380014

	Best λ: 0.009999999999999998
	Val R2: 0.7081


dict_keys([0.09999999999999999, 1.0, 10.0, 0.009999999999999998, 0.0009999999999999998])
Best λ: 0.009999999999999998
Best score: 0.7307944618851958

	Best λ: 0.009999999999999998
	Val R2: 0.7308


dict_keys([0.09999999999999999, 1.0, 10.0, 0.009999999999999998])
Best λ: 0.09999999999999999
Best score: 0.7348994828455432

	Best λ: 0.09999999999999999
	Val R2: 0.7349


dict_keys([0.09999999999999999, 1.0, 10.0, 0.009999999999999998, 0.0009999999999999998])
Best λ: 0.009999999999999998
Best score: 0.7047531255051084

	Best λ: 0.009999999999999998
	Val R2: 0.7048


dict_keys([0.09999999999999999, 1.0, 10.0, 0.009999999999999998])
Best λ: 0.09999999999999999
Best score: 0.7436713337373773

	Best λ: 0.09999999999999999
	Val R2: 0.7437


dict_keys([0.09999999999999999, 1.0, 10.0, 0.009999999999999998, 0.0009999999999999998])
Best λ: 0.009999999999999998
Best score: 0.7742025288600607

	Best λ: 0.009999999999999998
	Val R2: 0.7742


dict_keys([0.09999999999999999, 1.0, 10.0, 0.009999999999999998, 0.0009999999999999998, 9.999999999999998e-05])
Best λ: 0.0009999999999999998
Best score: 0.7691151180186824

	Best λ: 0.0009999999999999998
	Val R2: 0.7691


dict_keys([0.09999999999999999, 1.0, 10.0, 0.009999999999999998, 0.0009999999999999998, 9.999999999999998e-05, 9.999999999999997e-06])
Best λ: 9.999999999999998e-05
Best score: 0.789217341867039

	Best λ: 9.999999999999998e-05
	Val R2: 0.7892


dict_keys([0.09999999999999999, 1.0, 10.0, 0.009999999999999998, 0.0009999999999999998, 9.999999999999998e-05, 9.999999999999997e-06])
Best λ: 9.999999999999998e-05
Best score: 0.7966315971052309

	Best λ: 9.999999999999998e-05
	Val R2: 0.7966


dict_keys([0.09999999999999999, 1.0, 10.0, 0.009999999999999998, 0.0009999999999999998, 9.999999999999998e-05])
Best λ: 0.0009999999999999998
Best score: 0.781260756967501

	Best λ: 0.0009999999999999998
	Val R2: 0.7813


dict_keys([0.09999999999999999, 1.0, 10.0, 0.009999999999999998, 0.0009999999999999998, 9.999999999999998e-05, 9.999999999999997e-06])
Best λ: 9.999999999999998e-05
Best score: 0.793846257183563

	Best λ: 9.999999999999998e-05
	Val R2: 0.7938


dict_keys([0.09999999999999999, 1.0, 10.0, 0.009999999999999998, 0.0009999999999999998, 9.999999999999998e-05])
Best λ: 0.0009999999999999998
Best score: 0.8175215078216498

	Best λ: 0.0009999999999999998
	Val R2: 0.8175


dict_keys([0.09999999999999999, 1.0, 10.0, 0.009999999999999998, 0.0009999999999999998, 9.999999999999998e-05])
Best λ: 0.0009999999999999998
Best score: 0.7575465054392799

	Best λ: 0.0009999999999999998
	Val R2: 0.7575


Finish:
    F1: landsat-c2-l2_bands-r-g-b-nir-swir16-swir22_ZMB_20k-points_1024-features_yr-2009-2021_mn-4-9_lm-True_cm-True_wa-False_summary.feather
    F2: sentinel-2-l2a_bands-2-3-4-8_ZMB_15k-points_1000-features_yr-2016-2022_mn-1-12_lm-False_cm-True_wa-False_summary.feather
    One-hot encoding: True
    Split: 5
    Random state: 256787
    N-splits: 5
    Include climate: True
    Climate vars: ndvi
    Final Val R2:  0.7919 
    Final Test R2: 0.7803
    Total time: 193.96 minutes
    

Finish:
    F1: landsat-c2-l2_bands-r-g-b-nir-swir16-swir22_ZMB_20k-points_1024-features_yr-2009-2021_mn-4-9_lm-True_cm-True_wa-False_summary.feather
    F2: sentinel-2-l2a_bands-2-3-4-8_ZMB_15k-points_1000-features_yr-2016-2022_mn-1-12_lm-False_cm-True_wa-False_summary.feather
    One-hot encoding: True
    Split: 3
    Random state: 777572
    N-splits: 5
    Include climate: True
    Climate vars: ndvi
    Final Val R2:  0.8001 
    Final Test R2: 0.8631
    Total time: 194.48 minutes
    

Finish:
    F1: landsat-c2-l2_bands-r-g-b-nir-swir16-swir22_ZMB_20k-points_1024-features_yr-2009-2021_mn-4-9_lm-True_cm-True_wa-False_summary.feather
    F2: sentinel-2-l2a_bands-2-3-4-8_ZMB_15k-points_1000-features_yr-2016-2022_mn-1-12_lm-False_cm-True_wa-False_summary.feather
    One-hot encoding: True
    Split: 9
    Random state: 107473
    N-splits: 5
    Include climate: True
    Climate vars: ndvi
    Final Val R2:  0.8045 
    Final Test R2: 0.8686
    Total time: 200.64 minutes
    

Finish:
    F1: landsat-c2-l2_bands-r-g-b-nir-swir16-swir22_ZMB_20k-points_1024-features_yr-2009-2021_mn-4-9_lm-True_cm-True_wa-False_summary.feather
    F2: sentinel-2-l2a_bands-2-3-4-8_ZMB_15k-points_1000-features_yr-2016-2022_mn-1-12_lm-False_cm-True_wa-False_summary.feather
    One-hot encoding: True
    Split: 7
    Random state: 146316
    N-splits: 5
    Include climate: True
    Climate vars: ndvi
    Final Val R2:  0.8185 
    Final Test R2: 0.8002
    Total time: 200.67 minutes
    

dict_keys([0.09999999999999999, 1.0, 10.0, 0.009999999999999998, 0.0009999999999999998, 9.999999999999998e-05, 9.999999999999997e-06, 9.999999999999997e-07, 9.999999999999997e-08, 9.999999999999997e-09])
Best λ: 9.999999999999997e-09
Best score: 0.7685056231715718

	Best λ: 9.999999999999997e-09
	Val R2: 0.7685


dict_keys([0.09999999999999999, 1.0, 10.0, 0.009999999999999998, 0.0009999999999999998, 9.999999999999998e-05])
Best λ: 0.0009999999999999998
Best score: 0.8279234544838425

	Best λ: 0.0009999999999999998
	Val R2: 0.8279


dict_keys([0.09999999999999999, 1.0, 10.0, 0.009999999999999998, 0.0009999999999999998, 9.999999999999998e-05])
Best λ: 0.0009999999999999998
Best score: 0.8050511884961449

	Best λ: 0.0009999999999999998
	Val R2: 0.8051


dict_keys([0.09999999999999999, 1.0, 10.0, 0.009999999999999998, 0.0009999999999999998])
Best λ: 0.009999999999999998
Best score: 0.7722013499824333

	Best λ: 0.009999999999999998
	Val R2: 0.7722


Finish:
    F1: landsat-c2-l2_bands-r-g-b-nir-swir16-swir22_ZMB_20k-points_1024-features_yr-2009-2021_mn-4-9_lm-True_cm-True_wa-False_summary.feather
    F2: sentinel-2-l2a_bands-2-3-4-8_ZMB_15k-points_1000-features_yr-2016-2022_mn-1-12_lm-False_cm-True_wa-False_summary.feather
    One-hot encoding: True
    Split: 5
    Random state: 256787
    N-splits: 5
    Include climate: True
    Climate vars: ndvi_tmp
    Final Val R2:  0.8339 
    Final Test R2: 0.8110
    Total time: 219.65 minutes
    

dict_keys([0.09999999999999999, 1.0, 10.0, 0.009999999999999998, 0.0009999999999999998, 9.999999999999998e-05])
Best λ: 0.0009999999999999998
Best score: 0.819142985234978

	Best λ: 0.0009999999999999998
	Val R2: 0.8191


Finish:
    F1: landsat-c2-l2_bands-r-g-b-nir-swir16-swir22_ZMB_20k-points_1024-features_yr-2009-2021_mn-4-9_lm-True_cm-True_wa-False_summary.feather
    F2: sentinel-2-l2a_bands-2-3-4-8_ZMB_15k-points_1000-features_yr-2016-2022_mn-1-12_lm-False_cm-True_wa-False_summary.feather
    One-hot encoding: True
    Split: 1
    Random state: 116739
    N-splits: 5
    Include climate: True
    Climate vars: ndvi_tmp
    Final Val R2:  0.8163 
    Final Test R2: 0.7969
    Total time: 222.01 minutes
    

dict_keys([0.09999999999999999, 1.0, 10.0, 0.009999999999999998, 0.0009999999999999998, 9.999999999999998e-05])
Best λ: 0.0009999999999999998
Best score: 0.8057713350027431

	Best λ: 0.0009999999999999998
	Val R2: 0.8058


Finish:
    F1: landsat-c2-l2_bands-r-g-b-nir-swir16-swir22_ZMB_20k-points_1024-features_yr-2009-2021_mn-4-9_lm-True_cm-True_wa-False_summary.feather
    F2: sentinel-2-l2a_bands-2-3-4-8_ZMB_15k-points_1000-features_yr-2016-2022_mn-1-12_lm-False_cm-True_wa-False_summary.feather
    One-hot encoding: True
    Split: 7
    Random state: 146316
    N-splits: 5
    Include climate: True
    Climate vars: ndvi_tmp
    Final Val R2:  0.8208 
    Final Test R2: 0.8216
    Total time: 225.81 minutes
    

Finish:
    F1: landsat-c2-l2_bands-r-g-b-nir-swir16-swir22_ZMB_20k-points_1024-features_yr-2009-2021_mn-4-9_lm-True_cm-True_wa-False_summary.feather
    F2: sentinel-2-l2a_bands-2-3-4-8_ZMB_15k-points_1000-features_yr-2016-2022_mn-1-12_lm-False_cm-True_wa-False_summary.feather
    One-hot encoding: True
    Split: 3
    Random state: 777572
    N-splits: 5
    Include climate: True
    Climate vars: ndvi_tmp
    Final Val R2:  0.8103 
    Final Test R2: 0.8692
    Total time: 226.57 minutes
    

dict_keys([0.09999999999999999, 1.0, 10.0, 0.009999999999999998, 0.0009999999999999998, 9.999999999999998e-05])
Best λ: 0.0009999999999999998
Best score: 0.794564136405157

	Best λ: 0.0009999999999999998
	Val R2: 0.7946


dict_keys([0.09999999999999999, 1.0, 10.0, 0.009999999999999998, 0.0009999999999999998, 9.999999999999998e-05])
Best λ: 0.0009999999999999998
Best score: 0.7899987179844479

	Best λ: 0.0009999999999999998
	Val R2: 0.7900


dict_keys([0.09999999999999999, 1.0, 10.0, 0.009999999999999998, 0.0009999999999999998, 9.999999999999998e-05])
Best λ: 0.0009999999999999998
Best score: 0.7948390315014195

	Best λ: 0.0009999999999999998
	Val R2: 0.7948


dict_keys([0.09999999999999999, 1.0, 10.0, 0.009999999999999998, 0.0009999999999999998])
Best λ: 0.009999999999999998
Best score: 0.7636947693672461

	Best λ: 0.009999999999999998
	Val R2: 0.7637


dict_keys([0.09999999999999999, 1.0, 10.0, 0.009999999999999998, 0.0009999999999999998])
Best λ: 0.009999999999999998
Best score: 0.7655129476760069

	Best λ: 0.009999999999999998
	Val R2: 0.7655


Finish:
    F1: landsat-c2-l2_bands-r-g-b-nir-swir16-swir22_ZMB_20k-points_1024-features_yr-2009-2021_mn-4-9_lm-True_cm-True_wa-False_summary.feather
    F2: sentinel-2-l2a_bands-2-3-4-8_ZMB_15k-points_1000-features_yr-2016-2022_mn-1-12_lm-False_cm-True_wa-False_summary.feather
    One-hot encoding: True
    Split: 9
    Random state: 107473
    N-splits: 5
    Include climate: True
    Climate vars: ndvi_tmp
    Final Val R2:  0.8049 
    Final Test R2: 0.8659
    Total time: 116.33 minutes
    

dict_keys([0.09999999999999999, 1.0, 10.0, 0.009999999999999998, 0.0009999999999999998, 9.999999999999998e-05, 9.999999999999997e-06])
Best λ: 9.999999999999998e-05
Best score: 0.8346696245855378

	Best λ: 9.999999999999998e-05
	Val R2: 0.8347


dict_keys([0.09999999999999999, 1.0, 10.0, 0.009999999999999998, 0.0009999999999999998, 9.999999999999998e-05])
Best λ: 0.0009999999999999998
Best score: 0.7417618344509258

	Best λ: 0.0009999999999999998
	Val R2: 0.7418


Finish:
    F1: landsat-c2-l2_bands-r-g-b-nir-swir16-swir22_ZMB_20k-points_1024-features_yr-2009-2021_mn-4-9_lm-True_cm-True_wa-False_summary.feather
    F2: sentinel-2-l2a_bands-2-3-4-8_ZMB_15k-points_1000-features_yr-2016-2022_mn-1-12_lm-False_cm-True_wa-False_summary.feather
    One-hot encoding: True
    Split: 8
    Random state: 772246
    N-splits: 5
    Include climate: True
    Climate vars: ndvi
    Final Val R2:  0.7867 
    Final Test R2: 0.8435
    Total time: 246.46 minutes
    

Finish:
    F1: landsat-c2-l2_bands-r-g-b-nir-swir16-swir22_ZMB_20k-points_1024-features_yr-2009-2021_mn-4-9_lm-True_cm-True_wa-False_summary.feather
    F2: sentinel-2-l2a_bands-2-3-4-8_ZMB_15k-points_1000-features_yr-2016-2022_mn-1-12_lm-False_cm-True_wa-False_summary.feather
    One-hot encoding: True
    Split: 4
    Random state: 288389
    N-splits: 5
    Include climate: True
    Climate vars: ndvi
    Final Val R2:  0.8351 
    Final Test R2: 0.8141
    Total time: 257.21 minutes
    

dict_keys([0.09999999999999999, 1.0, 10.0, 0.009999999999999998, 0.0009999999999999998, 9.999999999999998e-05, 9.999999999999997e-06])
Best λ: 9.999999999999998e-05
Best score: 0.8077797799626592

	Best λ: 9.999999999999998e-05
	Val R2: 0.8078


Finish:
    F1: landsat-c2-l2_bands-r-g-b-nir-swir16-swir22_ZMB_20k-points_1024-features_yr-2009-2021_mn-4-9_lm-True_cm-True_wa-False_summary.feather
    F2: sentinel-2-l2a_bands-2-3-4-8_ZMB_15k-points_1000-features_yr-2016-2022_mn-1-12_lm-False_cm-True_wa-False_summary.feather
    One-hot encoding: True
    Split: 6
    Random state: 234053
    N-splits: 5
    Include climate: True
    Climate vars: ndvi
    Final Val R2:  0.8140 
    Final Test R2: 0.8399
    Total time: 267.94 minutes
    

dict_keys([0.09999999999999999, 1.0, 10.0, 0.009999999999999998, 0.0009999999999999998, 9.999999999999998e-05])
Best λ: 0.0009999999999999998
Best score: 0.7984320646025533

	Best λ: 0.0009999999999999998
	Val R2: 0.7984


Finish:
    F1: landsat-c2-l2_bands-r-g-b-nir-swir16-swir22_ZMB_20k-points_1024-features_yr-2009-2021_mn-4-9_lm-True_cm-True_wa-False_summary.feather
    F2: sentinel-2-l2a_bands-2-3-4-8_ZMB_15k-points_1000-features_yr-2016-2022_mn-1-12_lm-False_cm-True_wa-False_summary.feather
    One-hot encoding: True
    Split: 8
    Random state: 772246
    N-splits: 5
    Include climate: True
    Climate vars: ndvi_tmp
    Final Val R2:  0.7956 
    Final Test R2: 0.8825
    Total time: 286.93 minutes
    

dict_keys([0.09999999999999999, 1.0, 10.0, 0.009999999999999998, 0.0009999999999999998, 9.999999999999998e-05])
Best λ: 0.0009999999999999998
Best score: 0.8109777025921705

	Best λ: 0.0009999999999999998
	Val R2: 0.8110


Finish:
    F1: landsat-c2-l2_bands-r-g-b-nir-swir16-swir22_ZMB_20k-points_1024-features_yr-2009-2021_mn-4-9_lm-True_cm-True_wa-False_summary.feather
    F2: sentinel-2-l2a_bands-2-3-4-8_ZMB_15k-points_1000-features_yr-2016-2022_mn-1-12_lm-False_cm-True_wa-False_summary.feather
    One-hot encoding: True
    Split: 2
    Random state: 26225
    N-splits: 5
    Include climate: True
    Climate vars: ndvi_tmp
    Final Val R2:  0.8136 
    Final Test R2: 0.8395
    Total time: 294.77 minutes
    

dict_keys([0.09999999999999999, 1.0, 10.0, 0.009999999999999998, 0.0009999999999999998, 9.999999999999998e-05, 9.999999999999997e-06, 9.999999999999997e-07])
Best λ: 9.999999999999997e-06
Best score: 0.8394476402335579

	Best λ: 9.999999999999997e-06
	Val R2: 0.8394


dict_keys([0.09999999999999999, 1.0, 10.0, 0.009999999999999998, 0.0009999999999999998, 9.999999999999998e-05, 9.999999999999997e-06, 9.999999999999997e-07, 9.999999999999997e-08])
Best λ: 9.999999999999997e-07
Best score: 0.8174786620970215

	Best λ: 9.999999999999997e-07
	Val R2: 0.8175


Finish:
    F1: landsat-c2-l2_bands-r-g-b-nir-swir16-swir22_ZMB_20k-points_1024-features_yr-2009-2021_mn-4-9_lm-True_cm-True_wa-False_summary.feather
    F2: sentinel-2-l2a_bands-2-3-4-8_ZMB_15k-points_1000-features_yr-2016-2022_mn-1-12_lm-False_cm-True_wa-False_summary.feather
    One-hot encoding: True
    Split: 4
    Random state: 288389
    N-splits: 5
    Include climate: True
    Climate vars: ndvi_tmp
    Final Val R2:  0.8418 
    Final Test R2: 0.8204
    Total time: 302.86 minutes
    

Finish:
    F1: landsat-c2-l2_bands-r-g-b-nir-swir16-swir22_ZMB_20k-points_1024-features_yr-2009-2021_mn-4-9_lm-True_cm-True_wa-False_summary.feather
    F2: sentinel-2-l2a_bands-2-3-4-8_ZMB_15k-points_1000-features_yr-2016-2022_mn-1-12_lm-False_cm-True_wa-False_summary.feather
    One-hot encoding: True
    Split: 6
    Random state: 234053
    N-splits: 5
    Include climate: True
    Climate vars: ndvi_tmp
    Final Val R2:  0.8228 
    Final Test R2: 0.8445
    Total time: 306.81 minutes
    

dict_keys([0.09999999999999999, 1.0, 10.0, 0.009999999999999998, 0.0009999999999999998, 9.999999999999998e-05, 9.999999999999997e-06, 9.999999999999997e-07, 9.999999999999997e-08, 9.999999999999997e-09])
Best λ: 9.999999999999997e-09
Best score: 0.8059221314449682

	Best λ: 9.999999999999997e-09
	Val R2: 0.8059


Finish:
    F1: landsat-c2-l2_bands-r-g-b-nir-swir16-swir22_ZMB_20k-points_1024-features_yr-2009-2021_mn-4-9_lm-True_cm-True_wa-False_summary.feather
    F2: sentinel-2-l2a_bands-2-3-4-8_ZMB_15k-points_1000-features_yr-2016-2022_mn-1-12_lm-False_cm-True_wa-False_summary.feather
    One-hot encoding: True
    Split: 0
    Random state: 670487
    N-splits: 5
    Include climate: True
    Climate vars: ndvi_tmp
    Final Val R2:  0.8125 
    Final Test R2: 0.8339
    Total time: 313.69 minutes
    
Saving results as: 2_sensor_top-mod_n-splits-10_2023-05-22_rcf_climate.csv


Saving results as: 2_sensor_oos_predictions_n-splits-10_2023-05-22_rcf_climate.csv


