
Begin with paramters:
    F1: landsat-c2-l2_bands-r-g-b-nir-swir16-swir22_ZMB_20k-points_1024-features_yr-2009-2021_mn-4-9_lm-True_cm-True_wa-False_summary.feather
    F2: sentinel-2-l2a_bands-2-3-4-8_ZMB_15k-points_1000-features_yr-2016-2022_mn-1-12_lm-False_cm-True_wa-False_summary.feather
    One-hot encoding: True
    Anomaly: True
    Split: 0
    Random state: 670487
    N-splits: 5
    Include climate: False
    Climate vars: rcf
    

Begin with paramters:
    F1: landsat-c2-l2_bands-r-g-b-nir-swir16-swir22_ZMB_20k-points_1024-features_yr-2009-2021_mn-4-9_lm-True_cm-True_wa-False_summary.feather
    F2: sentinel-2-l2a_bands-2-3-4-8_ZMB_15k-points_1000-features_yr-2016-2022_mn-1-12_lm-False_cm-True_wa-False_summary.feather
    One-hot encoding: True
    Anomaly: True
    Split: 5
    Random state: 256787
    N-splits: 5
    Include climate: False
    Climate vars: rcf
    

Begin with paramters:
    F1: landsat-c2-l2_bands-r-g-b-nir-swir16-swir22_ZMB_20k-points_1024-features_yr-2009-2021_mn-4-9_lm-True_cm-True_wa-False_summary.feather
    F2: sentinel-2-l2a_bands-2-3-4-8_ZMB_15k-points_1000-features_yr-2016-2022_mn-1-12_lm-False_cm-True_wa-False_summary.feather
    One-hot encoding: True
    Anomaly: True
    Split: 3
    Random state: 777572
    N-splits: 5
    Include climate: False
    Climate vars: rcf
    

Begin with paramters:
    F1: landsat-c2-l2_bands-r-g-b-nir-swir16-swir22_ZMB_20k-points_1024-features_yr-2009-2021_mn-4-9_lm-True_cm-True_wa-False_summary.feather
    F2: sentinel-2-l2a_bands-2-3-4-8_ZMB_15k-points_1000-features_yr-2016-2022_mn-1-12_lm-False_cm-True_wa-False_summary.feather
    One-hot encoding: True
    Anomaly: True
    Split: 1
    Random state: 116739
    N-splits: 5
    Include climate: False
    Climate vars: rcf
    

Begin with paramters:
    F1: landsat-c2-l2_bands-r-g-b-nir-swir16-swir22_ZMB_20k-points_1024-features_yr-2009-2021_mn-4-9_lm-True_cm-True_wa-False_summary.feather
    F2: sentinel-2-l2a_bands-2-3-4-8_ZMB_15k-points_1000-features_yr-2016-2022_mn-1-12_lm-False_cm-True_wa-False_summary.feather
    One-hot encoding: True
    Anomaly: True
    Split: 6
    Random state: 234053
    N-splits: 5
    Include climate: False
    Climate vars: rcf
    

Begin with paramters:
    F1: landsat-c2-l2_bands-r-g-b-nir-swir16-swir22_ZMB_20k-points_1024-features_yr-2009-2021_mn-4-9_lm-True_cm-True_wa-False_summary.feather
    F2: sentinel-2-l2a_bands-2-3-4-8_ZMB_15k-points_1000-features_yr-2016-2022_mn-1-12_lm-False_cm-True_wa-False_summary.feather
    One-hot encoding: True
    Anomaly: True
    Split: 4
    Random state: 288389
    N-splits: 5
    Include climate: False
    Climate vars: rcf
    

Begin with paramters:
    F1: landsat-c2-l2_bands-r-g-b-nir-swir16-swir22_ZMB_20k-points_1024-features_yr-2009-2021_mn-4-9_lm-True_cm-True_wa-False_summary.feather
    F2: sentinel-2-l2a_bands-2-3-4-8_ZMB_15k-points_1000-features_yr-2016-2022_mn-1-12_lm-False_cm-True_wa-False_summary.feather
    One-hot encoding: True
    Anomaly: True
    Split: 2
    Random state: 26225
    N-splits: 5
    Include climate: False
    Climate vars: rcf
    

Begin with paramters:
    F1: landsat-c2-l2_bands-r-g-b-nir-swir16-swir22_ZMB_20k-points_1024-features_yr-2009-2021_mn-4-9_lm-True_cm-True_wa-False_summary.feather
    F2: sentinel-2-l2a_bands-2-3-4-8_ZMB_15k-points_1000-features_yr-2016-2022_mn-1-12_lm-False_cm-True_wa-False_summary.feather
    One-hot encoding: True
    Anomaly: True
    Split: 7
    Random state: 146316
    N-splits: 5
    Include climate: False
    Climate vars: rcf
    

Begin with paramters:
    F1: landsat-c2-l2_bands-r-g-b-nir-swir16-swir22_ZMB_20k-points_1024-features_yr-2009-2021_mn-4-9_lm-True_cm-True_wa-False_summary.feather
    F2: sentinel-2-l2a_bands-2-3-4-8_ZMB_15k-points_1000-features_yr-2016-2022_mn-1-12_lm-False_cm-True_wa-False_summary.feather
    One-hot encoding: True
    Anomaly: True
    Split: 8
    Random state: 772246
    N-splits: 5
    Include climate: False
    Climate vars: rcf
    

Begin with paramters:
    F1: landsat-c2-l2_bands-r-g-b-nir-swir16-swir22_ZMB_20k-points_1024-features_yr-2009-2021_mn-4-9_lm-True_cm-True_wa-False_summary.feather
    F2: sentinel-2-l2a_bands-2-3-4-8_ZMB_15k-points_1000-features_yr-2016-2022_mn-1-12_lm-False_cm-True_wa-False_summary.feather
    One-hot encoding: True
    Anomaly: True
    Split: 9
    Random state: 107473
    N-splits: 5
    Include climate: False
    Climate vars: rcf
    
Group indicies [0, 6144, 18144]
		  [6144, 18144, 18214]

Group indicies [0, 6144, 18144]
		  [6144, 18144, 18214]

Group indicies [0, 6144, 18144]
		  [6144, 18144, 18214]

Group indicies [0, 6144, 18144]
		  [6144, 18144, 18214]

Group indicies [0, 6144, 18144]
		  [6144, 18144, 18214]

Group indicies [0, 6144, 18144]
		  [6144, 18144, 18214]

Group indicies [0, 6144, 18144]
		  [6144, 18144, 18214]

Group indicies [0, 6144, 18144]
		  [6144, 18144, 18214]

Group indicies [0, 6144, 18144]
		  [6144, 18144, 18214]

Group indicies [0, 6144, 18144]
		  [6144, 18144, 18214]


dict_keys([0.09999999999999999, 1.0, 10.0])
Best λ: 1.0
Best score: 0.5217544649105794

	Best λ: 1.0
	Val R2: 0.5218


dict_keys([0.09999999999999999, 1.0, 10.0])
Best λ: 1.0
Best score: 0.4385953302226534

	Best λ: 1.0
	Val R2: 0.4386


dict_keys([0.09999999999999999, 1.0, 10.0])
Best λ: 1.0
Best score: 0.41346183938049685

	Best λ: 1.0
	Val R2: 0.4135


dict_keys([0.09999999999999999, 1.0, 10.0])
Best λ: 1.0
Best score: 0.47916327184494306

	Best λ: 1.0
	Val R2: 0.4792


dict_keys([0.09999999999999999, 1.0, 10.0])
Best λ: 1.0
Best score: 0.46804973200863087

	Best λ: 1.0
	Val R2: 0.4680


dict_keys([0.09999999999999999, 1.0, 10.0])
Best λ: 1.0
Best score: 0.48243457554374897

	Best λ: 1.0
	Val R2: 0.4824


dict_keys([0.09999999999999999, 1.0, 10.0])
Best λ: 1.0
Best score: 0.47080698002034227

	Best λ: 1.0
	Val R2: 0.4708


dict_keys([0.09999999999999999, 1.0, 10.0, 100.0])
Best λ: 10.0
Best score: 0.36550345092766345

	Best λ: 10.0
	Val R2: 0.3655


dict_keys([0.09999999999999999, 1.0, 10.0, 100.0])
Best λ: 10.0
Best score: 0.48630239479340276

	Best λ: 10.0
	Val R2: 0.4863


dict_keys([0.09999999999999999, 1.0, 10.0, 0.009999999999999998])
Best λ: 0.09999999999999999
Best score: 0.4432834351416898

	Best λ: 0.09999999999999999
	Val R2: 0.4433


dict_keys([0.09999999999999999, 1.0, 10.0])
Best λ: 1.0
Best score: 0.4385953302226534

	Best λ: 1.0
	Val R2: 0.4386


dict_keys([0.09999999999999999, 1.0, 10.0])
Best λ: 1.0
Best score: 0.41346183938049696

	Best λ: 1.0
	Val R2: 0.4135


dict_keys([0.09999999999999999, 1.0, 10.0])
Best λ: 1.0
Best score: 0.47916327184494306

	Best λ: 1.0
	Val R2: 0.4792


dict_keys([0.09999999999999999, 1.0, 10.0, 0.009999999999999998])
Best λ: 0.09999999999999999
Best score: 0.5297119250119058

	Best λ: 0.09999999999999999
	Val R2: 0.5297


dict_keys([0.09999999999999999, 1.0, 10.0])
Best λ: 1.0
Best score: 0.48243457554374897

	Best λ: 1.0
	Val R2: 0.4824


dict_keys([0.09999999999999999, 1.0, 10.0])
Best λ: 1.0
Best score: 0.36550345092766345

	Best λ: 1.0
	Val R2: 0.3655


dict_keys([0.09999999999999999, 1.0, 10.0])
Best λ: 1.0
Best score: 0.4863023947934028

	Best λ: 1.0
	Val R2: 0.4863


dict_keys([0.09999999999999999, 1.0, 10.0])
Best λ: 1.0
Best score: 0.4432834351416897

	Best λ: 1.0
	Val R2: 0.4433


dict_keys([0.09999999999999999, 1.0, 10.0, 100.0])
Best λ: 10.0
Best score: 0.5018313322762973

	Best λ: 10.0
	Val R2: 0.5018


dict_keys([0.09999999999999999, 1.0, 10.0, 0.009999999999999998])
Best λ: 0.09999999999999999
Best score: 0.4723591516597697

	Best λ: 0.09999999999999999
	Val R2: 0.4724


dict_keys([0.09999999999999999, 1.0, 10.0])
Best λ: 1.0
Best score: 0.47235915165976944

	Best λ: 1.0
	Val R2: 0.4724


Finish:
    F1: landsat-c2-l2_bands-r-g-b-nir-swir16-swir22_ZMB_20k-points_1024-features_yr-2009-2021_mn-4-9_lm-True_cm-True_wa-False_summary.feather
    F2: sentinel-2-l2a_bands-2-3-4-8_ZMB_15k-points_1000-features_yr-2016-2022_mn-1-12_lm-False_cm-True_wa-False_summary.feather
    One-hot encoding: True
    Anomaly: True
    Split: 8
    Random state: 772246
    N-splits: 5
    Include climate: False
    Climate vars: rcf
    Final Val R2:  0.4918 
    Final Test R2: 0.5342
    Total time: 28.30 minutes
    

dict_keys([0.09999999999999999, 1.0, 10.0, 100.0, 1000.0, 10000.0, 100000.0, 1000000.0, 10000000.0, 100000000.0, 1000000000.0])
Best λ: 1000000000.0
Best score: 0.4785071229376703

	Best λ: 1000000000.0
	Val R2: 0.4785


dict_keys([0.09999999999999999, 1.0, 10.0, 100.0, 1000.0, 10000.0, 100000.0, 1000000.0, 10000000.0, 100000000.0, 1000000000.0])
Best λ: 1000000000.0
Best score: 0.4330542134345269

	Best λ: 1000000000.0
	Val R2: 0.4331


dict_keys([0.09999999999999999, 1.0, 10.0, 100.0, 1000.0, 10000.0, 100000.0, 1000000.0, 10000000.0, 100000000.0, 1000000000.0])
Best λ: 1000000000.0
Best score: 0.535691605703161

	Best λ: 1000000000.0
	Val R2: 0.5357


dict_keys([0.09999999999999999, 1.0, 10.0, 100.0, 1000.0, 10000.0, 100000.0, 1000000.0, 10000000.0, 100000000.0, 1000000000.0])
Best λ: 1000000000.0
Best score: 0.4980524538273018

	Best λ: 1000000000.0
	Val R2: 0.4981


Finish:
    F1: landsat-c2-l2_bands-r-g-b-nir-swir16-swir22_ZMB_20k-points_1024-features_yr-2009-2021_mn-4-9_lm-True_cm-True_wa-False_summary.feather
    F2: sentinel-2-l2a_bands-2-3-4-8_ZMB_15k-points_1000-features_yr-2016-2022_mn-1-12_lm-False_cm-True_wa-False_summary.feather
    One-hot encoding: True
    Anomaly: True
    Split: 2
    Random state: 26225
    N-splits: 5
    Include climate: False
    Climate vars: rcf
    Final Val R2:  0.5099 
    Final Test R2: 0.6636
    Total time: 40.31 minutes
    

dict_keys([0.09999999999999999, 1.0, 10.0, 100.0, 1000.0, 10000.0, 100000.0, 1000000.0, 10000000.0, 100000000.0, 1000000000.0])
Best λ: 1000000000.0
Best score: 0.45118055293914106

	Best λ: 1000000000.0
	Val R2: 0.4512


Finish:
    F1: landsat-c2-l2_bands-r-g-b-nir-swir16-swir22_ZMB_20k-points_1024-features_yr-2009-2021_mn-4-9_lm-True_cm-True_wa-False_summary.feather
    F2: sentinel-2-l2a_bands-2-3-4-8_ZMB_15k-points_1000-features_yr-2016-2022_mn-1-12_lm-False_cm-True_wa-False_summary.feather
    One-hot encoding: True
    Anomaly: True
    Split: 1
    Random state: 116739
    N-splits: 5
    Include climate: False
    Climate vars: rcf
    Final Val R2:  0.5280 
    Final Test R2: 0.6089
    Total time: 40.48 minutes
    

Finish:
    F1: landsat-c2-l2_bands-r-g-b-nir-swir16-swir22_ZMB_20k-points_1024-features_yr-2009-2021_mn-4-9_lm-True_cm-True_wa-False_summary.feather
    F2: sentinel-2-l2a_bands-2-3-4-8_ZMB_15k-points_1000-features_yr-2016-2022_mn-1-12_lm-False_cm-True_wa-False_summary.feather
    One-hot encoding: True
    Anomaly: True
    Split: 0
    Random state: 670487
    N-splits: 5
    Include climate: False
    Climate vars: rcf
    Final Val R2:  0.5743 
    Final Test R2: -0.0049
    Total time: 40.90 minutes
    

Finish:
    F1: landsat-c2-l2_bands-r-g-b-nir-swir16-swir22_ZMB_20k-points_1024-features_yr-2009-2021_mn-4-9_lm-True_cm-True_wa-False_summary.feather
    F2: sentinel-2-l2a_bands-2-3-4-8_ZMB_15k-points_1000-features_yr-2016-2022_mn-1-12_lm-False_cm-True_wa-False_summary.feather
    One-hot encoding: True
    Anomaly: True
    Split: 7
    Random state: 146316
    N-splits: 5
    Include climate: False
    Climate vars: rcf
    Final Val R2:  0.5055 
    Final Test R2: 0.3072
    Total time: 41.25 minutes
    

dict_keys([0.09999999999999999, 1.0, 10.0, 100.0, 1000.0, 10000.0, 100000.0, 1000000.0, 10000000.0, 100000000.0, 1000000000.0])
Best λ: 1000000000.0
Best score: 0.4901613278369183

	Best λ: 1000000000.0
	Val R2: 0.4902


Finish:
    F1: landsat-c2-l2_bands-r-g-b-nir-swir16-swir22_ZMB_20k-points_1024-features_yr-2009-2021_mn-4-9_lm-True_cm-True_wa-False_summary.feather
    F2: sentinel-2-l2a_bands-2-3-4-8_ZMB_15k-points_1000-features_yr-2016-2022_mn-1-12_lm-False_cm-True_wa-False_summary.feather
    One-hot encoding: True
    Anomaly: True
    Split: 9
    Random state: 107473
    N-splits: 5
    Include climate: False
    Climate vars: rcf
    Final Val R2:  0.4952 
    Final Test R2: 0.6815
    Total time: 43.11 minutes
    

dict_keys([0.09999999999999999, 1.0, 10.0, 100.0, 1000.0, 10000.0, 100000.0, 1000000.0, 10000000.0, 100000000.0, 1000000000.0])
Best λ: 1000000000.0
Best score: 0.5253080481796891

	Best λ: 1000000000.0
	Val R2: 0.5253


Finish:
    F1: landsat-c2-l2_bands-r-g-b-nir-swir16-swir22_ZMB_20k-points_1024-features_yr-2009-2021_mn-4-9_lm-True_cm-True_wa-False_summary.feather
    F2: sentinel-2-l2a_bands-2-3-4-8_ZMB_15k-points_1000-features_yr-2016-2022_mn-1-12_lm-False_cm-True_wa-False_summary.feather
    One-hot encoding: True
    Anomaly: True
    Split: 5
    Random state: 256787
    N-splits: 5
    Include climate: False
    Climate vars: rcf
    Final Val R2:  0.5133 
    Final Test R2: 0.5343
    Total time: 44.68 minutes
    

dict_keys([0.09999999999999999, 1.0, 10.0, 100.0, 1000.0, 10000.0, 100000.0, 1000000.0, 10000000.0, 100000000.0, 1000000000.0])
Best λ: 1000000000.0
Best score: 0.45576334111360567

	Best λ: 1000000000.0
	Val R2: 0.4558


dict_keys([0.09999999999999999, 1.0, 10.0, 100.0, 1000.0, 10000.0, 100000.0, 1000000.0, 10000000.0, 100000000.0, 1000000000.0])
Best λ: 1000000000.0
Best score: 0.5448321872344027

	Best λ: 1000000000.0
	Val R2: 0.5448


Finish:
    F1: landsat-c2-l2_bands-r-g-b-nir-swir16-swir22_ZMB_20k-points_1024-features_yr-2009-2021_mn-4-9_lm-True_cm-True_wa-False_summary.feather
    F2: sentinel-2-l2a_bands-2-3-4-8_ZMB_15k-points_1000-features_yr-2016-2022_mn-1-12_lm-False_cm-True_wa-False_summary.feather
    One-hot encoding: True
    Anomaly: True
    Split: 6
    Random state: 234053
    N-splits: 5
    Include climate: False
    Climate vars: rcf
    Final Val R2:  0.5461 
    Final Test R2: 0.4619
    Total time: 46.54 minutes
    

Finish:
    F1: landsat-c2-l2_bands-r-g-b-nir-swir16-swir22_ZMB_20k-points_1024-features_yr-2009-2021_mn-4-9_lm-True_cm-True_wa-False_summary.feather
    F2: sentinel-2-l2a_bands-2-3-4-8_ZMB_15k-points_1000-features_yr-2016-2022_mn-1-12_lm-False_cm-True_wa-False_summary.feather
    One-hot encoding: True
    Anomaly: True
    Split: 3
    Random state: 777572
    N-splits: 5
    Include climate: False
    Climate vars: rcf
    Final Val R2:  0.4596 
    Final Test R2: 0.6533
    Total time: 48.08 minutes
    

Finish:
    F1: landsat-c2-l2_bands-r-g-b-nir-swir16-swir22_ZMB_20k-points_1024-features_yr-2009-2021_mn-4-9_lm-True_cm-True_wa-False_summary.feather
    F2: sentinel-2-l2a_bands-2-3-4-8_ZMB_15k-points_1000-features_yr-2016-2022_mn-1-12_lm-False_cm-True_wa-False_summary.feather
    One-hot encoding: True
    Anomaly: True
    Split: 4
    Random state: 288389
    N-splits: 5
    Include climate: False
    Climate vars: rcf
    Final Val R2:  0.5628 
    Final Test R2: 0.5294
    Total time: 48.08 minutes
    
Saving results as: 2_sensor_top-mod_10-splits_2023-06-08_rcf_climate-False_anom-True.csv


Saving results as: 2_sensor_top-mod_oos_predictions_10-splits_2023-06-08_rcf_climate-False_anom-True.csv


