
Begin with paramters:
	landsat-c2-l2_bands-r-g-b-nir-swir16-swir22_ZMB_20k-points_1024-features_yr-2009-2021_mn-1-12_lm-False_cm-True_wa-False_summary.feather
	One-hot encoding: False


Finish:
    landsat-c2-l2_bands-r-g-b-nir-swir16-swir22_ZMB_20k-points_1024-features_yr-2009-2021_mn-1-12_lm-False_cm-True_wa-False_summary.feather
    One-hot encoding: False
    Final Val R2:  0.5215 
    Final Test R2: 0.4310
    Total time: 2.80 minutes


Begin with paramters:
	sentinel-2-l2a_bands-2-3-4_ZMB_4k-points_1000-features_yr-2016-2022_mn-4-9_lm-True_cm-False_wa-True_summary.feather
	One-hot encoding: True


	Best λ 1: 0.001
	Val R2 1: 0.5071


	Best λ 2: 0.001
	Val R2 2: 0.6737


Finish:
    sentinel-2-l2a_bands-2-3-4_ZMB_4k-points_1000-features_yr-2016-2022_mn-4-9_lm-True_cm-False_wa-True_summary.feather
    One-hot encoding: True
    Final Val R2:  0.6868 
    Final Test R2: 0.7960
    Total time: 110.57 minutes


Begin with paramters:
	landsat-8-c2-l2_bands-1-2-3-4-5-6-7_ZMB_15k-points_1000-features_yr-2013-2021_mn-4-9_lm-True_cm-True_wa-False_summary.feather
	One-hot encoding: False


Finish:
    landsat-8-c2-l2_bands-1-2-3-4-5-6-7_ZMB_15k-points_1000-features_yr-2013-2021_mn-4-9_lm-True_cm-True_wa-False_summary.feather
    One-hot encoding: False
    Final Val R2:  0.6088 
    Final Test R2: 0.6687
    Total time: 1.28 minutes


Begin with paramters:
	landsat-8-c2-l2_bands-1-2-3-4-5-6-7_ZMB_15k-points_1000-features_yr-2013-2021_mn-4-9_lm-True_cm-False_wa-False_summary.feather
	One-hot encoding: True


	Best λ 1: 0.01
	Val R2 1: 0.6163


	Best λ 2: 0.001
	Val R2 2: 0.7821


Finish:
    landsat-8-c2-l2_bands-1-2-3-4-5-6-7_ZMB_15k-points_1000-features_yr-2013-2021_mn-4-9_lm-True_cm-False_wa-False_summary.feather
    One-hot encoding: True
    Final Val R2:  0.7818 
    Final Test R2: 0.6968
    Total time: 110.84 minutes


Begin with paramters:
	landsat-8-c2-l2_bands-1-2-3-4-5-6-7_ZMB_20k-points_1000-features_yr-2013-2021_mn-4-9_lm-True_cm-True_wa-False_summary.feather
	One-hot encoding: False


Finish:
    landsat-8-c2-l2_bands-1-2-3-4-5-6-7_ZMB_20k-points_1000-features_yr-2013-2021_mn-4-9_lm-True_cm-True_wa-False_summary.feather
    One-hot encoding: False
    Final Val R2:  0.5769 
    Final Test R2: 0.5414
    Total time: 1.45 minutes


Begin with paramters:
	landsat-8-c2-l2_bands-1-2-3-4-5-6-7_ZMB_15k-points_1000-features_yr-2014-2021_mn-1-12_lm-False_cm-False_wa-True_summary.feather
	One-hot encoding: True


	Best λ 1: 0.09999999999999999
	Val R2 1: 0.5168


	Best λ 2: 0.001
	Val R2 2: 0.6419


Finish:
    landsat-8-c2-l2_bands-1-2-3-4-5-6-7_ZMB_15k-points_1000-features_yr-2014-2021_mn-1-12_lm-False_cm-False_wa-True_summary.feather
    One-hot encoding: True
    Final Val R2:  0.6599 
    Final Test R2: 0.7930
    Total time: 194.13 minutes


Begin with paramters:
	landsat-8-c2-l2_bands-1-2-3-4-5-6-7_ZMB_15k-points_1000-features_yr-2013-2021_mn-4-9_lm-True_cm-False_wa-False_summary.feather
	One-hot encoding: False


Finish:
    landsat-8-c2-l2_bands-1-2-3-4-5-6-7_ZMB_15k-points_1000-features_yr-2013-2021_mn-4-9_lm-True_cm-False_wa-False_summary.feather
    One-hot encoding: False
    Final Val R2:  0.6131 
    Final Test R2: 0.6127
    Total time: 1.43 minutes


Begin with paramters:
	landsat-8-c2-l2_bands-1-2-3-4-5-6-7_ZMB_15k-points_1000-features_yr-2014-2021_mn-1-12_lm-False_cm-False_wa-False_summary.feather
	One-hot encoding: True


	Best λ 1: 0.09999999999999999
	Val R2 1: 0.5911


	Best λ 2: 0.001
	Val R2 2: 0.6579


Finish:
    landsat-8-c2-l2_bands-1-2-3-4-5-6-7_ZMB_15k-points_1000-features_yr-2014-2021_mn-1-12_lm-False_cm-False_wa-False_summary.feather
    One-hot encoding: True
    Final Val R2:  0.6788 
    Final Test R2: 0.7943
    Total time: 194.04 minutes


Begin with paramters:
	landsat-8-c2-l2_bands-1-2-3-4-5-6-7_ZMB_15k-points_1000-features_yr-2013-2021_mn-4-9_lm-True_cm-True_wa-True_summary.feather
	One-hot encoding: False


Finish:
    landsat-8-c2-l2_bands-1-2-3-4-5-6-7_ZMB_15k-points_1000-features_yr-2013-2021_mn-4-9_lm-True_cm-True_wa-True_summary.feather
    One-hot encoding: False
    Final Val R2:  0.5713 
    Final Test R2: 0.5781
    Total time: 1.39 minutes


Begin with paramters:
	landsat-8-c2-l2_bands-1-2-3-4-5-6-7_ZMB_15k-points_1000-features_yr-2013-2021_mn-4-9_lm-True_cm-True_wa-True_summary.feather
	One-hot encoding: True


	Best λ 1: 0.001
	Val R2 1: 0.5714


	Best λ 2: 9.999999999999999e-05
	Val R2 2: 0.7386


Finish:
    landsat-8-c2-l2_bands-1-2-3-4-5-6-7_ZMB_15k-points_1000-features_yr-2013-2021_mn-4-9_lm-True_cm-True_wa-True_summary.feather
    One-hot encoding: True
    Final Val R2:  0.7389 
    Final Test R2: 0.7358
    Total time: 111.59 minutes


Begin with paramters:
	landsat-8-c2-l2_bands-1-2-3-4-5-6-7_ZMB_20k-points_1000-features_yr-2014-2021_mn-1-12_lm-False_cm-True_wa-False_summary.feather
	One-hot encoding: False


Finish:
    landsat-8-c2-l2_bands-1-2-3-4-5-6-7_ZMB_20k-points_1000-features_yr-2014-2021_mn-1-12_lm-False_cm-True_wa-False_summary.feather
    One-hot encoding: False
    Final Val R2:  0.5292 
    Final Test R2: 0.5197
    Total time: 1.98 minutes


Begin with paramters:
	sentinel-2-l2a_bands-2-3-4_ZMB_15k-points_1000-features_yr-2016-2022_mn-4-9_lm-True_cm-False_wa-True_summary.feather
	One-hot encoding: True


	Best λ 1: 0.09999999999999999
	Val R2 1: 0.3333


	Best λ 2: 0.001
	Val R2 2: 0.7215


Finish:
    sentinel-2-l2a_bands-2-3-4_ZMB_15k-points_1000-features_yr-2016-2022_mn-4-9_lm-True_cm-False_wa-True_summary.feather
    One-hot encoding: True
    Final Val R2:  0.7352 
    Final Test R2: 0.8234
    Total time: 106.84 minutes


Begin with paramters:
	landsat-8-c2-l2_bands-1-2-3-4-5-6-7_ZMB_15k-points_1000-features_yr-2014-2021_mn-1-12_lm-False_cm-True_wa-True_summary.feather
	One-hot encoding: False


Finish:
    landsat-8-c2-l2_bands-1-2-3-4-5-6-7_ZMB_15k-points_1000-features_yr-2014-2021_mn-1-12_lm-False_cm-True_wa-True_summary.feather
    One-hot encoding: False
    Final Val R2:  0.5318 
    Final Test R2: 0.6570
    Total time: 1.90 minutes


Begin with paramters:
	sentinel-2-l2a_bands-2-3-4_ZMB_15k-points_1000-features_yr-2016-2022_mn-1-12_lm-False_cm-True_wa-True_summary.feather
	One-hot encoding: True


	Best λ 1: 1.0
	Val R2 1: 0.4827


	Best λ 2: 0.001
	Val R2 2: 0.7662


Finish:
    sentinel-2-l2a_bands-2-3-4_ZMB_15k-points_1000-features_yr-2016-2022_mn-1-12_lm-False_cm-True_wa-True_summary.feather
    One-hot encoding: True
    Final Val R2:  0.7719 
    Final Test R2: 0.8289
    Total time: 192.30 minutes


Begin with paramters:
	landsat-c2-l2_bands-r-g-b-nir-swir16-swir22_ZMB_20k-points_1024-features_yr-2009-2021_mn-4-9_lm-True_cm-True_wa-False_summary.feather
	One-hot encoding: False


Finish:
    landsat-c2-l2_bands-r-g-b-nir-swir16-swir22_ZMB_20k-points_1024-features_yr-2009-2021_mn-4-9_lm-True_cm-True_wa-False_summary.feather
    One-hot encoding: False
    Final Val R2:  0.5405 
    Final Test R2: 0.4413
    Total time: 1.76 minutes


Begin with paramters:
	landsat-c2-l2_bands-r-g-b-nir-swir16-swir22_ZMB_20k-points_1024-features_yr-2009-2021_mn-4-9_lm-True_cm-True_wa-False_summary.feather
	One-hot encoding: True


	Best λ 1: 0.001
	Val R2 1: 0.5426


	Best λ 2: 9.999999999999999e-05
	Val R2 2: 0.6447


Finish:
    landsat-c2-l2_bands-r-g-b-nir-swir16-swir22_ZMB_20k-points_1024-features_yr-2009-2021_mn-4-9_lm-True_cm-True_wa-False_summary.feather
    One-hot encoding: True
    Final Val R2:  0.6485 
    Final Test R2: 0.5384
    Total time: 114.86 minutes


Begin with paramters:
	landsat-c2-l2_bands-r-g-b-nir-swir16-swir22_ZMB_20k-points_1024-features_yr-2009-2021_mn-4-9_lm-True_cm-True_wa-True_summary.feather
	One-hot encoding: False


Finish:
    landsat-c2-l2_bands-r-g-b-nir-swir16-swir22_ZMB_20k-points_1024-features_yr-2009-2021_mn-4-9_lm-True_cm-True_wa-True_summary.feather
    One-hot encoding: False
    Final Val R2:  0.5327 
    Final Test R2: 0.4548
    Total time: 1.83 minutes


Begin with paramters:
	sentinel-2-l2a_bands-2-3-4-8_ZMB_15k-points_1000-features_yr-2016-2022_mn-4-9_lm-True_cm-False_wa-False_summary.feather
	One-hot encoding: True


	Best λ 1: 0.01
	Val R2 1: 0.6275


	Best λ 2: 0.001
	Val R2 2: 0.7303


Finish:
    sentinel-2-l2a_bands-2-3-4-8_ZMB_15k-points_1000-features_yr-2016-2022_mn-4-9_lm-True_cm-False_wa-False_summary.feather
    One-hot encoding: True
    Final Val R2:  0.7347 
    Final Test R2: 0.7897
    Total time: 110.32 minutes


Begin with paramters:
	sentinel-2-l2a_bands-2-3-4-8_ZMB_15k-points_1000-features_yr-2016-2022_mn-1-12_lm-False_cm-False_wa-False_summary.feather
	One-hot encoding: False


Finish:
    sentinel-2-l2a_bands-2-3-4-8_ZMB_15k-points_1000-features_yr-2016-2022_mn-1-12_lm-False_cm-False_wa-False_summary.feather
    One-hot encoding: False
    Final Val R2:  0.5738 
    Final Test R2: 0.6990
    Total time: 1.87 minutes


Begin with paramters:
	sentinel-2-l2a_bands-2-3-4-8_ZMB_15k-points_1000-features_yr-2016-2022_mn-4-9_lm-True_cm-True_wa-True_summary.feather
	One-hot encoding: True


	Best λ 1: 9.999999999999999e-05
	Val R2 1: 0.5709


	Best λ 2: 0.001
	Val R2 2: 0.7240


Finish:
    sentinel-2-l2a_bands-2-3-4-8_ZMB_15k-points_1000-features_yr-2016-2022_mn-4-9_lm-True_cm-True_wa-True_summary.feather
    One-hot encoding: True
    Final Val R2:  0.7273 
    Final Test R2: 0.6630
    Total time: 110.44 minutes


Begin with paramters:
	landsat-8-c2-l2_bands-1-2-3-4-5-6-7_ZMB_15k-points_1000-features_yr-2013-2021_mn-4-9_lm-True_cm-False_wa-True_summary.feather
	One-hot encoding: False


Finish:
    landsat-8-c2-l2_bands-1-2-3-4-5-6-7_ZMB_15k-points_1000-features_yr-2013-2021_mn-4-9_lm-True_cm-False_wa-True_summary.feather
    One-hot encoding: False
    Final Val R2:  0.5140 
    Final Test R2: 0.6533
    Total time: 1.36 minutes


Begin with paramters:
	landsat-8-c2-l2_bands-1-2-3-4-5-6-7_ZMB_15k-points_1000-features_yr-2013-2021_mn-4-9_lm-True_cm-True_wa-False_summary.feather
	One-hot encoding: True


	Best λ 1: 0.001
	Val R2 1: 0.6132


	Best λ 2: 0.001
	Val R2 2: 0.7539


Finish:
    landsat-8-c2-l2_bands-1-2-3-4-5-6-7_ZMB_15k-points_1000-features_yr-2013-2021_mn-4-9_lm-True_cm-True_wa-False_summary.feather
    One-hot encoding: True
    Final Val R2:  0.7563 
    Final Test R2: 0.7303
    Total time: 111.75 minutes


Begin with paramters:
	landsat-8-c2-l2_bands-1-2-3-4-5-6-7_ZMB_15k-points_1000-features_yr-2014-2021_mn-1-12_lm-False_cm-False_wa-False_summary.feather
	One-hot encoding: False


Finish:
    landsat-8-c2-l2_bands-1-2-3-4-5-6-7_ZMB_15k-points_1000-features_yr-2014-2021_mn-1-12_lm-False_cm-False_wa-False_summary.feather
    One-hot encoding: False
    Final Val R2:  0.6124 
    Final Test R2: 0.7050
    Total time: 1.85 minutes


Begin with paramters:
	sentinel-2-l2a_bands-2-3-4-8_ZMB_15k-points_1000-features_yr-2016-2022_mn-4-9_lm-True_cm-True_wa-False_summary.feather
	One-hot encoding: True


	Best λ 1: 0.001
	Val R2 1: 0.6759


	Best λ 2: 0.001
	Val R2 2: 0.7585


Finish:
    sentinel-2-l2a_bands-2-3-4-8_ZMB_15k-points_1000-features_yr-2016-2022_mn-4-9_lm-True_cm-True_wa-False_summary.feather
    One-hot encoding: True
    Final Val R2:  0.7630 
    Final Test R2: 0.7852
    Total time: 110.61 minutes


Begin with paramters:
	landsat-8-c2-l2_bands-1-2-3-4-5-6-7_ZMB_20k-points_1000-features_yr-2013-2021_mn-4-9_lm-True_cm-True_wa-True_summary.feather
	One-hot encoding: False


Finish:
    landsat-8-c2-l2_bands-1-2-3-4-5-6-7_ZMB_20k-points_1000-features_yr-2013-2021_mn-4-9_lm-True_cm-True_wa-True_summary.feather
    One-hot encoding: False
    Final Val R2:  0.5691 
    Final Test R2: 0.5540
    Total time: 1.33 minutes


Begin with paramters:
	landsat-8-c2-l2_bands-1-2-3-4-5-6-7_ZMB_15k-points_1000-features_yr-2013-2021_mn-4-9_lm-True_cm-False_wa-True_summary.feather
	One-hot encoding: True


	Best λ 1: 0.001
	Val R2 1: 0.5194


	Best λ 2: 0.001
	Val R2 2: 0.7194


Finish:
    landsat-8-c2-l2_bands-1-2-3-4-5-6-7_ZMB_15k-points_1000-features_yr-2013-2021_mn-4-9_lm-True_cm-False_wa-True_summary.feather
    One-hot encoding: True
    Final Val R2:  0.7196 
    Final Test R2: 0.7229
    Total time: 111.55 minutes


Begin with paramters:
	sentinel-2-l2a_bands-2-3-4-8_ZMB_15k-points_1000-features_yr-2016-2022_mn-1-12_lm-False_cm-False_wa-True_summary.feather
	One-hot encoding: False


Finish:
    sentinel-2-l2a_bands-2-3-4-8_ZMB_15k-points_1000-features_yr-2016-2022_mn-1-12_lm-False_cm-False_wa-True_summary.feather
    One-hot encoding: False
    Final Val R2:  0.5539 
    Final Test R2: 0.6944
    Total time: 2.03 minutes


Begin with paramters:
	sentinel-2-l2a_bands-2-3-4_ZMB_15k-points_1000-features_yr-2016-2022_mn-4-9_lm-True_cm-True_wa-False_summary.feather
	One-hot encoding: True


	Best λ 1: 0.01
	Val R2 1: 0.3858


	Best λ 2: 0.001
	Val R2 2: 0.7035


Finish:
    sentinel-2-l2a_bands-2-3-4_ZMB_15k-points_1000-features_yr-2016-2022_mn-4-9_lm-True_cm-True_wa-False_summary.feather
    One-hot encoding: True
    Final Val R2:  0.7169 
    Final Test R2: 0.8347
    Total time: 107.44 minutes


Begin with paramters:
	sentinel-2-l2a_bands-2-3-4-8_ZMB_15k-points_1000-features_yr-2016-2022_mn-1-12_lm-False_cm-True_wa-False_summary.feather
	One-hot encoding: False


Finish:
    sentinel-2-l2a_bands-2-3-4-8_ZMB_15k-points_1000-features_yr-2016-2022_mn-1-12_lm-False_cm-True_wa-False_summary.feather
    One-hot encoding: False
    Final Val R2:  0.6551 
    Final Test R2: 0.7726
    Total time: 1.91 minutes


Begin with paramters:
	sentinel-2-l2a_bands-2-3-4_ZMB_15k-points_1000-features_yr-2016-2022_mn-4-9_lm-True_cm-False_wa-False_summary.feather
	One-hot encoding: True


	Best λ 1: 0.01
	Val R2 1: 0.4316


	Best λ 2: 0.001
	Val R2 2: 0.6896


Finish:
    sentinel-2-l2a_bands-2-3-4_ZMB_15k-points_1000-features_yr-2016-2022_mn-4-9_lm-True_cm-False_wa-False_summary.feather
    One-hot encoding: True
    Final Val R2:  0.7052 
    Final Test R2: 0.8197
    Total time: 106.68 minutes


Begin with paramters:
	landsat-8-c2-l2_bands-1-2-3-4-5-6-7_ZMB_15k-points_1000-features_yr-2014-2021_mn-1-12_lm-False_cm-False_wa-True_summary.feather
	One-hot encoding: False


Finish:
    landsat-8-c2-l2_bands-1-2-3-4-5-6-7_ZMB_15k-points_1000-features_yr-2014-2021_mn-1-12_lm-False_cm-False_wa-True_summary.feather
    One-hot encoding: False
    Final Val R2:  0.5427 
    Final Test R2: 0.6436
    Total time: 1.80 minutes


Begin with paramters:
	sentinel-2-l2a_bands-2-3-4-8_ZMB_15k-points_1000-features_yr-2016-2022_mn-1-12_lm-False_cm-True_wa-False_summary.feather
	One-hot encoding: True


	Best λ 1: 0.01
	Val R2 1: 0.6505


	Best λ 2: 0.001
	Val R2 2: 0.7470


Finish:
    sentinel-2-l2a_bands-2-3-4-8_ZMB_15k-points_1000-features_yr-2016-2022_mn-1-12_lm-False_cm-True_wa-False_summary.feather
    One-hot encoding: True
    Final Val R2:  0.7535 
    Final Test R2: 0.7778
    Total time: 192.64 minutes


Begin with paramters:
	landsat-8-c2-l2_bands-1-2-3-4-5-6-7_ZMB_15k-points_1000-features_yr-2014-2021_mn-1-12_lm-False_cm-True_wa-False_summary.feather
	One-hot encoding: False


Finish:
    landsat-8-c2-l2_bands-1-2-3-4-5-6-7_ZMB_15k-points_1000-features_yr-2014-2021_mn-1-12_lm-False_cm-True_wa-False_summary.feather
    One-hot encoding: False
    Final Val R2:  0.5445 
    Final Test R2: 0.7024
    Total time: 1.68 minutes


Begin with paramters:
	landsat-8-c2-l2_bands-1-2-3-4-5-6-7_ZMB_20k-points_1000-features_yr-2014-2021_mn-1-12_lm-False_cm-True_wa-True_summary.feather
	One-hot encoding: True


	Best λ 1: 1.0
	Val R2 1: 0.5424


	Best λ 2: 0.001
	Val R2 2: 0.7441


Finish:
    landsat-8-c2-l2_bands-1-2-3-4-5-6-7_ZMB_20k-points_1000-features_yr-2014-2021_mn-1-12_lm-False_cm-True_wa-True_summary.feather
    One-hot encoding: True
    Final Val R2:  0.7481 
    Final Test R2: 0.8294
    Total time: 194.77 minutes


Begin with paramters:
	landsat-8-c2-l2_bands-1-2-3-4-5-6-7_ZMB_20k-points_1000-features_yr-2014-2021_mn-1-12_lm-False_cm-True_wa-True_summary.feather
	One-hot encoding: False


Finish:
    landsat-8-c2-l2_bands-1-2-3-4-5-6-7_ZMB_20k-points_1000-features_yr-2014-2021_mn-1-12_lm-False_cm-True_wa-True_summary.feather
    One-hot encoding: False
    Final Val R2:  0.5354 
    Final Test R2: 0.5287
    Total time: 2.11 minutes


Begin with paramters:
	sentinel-2-l2a_bands-2-3-4_ZMB_15k-points_1000-features_yr-2016-2022_mn-4-9_lm-True_cm-True_wa-True_summary.feather
	One-hot encoding: True


	Best λ 1: 0.01
	Val R2 1: 0.3488


	Best λ 2: 0.001
	Val R2 2: 0.7192


Finish:
    sentinel-2-l2a_bands-2-3-4_ZMB_15k-points_1000-features_yr-2016-2022_mn-4-9_lm-True_cm-True_wa-True_summary.feather
    One-hot encoding: True
    Final Val R2:  0.7304 
    Final Test R2: 0.8006
    Total time: 106.29 minutes


Begin with paramters:
	landsat-c2-l2_bands-r-g-b-nir-swir16-swir22_ZMB_20k-points_1024-features_yr-2009-2021_mn-1-12_lm-False_cm-True_wa-True_summary.feather
	One-hot encoding: False


Finish:
    landsat-c2-l2_bands-r-g-b-nir-swir16-swir22_ZMB_20k-points_1024-features_yr-2009-2021_mn-1-12_lm-False_cm-True_wa-True_summary.feather
    One-hot encoding: False
    Final Val R2:  0.5231 
    Final Test R2: 0.4246
    Total time: 2.64 minutes


Begin with paramters:
	sentinel-2-l2a_bands-2-3-4_ZMB_4k-points_1000-features_yr-2016-2022_mn-1-12_lm-False_cm-False_wa-False_summary.feather
	One-hot encoding: True


	Best λ 1: 0.01
	Val R2 1: 0.5065


	Best λ 2: 0.001
	Val R2 2: 0.7157


Finish:
    sentinel-2-l2a_bands-2-3-4_ZMB_4k-points_1000-features_yr-2016-2022_mn-1-12_lm-False_cm-False_wa-False_summary.feather
    One-hot encoding: True
    Final Val R2:  0.7190 
    Final Test R2: 0.8419
    Total time: 192.34 minutes


Begin with paramters:
	sentinel-2-l2a_bands-2-3-4_ZMB_15k-points_1000-features_yr-2016-2022_mn-1-12_lm-False_cm-False_wa-False_summary.feather
	One-hot encoding: False


Finish:
    sentinel-2-l2a_bands-2-3-4_ZMB_15k-points_1000-features_yr-2016-2022_mn-1-12_lm-False_cm-False_wa-False_summary.feather
    One-hot encoding: False
    Final Val R2:  0.4956 
    Final Test R2: 0.6393
    Total time: 2.67 minutes


Begin with paramters:
	sentinel-2-l2a_bands-2-3-4_ZMB_4k-points_1000-features_yr-2016-2022_mn-1-12_lm-False_cm-False_wa-True_summary.feather
	One-hot encoding: True


	Best λ 1: 0.09999999999999999
	Val R2 1: 0.5162


	Best λ 2: 0.001
	Val R2 2: 0.7532


Finish:
    sentinel-2-l2a_bands-2-3-4_ZMB_4k-points_1000-features_yr-2016-2022_mn-1-12_lm-False_cm-False_wa-True_summary.feather
    One-hot encoding: True
    Final Val R2:  0.7566 
    Final Test R2: 0.8259
    Total time: 357.62 minutes


Begin with paramters:
	sentinel-2-l2a_bands-2-3-4_ZMB_15k-points_1000-features_yr-2016-2022_mn-4-9_lm-True_cm-False_wa-False_summary.feather
	One-hot encoding: False


Finish:
    sentinel-2-l2a_bands-2-3-4_ZMB_15k-points_1000-features_yr-2016-2022_mn-4-9_lm-True_cm-False_wa-False_summary.feather
    One-hot encoding: False
    Final Val R2:  0.4522 
    Final Test R2: 0.4345
    Total time: 1.80 minutes


Begin with paramters:
	sentinel-2-l2a_bands-2-3-4-8_ZMB_15k-points_1000-features_yr-2016-2022_mn-1-12_lm-False_cm-False_wa-True_summary.feather
	One-hot encoding: True


	Best λ 1: 0.09999999999999999
	Val R2 1: 0.5411


	Best λ 2: 0.001
	Val R2 2: 0.7299


Finish:
    sentinel-2-l2a_bands-2-3-4-8_ZMB_15k-points_1000-features_yr-2016-2022_mn-1-12_lm-False_cm-False_wa-True_summary.feather
    One-hot encoding: True
    Final Val R2:  0.7342 
    Final Test R2: 0.8228
    Total time: 366.75 minutes


Begin with paramters:
	sentinel-2-l2a_bands-2-3-4_ZMB_15k-points_1000-features_yr-2016-2022_mn-4-9_lm-True_cm-True_wa-False_summary.feather
	One-hot encoding: False


Finish:
    sentinel-2-l2a_bands-2-3-4_ZMB_15k-points_1000-features_yr-2016-2022_mn-4-9_lm-True_cm-True_wa-False_summary.feather
    One-hot encoding: False
    Final Val R2:  0.4039 
    Final Test R2: 0.3645
    Total time: 1.82 minutes


Begin with paramters:
	sentinel-2-l2a_bands-2-3-4-8_ZMB_15k-points_1000-features_yr-2016-2022_mn-4-9_lm-True_cm-False_wa-True_summary.feather
	One-hot encoding: True


	Best λ 1: 0.001
	Val R2 1: 0.5337


	Best λ 2: 0.001
	Val R2 2: 0.7259


Finish:
    sentinel-2-l2a_bands-2-3-4-8_ZMB_15k-points_1000-features_yr-2016-2022_mn-4-9_lm-True_cm-False_wa-True_summary.feather
    One-hot encoding: True
    Final Val R2:  0.7290 
    Final Test R2: 0.7736
    Total time: 144.96 minutes


Begin with paramters:
	sentinel-2-l2a_bands-2-3-4_ZMB_15k-points_1000-features_yr-2016-2022_mn-4-9_lm-True_cm-True_wa-True_summary.feather
	One-hot encoding: False


Finish:
    sentinel-2-l2a_bands-2-3-4_ZMB_15k-points_1000-features_yr-2016-2022_mn-4-9_lm-True_cm-True_wa-True_summary.feather
    One-hot encoding: False
    Final Val R2:  0.3672 
    Final Test R2: 0.2178
    Total time: 1.88 minutes


Begin with paramters:
	sentinel-2-l2a_bands-2-3-4_ZMB_15k-points_1000-features_yr-2016-2022_mn-1-12_lm-False_cm-False_wa-True_summary.feather
	One-hot encoding: True


	Best λ 1: 1.0
	Val R2 1: 0.4363


	Best λ 2: 0.001
	Val R2 2: 0.7813


Finish:
    sentinel-2-l2a_bands-2-3-4_ZMB_15k-points_1000-features_yr-2016-2022_mn-1-12_lm-False_cm-False_wa-True_summary.feather
    One-hot encoding: True
    Final Val R2:  0.7837 
    Final Test R2: 0.8581
    Total time: 356.33 minutes


Begin with paramters:
	sentinel-2-l2a_bands-2-3-4_ZMB_20k-points_1000-features_yr-2016-2022_mn-4-9_lm-True_cm-True_wa-True_summary.feather
	One-hot encoding: False


Finish:
    sentinel-2-l2a_bands-2-3-4_ZMB_20k-points_1000-features_yr-2016-2022_mn-4-9_lm-True_cm-True_wa-True_summary.feather
    One-hot encoding: False
    Final Val R2:  0.3290 
    Final Test R2: 0.3992
    Total time: 1.61 minutes


Begin with paramters:
	landsat-8-c2-l2_bands-1-2-3-4-5-6-7_ZMB_15k-points_1000-features_yr-2014-2021_mn-1-12_lm-False_cm-True_wa-True_summary.feather
	One-hot encoding: True


	Best λ 1: 0.09999999999999999
	Val R2 1: 0.5093


	Best λ 2: 0.001
	Val R2 2: 0.6426


Finish:
    landsat-8-c2-l2_bands-1-2-3-4-5-6-7_ZMB_15k-points_1000-features_yr-2014-2021_mn-1-12_lm-False_cm-True_wa-True_summary.feather
    One-hot encoding: True
    Final Val R2:  0.6592 
    Final Test R2: 0.8244
    Total time: 367.57 minutes


Begin with paramters:
	sentinel-2-l2a_bands-2-3-4_ZMB_4k-points_1000-features_yr-2016-2022_mn-1-12_lm-False_cm-True_wa-False_summary.feather
	One-hot encoding: False


Finish:
    sentinel-2-l2a_bands-2-3-4_ZMB_4k-points_1000-features_yr-2016-2022_mn-1-12_lm-False_cm-True_wa-False_summary.feather
    One-hot encoding: False
    Final Val R2:  0.5191 
    Final Test R2: 0.7434
    Total time: 2.69 minutes


Begin with paramters:
	sentinel-2-l2a_bands-2-3-4_ZMB_4k-points_1000-features_yr-2016-2022_mn-1-12_lm-False_cm-True_wa-True_summary.feather
	One-hot encoding: True


	Best λ 1: 0.01
	Val R2 1: 0.5213


	Best λ 2: 0.001
	Val R2 2: 0.7273


Finish:
    sentinel-2-l2a_bands-2-3-4_ZMB_4k-points_1000-features_yr-2016-2022_mn-1-12_lm-False_cm-True_wa-True_summary.feather
    One-hot encoding: True
    Final Val R2:  0.7311 
    Final Test R2: 0.8233
    Total time: 364.83 minutes


Begin with paramters:
	sentinel-2-l2a_bands-2-3-4_ZMB_4k-points_1000-features_yr-2016-2022_mn-4-9_lm-True_cm-False_wa-False_summary.feather
	One-hot encoding: False


Finish:
    sentinel-2-l2a_bands-2-3-4_ZMB_4k-points_1000-features_yr-2016-2022_mn-4-9_lm-True_cm-False_wa-False_summary.feather
    One-hot encoding: False
    Final Val R2:  0.5639 
    Final Test R2: 0.6238
    Total time: 1.79 minutes


Begin with paramters:
	landsat-c2-l2_bands-r-g-b-nir-swir16-swir22_ZMB_20k-points_1024-features_yr-2009-2021_mn-4-9_lm-True_cm-True_wa-True_summary.feather
	One-hot encoding: True


	Best λ 1: 0.001
	Val R2 1: 0.5348


	Best λ 2: 9.999999999999999e-05
	Val R2 2: 0.6423


Finish:
    landsat-c2-l2_bands-r-g-b-nir-swir16-swir22_ZMB_20k-points_1024-features_yr-2009-2021_mn-4-9_lm-True_cm-True_wa-True_summary.feather
    One-hot encoding: True
    Final Val R2:  0.6466 
    Final Test R2: 0.5310
    Total time: 156.22 minutes


Begin with paramters:
	sentinel-2-l2a_bands-2-3-4_ZMB_4k-points_1000-features_yr-2016-2022_mn-4-9_lm-True_cm-True_wa-False_summary.feather
	One-hot encoding: False


Finish:
    sentinel-2-l2a_bands-2-3-4_ZMB_4k-points_1000-features_yr-2016-2022_mn-4-9_lm-True_cm-True_wa-False_summary.feather
    One-hot encoding: False
    Final Val R2:  0.5569 
    Final Test R2: 0.7044
    Total time: 1.68 minutes


Begin with paramters:
	landsat-8-c2-l2_bands-1-2-3-4-5-6-7_ZMB_20k-points_1000-features_yr-2014-2021_mn-1-12_lm-False_cm-True_wa-False_summary.feather
	One-hot encoding: True


	Best λ 1: 1.0
	Val R2 1: 0.5381


	Best λ 2: 0.001
	Val R2 2: 0.7458


Finish:
    landsat-8-c2-l2_bands-1-2-3-4-5-6-7_ZMB_20k-points_1000-features_yr-2014-2021_mn-1-12_lm-False_cm-True_wa-False_summary.feather
    One-hot encoding: True
    Final Val R2:  0.7497 
    Final Test R2: 0.8259
    Total time: 368.69 minutes


Begin with paramters:
	sentinel-2-l2a_bands-2-3-4-8_ZMB_15k-points_1000-features_yr-2016-2022_mn-4-9_lm-True_cm-False_wa-True_summary.feather
	One-hot encoding: False


Finish:
    sentinel-2-l2a_bands-2-3-4-8_ZMB_15k-points_1000-features_yr-2016-2022_mn-4-9_lm-True_cm-False_wa-True_summary.feather
    One-hot encoding: False
    Final Val R2:  0.5418 
    Final Test R2: 0.5509
    Total time: 1.75 minutes


Begin with paramters:
	landsat-c2-l2_bands-r-g-b-nir-swir16-swir22_ZMB_20k-points_1024-features_yr-2009-2021_mn-1-12_lm-False_cm-True_wa-True_summary.feather
	One-hot encoding: True


	Best λ 1: 0.01
	Val R2 1: 0.5333


	Best λ 2: 9.999999999999999e-05
	Val R2 2: 0.6112


Finish:
    landsat-c2-l2_bands-r-g-b-nir-swir16-swir22_ZMB_20k-points_1024-features_yr-2009-2021_mn-1-12_lm-False_cm-True_wa-True_summary.feather
    One-hot encoding: True
    Final Val R2:  0.6105 
    Final Test R2: 0.5481
    Total time: 363.24 minutes


Begin with paramters:
	sentinel-2-l2a_bands-2-3-4_ZMB_20k-points_1000-features_yr-2016-2022_mn-4-9_lm-True_cm-True_wa-False_summary.feather
	One-hot encoding: False


Finish:
    sentinel-2-l2a_bands-2-3-4_ZMB_20k-points_1000-features_yr-2016-2022_mn-4-9_lm-True_cm-True_wa-False_summary.feather
    One-hot encoding: False
    Final Val R2:  0.3377 
    Final Test R2: 0.4438
    Total time: 1.59 minutes


Begin with paramters:
	landsat-8-c2-l2_bands-1-2-3-4-5-6-7_ZMB_15k-points_1000-features_yr-2014-2021_mn-1-12_lm-False_cm-True_wa-False_summary.feather
	One-hot encoding: True


	Best λ 1: 0.09999999999999999
	Val R2 1: 0.5321


	Best λ 2: 0.001
	Val R2 2: 0.6591


Finish:
    landsat-8-c2-l2_bands-1-2-3-4-5-6-7_ZMB_15k-points_1000-features_yr-2014-2021_mn-1-12_lm-False_cm-True_wa-False_summary.feather
    One-hot encoding: True
    Final Val R2:  0.6750 
    Final Test R2: 0.8267
    Total time: 366.62 minutes


Begin with paramters:
	sentinel-2-l2a_bands-2-3-4_ZMB_15k-points_1000-features_yr-2016-2022_mn-1-12_lm-False_cm-True_wa-False_summary.feather
	One-hot encoding: False


Finish:
    sentinel-2-l2a_bands-2-3-4_ZMB_15k-points_1000-features_yr-2016-2022_mn-1-12_lm-False_cm-True_wa-False_summary.feather
    One-hot encoding: False
    Final Val R2:  0.5356 
    Final Test R2: 0.4983
    Total time: 2.67 minutes


Begin with paramters:
	sentinel-2-l2a_bands-2-3-4_ZMB_4k-points_1000-features_yr-2016-2022_mn-1-12_lm-False_cm-True_wa-False_summary.feather
	One-hot encoding: True


	Best λ 1: 0.001
	Val R2 1: 0.5195


	Best λ 2: 0.001
	Val R2 2: 0.6618


Finish:
    sentinel-2-l2a_bands-2-3-4_ZMB_4k-points_1000-features_yr-2016-2022_mn-1-12_lm-False_cm-True_wa-False_summary.feather
    One-hot encoding: True
    Final Val R2:  0.6653 
    Final Test R2: 0.8426
    Total time: 364.45 minutes


Begin with paramters:
	sentinel-2-l2a_bands-2-3-4_ZMB_15k-points_1000-features_yr-2016-2022_mn-1-12_lm-False_cm-True_wa-True_summary.feather
	One-hot encoding: False


Finish:
    sentinel-2-l2a_bands-2-3-4_ZMB_15k-points_1000-features_yr-2016-2022_mn-1-12_lm-False_cm-True_wa-True_summary.feather
    One-hot encoding: False
    Final Val R2:  0.4986 
    Final Test R2: 0.4870
    Total time: 2.87 minutes


Begin with paramters:
	sentinel-2-l2a_bands-2-3-4_ZMB_4k-points_1000-features_yr-2016-2022_mn-4-9_lm-True_cm-True_wa-True_summary.feather
	One-hot encoding: True


	Best λ 1: 0.001
	Val R2 1: 0.5062


	Best λ 2: 0.001
	Val R2 2: 0.6744


Finish:
    sentinel-2-l2a_bands-2-3-4_ZMB_4k-points_1000-features_yr-2016-2022_mn-4-9_lm-True_cm-True_wa-True_summary.feather
    One-hot encoding: True
    Final Val R2:  0.6870 
    Final Test R2: 0.7987
    Total time: 142.98 minutes


Begin with paramters:
	sentinel-2-l2a_bands-2-3-4_ZMB_4k-points_1000-features_yr-2016-2022_mn-1-12_lm-False_cm-False_wa-True_summary.feather
	One-hot encoding: False


Finish:
    sentinel-2-l2a_bands-2-3-4_ZMB_4k-points_1000-features_yr-2016-2022_mn-1-12_lm-False_cm-False_wa-True_summary.feather
    One-hot encoding: False
    Final Val R2:  0.5193 
    Final Test R2: 0.7009
    Total time: 2.51 minutes


Begin with paramters:
	sentinel-2-l2a_bands-2-3-4_ZMB_20k-points_1000-features_yr-2016-2022_mn-1-12_lm-False_cm-True_wa-True_summary.feather
	One-hot encoding: True


	Best λ 1: 0.09999999999999999
	Val R2 1: 0.5472


	Best λ 2: 0.001
	Val R2 2: 0.7559


Finish:
    sentinel-2-l2a_bands-2-3-4_ZMB_20k-points_1000-features_yr-2016-2022_mn-1-12_lm-False_cm-True_wa-True_summary.feather
    One-hot encoding: True
    Final Val R2:  0.7618 
    Final Test R2: 0.8236
    Total time: 365.83 minutes


Begin with paramters:
	sentinel-2-l2a_bands-2-3-4_ZMB_20k-points_1000-features_yr-2016-2022_mn-1-12_lm-False_cm-True_wa-True_summary.feather
	One-hot encoding: False


Finish:
    sentinel-2-l2a_bands-2-3-4_ZMB_20k-points_1000-features_yr-2016-2022_mn-1-12_lm-False_cm-True_wa-True_summary.feather
    One-hot encoding: False
    Final Val R2:  0.5517 
    Final Test R2: 0.6261
    Total time: 2.54 minutes


Begin with paramters:
	sentinel-2-l2a_bands-2-3-4_ZMB_20k-points_1000-features_yr-2016-2022_mn-4-9_lm-True_cm-True_wa-False_summary.feather
	One-hot encoding: True


	Best λ 1: 0.001
	Val R2 1: 0.3311


	Best λ 2: 0.001
	Val R2 2: 0.6325


Finish:
    sentinel-2-l2a_bands-2-3-4_ZMB_20k-points_1000-features_yr-2016-2022_mn-4-9_lm-True_cm-True_wa-False_summary.feather
    One-hot encoding: True
    Final Val R2:  0.6490 
    Final Test R2: 0.7611
    Total time: 136.55 minutes


Begin with paramters:
	sentinel-2-l2a_bands-2-3-4_ZMB_4k-points_1000-features_yr-2016-2022_mn-4-9_lm-True_cm-False_wa-True_summary.feather
	One-hot encoding: False


Finish:
    sentinel-2-l2a_bands-2-3-4_ZMB_4k-points_1000-features_yr-2016-2022_mn-4-9_lm-True_cm-False_wa-True_summary.feather
    One-hot encoding: False
    Final Val R2:  0.5284 
    Final Test R2: 0.6640
    Total time: 1.62 minutes


Begin with paramters:
	landsat-8-c2-l2_bands-1-2-3-4-5-6-7_ZMB_20k-points_1000-features_yr-2013-2021_mn-4-9_lm-True_cm-True_wa-False_summary.feather
	One-hot encoding: True


	Best λ 1: 0.001
	Val R2 1: 0.5692


	Best λ 2: 9.999999999999999e-05
	Val R2 2: 0.8006


Finish:
    landsat-8-c2-l2_bands-1-2-3-4-5-6-7_ZMB_20k-points_1000-features_yr-2013-2021_mn-4-9_lm-True_cm-True_wa-False_summary.feather
    One-hot encoding: True
    Final Val R2:  0.8011 
    Final Test R2: 0.7830
    Total time: 144.18 minutes


Begin with paramters:
	sentinel-2-l2a_bands-2-3-4_ZMB_4k-points_1000-features_yr-2016-2022_mn-4-9_lm-True_cm-True_wa-True_summary.feather
	One-hot encoding: False


Finish:
    sentinel-2-l2a_bands-2-3-4_ZMB_4k-points_1000-features_yr-2016-2022_mn-4-9_lm-True_cm-True_wa-True_summary.feather
    One-hot encoding: False
    Final Val R2:  0.5243 
    Final Test R2: 0.6732
    Total time: 1.63 minutes


Begin with paramters:
	landsat-8-c2-l2_bands-1-2-3-4-5-6-7_ZMB_20k-points_1000-features_yr-2013-2021_mn-4-9_lm-True_cm-True_wa-True_summary.feather
	One-hot encoding: True


	Best λ 1: 0.001
	Val R2 1: 0.5668


	Best λ 2: 9.999999999999999e-05
	Val R2 2: 0.8007


Finish:
    landsat-8-c2-l2_bands-1-2-3-4-5-6-7_ZMB_20k-points_1000-features_yr-2013-2021_mn-4-9_lm-True_cm-True_wa-True_summary.feather
    One-hot encoding: True
    Final Val R2:  0.8012 
    Final Test R2: 0.7843
    Total time: 145.21 minutes


Begin with paramters:
	sentinel-2-l2a_bands-2-3-4_ZMB_4k-points_1000-features_yr-2016-2022_mn-1-12_lm-False_cm-False_wa-False_summary.feather
	One-hot encoding: False


Finish:
    sentinel-2-l2a_bands-2-3-4_ZMB_4k-points_1000-features_yr-2016-2022_mn-1-12_lm-False_cm-False_wa-False_summary.feather
    One-hot encoding: False
    Final Val R2:  0.5156 
    Final Test R2: 0.6805
    Total time: 2.84 minutes


Begin with paramters:
	sentinel-2-l2a_bands-2-3-4_ZMB_4k-points_1000-features_yr-2016-2022_mn-4-9_lm-True_cm-True_wa-False_summary.feather
	One-hot encoding: True


	Best λ 1: 9.999999999999999e-05
	Val R2 1: 0.5466


	Best λ 2: 0.001
	Val R2 2: 0.6785


Finish:
    sentinel-2-l2a_bands-2-3-4_ZMB_4k-points_1000-features_yr-2016-2022_mn-4-9_lm-True_cm-True_wa-False_summary.feather
    One-hot encoding: True
    Final Val R2:  0.6829 
    Final Test R2: 0.7930
    Total time: 145.29 minutes


Begin with paramters:
	sentinel-2-l2a_bands-2-3-4-8_ZMB_15k-points_1000-features_yr-2016-2022_mn-4-9_lm-True_cm-True_wa-False_summary.feather
	One-hot encoding: False


Finish:
    sentinel-2-l2a_bands-2-3-4-8_ZMB_15k-points_1000-features_yr-2016-2022_mn-4-9_lm-True_cm-True_wa-False_summary.feather
    One-hot encoding: False
    Final Val R2:  0.6805 
    Final Test R2: 0.5970
    Total time: 1.71 minutes


Begin with paramters:
	landsat-c2-l2_bands-r-g-b-nir-swir16-swir22_ZMB_20k-points_1024-features_yr-2009-2021_mn-1-12_lm-False_cm-True_wa-False_summary.feather
	One-hot encoding: True


	Best λ 1: 0.01
	Val R2 1: 0.5296


	Best λ 2: 9.999999999999999e-05
	Val R2 2: 0.6091


Finish:
    landsat-c2-l2_bands-r-g-b-nir-swir16-swir22_ZMB_20k-points_1024-features_yr-2009-2021_mn-1-12_lm-False_cm-True_wa-False_summary.feather
    One-hot encoding: True
    Final Val R2:  0.6085 
    Final Test R2: 0.5556
    Total time: 367.10 minutes


Begin with paramters:
	sentinel-2-l2a_bands-2-3-4_ZMB_15k-points_1000-features_yr-2016-2022_mn-1-12_lm-False_cm-False_wa-True_summary.feather
	One-hot encoding: False


Finish:
    sentinel-2-l2a_bands-2-3-4_ZMB_15k-points_1000-features_yr-2016-2022_mn-1-12_lm-False_cm-False_wa-True_summary.feather
    One-hot encoding: False
    Final Val R2:  0.4511 
    Final Test R2: 0.6312
    Total time: 2.58 minutes


Begin with paramters:
	sentinel-2-l2a_bands-2-3-4_ZMB_20k-points_1000-features_yr-2016-2022_mn-4-9_lm-True_cm-True_wa-True_summary.feather
	One-hot encoding: True


	Best λ 1: 0.001
	Val R2 1: 0.3233


	Best λ 2: 0.001
	Val R2 2: 0.6175


Finish:
    sentinel-2-l2a_bands-2-3-4_ZMB_20k-points_1000-features_yr-2016-2022_mn-4-9_lm-True_cm-True_wa-True_summary.feather
    One-hot encoding: True
    Final Val R2:  0.6348 
    Final Test R2: 0.7522
    Total time: 136.79 minutes


Begin with paramters:
	sentinel-2-l2a_bands-2-3-4-8_ZMB_15k-points_1000-features_yr-2016-2022_mn-4-9_lm-True_cm-True_wa-True_summary.feather
	One-hot encoding: False


Finish:
    sentinel-2-l2a_bands-2-3-4-8_ZMB_15k-points_1000-features_yr-2016-2022_mn-4-9_lm-True_cm-True_wa-True_summary.feather
    One-hot encoding: False
    Final Val R2:  0.5829 
    Final Test R2: 0.5344
    Total time: 1.89 minutes


Begin with paramters:
	sentinel-2-l2a_bands-2-3-4_ZMB_15k-points_1000-features_yr-2016-2022_mn-1-12_lm-False_cm-True_wa-False_summary.feather
	One-hot encoding: True


	Best λ 1: 0.09999999999999999
	Val R2 1: 0.5318


	Best λ 2: 0.001
	Val R2 2: 0.7377


Finish:
    sentinel-2-l2a_bands-2-3-4_ZMB_15k-points_1000-features_yr-2016-2022_mn-1-12_lm-False_cm-True_wa-False_summary.feather
    One-hot encoding: True
    Final Val R2:  0.7431 
    Final Test R2: 0.8308
    Total time: 361.71 minutes


Begin with paramters:
	sentinel-2-l2a_bands-2-3-4_ZMB_4k-points_1000-features_yr-2016-2022_mn-1-12_lm-False_cm-True_wa-True_summary.feather
	One-hot encoding: False


Finish:
    sentinel-2-l2a_bands-2-3-4_ZMB_4k-points_1000-features_yr-2016-2022_mn-1-12_lm-False_cm-True_wa-True_summary.feather
    One-hot encoding: False
    Final Val R2:  0.5236 
    Final Test R2: 0.7179
    Total time: 2.72 minutes


Begin with paramters:
	sentinel-2-l2a_bands-2-3-4_ZMB_4k-points_1000-features_yr-2016-2022_mn-4-9_lm-True_cm-False_wa-False_summary.feather
	One-hot encoding: True


	Best λ 1: 9.999999999999999e-05
	Val R2 1: 0.5536


	Best λ 2: 0.001
	Val R2 2: 0.6762


Finish:
    sentinel-2-l2a_bands-2-3-4_ZMB_4k-points_1000-features_yr-2016-2022_mn-4-9_lm-True_cm-False_wa-False_summary.feather
    One-hot encoding: True
    Final Val R2:  0.6790 
    Final Test R2: 0.8068
    Total time: 144.40 minutes


Begin with paramters:
	sentinel-2-l2a_bands-2-3-4-8_ZMB_15k-points_1000-features_yr-2016-2022_mn-1-12_lm-False_cm-True_wa-True_summary.feather
	One-hot encoding: False


Finish:
    sentinel-2-l2a_bands-2-3-4-8_ZMB_15k-points_1000-features_yr-2016-2022_mn-1-12_lm-False_cm-True_wa-True_summary.feather
    One-hot encoding: False
    Final Val R2:  0.5815 
    Final Test R2: 0.6483
    Total time: 1.85 minutes


Begin with paramters:
	sentinel-2-l2a_bands-2-3-4_ZMB_15k-points_1000-features_yr-2016-2022_mn-1-12_lm-False_cm-False_wa-False_summary.feather
	One-hot encoding: True


	Best λ 1: 0.09999999999999999
	Val R2 1: 0.5001


	Best λ 2: 0.001
	Val R2 2: 0.7770


Finish:
    sentinel-2-l2a_bands-2-3-4_ZMB_15k-points_1000-features_yr-2016-2022_mn-1-12_lm-False_cm-False_wa-False_summary.feather
    One-hot encoding: True
    Final Val R2:  0.7791 
    Final Test R2: 0.8611
    Total time: 210.91 minutes


Begin with paramters:
	sentinel-2-l2a_bands-2-3-4_ZMB_15k-points_1000-features_yr-2016-2022_mn-4-9_lm-True_cm-False_wa-True_summary.feather
	One-hot encoding: False


Finish:
    sentinel-2-l2a_bands-2-3-4_ZMB_15k-points_1000-features_yr-2016-2022_mn-4-9_lm-True_cm-False_wa-True_summary.feather
    One-hot encoding: False
    Final Val R2:  0.3482 
    Final Test R2: 0.2149
    Total time: 1.82 minutes


Begin with paramters:
	sentinel-2-l2a_bands-2-3-4-8_ZMB_15k-points_1000-features_yr-2016-2022_mn-1-12_lm-False_cm-True_wa-True_summary.feather
	One-hot encoding: True


	Best λ 1: 0.01
	Val R2 1: 0.5837


	Best λ 2: 0.001
	Val R2 2: 0.7159


Finish:
    sentinel-2-l2a_bands-2-3-4-8_ZMB_15k-points_1000-features_yr-2016-2022_mn-1-12_lm-False_cm-True_wa-True_summary.feather
    One-hot encoding: True
    Final Val R2:  0.7211 
    Final Test R2: 0.7964
    Total time: 335.02 minutes


Begin with paramters:
	sentinel-2-l2a_bands-2-3-4_ZMB_20k-points_1000-features_yr-2016-2022_mn-1-12_lm-False_cm-True_wa-False_summary.feather
	One-hot encoding: False


Finish:
    sentinel-2-l2a_bands-2-3-4_ZMB_20k-points_1000-features_yr-2016-2022_mn-1-12_lm-False_cm-True_wa-False_summary.feather
    One-hot encoding: False
    Final Val R2:  0.5527 
    Final Test R2: 0.6305
    Total time: 2.40 minutes


Begin with paramters:
	sentinel-2-l2a_bands-2-3-4_ZMB_20k-points_1000-features_yr-2016-2022_mn-1-12_lm-False_cm-True_wa-False_summary.feather
	One-hot encoding: True


	Best λ 1: 0.09999999999999999
	Val R2 1: 0.5453


	Best λ 2: 0.001
	Val R2 2: 0.7566


Finish:
    sentinel-2-l2a_bands-2-3-4_ZMB_20k-points_1000-features_yr-2016-2022_mn-1-12_lm-False_cm-True_wa-False_summary.feather
    One-hot encoding: True
    Final Val R2:  0.7624 
    Final Test R2: 0.8269
    Total time: 296.58 minutes

Saving results as: results_2023-03-12.csv



Begin with paramters:
	sentinel-2-l2a_bands-2-3-4-8_ZMB_15k-points_1000-features_yr-2016-2022_mn-4-9_lm-True_cm-False_wa-False_summary.feather
	One-hot encoding: False


Finish:
    sentinel-2-l2a_bands-2-3-4-8_ZMB_15k-points_1000-features_yr-2016-2022_mn-4-9_lm-True_cm-False_wa-False_summary.feather
    One-hot encoding: False
    Final Val R2:  0.6400 
    Final Test R2: 0.5894
    Total time: 1.79 minutes


Begin with paramters:
	sentinel-2-l2a_bands-2-3-4-8_ZMB_15k-points_1000-features_yr-2016-2022_mn-1-12_lm-False_cm-False_wa-False_summary.feather
	One-hot encoding: True


	Best λ 1: 0.09999999999999999
	Val R2 1: 0.5651


	Best λ 2: 0.001
	Val R2 2: 0.7243


Finish:
    sentinel-2-l2a_bands-2-3-4-8_ZMB_15k-points_1000-features_yr-2016-2022_mn-1-12_lm-False_cm-False_wa-False_summary.feather
    One-hot encoding: True
    Final Val R2:  0.7290 
    Final Test R2: 0.8396
    Total time: 360.42 minutes

