Begin with paramters:
    F1: landsat-c2-l2_bands-r-g-b-nir-swir16-swir22_ZMB_20k-points_1024-features_yr-2009-2021_mn-1-12_lm-False_cm-True_wa-False_summary.feather
    F2: sentinel-2-l2a_bands-2-3-4-8_ZMB_15k-points_1000-features_yr-2016-2022_mn-1-12_lm-False_cm-True_wa-False_summary.feather
    One-hot encoding: True
    Split: 0
    Random state: 670487
    
Begin with paramters:
    F1: landsat-c2-l2_bands-r-g-b-nir-swir16-swir22_ZMB_20k-points_1024-features_yr-2009-2021_mn-1-12_lm-False_cm-True_wa-False_summary.feather
    F2: sentinel-2-l2a_bands-2-3-4-8_ZMB_15k-points_1000-features_yr-2016-2022_mn-1-12_lm-False_cm-True_wa-False_summary.feather
    One-hot encoding: True
    Split: 1
    Random state: 116739
    
Begin with paramters:
    F1: landsat-c2-l2_bands-r-g-b-nir-swir16-swir22_ZMB_20k-points_1024-features_yr-2009-2021_mn-1-12_lm-False_cm-True_wa-False_summary.feather
    F2: sentinel-2-l2a_bands-2-3-4-8_ZMB_15k-points_1000-features_yr-2016-2022_mn-1-12_lm-False_cm-True_wa-False_summary.feather
    One-hot encoding: True
    Split: 4
    Random state: 288389
    
Begin with paramters:
    F1: landsat-c2-l2_bands-r-g-b-nir-swir16-swir22_ZMB_20k-points_1024-features_yr-2009-2021_mn-1-12_lm-False_cm-True_wa-False_summary.feather
    F2: sentinel-2-l2a_bands-2-3-4-8_ZMB_15k-points_1000-features_yr-2016-2022_mn-1-12_lm-False_cm-True_wa-False_summary.feather
    One-hot encoding: True
    Split: 2
    Random state: 26225
    
Begin with paramters:
    F1: landsat-c2-l2_bands-r-g-b-nir-swir16-swir22_ZMB_20k-points_1024-features_yr-2009-2021_mn-1-12_lm-False_cm-True_wa-False_summary.feather
    F2: sentinel-2-l2a_bands-2-3-4-8_ZMB_15k-points_1000-features_yr-2016-2022_mn-1-12_lm-False_cm-True_wa-False_summary.feather
    One-hot encoding: True
    Split: 5
    Random state: 256787
    
Begin with paramters:
    F1: landsat-c2-l2_bands-r-g-b-nir-swir16-swir22_ZMB_20k-points_1024-features_yr-2009-2021_mn-1-12_lm-False_cm-True_wa-False_summary.feather
    F2: sentinel-2-l2a_bands-2-3-4-8_ZMB_15k-points_1000-features_yr-2016-2022_mn-1-12_lm-False_cm-True_wa-False_summary.feather
    One-hot encoding: True
    Split: 3
    Random state: 777572
    
Begin with paramters:
    F1: landsat-c2-l2_bands-r-g-b-nir-swir16-swir22_ZMB_20k-points_1024-features_yr-2009-2021_mn-1-12_lm-False_cm-True_wa-False_summary.feather
    F2: sentinel-2-l2a_bands-2-3-4-8_ZMB_15k-points_1000-features_yr-2016-2022_mn-1-12_lm-False_cm-True_wa-False_summary.feather
    One-hot encoding: True
    Split: 7
    Random state: 146316
    
Begin with paramters:
    F1: landsat-c2-l2_bands-r-g-b-nir-swir16-swir22_ZMB_20k-points_1024-features_yr-2009-2021_mn-1-12_lm-False_cm-True_wa-False_summary.feather
    F2: sentinel-2-l2a_bands-2-3-4-8_ZMB_15k-points_1000-features_yr-2016-2022_mn-1-12_lm-False_cm-True_wa-False_summary.feather
    One-hot encoding: True
    Split: 6
    Random state: 234053
    
Begin with paramters:
    F1: landsat-c2-l2_bands-r-g-b-nir-swir16-swir22_ZMB_20k-points_1024-features_yr-2009-2021_mn-1-12_lm-False_cm-True_wa-False_summary.feather
    F2: sentinel-2-l2a_bands-2-3-4-8_ZMB_15k-points_1000-features_yr-2016-2022_mn-1-12_lm-False_cm-True_wa-False_summary.feather
    One-hot encoding: True
    Split: 11
    Random state: 776646
    
Begin with paramters:
    F1: landsat-c2-l2_bands-r-g-b-nir-swir16-swir22_ZMB_20k-points_1024-features_yr-2009-2021_mn-1-12_lm-False_cm-True_wa-False_summary.feather
    F2: sentinel-2-l2a_bands-2-3-4-8_ZMB_15k-points_1000-features_yr-2016-2022_mn-1-12_lm-False_cm-True_wa-False_summary.feather
    One-hot encoding: True
    Split: 10
    Random state: 709570
    
Begin with paramters:
    F1: landsat-c2-l2_bands-r-g-b-nir-swir16-swir22_ZMB_20k-points_1024-features_yr-2009-2021_mn-1-12_lm-False_cm-True_wa-False_summary.feather
    F2: sentinel-2-l2a_bands-2-3-4-8_ZMB_15k-points_1000-features_yr-2016-2022_mn-1-12_lm-False_cm-True_wa-False_summary.feather
    One-hot encoding: True
    Split: 8
    Random state: 772246
    
Begin with paramters:
    F1: landsat-c2-l2_bands-r-g-b-nir-swir16-swir22_ZMB_20k-points_1024-features_yr-2009-2021_mn-1-12_lm-False_cm-True_wa-False_summary.feather
    F2: sentinel-2-l2a_bands-2-3-4-8_ZMB_15k-points_1000-features_yr-2016-2022_mn-1-12_lm-False_cm-True_wa-False_summary.feather
    One-hot encoding: True
    Split: 12
    Random state: 935518
    
Begin with paramters:
    F1: landsat-c2-l2_bands-r-g-b-nir-swir16-swir22_ZMB_20k-points_1024-features_yr-2009-2021_mn-1-12_lm-False_cm-True_wa-False_summary.feather
    F2: sentinel-2-l2a_bands-2-3-4-8_ZMB_15k-points_1000-features_yr-2016-2022_mn-1-12_lm-False_cm-True_wa-False_summary.feather
    One-hot encoding: True
    Split: 14
    Random state: 91161
    
Begin with paramters:
    F1: landsat-c2-l2_bands-r-g-b-nir-swir16-swir22_ZMB_20k-points_1024-features_yr-2009-2021_mn-1-12_lm-False_cm-True_wa-False_summary.feather
    F2: sentinel-2-l2a_bands-2-3-4-8_ZMB_15k-points_1000-features_yr-2016-2022_mn-1-12_lm-False_cm-True_wa-False_summary.feather
    One-hot encoding: True
    Split: 9
    Random state: 107473
    Begin with paramters:
    F1: landsat-c2-l2_bands-r-g-b-nir-swir16-swir22_ZMB_20k-points_1024-features_yr-2009-2021_mn-1-12_lm-False_cm-True_wa-False_summary.feather
    F2: sentinel-2-l2a_bands-2-3-4-8_ZMB_15k-points_1000-features_yr-2016-2022_mn-1-12_lm-False_cm-True_wa-False_summary.feather
    One-hot encoding: True
    Split: 16
    Random state: 442417
    

Begin with paramters:
    F1: landsat-c2-l2_bands-r-g-b-nir-swir16-swir22_ZMB_20k-points_1024-features_yr-2009-2021_mn-1-12_lm-False_cm-True_wa-False_summary.feather
    F2: sentinel-2-l2a_bands-2-3-4-8_ZMB_15k-points_1000-features_yr-2016-2022_mn-1-12_lm-False_cm-True_wa-False_summary.feather
    One-hot encoding: True
    Split: 13
    Random state: 571858
    
Begin with paramters:
    F1: landsat-c2-l2_bands-r-g-b-nir-swir16-swir22_ZMB_20k-points_1024-features_yr-2009-2021_mn-1-12_lm-False_cm-True_wa-False_summary.feather
    F2: sentinel-2-l2a_bands-2-3-4-8_ZMB_15k-points_1000-features_yr-2016-2022_mn-1-12_lm-False_cm-True_wa-False_summary.feather
    One-hot encoding: True
    Split: 15
    Random state: 619176
    
Begin with paramters:
    F1: landsat-c2-l2_bands-r-g-b-nir-swir16-swir22_ZMB_20k-points_1024-features_yr-2009-2021_mn-1-12_lm-False_cm-True_wa-False_summary.feather
    F2: sentinel-2-l2a_bands-2-3-4-8_ZMB_15k-points_1000-features_yr-2016-2022_mn-1-12_lm-False_cm-True_wa-False_summary.feather
    One-hot encoding: True
    Split: 17
    Random state: 33326
    
Begin with paramters:
    F1: landsat-c2-l2_bands-r-g-b-nir-swir16-swir22_ZMB_20k-points_1024-features_yr-2009-2021_mn-1-12_lm-False_cm-True_wa-False_summary.feather
    F2: sentinel-2-l2a_bands-2-3-4-8_ZMB_15k-points_1000-features_yr-2016-2022_mn-1-12_lm-False_cm-True_wa-False_summary.feather
    One-hot encoding: True
    Split: 19
    Random state: 98246
    
Begin with paramters:
    F1: landsat-c2-l2_bands-r-g-b-nir-swir16-swir22_ZMB_20k-points_1024-features_yr-2009-2021_mn-1-12_lm-False_cm-True_wa-False_summary.feather
    F2: sentinel-2-l2a_bands-2-3-4-8_ZMB_15k-points_1000-features_yr-2016-2022_mn-1-12_lm-False_cm-True_wa-False_summary.feather
    One-hot encoding: True
    Split: 18
    Random state: 31244
    
Begin with paramters:
    F1: landsat-c2-l2_bands-r-g-b-nir-swir16-swir22_ZMB_20k-points_1024-features_yr-2009-2021_mn-1-12_lm-False_cm-True_wa-False_summary.feather
    F2: sentinel-2-l2a_bands-2-3-4-8_ZMB_15k-points_1000-features_yr-2016-2022_mn-1-12_lm-False_cm-True_wa-False_summary.feather
    One-hot encoding: True
    Split: 20
    Random state: 229258
    
Begin with paramters:
    F1: landsat-c2-l2_bands-r-g-b-nir-swir16-swir22_ZMB_20k-points_1024-features_yr-2009-2021_mn-1-12_lm-False_cm-True_wa-False_summary.feather
    F2: sentinel-2-l2a_bands-2-3-4-8_ZMB_15k-points_1000-features_yr-2016-2022_mn-1-12_lm-False_cm-True_wa-False_summary.feather
    One-hot encoding: True
    Split: 22
    Random state: 529903
    
Begin with paramters:
    F1: landsat-c2-l2_bands-r-g-b-nir-swir16-swir22_ZMB_20k-points_1024-features_yr-2009-2021_mn-1-12_lm-False_cm-True_wa-False_summary.feather
    F2: sentinel-2-l2a_bands-2-3-4-8_ZMB_15k-points_1000-features_yr-2016-2022_mn-1-12_lm-False_cm-True_wa-False_summary.feather
    One-hot encoding: True
    Split: 23
    Random state: 631262
    
Begin with paramters:
    F1: landsat-c2-l2_bands-r-g-b-nir-swir16-swir22_ZMB_20k-points_1024-features_yr-2009-2021_mn-1-12_lm-False_cm-True_wa-False_summary.feather
    F2: sentinel-2-l2a_bands-2-3-4-8_ZMB_15k-points_1000-features_yr-2016-2022_mn-1-12_lm-False_cm-True_wa-False_summary.feather
    One-hot encoding: True
    Split: 21
    Random state: 243962
    
Group indicies [0, 12288, 24288]
		  [12288, 24288, 24357]

Group indicies [0, 12288, 24288]
		  [12288, 24288, 24357]

Group indicies [0, 12288, 24288]
		  [12288, 24288, 24357]

Group indicies [0, 12288, 24288]
		  [12288, 24288, 24357]

Group indicies [0, 12288, 24288]
		  [12288, 24288, 24357]

Group indicies [0, 12288, 24288]
		  [12288, 24288, 24357]

Group indicies [0, 12288, 24288]
		  [12288, 24288, 24357]

Group indicies [0, 12288, 24288]
		  [12288, 24288, 24357]

Group indicies [0, 12288, 24288]
		  [12288, 24288, 24357]

Group indicies [0, 12288, 24288]
		  [12288, 24288, 24357]

Group indicies [0, 12288, 24288]
		  [12288, 24288, 24357]

Group indicies [0, 12288, 24288]
		  [12288, 24288, 24357]

Group indicies [0, 12288, 24288]
		  [12288, 24288, 24357]

Group indicies [0, 12288, 24288]
		  [12288, 24288, 24357]

Group indicies [0, 12288, 24288]
		  [12288, 24288, 24357]

Group indicies [0, 12288, 24288]
		  [12288, 24288, 24357]

Group indicies [0, 12288, 24288]
		  [12288, 24288, 24357]

Group indicies [0, 12288, 24288]
		  [12288, 24288, 24357]

Group indicies [0, 12288, 24288]
		  [12288, 24288, 24357]

Group indicies [0, 12288, 24288]
		  [12288, 24288, 24357]

Group indicies [0, 12288, 24288]
		  [12288, 24288, 24357]

Group indicies [0, 12288, 24288]
		  [12288, 24288, 24357]

Group indicies [0, 12288, 24288]
		  [12288, 24288, 24357]

Group indicies [0, 12288, 24288]
		  [12288, 24288, 24357]


	Best λ: 10.0
	Val R2: 0.6464


	Best λ: 10.0
	Val R2: 0.6970


	Best λ: 10.0
	Val R2: 0.6663


	Best λ: 10.0
	Val R2: 0.6617


	Best λ: 10.0
	Val R2: 0.6696


	Best λ: 10.0
	Val R2: 0.6825


	Best λ: 10.0
	Val R2: 0.6542


	Best λ: 100.0
	Val R2: 0.7249


	Best λ: 100.0
	Val R2: 0.7066


	Best λ: 100.0
	Val R2: 0.6987


	Best λ: 100.0
	Val R2: 0.6841


	Best λ: 100.0
	Val R2: 0.7051


	Best λ: 100.0
	Val R2: 0.6899


	Best λ: 100.0
	Val R2: 0.7037


	Best λ: 100.0
	Val R2: 0.6802


	Best λ: 100.0
	Val R2: 0.6822


	Best λ: 1.0
	Val R2: 0.7249


	Best λ: 10.0
	Val R2: 0.6686


	Best λ: 10.0
	Val R2: 0.6667


	Best λ: 10.0
	Val R2: 0.7156


	Best λ: 100.0
	Val R2: 0.7055


	Best λ: 100.0
	Val R2: 0.6933


	Best λ: 100.0
	Val R2: 0.7081


	Best λ: 100.0
	Val R2: 0.6938


	Best λ: 100.0
	Val R2: 0.7123


	Best λ: 100.0
	Val R2: 0.6943


	Best λ: 100.0
	Val R2: 0.6706


	Best λ: 10.0
	Val R2: 0.6780


	Best λ: 10.0
	Val R2: 0.6937


	Best λ: 10.0
	Val R2: 0.7278


	Best λ: 10.0
	Val R2: 0.7024


	Best λ: 100.0
	Val R2: 0.7025


	Best λ: 10.0
	Val R2: 0.7095


	Best λ: 10.0
	Val R2: 0.7207


	Best λ: 10.0
	Val R2: 0.7175


	Best λ: 10.0
	Val R2: 0.7047


	Best λ: 1.0
	Val R2: 0.7055


	Best λ: 10.0
	Val R2: 0.6910


	Best λ: 10.0
	Val R2: 0.7096


	Best λ: 10.0
	Val R2: 0.7030


	Best λ: 10.0
	Val R2: 0.6920


	Best λ: 1.0
	Val R2: 0.7025


	Best λ: 10.0
	Val R2: 0.7047


	Best λ: 10.0
	Val R2: 0.6977


	Best λ: 10.0
	Val R2: 0.7244


	Best λ: 10.0
	Val R2: 0.7170


	Best λ: 10.0
	Val R2: 0.6980


	Best λ: 10.0
	Val R2: 0.6978


	Best λ: 0.0009999999999999998
	Val R2: 0.7745


    Finish:
    landsat-c2-l2_bands-r-g-b-nir-swir16-swir22_ZMB_20k-points_1024-features_yr-2009-2021_mn-1-12_lm-False_cm-True_wa-False_summary.feather
    sentinel-2-l2a_bands-2-3-4-8_ZMB_15k-points_1000-features_yr-2016-2022_mn-1-12_lm-False_cm-True_wa-False_summary.feather
    One-hot encoding: True
    Final Val R2:  0.7861 
    Final Test R2: 0.7607
    Total time: 130.04 minutes
    
Begin with paramters:
    F1: landsat-c2-l2_bands-r-g-b-nir-swir16-swir22_ZMB_20k-points_1024-features_yr-2009-2021_mn-1-12_lm-False_cm-True_wa-False_summary.feather
    F2: sentinel-2-l2a_bands-2-3-4-8_ZMB_15k-points_1000-features_yr-2016-2022_mn-1-12_lm-False_cm-True_wa-False_summary.feather
    One-hot encoding: True
    Split: 24
    Random state: 27824
    
Group indicies [0, 12288, 24288]
		  [12288, 24288, 24357]


	Best λ: 0.0009999999999999998
	Val R2: 0.7527


    Finish:
    landsat-c2-l2_bands-r-g-b-nir-swir16-swir22_ZMB_20k-points_1024-features_yr-2009-2021_mn-1-12_lm-False_cm-True_wa-False_summary.feather
    sentinel-2-l2a_bands-2-3-4-8_ZMB_15k-points_1000-features_yr-2016-2022_mn-1-12_lm-False_cm-True_wa-False_summary.feather
    One-hot encoding: True
    Final Val R2:  0.7544 
    Final Test R2: 0.8606
    Total time: 156.97 minutes
    
Begin with paramters:
    F1: landsat-c2-l2_bands-r-g-b-nir-swir16-swir22_ZMB_20k-points_1024-features_yr-2009-2021_mn-1-12_lm-False_cm-True_wa-False_summary.feather
    F2: sentinel-2-l2a_bands-2-3-4-8_ZMB_15k-points_1000-features_yr-2016-2022_mn-1-12_lm-False_cm-True_wa-False_summary.feather
    One-hot encoding: True
    Split: 25
    Random state: 588508
    
Group indicies [0, 12288, 24288]
		  [12288, 24288, 24357]


	Best λ: 0.0009999999999999998
	Val R2: 0.8220


	Best λ: 0.0009999999999999998
	Val R2: 0.8201


	Best λ: 0.0009999999999999998
	Val R2: 0.7777


	Best λ: 0.0009999999999999998
	Val R2: 0.7949


	Best λ: 0.0009999999999999998
	Val R2: 0.8136


	Best λ: 0.0009999999999999998
	Val R2: 0.8134


    Finish:
    landsat-c2-l2_bands-r-g-b-nir-swir16-swir22_ZMB_20k-points_1024-features_yr-2009-2021_mn-1-12_lm-False_cm-True_wa-False_summary.feather
    sentinel-2-l2a_bands-2-3-4-8_ZMB_15k-points_1000-features_yr-2016-2022_mn-1-12_lm-False_cm-True_wa-False_summary.feather
    One-hot encoding: True
    Final Val R2:  0.8284 
    Final Test R2: 0.7349
    Total time: 168.07 minutes
    
Begin with paramters:
    F1: landsat-c2-l2_bands-r-g-b-nir-swir16-swir22_ZMB_20k-points_1024-features_yr-2009-2021_mn-1-12_lm-False_cm-True_wa-False_summary.feather
    F2: sentinel-2-l2a_bands-2-3-4-8_ZMB_15k-points_1000-features_yr-2016-2022_mn-1-12_lm-False_cm-True_wa-False_summary.feather
    One-hot encoding: True
    Split: 26
    Random state: 208496
    

    Finish:
    landsat-c2-l2_bands-r-g-b-nir-swir16-swir22_ZMB_20k-points_1024-features_yr-2009-2021_mn-1-12_lm-False_cm-True_wa-False_summary.feather
    sentinel-2-l2a_bands-2-3-4-8_ZMB_15k-points_1000-features_yr-2016-2022_mn-1-12_lm-False_cm-True_wa-False_summary.feather
    One-hot encoding: True
    Final Val R2:  0.8269 
    Final Test R2: 0.7883
    Total time: 168.09 minutes
    
Begin with paramters:
    F1: landsat-c2-l2_bands-r-g-b-nir-swir16-swir22_ZMB_20k-points_1024-features_yr-2009-2021_mn-1-12_lm-False_cm-True_wa-False_summary.feather
    F2: sentinel-2-l2a_bands-2-3-4-8_ZMB_15k-points_1000-features_yr-2016-2022_mn-1-12_lm-False_cm-True_wa-False_summary.feather
    One-hot encoding: True
    Split: 27
    Random state: 750800
    
Group indicies [0, 12288, 24288]
		  [12288, 24288, 24357]

Group indicies [0, 12288, 24288]
		  [12288, 24288, 24357]


    Finish:
    landsat-c2-l2_bands-r-g-b-nir-swir16-swir22_ZMB_20k-points_1024-features_yr-2009-2021_mn-1-12_lm-False_cm-True_wa-False_summary.feather
    sentinel-2-l2a_bands-2-3-4-8_ZMB_15k-points_1000-features_yr-2016-2022_mn-1-12_lm-False_cm-True_wa-False_summary.feather
    One-hot encoding: True
    Final Val R2:  0.7846 
    Final Test R2: 0.8332
    Total time: 168.85 minutes
    
Begin with paramters:
    F1: landsat-c2-l2_bands-r-g-b-nir-swir16-swir22_ZMB_20k-points_1024-features_yr-2009-2021_mn-1-12_lm-False_cm-True_wa-False_summary.feather
    F2: sentinel-2-l2a_bands-2-3-4-8_ZMB_15k-points_1000-features_yr-2016-2022_mn-1-12_lm-False_cm-True_wa-False_summary.feather
    One-hot encoding: True
    Split: 28
    Random state: 681453
    

    Finish:
    landsat-c2-l2_bands-r-g-b-nir-swir16-swir22_ZMB_20k-points_1024-features_yr-2009-2021_mn-1-12_lm-False_cm-True_wa-False_summary.feather
    sentinel-2-l2a_bands-2-3-4-8_ZMB_15k-points_1000-features_yr-2016-2022_mn-1-12_lm-False_cm-True_wa-False_summary.feather
    One-hot encoding: True
    Final Val R2:  0.7987 
    Final Test R2: 0.8407
    Total time: 168.87 minutes
    
Begin with paramters:
    F1: landsat-c2-l2_bands-r-g-b-nir-swir16-swir22_ZMB_20k-points_1024-features_yr-2009-2021_mn-1-12_lm-False_cm-True_wa-False_summary.feather
    F2: sentinel-2-l2a_bands-2-3-4-8_ZMB_15k-points_1000-features_yr-2016-2022_mn-1-12_lm-False_cm-True_wa-False_summary.feather
    One-hot encoding: True
    Split: 29
    Random state: 735392
    
Group indicies [0, 12288, 24288]
		  [12288, 24288, 24357]

Group indicies [0, 12288, 24288]
		  [12288, 24288, 24357]


	Best λ: 0.0009999999999999998
	Val R2: 0.7796


    Finish:
    landsat-c2-l2_bands-r-g-b-nir-swir16-swir22_ZMB_20k-points_1024-features_yr-2009-2021_mn-1-12_lm-False_cm-True_wa-False_summary.feather
    sentinel-2-l2a_bands-2-3-4-8_ZMB_15k-points_1000-features_yr-2016-2022_mn-1-12_lm-False_cm-True_wa-False_summary.feather
    One-hot encoding: True
    Final Val R2:  0.8294 
    Final Test R2: 0.7767
    Total time: 171.56 minutes
    
Begin with paramters:
    F1: landsat-c2-l2_bands-r-g-b-nir-swir16-swir22_ZMB_20k-points_1024-features_yr-2009-2021_mn-1-12_lm-False_cm-True_wa-False_summary.feather
    F2: sentinel-2-l2a_bands-2-3-4-8_ZMB_15k-points_1000-features_yr-2016-2022_mn-1-12_lm-False_cm-True_wa-False_summary.feather
    One-hot encoding: True
    Split: 30
    Random state: 571412
    
Group indicies [0, 12288, 24288]
		  [12288, 24288, 24357]


    Finish:
    landsat-c2-l2_bands-r-g-b-nir-swir16-swir22_ZMB_20k-points_1024-features_yr-2009-2021_mn-1-12_lm-False_cm-True_wa-False_summary.feather
    sentinel-2-l2a_bands-2-3-4-8_ZMB_15k-points_1000-features_yr-2016-2022_mn-1-12_lm-False_cm-True_wa-False_summary.feather
    One-hot encoding: True
    Final Val R2:  0.8155 
    Final Test R2: 0.8164
    Total time: 173.37 minutes
    
Begin with paramters:
    F1: landsat-c2-l2_bands-r-g-b-nir-swir16-swir22_ZMB_20k-points_1024-features_yr-2009-2021_mn-1-12_lm-False_cm-True_wa-False_summary.feather
    F2: sentinel-2-l2a_bands-2-3-4-8_ZMB_15k-points_1000-features_yr-2016-2022_mn-1-12_lm-False_cm-True_wa-False_summary.feather
    One-hot encoding: True
    Split: 31
    Random state: 439898
    
Group indicies [0, 12288, 24288]
		  [12288, 24288, 24357]


    Finish:
    landsat-c2-l2_bands-r-g-b-nir-swir16-swir22_ZMB_20k-points_1024-features_yr-2009-2021_mn-1-12_lm-False_cm-True_wa-False_summary.feather
    sentinel-2-l2a_bands-2-3-4-8_ZMB_15k-points_1000-features_yr-2016-2022_mn-1-12_lm-False_cm-True_wa-False_summary.feather
    One-hot encoding: True
    Final Val R2:  0.7828 
    Final Test R2: 0.8446
    Total time: 175.13 minutes
    
Begin with paramters:
    F1: landsat-c2-l2_bands-r-g-b-nir-swir16-swir22_ZMB_20k-points_1024-features_yr-2009-2021_mn-1-12_lm-False_cm-True_wa-False_summary.feather
    F2: sentinel-2-l2a_bands-2-3-4-8_ZMB_15k-points_1000-features_yr-2016-2022_mn-1-12_lm-False_cm-True_wa-False_summary.feather
    One-hot encoding: True
    Split: 32
    Random state: 231148
    
Group indicies [0, 12288, 24288]
		  [12288, 24288, 24357]


	Best λ: 100.0
	Val R2: 0.7125


	Best λ: 0.0009999999999999998
	Val R2: 0.7778


	Best λ: 0.0009999999999999998
	Val R2: 0.7835


	Best λ: 0.0009999999999999998
	Val R2: 0.7736


    Finish:
    landsat-c2-l2_bands-r-g-b-nir-swir16-swir22_ZMB_20k-points_1024-features_yr-2009-2021_mn-1-12_lm-False_cm-True_wa-False_summary.feather
    sentinel-2-l2a_bands-2-3-4-8_ZMB_15k-points_1000-features_yr-2016-2022_mn-1-12_lm-False_cm-True_wa-False_summary.feather
    One-hot encoding: True
    Final Val R2:  0.7919 
    Final Test R2: 0.7717
    Total time: 189.86 minutes
    
Begin with paramters:
    F1: landsat-c2-l2_bands-r-g-b-nir-swir16-swir22_ZMB_20k-points_1024-features_yr-2009-2021_mn-1-12_lm-False_cm-True_wa-False_summary.feather
    F2: sentinel-2-l2a_bands-2-3-4-8_ZMB_15k-points_1000-features_yr-2016-2022_mn-1-12_lm-False_cm-True_wa-False_summary.feather
    One-hot encoding: True
    Split: 33
    Random state: 471029
    

    Finish:
    landsat-c2-l2_bands-r-g-b-nir-swir16-swir22_ZMB_20k-points_1024-features_yr-2009-2021_mn-1-12_lm-False_cm-True_wa-False_summary.feather
    sentinel-2-l2a_bands-2-3-4-8_ZMB_15k-points_1000-features_yr-2016-2022_mn-1-12_lm-False_cm-True_wa-False_summary.feather
    One-hot encoding: True
    Final Val R2:  0.7832 
    Final Test R2: 0.8418
    Total time: 189.89 minutes
    
Begin with paramters:
    F1: landsat-c2-l2_bands-r-g-b-nir-swir16-swir22_ZMB_20k-points_1024-features_yr-2009-2021_mn-1-12_lm-False_cm-True_wa-False_summary.feather
    F2: sentinel-2-l2a_bands-2-3-4-8_ZMB_15k-points_1000-features_yr-2016-2022_mn-1-12_lm-False_cm-True_wa-False_summary.feather
    One-hot encoding: True
    Split: 34
    Random state: 617889
    
Group indicies [0, 12288, 24288]
		  [12288, 24288, 24357]

Group indicies [0, 12288, 24288]
		  [12288, 24288, 24357]


    Finish:
    landsat-c2-l2_bands-r-g-b-nir-swir16-swir22_ZMB_20k-points_1024-features_yr-2009-2021_mn-1-12_lm-False_cm-True_wa-False_summary.feather
    sentinel-2-l2a_bands-2-3-4-8_ZMB_15k-points_1000-features_yr-2016-2022_mn-1-12_lm-False_cm-True_wa-False_summary.feather
    One-hot encoding: True
    Final Val R2:  0.7766 
    Final Test R2: 0.8117
    Total time: 194.35 minutes
    
Begin with paramters:
    F1: landsat-c2-l2_bands-r-g-b-nir-swir16-swir22_ZMB_20k-points_1024-features_yr-2009-2021_mn-1-12_lm-False_cm-True_wa-False_summary.feather
    F2: sentinel-2-l2a_bands-2-3-4-8_ZMB_15k-points_1000-features_yr-2016-2022_mn-1-12_lm-False_cm-True_wa-False_summary.feather
    One-hot encoding: True
    Split: 35
    Random state: 291704
    
Group indicies [0, 12288, 24288]
		  [12288, 24288, 24357]


	Best λ: 10.0
	Val R2: 0.7250


	Best λ: 9.999999999999998e-05
	Val R2: 0.8118


	Best λ: 10.0
	Val R2: 0.7128


	Best λ: 10.0
	Val R2: 0.7125


    Finish:
    landsat-c2-l2_bands-r-g-b-nir-swir16-swir22_ZMB_20k-points_1024-features_yr-2009-2021_mn-1-12_lm-False_cm-True_wa-False_summary.feather
    sentinel-2-l2a_bands-2-3-4-8_ZMB_15k-points_1000-features_yr-2016-2022_mn-1-12_lm-False_cm-True_wa-False_summary.feather
    One-hot encoding: True
    Final Val R2:  0.8182 
    Final Test R2: 0.7999
    Total time: 207.36 minutes
    
Begin with paramters:
    F1: landsat-c2-l2_bands-r-g-b-nir-swir16-swir22_ZMB_20k-points_1024-features_yr-2009-2021_mn-1-12_lm-False_cm-True_wa-False_summary.feather
    F2: sentinel-2-l2a_bands-2-3-4-8_ZMB_15k-points_1000-features_yr-2016-2022_mn-1-12_lm-False_cm-True_wa-False_summary.feather
    One-hot encoding: True
    Split: 36
    Random state: 848749
    
Group indicies [0, 12288, 24288]
		  [12288, 24288, 24357]


	Best λ: 0.0009999999999999998
	Val R2: 0.7850


	Best λ: 0.0009999999999999998
	Val R2: 0.8092


	Best λ: 0.0009999999999999998
	Val R2: 0.7975


	Best λ: 0.0009999999999999998
	Val R2: 0.8008


	Best λ: 100.0
	Val R2: 0.6685


	Best λ: 9.999999999999997e-06
	Val R2: 0.7609


    Finish:
    landsat-c2-l2_bands-r-g-b-nir-swir16-swir22_ZMB_20k-points_1024-features_yr-2009-2021_mn-1-12_lm-False_cm-True_wa-False_summary.feather
    sentinel-2-l2a_bands-2-3-4-8_ZMB_15k-points_1000-features_yr-2016-2022_mn-1-12_lm-False_cm-True_wa-False_summary.feather
    One-hot encoding: True
    Final Val R2:  0.7912 
    Final Test R2: 0.8526
    Total time: 216.96 minutes
    
Begin with paramters:
    F1: landsat-c2-l2_bands-r-g-b-nir-swir16-swir22_ZMB_20k-points_1024-features_yr-2009-2021_mn-1-12_lm-False_cm-True_wa-False_summary.feather
    F2: sentinel-2-l2a_bands-2-3-4-8_ZMB_15k-points_1000-features_yr-2016-2022_mn-1-12_lm-False_cm-True_wa-False_summary.feather
    One-hot encoding: True
    Split: 37
    Random state: 911527
    
Group indicies [0, 12288, 24288]
		  [12288, 24288, 24357]


    Finish:
    landsat-c2-l2_bands-r-g-b-nir-swir16-swir22_ZMB_20k-points_1024-features_yr-2009-2021_mn-1-12_lm-False_cm-True_wa-False_summary.feather
    sentinel-2-l2a_bands-2-3-4-8_ZMB_15k-points_1000-features_yr-2016-2022_mn-1-12_lm-False_cm-True_wa-False_summary.feather
    One-hot encoding: True
    Final Val R2:  0.8153 
    Final Test R2: 0.8124
    Total time: 218.33 minutes
    
Begin with paramters:
    F1: landsat-c2-l2_bands-r-g-b-nir-swir16-swir22_ZMB_20k-points_1024-features_yr-2009-2021_mn-1-12_lm-False_cm-True_wa-False_summary.feather
    F2: sentinel-2-l2a_bands-2-3-4-8_ZMB_15k-points_1000-features_yr-2016-2022_mn-1-12_lm-False_cm-True_wa-False_summary.feather
    One-hot encoding: True
    Split: 38
    Random state: 6814
    

    Finish:
    landsat-c2-l2_bands-r-g-b-nir-swir16-swir22_ZMB_20k-points_1024-features_yr-2009-2021_mn-1-12_lm-False_cm-True_wa-False_summary.feather
    sentinel-2-l2a_bands-2-3-4-8_ZMB_15k-points_1000-features_yr-2016-2022_mn-1-12_lm-False_cm-True_wa-False_summary.feather
    One-hot encoding: True
    Final Val R2:  0.8104 
    Final Test R2: 0.8067
    Total time: 218.38 minutes
    
Begin with paramters:
    F1: landsat-c2-l2_bands-r-g-b-nir-swir16-swir22_ZMB_20k-points_1024-features_yr-2009-2021_mn-1-12_lm-False_cm-True_wa-False_summary.feather
    F2: sentinel-2-l2a_bands-2-3-4-8_ZMB_15k-points_1000-features_yr-2016-2022_mn-1-12_lm-False_cm-True_wa-False_summary.feather
    One-hot encoding: True
    Split: 39
    Random state: 795667
    
Group indicies [0, 12288, 24288]
		  [12288, 24288, 24357]

Group indicies [0, 12288, 24288]
		  [12288, 24288, 24357]


    Finish:
    landsat-c2-l2_bands-r-g-b-nir-swir16-swir22_ZMB_20k-points_1024-features_yr-2009-2021_mn-1-12_lm-False_cm-True_wa-False_summary.feather
    sentinel-2-l2a_bands-2-3-4-8_ZMB_15k-points_1000-features_yr-2016-2022_mn-1-12_lm-False_cm-True_wa-False_summary.feather
    One-hot encoding: True
    Final Val R2:  0.8133 
    Final Test R2: 0.8271
    Total time: 218.68 minutes
    
Begin with paramters:
    F1: landsat-c2-l2_bands-r-g-b-nir-swir16-swir22_ZMB_20k-points_1024-features_yr-2009-2021_mn-1-12_lm-False_cm-True_wa-False_summary.feather
    F2: sentinel-2-l2a_bands-2-3-4-8_ZMB_15k-points_1000-features_yr-2016-2022_mn-1-12_lm-False_cm-True_wa-False_summary.feather
    One-hot encoding: True
    Split: 40
    Random state: 844962
    
Group indicies [0, 12288, 24288]
		  [12288, 24288, 24357]


	Best λ: 1.0
	Val R2: 0.7125


    Finish:
    landsat-c2-l2_bands-r-g-b-nir-swir16-swir22_ZMB_20k-points_1024-features_yr-2009-2021_mn-1-12_lm-False_cm-True_wa-False_summary.feather
    sentinel-2-l2a_bands-2-3-4-8_ZMB_15k-points_1000-features_yr-2016-2022_mn-1-12_lm-False_cm-True_wa-False_summary.feather
    One-hot encoding: True
    Final Val R2:  0.7744 
    Final Test R2: 0.8474
    Total time: 218.76 minutes
    
Begin with paramters:
    F1: landsat-c2-l2_bands-r-g-b-nir-swir16-swir22_ZMB_20k-points_1024-features_yr-2009-2021_mn-1-12_lm-False_cm-True_wa-False_summary.feather
    F2: sentinel-2-l2a_bands-2-3-4-8_ZMB_15k-points_1000-features_yr-2016-2022_mn-1-12_lm-False_cm-True_wa-False_summary.feather
    One-hot encoding: True
    Split: 41
    Random state: 167414
    
Group indicies [0, 12288, 24288]
		  [12288, 24288, 24357]


	Best λ: 100.0
	Val R2: 0.6660


	Best λ: 100.0
	Val R2: 0.6719


	Best λ: 9.999999999999998e-05
	Val R2: 0.7844


	Best λ: 9.999999999999997e-06
	Val R2: 0.7830


	Best λ: 100.0
	Val R2: 0.7349


	Best λ: 9.999999999999998e-05
	Val R2: 0.7983


	Best λ: 100.0
	Val R2: 0.7105


	Best λ: 0.0009999999999999998
	Val R2: 0.7923


    Finish:
    landsat-c2-l2_bands-r-g-b-nir-swir16-swir22_ZMB_20k-points_1024-features_yr-2009-2021_mn-1-12_lm-False_cm-True_wa-False_summary.feather
    sentinel-2-l2a_bands-2-3-4-8_ZMB_15k-points_1000-features_yr-2016-2022_mn-1-12_lm-False_cm-True_wa-False_summary.feather
    One-hot encoding: True
    Final Val R2:  0.7848 
    Final Test R2: 0.8339
    Total time: 228.04 minutes
    
Begin with paramters:
    F1: landsat-c2-l2_bands-r-g-b-nir-swir16-swir22_ZMB_20k-points_1024-features_yr-2009-2021_mn-1-12_lm-False_cm-True_wa-False_summary.feather
    F2: sentinel-2-l2a_bands-2-3-4-8_ZMB_15k-points_1000-features_yr-2016-2022_mn-1-12_lm-False_cm-True_wa-False_summary.feather
    One-hot encoding: True
    Split: 42
    Random state: 732052
    
Group indicies [0, 12288, 24288]
		  [12288, 24288, 24357]


    Finish:
    landsat-c2-l2_bands-r-g-b-nir-swir16-swir22_ZMB_20k-points_1024-features_yr-2009-2021_mn-1-12_lm-False_cm-True_wa-False_summary.feather
    sentinel-2-l2a_bands-2-3-4-8_ZMB_15k-points_1000-features_yr-2016-2022_mn-1-12_lm-False_cm-True_wa-False_summary.feather
    One-hot encoding: True
    Final Val R2:  0.7902 
    Final Test R2: 0.8176
    Total time: 228.34 minutes
    
Begin with paramters:
    F1: landsat-c2-l2_bands-r-g-b-nir-swir16-swir22_ZMB_20k-points_1024-features_yr-2009-2021_mn-1-12_lm-False_cm-True_wa-False_summary.feather
    F2: sentinel-2-l2a_bands-2-3-4-8_ZMB_15k-points_1000-features_yr-2016-2022_mn-1-12_lm-False_cm-True_wa-False_summary.feather
    One-hot encoding: True
    Split: 43
    Random state: 443143
    
Group indicies [0, 12288, 24288]
		  [12288, 24288, 24357]


    Finish:
    landsat-c2-l2_bands-r-g-b-nir-swir16-swir22_ZMB_20k-points_1024-features_yr-2009-2021_mn-1-12_lm-False_cm-True_wa-False_summary.feather
    sentinel-2-l2a_bands-2-3-4-8_ZMB_15k-points_1000-features_yr-2016-2022_mn-1-12_lm-False_cm-True_wa-False_summary.feather
    One-hot encoding: True
    Final Val R2:  0.7990 
    Final Test R2: 0.7969
    Total time: 229.84 minutes
    
Begin with paramters:
    F1: landsat-c2-l2_bands-r-g-b-nir-swir16-swir22_ZMB_20k-points_1024-features_yr-2009-2021_mn-1-12_lm-False_cm-True_wa-False_summary.feather
    F2: sentinel-2-l2a_bands-2-3-4-8_ZMB_15k-points_1000-features_yr-2016-2022_mn-1-12_lm-False_cm-True_wa-False_summary.feather
    One-hot encoding: True
    Split: 44
    Random state: 356778
    
Group indicies [0, 12288, 24288]
		  [12288, 24288, 24357]


	Best λ: 10.0
	Val R2: 0.7496


	Best λ: 0.0009999999999999998
	Val R2: 0.7770


	Best λ: 100.0
	Val R2: 0.6640


    Finish:
    landsat-c2-l2_bands-r-g-b-nir-swir16-swir22_ZMB_20k-points_1024-features_yr-2009-2021_mn-1-12_lm-False_cm-True_wa-False_summary.feather
    sentinel-2-l2a_bands-2-3-4-8_ZMB_15k-points_1000-features_yr-2016-2022_mn-1-12_lm-False_cm-True_wa-False_summary.feather
    One-hot encoding: True
    Final Val R2:  0.7972 
    Final Test R2: 0.8254
    Total time: 231.88 minutes
    
Begin with paramters:
    F1: landsat-c2-l2_bands-r-g-b-nir-swir16-swir22_ZMB_20k-points_1024-features_yr-2009-2021_mn-1-12_lm-False_cm-True_wa-False_summary.feather
    F2: sentinel-2-l2a_bands-2-3-4-8_ZMB_15k-points_1000-features_yr-2016-2022_mn-1-12_lm-False_cm-True_wa-False_summary.feather
    One-hot encoding: True
    Split: 45
    Random state: 291369
    
Group indicies [0, 12288, 24288]
		  [12288, 24288, 24357]


	Best λ: 1.0
	Val R2: 0.7105


	Best λ: 0.0009999999999999998
	Val R2: 0.7899


    Finish:
    landsat-c2-l2_bands-r-g-b-nir-swir16-swir22_ZMB_20k-points_1024-features_yr-2009-2021_mn-1-12_lm-False_cm-True_wa-False_summary.feather
    sentinel-2-l2a_bands-2-3-4-8_ZMB_15k-points_1000-features_yr-2016-2022_mn-1-12_lm-False_cm-True_wa-False_summary.feather
    One-hot encoding: True
    Final Val R2:  0.8087 
    Final Test R2: 0.7765
    Total time: 239.39 minutes
    
Begin with paramters:
    F1: landsat-c2-l2_bands-r-g-b-nir-swir16-swir22_ZMB_20k-points_1024-features_yr-2009-2021_mn-1-12_lm-False_cm-True_wa-False_summary.feather
    F2: sentinel-2-l2a_bands-2-3-4-8_ZMB_15k-points_1000-features_yr-2016-2022_mn-1-12_lm-False_cm-True_wa-False_summary.feather
    One-hot encoding: True
    Split: 46
    Random state: 163032
    
Group indicies [0, 12288, 24288]
		  [12288, 24288, 24357]


	Best λ: 10.0
	Val R2: 0.7179


    Finish:
    landsat-c2-l2_bands-r-g-b-nir-swir16-swir22_ZMB_20k-points_1024-features_yr-2009-2021_mn-1-12_lm-False_cm-True_wa-False_summary.feather
    sentinel-2-l2a_bands-2-3-4-8_ZMB_15k-points_1000-features_yr-2016-2022_mn-1-12_lm-False_cm-True_wa-False_summary.feather
    One-hot encoding: True
    Final Val R2:  0.8023 
    Final Test R2: 0.8318
    Total time: 245.28 minutes
    
Begin with paramters:
    F1: landsat-c2-l2_bands-r-g-b-nir-swir16-swir22_ZMB_20k-points_1024-features_yr-2009-2021_mn-1-12_lm-False_cm-True_wa-False_summary.feather
    F2: sentinel-2-l2a_bands-2-3-4-8_ZMB_15k-points_1000-features_yr-2016-2022_mn-1-12_lm-False_cm-True_wa-False_summary.feather
    One-hot encoding: True
    Split: 47
    Random state: 225772
    
Group indicies [0, 12288, 24288]
		  [12288, 24288, 24357]


	Best λ: 10.0
	Val R2: 0.6977


	Best λ: 10.0
	Val R2: 0.6857


	Best λ: 10.0
	Val R2: 0.7029


	Best λ: 10.0
	Val R2: 0.7349


	Best λ: 1.0
	Val R2: 0.7179


	Best λ: 10.0
	Val R2: 0.7137


	Best λ: 10.0
	Val R2: 0.7110


	Best λ: 10.0
	Val R2: 0.6741


	Best λ: 100.0
	Val R2: 0.6524


	Best λ: 100.0
	Val R2: 0.7165


	Best λ: 100.0
	Val R2: 0.7077


	Best λ: 10.0
	Val R2: 0.6986


	Best λ: 0.0009999999999999998
	Val R2: 0.7952


	Best λ: 100.0
	Val R2: 0.7123


    Finish:
    landsat-c2-l2_bands-r-g-b-nir-swir16-swir22_ZMB_20k-points_1024-features_yr-2009-2021_mn-1-12_lm-False_cm-True_wa-False_summary.feather
    sentinel-2-l2a_bands-2-3-4-8_ZMB_15k-points_1000-features_yr-2016-2022_mn-1-12_lm-False_cm-True_wa-False_summary.feather
    One-hot encoding: True
    Final Val R2:  0.8034 
    Final Test R2: 0.8383
    Total time: 144.89 minutes
    
Begin with paramters:
    F1: landsat-c2-l2_bands-r-g-b-nir-swir16-swir22_ZMB_20k-points_1024-features_yr-2009-2021_mn-1-12_lm-False_cm-True_wa-False_summary.feather
    F2: sentinel-2-l2a_bands-2-3-4-8_ZMB_15k-points_1000-features_yr-2016-2022_mn-1-12_lm-False_cm-True_wa-False_summary.feather
    One-hot encoding: True
    Split: 48
    Random state: 800581
    
Group indicies [0, 12288, 24288]
		  [12288, 24288, 24357]


	Best λ: 1.0
	Val R2: 0.7165


	Best λ: 100.0
	Val R2: 0.6484


	Best λ: 1.0
	Val R2: 0.7123


	Best λ: 100.0
	Val R2: 0.6903


	Best λ: 10.0
	Val R2: 0.7039


	Best λ: 10.0
	Val R2: 0.7172


	Best λ: 100.0
	Val R2: 0.7162


	Best λ: 100.0
	Val R2: 0.6671


	Best λ: 10.0
	Val R2: 0.7111


	Best λ: 100.0
	Val R2: 0.6728


	Best λ: 10.0
	Val R2: 0.6723


	Best λ: 10.0
	Val R2: 0.6868


	Best λ: 0.0009999999999999998
	Val R2: 0.7515


	Best λ: 10.0
	Val R2: 0.7117


    Finish:
    landsat-c2-l2_bands-r-g-b-nir-swir16-swir22_ZMB_20k-points_1024-features_yr-2009-2021_mn-1-12_lm-False_cm-True_wa-False_summary.feather
    sentinel-2-l2a_bands-2-3-4-8_ZMB_15k-points_1000-features_yr-2016-2022_mn-1-12_lm-False_cm-True_wa-False_summary.feather
    One-hot encoding: True
    Final Val R2:  0.7591 
    Final Test R2: 0.7706
    Total time: 133.10 minutes
    
Begin with paramters:
    F1: landsat-c2-l2_bands-r-g-b-nir-swir16-swir22_ZMB_20k-points_1024-features_yr-2009-2021_mn-1-12_lm-False_cm-True_wa-False_summary.feather
    F2: sentinel-2-l2a_bands-2-3-4-8_ZMB_15k-points_1000-features_yr-2016-2022_mn-1-12_lm-False_cm-True_wa-False_summary.feather
    One-hot encoding: True
    Split: 49
    Random state: 352944
    
Group indicies [0, 12288, 24288]
		  [12288, 24288, 24357]


	Best λ: 1.0
	Val R2: 0.7039


	Best λ: 0.0009999999999999998
	Val R2: 0.8163


    Finish:
    landsat-c2-l2_bands-r-g-b-nir-swir16-swir22_ZMB_20k-points_1024-features_yr-2009-2021_mn-1-12_lm-False_cm-True_wa-False_summary.feather
    sentinel-2-l2a_bands-2-3-4-8_ZMB_15k-points_1000-features_yr-2016-2022_mn-1-12_lm-False_cm-True_wa-False_summary.feather
    One-hot encoding: True
    Final Val R2:  0.8187 
    Final Test R2: 0.7045
    Total time: 146.01 minutes
    
Begin with paramters:
    F1: landsat-c2-l2_bands-r-g-b-nir-swir16-swir22_ZMB_20k-points_1024-features_yr-2009-2021_mn-1-12_lm-False_cm-True_wa-False_summary.feather
    F2: sentinel-2-l2a_bands-2-3-4-8_ZMB_15k-points_1000-features_yr-2016-2022_mn-1-12_lm-False_cm-True_wa-False_summary.feather
    One-hot encoding: True
    Split: 50
    Random state: 107175
    
Group indicies [0, 12288, 24288]
		  [12288, 24288, 24357]


	Best λ: 0.0009999999999999998
	Val R2: 0.7835


	Best λ: 100.0
	Val R2: 0.6633


	Best λ: 10.0
	Val R2: 0.7022


    Finish:
    landsat-c2-l2_bands-r-g-b-nir-swir16-swir22_ZMB_20k-points_1024-features_yr-2009-2021_mn-1-12_lm-False_cm-True_wa-False_summary.feather
    sentinel-2-l2a_bands-2-3-4-8_ZMB_15k-points_1000-features_yr-2016-2022_mn-1-12_lm-False_cm-True_wa-False_summary.feather
    One-hot encoding: True
    Final Val R2:  0.7948 
    Final Test R2: 0.7880
    Total time: 153.97 minutes
    
Begin with paramters:
    F1: landsat-c2-l2_bands-r-g-b-nir-swir16-swir22_ZMB_20k-points_1024-features_yr-2009-2021_mn-1-12_lm-False_cm-True_wa-False_summary.feather
    F2: sentinel-2-l2a_bands-2-3-4-8_ZMB_15k-points_1000-features_yr-2016-2022_mn-1-12_lm-False_cm-True_wa-False_summary.feather
    One-hot encoding: True
    Split: 51
    Random state: 97251
    
Group indicies [0, 12288, 24288]
		  [12288, 24288, 24357]


	Best λ: 10.0
	Val R2: 0.6651


	Best λ: 100.0
	Val R2: 0.7327


	Best λ: 0.0009999999999999998
	Val R2: 0.7471


	Best λ: 0.0009999999999999998
	Val R2: 0.8013


	Best λ: 10.0
	Val R2: 0.7187


    Finish:
    landsat-c2-l2_bands-r-g-b-nir-swir16-swir22_ZMB_20k-points_1024-features_yr-2009-2021_mn-1-12_lm-False_cm-True_wa-False_summary.feather
    sentinel-2-l2a_bands-2-3-4-8_ZMB_15k-points_1000-features_yr-2016-2022_mn-1-12_lm-False_cm-True_wa-False_summary.feather
    One-hot encoding: True
    Final Val R2:  0.7649 
    Final Test R2: 0.8596
    Total time: 168.62 minutes
    
Begin with paramters:
    F1: landsat-c2-l2_bands-r-g-b-nir-swir16-swir22_ZMB_20k-points_1024-features_yr-2009-2021_mn-1-12_lm-False_cm-True_wa-False_summary.feather
    F2: sentinel-2-l2a_bands-2-3-4-8_ZMB_15k-points_1000-features_yr-2016-2022_mn-1-12_lm-False_cm-True_wa-False_summary.feather
    One-hot encoding: True
    Split: 52
    Random state: 398382
    
Group indicies [0, 12288, 24288]
		  [12288, 24288, 24357]


    Finish:
    landsat-c2-l2_bands-r-g-b-nir-swir16-swir22_ZMB_20k-points_1024-features_yr-2009-2021_mn-1-12_lm-False_cm-True_wa-False_summary.feather
    sentinel-2-l2a_bands-2-3-4-8_ZMB_15k-points_1000-features_yr-2016-2022_mn-1-12_lm-False_cm-True_wa-False_summary.feather
    One-hot encoding: True
    Final Val R2:  0.8093 
    Final Test R2: 0.7926
    Total time: 168.00 minutes
    
Begin with paramters:
    F1: landsat-c2-l2_bands-r-g-b-nir-swir16-swir22_ZMB_20k-points_1024-features_yr-2009-2021_mn-1-12_lm-False_cm-True_wa-False_summary.feather
    F2: sentinel-2-l2a_bands-2-3-4-8_ZMB_15k-points_1000-features_yr-2016-2022_mn-1-12_lm-False_cm-True_wa-False_summary.feather
    One-hot encoding: True
    Split: 53
    Random state: 101414
    
Group indicies [0, 12288, 24288]
		  [12288, 24288, 24357]


	Best λ: 10.0
	Val R2: 0.7008


	Best λ: 10.0
	Val R2: 0.6813


	Best λ: 10.0
	Val R2: 0.6684


	Best λ: 0.0009999999999999998
	Val R2: 0.7839


	Best λ: 0.0009999999999999998
	Val R2: 0.7641


    Finish:
    landsat-c2-l2_bands-r-g-b-nir-swir16-swir22_ZMB_20k-points_1024-features_yr-2009-2021_mn-1-12_lm-False_cm-True_wa-False_summary.feather
    sentinel-2-l2a_bands-2-3-4-8_ZMB_15k-points_1000-features_yr-2016-2022_mn-1-12_lm-False_cm-True_wa-False_summary.feather
    One-hot encoding: True
    Final Val R2:  0.7759 
    Final Test R2: 0.7931
    Total time: 138.24 minutes
    
Begin with paramters:
    F1: landsat-c2-l2_bands-r-g-b-nir-swir16-swir22_ZMB_20k-points_1024-features_yr-2009-2021_mn-1-12_lm-False_cm-True_wa-False_summary.feather
    F2: sentinel-2-l2a_bands-2-3-4-8_ZMB_15k-points_1000-features_yr-2016-2022_mn-1-12_lm-False_cm-True_wa-False_summary.feather
    One-hot encoding: True
    Split: 54
    Random state: 376417
    
Group indicies [0, 12288, 24288]
		  [12288, 24288, 24357]


    Finish:
    landsat-c2-l2_bands-r-g-b-nir-swir16-swir22_ZMB_20k-points_1024-features_yr-2009-2021_mn-1-12_lm-False_cm-True_wa-False_summary.feather
    sentinel-2-l2a_bands-2-3-4-8_ZMB_15k-points_1000-features_yr-2016-2022_mn-1-12_lm-False_cm-True_wa-False_summary.feather
    One-hot encoding: True
    Final Val R2:  0.7869 
    Final Test R2: 0.8419
    Total time: 188.97 minutes
    
Begin with paramters:
    F1: landsat-c2-l2_bands-r-g-b-nir-swir16-swir22_ZMB_20k-points_1024-features_yr-2009-2021_mn-1-12_lm-False_cm-True_wa-False_summary.feather
    F2: sentinel-2-l2a_bands-2-3-4-8_ZMB_15k-points_1000-features_yr-2016-2022_mn-1-12_lm-False_cm-True_wa-False_summary.feather
    One-hot encoding: True
    Split: 55
    Random state: 888662
    
Group indicies [0, 12288, 24288]
		  [12288, 24288, 24357]


	Best λ: 10.0
	Val R2: 0.6940


	Best λ: 0.0009999999999999998
	Val R2: 0.7922


	Best λ: 1.0
	Val R2: 0.6684


    Finish:
    landsat-c2-l2_bands-r-g-b-nir-swir16-swir22_ZMB_20k-points_1024-features_yr-2009-2021_mn-1-12_lm-False_cm-True_wa-False_summary.feather
    sentinel-2-l2a_bands-2-3-4-8_ZMB_15k-points_1000-features_yr-2016-2022_mn-1-12_lm-False_cm-True_wa-False_summary.feather
    One-hot encoding: True
    Final Val R2:  0.8002 
    Final Test R2: 0.8240
    Total time: 179.99 minutes
    
Begin with paramters:
    F1: landsat-c2-l2_bands-r-g-b-nir-swir16-swir22_ZMB_20k-points_1024-features_yr-2009-2021_mn-1-12_lm-False_cm-True_wa-False_summary.feather
    F2: sentinel-2-l2a_bands-2-3-4-8_ZMB_15k-points_1000-features_yr-2016-2022_mn-1-12_lm-False_cm-True_wa-False_summary.feather
    One-hot encoding: True
    Split: 56
    Random state: 360663
    
Group indicies [0, 12288, 24288]
		  [12288, 24288, 24357]


	Best λ: 10.0
	Val R2: 0.6701


	Best λ: 100.0
	Val R2: 0.6699


	Best λ: 0.0009999999999999998
	Val R2: 0.7766


    Finish:
    landsat-c2-l2_bands-r-g-b-nir-swir16-swir22_ZMB_20k-points_1024-features_yr-2009-2021_mn-1-12_lm-False_cm-True_wa-False_summary.feather
    sentinel-2-l2a_bands-2-3-4-8_ZMB_15k-points_1000-features_yr-2016-2022_mn-1-12_lm-False_cm-True_wa-False_summary.feather
    One-hot encoding: True
    Final Val R2:  0.7899 
    Final Test R2: 0.7632
    Total time: 156.09 minutes
    
Begin with paramters:
    F1: landsat-c2-l2_bands-r-g-b-nir-swir16-swir22_ZMB_20k-points_1024-features_yr-2009-2021_mn-1-12_lm-False_cm-True_wa-False_summary.feather
    F2: sentinel-2-l2a_bands-2-3-4-8_ZMB_15k-points_1000-features_yr-2016-2022_mn-1-12_lm-False_cm-True_wa-False_summary.feather
    One-hot encoding: True
    Split: 57
    Random state: 633052
    
Group indicies [0, 12288, 24288]
		  [12288, 24288, 24357]


	Best λ: 10.0
	Val R2: 0.7499


	Best λ: 0.0009999999999999998
	Val R2: 0.7669


    Finish:
    landsat-c2-l2_bands-r-g-b-nir-swir16-swir22_ZMB_20k-points_1024-features_yr-2009-2021_mn-1-12_lm-False_cm-True_wa-False_summary.feather
    sentinel-2-l2a_bands-2-3-4-8_ZMB_15k-points_1000-features_yr-2016-2022_mn-1-12_lm-False_cm-True_wa-False_summary.feather
    One-hot encoding: True
    Final Val R2:  0.7718 
    Final Test R2: 0.8428
    Total time: 197.08 minutes
    
Begin with paramters:
    F1: landsat-c2-l2_bands-r-g-b-nir-swir16-swir22_ZMB_20k-points_1024-features_yr-2009-2021_mn-1-12_lm-False_cm-True_wa-False_summary.feather
    F2: sentinel-2-l2a_bands-2-3-4-8_ZMB_15k-points_1000-features_yr-2016-2022_mn-1-12_lm-False_cm-True_wa-False_summary.feather
    One-hot encoding: True
    Split: 58
    Random state: 277370
    
Group indicies [0, 12288, 24288]
		  [12288, 24288, 24357]


	Best λ: 10.0
	Val R2: 0.6374


	Best λ: 10.0
	Val R2: 0.7225


	Best λ: 100.0
	Val R2: 0.6653


	Best λ: 100.0
	Val R2: 0.7245


	Best λ: 10.0
	Val R2: 0.7105


	Best λ: 0.0009999999999999998
	Val R2: 0.8036


	Best λ: 100.0
	Val R2: 0.6624


	Best λ: 0.0009999999999999998
	Val R2: 0.8062


	Best λ: 1.0
	Val R2: 0.7245


	Best λ: 100.0
	Val R2: 0.6478


    Finish:
    landsat-c2-l2_bands-r-g-b-nir-swir16-swir22_ZMB_20k-points_1024-features_yr-2009-2021_mn-1-12_lm-False_cm-True_wa-False_summary.feather
    sentinel-2-l2a_bands-2-3-4-8_ZMB_15k-points_1000-features_yr-2016-2022_mn-1-12_lm-False_cm-True_wa-False_summary.feather
    One-hot encoding: True
    Final Val R2:  0.8082 
    Final Test R2: 0.7059
    Total time: 188.77 minutes
    
Begin with paramters:
    F1: landsat-c2-l2_bands-r-g-b-nir-swir16-swir22_ZMB_20k-points_1024-features_yr-2009-2021_mn-1-12_lm-False_cm-True_wa-False_summary.feather
    F2: sentinel-2-l2a_bands-2-3-4-8_ZMB_15k-points_1000-features_yr-2016-2022_mn-1-12_lm-False_cm-True_wa-False_summary.feather
    One-hot encoding: True
    Split: 59
    Random state: 846335
    
Group indicies [0, 12288, 24288]
		  [12288, 24288, 24357]


    Finish:
    landsat-c2-l2_bands-r-g-b-nir-swir16-swir22_ZMB_20k-points_1024-features_yr-2009-2021_mn-1-12_lm-False_cm-True_wa-False_summary.feather
    sentinel-2-l2a_bands-2-3-4-8_ZMB_15k-points_1000-features_yr-2016-2022_mn-1-12_lm-False_cm-True_wa-False_summary.feather
    One-hot encoding: True
    Final Val R2:  0.8078 
    Final Test R2: 0.8007
    Total time: 215.73 minutes
    
Begin with paramters:
    F1: landsat-c2-l2_bands-r-g-b-nir-swir16-swir22_ZMB_20k-points_1024-features_yr-2009-2021_mn-1-12_lm-False_cm-True_wa-False_summary.feather
    F2: sentinel-2-l2a_bands-2-3-4-8_ZMB_15k-points_1000-features_yr-2016-2022_mn-1-12_lm-False_cm-True_wa-False_summary.feather
    One-hot encoding: True
    Split: 60
    Random state: 45561
    
Group indicies [0, 12288, 24288]
		  [12288, 24288, 24357]


	Best λ: 0.0009999999999999998
	Val R2: 0.7841


    Finish:
    landsat-c2-l2_bands-r-g-b-nir-swir16-swir22_ZMB_20k-points_1024-features_yr-2009-2021_mn-1-12_lm-False_cm-True_wa-False_summary.feather
    sentinel-2-l2a_bands-2-3-4-8_ZMB_15k-points_1000-features_yr-2016-2022_mn-1-12_lm-False_cm-True_wa-False_summary.feather
    One-hot encoding: True
    Final Val R2:  0.7904 
    Final Test R2: 0.8558
    Total time: 144.97 minutes
    
Begin with paramters:
    F1: landsat-c2-l2_bands-r-g-b-nir-swir16-swir22_ZMB_20k-points_1024-features_yr-2009-2021_mn-1-12_lm-False_cm-True_wa-False_summary.feather
    F2: sentinel-2-l2a_bands-2-3-4-8_ZMB_15k-points_1000-features_yr-2016-2022_mn-1-12_lm-False_cm-True_wa-False_summary.feather
    One-hot encoding: True
    Split: 61
    Random state: 765179
    
Group indicies [0, 12288, 24288]
		  [12288, 24288, 24357]


	Best λ: 10.0
	Val R2: 0.7029


	Best λ: 0.0009999999999999998
	Val R2: 0.7608


	Best λ: 10.0
	Val R2: 0.6752


    Finish:
    landsat-c2-l2_bands-r-g-b-nir-swir16-swir22_ZMB_20k-points_1024-features_yr-2009-2021_mn-1-12_lm-False_cm-True_wa-False_summary.feather
    sentinel-2-l2a_bands-2-3-4-8_ZMB_15k-points_1000-features_yr-2016-2022_mn-1-12_lm-False_cm-True_wa-False_summary.feather
    One-hot encoding: True
    Final Val R2:  0.7666 
    Final Test R2: 0.8217
    Total time: 182.60 minutes
    
Begin with paramters:
    F1: landsat-c2-l2_bands-r-g-b-nir-swir16-swir22_ZMB_20k-points_1024-features_yr-2009-2021_mn-1-12_lm-False_cm-True_wa-False_summary.feather
    F2: sentinel-2-l2a_bands-2-3-4-8_ZMB_15k-points_1000-features_yr-2016-2022_mn-1-12_lm-False_cm-True_wa-False_summary.feather
    One-hot encoding: True
    Split: 62
    Random state: 481741
    
Group indicies [0, 12288, 24288]
		  [12288, 24288, 24357]


	Best λ: 0.0009999999999999998
	Val R2: 0.7489


	Best λ: 100.0
	Val R2: 0.6950


	Best λ: 10.0
	Val R2: 0.6824


    Finish:
    landsat-c2-l2_bands-r-g-b-nir-swir16-swir22_ZMB_20k-points_1024-features_yr-2009-2021_mn-1-12_lm-False_cm-True_wa-False_summary.feather
    sentinel-2-l2a_bands-2-3-4-8_ZMB_15k-points_1000-features_yr-2016-2022_mn-1-12_lm-False_cm-True_wa-False_summary.feather
    One-hot encoding: True
    Final Val R2:  0.7624 
    Final Test R2: 0.8808
    Total time: 217.39 minutes
    
Begin with paramters:
    F1: landsat-c2-l2_bands-r-g-b-nir-swir16-swir22_ZMB_20k-points_1024-features_yr-2009-2021_mn-1-12_lm-False_cm-True_wa-False_summary.feather
    F2: sentinel-2-l2a_bands-2-3-4-8_ZMB_15k-points_1000-features_yr-2016-2022_mn-1-12_lm-False_cm-True_wa-False_summary.feather
    One-hot encoding: True
    Split: 63
    Random state: 562275
    
Group indicies [0, 12288, 24288]
		  [12288, 24288, 24357]


	Best λ: 9.999999999999998e-05
	Val R2: 0.8179


	Best λ: 0.0009999999999999998
	Val R2: 0.7816


	Best λ: 10.0
	Val R2: 0.6713


	Best λ: 9.999999999999998e-05
	Val R2: 0.7659


	Best λ: 9.999999999999998e-05
	Val R2: 0.7718


	Best λ: 0.0009999999999999998
	Val R2: 0.7871


    Finish:
    landsat-c2-l2_bands-r-g-b-nir-swir16-swir22_ZMB_20k-points_1024-features_yr-2009-2021_mn-1-12_lm-False_cm-True_wa-False_summary.feather
    sentinel-2-l2a_bands-2-3-4-8_ZMB_15k-points_1000-features_yr-2016-2022_mn-1-12_lm-False_cm-True_wa-False_summary.feather
    One-hot encoding: True
    Final Val R2:  0.8265 
    Final Test R2: 0.7734
    Total time: 226.86 minutes
    
Begin with paramters:
    F1: landsat-c2-l2_bands-r-g-b-nir-swir16-swir22_ZMB_20k-points_1024-features_yr-2009-2021_mn-1-12_lm-False_cm-True_wa-False_summary.feather
    F2: sentinel-2-l2a_bands-2-3-4-8_ZMB_15k-points_1000-features_yr-2016-2022_mn-1-12_lm-False_cm-True_wa-False_summary.feather
    One-hot encoding: True
    Split: 64
    Random state: 130889
    

    Finish:
    landsat-c2-l2_bands-r-g-b-nir-swir16-swir22_ZMB_20k-points_1024-features_yr-2009-2021_mn-1-12_lm-False_cm-True_wa-False_summary.feather
    sentinel-2-l2a_bands-2-3-4-8_ZMB_15k-points_1000-features_yr-2016-2022_mn-1-12_lm-False_cm-True_wa-False_summary.feather
    One-hot encoding: True
    Final Val R2:  0.7864 
    Final Test R2: 0.8452
    Total time: 215.57 minutes
    
Begin with paramters:
    F1: landsat-c2-l2_bands-r-g-b-nir-swir16-swir22_ZMB_20k-points_1024-features_yr-2009-2021_mn-1-12_lm-False_cm-True_wa-False_summary.feather
    F2: sentinel-2-l2a_bands-2-3-4-8_ZMB_15k-points_1000-features_yr-2016-2022_mn-1-12_lm-False_cm-True_wa-False_summary.feather
    One-hot encoding: True
    Split: 65
    Random state: 967096
    
Group indicies [0, 12288, 24288]
		  [12288, 24288, 24357]

Group indicies [0, 12288, 24288]
		  [12288, 24288, 24357]


    Finish:
    landsat-c2-l2_bands-r-g-b-nir-swir16-swir22_ZMB_20k-points_1024-features_yr-2009-2021_mn-1-12_lm-False_cm-True_wa-False_summary.feather
    sentinel-2-l2a_bands-2-3-4-8_ZMB_15k-points_1000-features_yr-2016-2022_mn-1-12_lm-False_cm-True_wa-False_summary.feather
    One-hot encoding: True
    Final Val R2:  0.7870 
    Final Test R2: 0.8429
    Total time: 231.44 minutes
    
Begin with paramters:
    F1: landsat-c2-l2_bands-r-g-b-nir-swir16-swir22_ZMB_20k-points_1024-features_yr-2009-2021_mn-1-12_lm-False_cm-True_wa-False_summary.feather
    F2: sentinel-2-l2a_bands-2-3-4-8_ZMB_15k-points_1000-features_yr-2016-2022_mn-1-12_lm-False_cm-True_wa-False_summary.feather
    One-hot encoding: True
    Split: 66
    Random state: 396922
    

    Finish:
    landsat-c2-l2_bands-r-g-b-nir-swir16-swir22_ZMB_20k-points_1024-features_yr-2009-2021_mn-1-12_lm-False_cm-True_wa-False_summary.feather
    sentinel-2-l2a_bands-2-3-4-8_ZMB_15k-points_1000-features_yr-2016-2022_mn-1-12_lm-False_cm-True_wa-False_summary.feather
    One-hot encoding: True
    Final Val R2:  0.8009 
    Final Test R2: 0.8476
    Total time: 260.25 minutes
    
Begin with paramters:
    F1: landsat-c2-l2_bands-r-g-b-nir-swir16-swir22_ZMB_20k-points_1024-features_yr-2009-2021_mn-1-12_lm-False_cm-True_wa-False_summary.feather
    F2: sentinel-2-l2a_bands-2-3-4-8_ZMB_15k-points_1000-features_yr-2016-2022_mn-1-12_lm-False_cm-True_wa-False_summary.feather
    One-hot encoding: True
    Split: 67
    Random state: 82627
    
Group indicies [0, 12288, 24288]
		  [12288, 24288, 24357]

Group indicies [0, 12288, 24288]
		  [12288, 24288, 24357]


    Finish:
    landsat-c2-l2_bands-r-g-b-nir-swir16-swir22_ZMB_20k-points_1024-features_yr-2009-2021_mn-1-12_lm-False_cm-True_wa-False_summary.feather
    sentinel-2-l2a_bands-2-3-4-8_ZMB_15k-points_1000-features_yr-2016-2022_mn-1-12_lm-False_cm-True_wa-False_summary.feather
    One-hot encoding: True
    Final Val R2:  0.7891 
    Final Test R2: 0.8335
    Total time: 218.54 minutes
    
Begin with paramters:
    F1: landsat-c2-l2_bands-r-g-b-nir-swir16-swir22_ZMB_20k-points_1024-features_yr-2009-2021_mn-1-12_lm-False_cm-True_wa-False_summary.feather
    F2: sentinel-2-l2a_bands-2-3-4-8_ZMB_15k-points_1000-features_yr-2016-2022_mn-1-12_lm-False_cm-True_wa-False_summary.feather
    One-hot encoding: True
    Split: 68
    Random state: 578856
    
Group indicies [0, 12288, 24288]
		  [12288, 24288, 24357]


	Best λ: 9.999999999999998e-05
	Val R2: 0.7986


	Best λ: 100.0
	Val R2: 0.6144


    Finish:
    landsat-c2-l2_bands-r-g-b-nir-swir16-swir22_ZMB_20k-points_1024-features_yr-2009-2021_mn-1-12_lm-False_cm-True_wa-False_summary.feather
    sentinel-2-l2a_bands-2-3-4-8_ZMB_15k-points_1000-features_yr-2016-2022_mn-1-12_lm-False_cm-True_wa-False_summary.feather
    One-hot encoding: True
    Final Val R2:  0.7974 
    Final Test R2: 0.8326
    Total time: 229.89 minutes
    
Begin with paramters:
    F1: landsat-c2-l2_bands-r-g-b-nir-swir16-swir22_ZMB_20k-points_1024-features_yr-2009-2021_mn-1-12_lm-False_cm-True_wa-False_summary.feather
    F2: sentinel-2-l2a_bands-2-3-4-8_ZMB_15k-points_1000-features_yr-2016-2022_mn-1-12_lm-False_cm-True_wa-False_summary.feather
    One-hot encoding: True
    Split: 69
    Random state: 307419
    
Group indicies [0, 12288, 24288]
		  [12288, 24288, 24357]


	Best λ: 10.0
	Val R2: 0.7015


	Best λ: 100.0
	Val R2: 0.6415


	Best λ: 9.999999999999998e-05
	Val R2: 0.7404


	Best λ: 10.0
	Val R2: 0.7177


    Finish:
    landsat-c2-l2_bands-r-g-b-nir-swir16-swir22_ZMB_20k-points_1024-features_yr-2009-2021_mn-1-12_lm-False_cm-True_wa-False_summary.feather
    sentinel-2-l2a_bands-2-3-4-8_ZMB_15k-points_1000-features_yr-2016-2022_mn-1-12_lm-False_cm-True_wa-False_summary.feather
    One-hot encoding: True
    Final Val R2:  0.7493 
    Final Test R2: 0.8251
    Total time: 164.86 minutes
    
Begin with paramters:
    F1: landsat-c2-l2_bands-r-g-b-nir-swir16-swir22_ZMB_20k-points_1024-features_yr-2009-2021_mn-1-12_lm-False_cm-True_wa-False_summary.feather
    F2: sentinel-2-l2a_bands-2-3-4-8_ZMB_15k-points_1000-features_yr-2016-2022_mn-1-12_lm-False_cm-True_wa-False_summary.feather
    One-hot encoding: True
    Split: 70
    Random state: 869693
    
Group indicies [0, 12288, 24288]
		  [12288, 24288, 24357]


	Best λ: 0.0009999999999999998
	Val R2: 0.7955


	Best λ: 100.0
	Val R2: 0.6659


    Finish:
    landsat-c2-l2_bands-r-g-b-nir-swir16-swir22_ZMB_20k-points_1024-features_yr-2009-2021_mn-1-12_lm-False_cm-True_wa-False_summary.feather
    sentinel-2-l2a_bands-2-3-4-8_ZMB_15k-points_1000-features_yr-2016-2022_mn-1-12_lm-False_cm-True_wa-False_summary.feather
    One-hot encoding: True
    Final Val R2:  0.7966 
    Final Test R2: 0.7560
    Total time: 151.57 minutes
    
Begin with paramters:
    F1: landsat-c2-l2_bands-r-g-b-nir-swir16-swir22_ZMB_20k-points_1024-features_yr-2009-2021_mn-1-12_lm-False_cm-True_wa-False_summary.feather
    F2: sentinel-2-l2a_bands-2-3-4-8_ZMB_15k-points_1000-features_yr-2016-2022_mn-1-12_lm-False_cm-True_wa-False_summary.feather
    One-hot encoding: True
    Split: 71
    Random state: 659176
    
Group indicies [0, 12288, 24288]
		  [12288, 24288, 24357]


	Best λ: 100.0
	Val R2: 0.6840


	Best λ: 9.999999999999998e-05
	Val R2: 0.8052


    Finish:
    landsat-c2-l2_bands-r-g-b-nir-swir16-swir22_ZMB_20k-points_1024-features_yr-2009-2021_mn-1-12_lm-False_cm-True_wa-False_summary.feather
    sentinel-2-l2a_bands-2-3-4-8_ZMB_15k-points_1000-features_yr-2016-2022_mn-1-12_lm-False_cm-True_wa-False_summary.feather
    One-hot encoding: True
    Final Val R2:  0.8089 
    Final Test R2: 0.8017
    Total time: 257.23 minutes
    
Begin with paramters:
    F1: landsat-c2-l2_bands-r-g-b-nir-swir16-swir22_ZMB_20k-points_1024-features_yr-2009-2021_mn-1-12_lm-False_cm-True_wa-False_summary.feather
    F2: sentinel-2-l2a_bands-2-3-4-8_ZMB_15k-points_1000-features_yr-2016-2022_mn-1-12_lm-False_cm-True_wa-False_summary.feather
    One-hot encoding: True
    Split: 72
    Random state: 648564
    
Group indicies [0, 12288, 24288]
		  [12288, 24288, 24357]


	Best λ: 1.0
	Val R2: 0.7177


	Best λ: 10.0
	Val R2: 0.6814


	Best λ: 10.0
	Val R2: 0.6496


	Best λ: 10.0
	Val R2: 0.6423


	Best λ: 100.0
	Val R2: 0.6635


	Best λ: 0.0009999999999999998
	Val R2: 0.8322


	Best λ: 9.999999999999998e-05
	Val R2: 0.7929


	Best λ: 100.0
	Val R2: 0.6557


	Best λ: 100.0
	Val R2: 0.6912


    Finish:
    landsat-c2-l2_bands-r-g-b-nir-swir16-swir22_ZMB_20k-points_1024-features_yr-2009-2021_mn-1-12_lm-False_cm-True_wa-False_summary.feather
    sentinel-2-l2a_bands-2-3-4-8_ZMB_15k-points_1000-features_yr-2016-2022_mn-1-12_lm-False_cm-True_wa-False_summary.feather
    One-hot encoding: True
    Final Val R2:  0.7994 
    Final Test R2: 0.7759
    Total time: 198.26 minutes
    
Begin with paramters:
    F1: landsat-c2-l2_bands-r-g-b-nir-swir16-swir22_ZMB_20k-points_1024-features_yr-2009-2021_mn-1-12_lm-False_cm-True_wa-False_summary.feather
    F2: sentinel-2-l2a_bands-2-3-4-8_ZMB_15k-points_1000-features_yr-2016-2022_mn-1-12_lm-False_cm-True_wa-False_summary.feather
    One-hot encoding: True
    Split: 73
    Random state: 928463
    
Group indicies [0, 12288, 24288]
		  [12288, 24288, 24357]


    Finish:
    landsat-c2-l2_bands-r-g-b-nir-swir16-swir22_ZMB_20k-points_1024-features_yr-2009-2021_mn-1-12_lm-False_cm-True_wa-False_summary.feather
    sentinel-2-l2a_bands-2-3-4-8_ZMB_15k-points_1000-features_yr-2016-2022_mn-1-12_lm-False_cm-True_wa-False_summary.feather
    One-hot encoding: True
    Final Val R2:  0.8354 
    Final Test R2: 0.7038
    Total time: 274.77 minutes
    
Begin with paramters:
    F1: landsat-c2-l2_bands-r-g-b-nir-swir16-swir22_ZMB_20k-points_1024-features_yr-2009-2021_mn-1-12_lm-False_cm-True_wa-False_summary.feather
    F2: sentinel-2-l2a_bands-2-3-4-8_ZMB_15k-points_1000-features_yr-2016-2022_mn-1-12_lm-False_cm-True_wa-False_summary.feather
    One-hot encoding: True
    Split: 74
    Random state: 903565
    
Group indicies [0, 12288, 24288]
		  [12288, 24288, 24357]


	Best λ: 9.999999999999998e-05
	Val R2: 0.7790


	Best λ: 10.0
	Val R2: 0.6881


	Best λ: 10.0
	Val R2: 0.7090


	Best λ: 100.0
	Val R2: 0.6604


	Best λ: 100.0
	Val R2: 0.6969


    Finish:
    landsat-c2-l2_bands-r-g-b-nir-swir16-swir22_ZMB_20k-points_1024-features_yr-2009-2021_mn-1-12_lm-False_cm-True_wa-False_summary.feather
    sentinel-2-l2a_bands-2-3-4-8_ZMB_15k-points_1000-features_yr-2016-2022_mn-1-12_lm-False_cm-True_wa-False_summary.feather
    One-hot encoding: True
    Final Val R2:  0.7880 
    Final Test R2: 0.7685
    Total time: 182.96 minutes
    
Begin with paramters:
    F1: landsat-c2-l2_bands-r-g-b-nir-swir16-swir22_ZMB_20k-points_1024-features_yr-2009-2021_mn-1-12_lm-False_cm-True_wa-False_summary.feather
    F2: sentinel-2-l2a_bands-2-3-4-8_ZMB_15k-points_1000-features_yr-2016-2022_mn-1-12_lm-False_cm-True_wa-False_summary.feather
    One-hot encoding: True
    Split: 75
    Random state: 379201
    
Group indicies [0, 12288, 24288]
		  [12288, 24288, 24357]


	Best λ: 0.0009999999999999998
	Val R2: 0.7696


	Best λ: 100.0
	Val R2: 0.7170


    Finish:
    landsat-c2-l2_bands-r-g-b-nir-swir16-swir22_ZMB_20k-points_1024-features_yr-2009-2021_mn-1-12_lm-False_cm-True_wa-False_summary.feather
    sentinel-2-l2a_bands-2-3-4-8_ZMB_15k-points_1000-features_yr-2016-2022_mn-1-12_lm-False_cm-True_wa-False_summary.feather
    One-hot encoding: True
    Final Val R2:  0.7902 
    Final Test R2: 0.8285
    Total time: 180.23 minutes
    
Begin with paramters:
    F1: landsat-c2-l2_bands-r-g-b-nir-swir16-swir22_ZMB_20k-points_1024-features_yr-2009-2021_mn-1-12_lm-False_cm-True_wa-False_summary.feather
    F2: sentinel-2-l2a_bands-2-3-4-8_ZMB_15k-points_1000-features_yr-2016-2022_mn-1-12_lm-False_cm-True_wa-False_summary.feather
    One-hot encoding: True
    Split: 76
    Random state: 605397
    
Group indicies [0, 12288, 24288]
		  [12288, 24288, 24357]


	Best λ: 100.0
	Val R2: 0.7235


	Best λ: 10.0
	Val R2: 0.6674


	Best λ: 10.0
	Val R2: 0.6780


	Best λ: 9.999999999999998e-05
	Val R2: 0.7942


	Best λ: 100.0
	Val R2: 0.6396


	Best λ: 0.0009999999999999998
	Val R2: 0.7879


    Finish:
    landsat-c2-l2_bands-r-g-b-nir-swir16-swir22_ZMB_20k-points_1024-features_yr-2009-2021_mn-1-12_lm-False_cm-True_wa-False_summary.feather
    sentinel-2-l2a_bands-2-3-4-8_ZMB_15k-points_1000-features_yr-2016-2022_mn-1-12_lm-False_cm-True_wa-False_summary.feather
    One-hot encoding: True
    Final Val R2:  0.7998 
    Final Test R2: 0.8339
    Total time: 198.27 minutes
    
Begin with paramters:
    F1: landsat-c2-l2_bands-r-g-b-nir-swir16-swir22_ZMB_20k-points_1024-features_yr-2009-2021_mn-1-12_lm-False_cm-True_wa-False_summary.feather
    F2: sentinel-2-l2a_bands-2-3-4-8_ZMB_15k-points_1000-features_yr-2016-2022_mn-1-12_lm-False_cm-True_wa-False_summary.feather
    One-hot encoding: True
    Split: 77
    Random state: 201629
    
Group indicies [0, 12288, 24288]
		  [12288, 24288, 24357]


	Best λ: 9.999999999999998e-05
	Val R2: 0.7479


    Finish:
    landsat-c2-l2_bands-r-g-b-nir-swir16-swir22_ZMB_20k-points_1024-features_yr-2009-2021_mn-1-12_lm-False_cm-True_wa-False_summary.feather
    sentinel-2-l2a_bands-2-3-4-8_ZMB_15k-points_1000-features_yr-2016-2022_mn-1-12_lm-False_cm-True_wa-False_summary.feather
    One-hot encoding: True
    Final Val R2:  0.8088 
    Final Test R2: 0.8242
    Total time: 194.32 minutes
    
Begin with paramters:
    F1: landsat-c2-l2_bands-r-g-b-nir-swir16-swir22_ZMB_20k-points_1024-features_yr-2009-2021_mn-1-12_lm-False_cm-True_wa-False_summary.feather
    F2: sentinel-2-l2a_bands-2-3-4-8_ZMB_15k-points_1000-features_yr-2016-2022_mn-1-12_lm-False_cm-True_wa-False_summary.feather
    One-hot encoding: True
    Split: 78
    Random state: 738797
    
Group indicies [0, 12288, 24288]
		  [12288, 24288, 24357]


	Best λ: 0.0009999999999999998
	Val R2: 0.8042


	Best λ: 10.0
	Val R2: 0.6980


    Finish:
    landsat-c2-l2_bands-r-g-b-nir-swir16-swir22_ZMB_20k-points_1024-features_yr-2009-2021_mn-1-12_lm-False_cm-True_wa-False_summary.feather
    sentinel-2-l2a_bands-2-3-4-8_ZMB_15k-points_1000-features_yr-2016-2022_mn-1-12_lm-False_cm-True_wa-False_summary.feather
    One-hot encoding: True
    Final Val R2:  0.7609 
    Final Test R2: 0.8612
    Total time: 189.75 minutes
    
Begin with paramters:
    F1: landsat-c2-l2_bands-r-g-b-nir-swir16-swir22_ZMB_20k-points_1024-features_yr-2009-2021_mn-1-12_lm-False_cm-True_wa-False_summary.feather
    F2: sentinel-2-l2a_bands-2-3-4-8_ZMB_15k-points_1000-features_yr-2016-2022_mn-1-12_lm-False_cm-True_wa-False_summary.feather
    One-hot encoding: True
    Split: 79
    Random state: 72933
    
Group indicies [0, 12288, 24288]
		  [12288, 24288, 24357]


    Finish:
    landsat-c2-l2_bands-r-g-b-nir-swir16-swir22_ZMB_20k-points_1024-features_yr-2009-2021_mn-1-12_lm-False_cm-True_wa-False_summary.feather
    sentinel-2-l2a_bands-2-3-4-8_ZMB_15k-points_1000-features_yr-2016-2022_mn-1-12_lm-False_cm-True_wa-False_summary.feather
    One-hot encoding: True
    Final Val R2:  0.8149 
    Final Test R2: 0.7762
    Total time: 173.86 minutes
    
Begin with paramters:
    F1: landsat-c2-l2_bands-r-g-b-nir-swir16-swir22_ZMB_20k-points_1024-features_yr-2009-2021_mn-1-12_lm-False_cm-True_wa-False_summary.feather
    F2: sentinel-2-l2a_bands-2-3-4-8_ZMB_15k-points_1000-features_yr-2016-2022_mn-1-12_lm-False_cm-True_wa-False_summary.feather
    One-hot encoding: True
    Split: 80
    Random state: 48050
    
Group indicies [0, 12288, 24288]
		  [12288, 24288, 24357]


	Best λ: 10.0
	Val R2: 0.7095


	Best λ: 10.0
	Val R2: 0.6995


	Best λ: 10.0
	Val R2: 0.7027


	Best λ: 10.0
	Val R2: 0.7272


	Best λ: 10.0
	Val R2: 0.6980


	Best λ: 10.0
	Val R2: 0.7184


	Best λ: 10.0
	Val R2: 0.6775


	Best λ: 0.0009999999999999998
	Val R2: 0.7870


	Best λ: 10.0
	Val R2: 0.7289


	Best λ: 1.0
	Val R2: 0.7095


    Finish:
    landsat-c2-l2_bands-r-g-b-nir-swir16-swir22_ZMB_20k-points_1024-features_yr-2009-2021_mn-1-12_lm-False_cm-True_wa-False_summary.feather
    sentinel-2-l2a_bands-2-3-4-8_ZMB_15k-points_1000-features_yr-2016-2022_mn-1-12_lm-False_cm-True_wa-False_summary.feather
    One-hot encoding: True
    Final Val R2:  0.7919 
    Final Test R2: 0.8425
    Total time: 144.63 minutes
    
Begin with paramters:
    F1: landsat-c2-l2_bands-r-g-b-nir-swir16-swir22_ZMB_20k-points_1024-features_yr-2009-2021_mn-1-12_lm-False_cm-True_wa-False_summary.feather
    F2: sentinel-2-l2a_bands-2-3-4-8_ZMB_15k-points_1000-features_yr-2016-2022_mn-1-12_lm-False_cm-True_wa-False_summary.feather
    One-hot encoding: True
    Split: 81
    Random state: 693384
    
Group indicies [0, 12288, 24288]
		  [12288, 24288, 24357]


	Best λ: 10.0
	Val R2: 0.6741


	Best λ: 100.0
	Val R2: 0.6584


	Best λ: 10.0
	Val R2: 0.6790


	Best λ: 100.0
	Val R2: 0.7231


	Best λ: 10.0
	Val R2: 0.6521


	Best λ: 10.0
	Val R2: 0.7116


	Best λ: 10.0
	Val R2: 0.6875


	Best λ: 1.0
	Val R2: 0.7231


	Best λ: 100.0
	Val R2: 0.6807


	Best λ: 100.0
	Val R2: 0.7082


	Best λ: 0.0009999999999999998
	Val R2: 0.7829


	Best λ: 100.0
	Val R2: 0.7001


    Finish:
    landsat-c2-l2_bands-r-g-b-nir-swir16-swir22_ZMB_20k-points_1024-features_yr-2009-2021_mn-1-12_lm-False_cm-True_wa-False_summary.feather
    sentinel-2-l2a_bands-2-3-4-8_ZMB_15k-points_1000-features_yr-2016-2022_mn-1-12_lm-False_cm-True_wa-False_summary.feather
    One-hot encoding: True
    Final Val R2:  0.7875 
    Final Test R2: 0.7545
    Total time: 180.84 minutes
    
Begin with paramters:
    F1: landsat-c2-l2_bands-r-g-b-nir-swir16-swir22_ZMB_20k-points_1024-features_yr-2009-2021_mn-1-12_lm-False_cm-True_wa-False_summary.feather
    F2: sentinel-2-l2a_bands-2-3-4-8_ZMB_15k-points_1000-features_yr-2016-2022_mn-1-12_lm-False_cm-True_wa-False_summary.feather
    One-hot encoding: True
    Split: 82
    Random state: 238968
    
Group indicies [0, 12288, 24288]
		  [12288, 24288, 24357]


	Best λ: 10.0
	Val R2: 0.6941


	Best λ: 0.0009999999999999998
	Val R2: 0.7941


    Finish:
    landsat-c2-l2_bands-r-g-b-nir-swir16-swir22_ZMB_20k-points_1024-features_yr-2009-2021_mn-1-12_lm-False_cm-True_wa-False_summary.feather
    sentinel-2-l2a_bands-2-3-4-8_ZMB_15k-points_1000-features_yr-2016-2022_mn-1-12_lm-False_cm-True_wa-False_summary.feather
    One-hot encoding: True
    Final Val R2:  0.7981 
    Final Test R2: 0.8345
    Total time: 215.91 minutes
    
Begin with paramters:
    F1: landsat-c2-l2_bands-r-g-b-nir-swir16-swir22_ZMB_20k-points_1024-features_yr-2009-2021_mn-1-12_lm-False_cm-True_wa-False_summary.feather
    F2: sentinel-2-l2a_bands-2-3-4-8_ZMB_15k-points_1000-features_yr-2016-2022_mn-1-12_lm-False_cm-True_wa-False_summary.feather
    One-hot encoding: True
    Split: 83
    Random state: 810620
    
Group indicies [0, 12288, 24288]
		  [12288, 24288, 24357]


	Best λ: 1000.0
	Val R2: 0.5996


	Best λ: 10.0
	Val R2: 0.7095


	Best λ: 10.0
	Val R2: 0.6996


	Best λ: 9.999999999999998e-05
	Val R2: 0.7639


	Best λ: 0.0009999999999999998
	Val R2: 0.8217


    Finish:
    landsat-c2-l2_bands-r-g-b-nir-swir16-swir22_ZMB_20k-points_1024-features_yr-2009-2021_mn-1-12_lm-False_cm-True_wa-False_summary.feather
    sentinel-2-l2a_bands-2-3-4-8_ZMB_15k-points_1000-features_yr-2016-2022_mn-1-12_lm-False_cm-True_wa-False_summary.feather
    One-hot encoding: True
    Final Val R2:  0.8253 
    Final Test R2: 0.7560
    Total time: 174.42 minutes
    
Begin with paramters:
    F1: landsat-c2-l2_bands-r-g-b-nir-swir16-swir22_ZMB_20k-points_1024-features_yr-2009-2021_mn-1-12_lm-False_cm-True_wa-False_summary.feather
    F2: sentinel-2-l2a_bands-2-3-4-8_ZMB_15k-points_1000-features_yr-2016-2022_mn-1-12_lm-False_cm-True_wa-False_summary.feather
    One-hot encoding: True
    Split: 84
    Random state: 303445
    
Group indicies [0, 12288, 24288]
		  [12288, 24288, 24357]


	Best λ: 0.0009999999999999998
	Val R2: 0.7855


    Finish:
    landsat-c2-l2_bands-r-g-b-nir-swir16-swir22_ZMB_20k-points_1024-features_yr-2009-2021_mn-1-12_lm-False_cm-True_wa-False_summary.feather
    sentinel-2-l2a_bands-2-3-4-8_ZMB_15k-points_1000-features_yr-2016-2022_mn-1-12_lm-False_cm-True_wa-False_summary.feather
    One-hot encoding: True
    Final Val R2:  0.7753 
    Final Test R2: 0.8715
    Total time: 259.69 minutes
    
Begin with paramters:
    F1: landsat-c2-l2_bands-r-g-b-nir-swir16-swir22_ZMB_20k-points_1024-features_yr-2009-2021_mn-1-12_lm-False_cm-True_wa-False_summary.feather
    F2: sentinel-2-l2a_bands-2-3-4-8_ZMB_15k-points_1000-features_yr-2016-2022_mn-1-12_lm-False_cm-True_wa-False_summary.feather
    One-hot encoding: True
    Split: 85
    Random state: 83667
    
Group indicies [0, 12288, 24288]
		  [12288, 24288, 24357]


	Best λ: 10.0
	Val R2: 0.7196


	Best λ: 10.0
	Val R2: 0.7067


	Best λ: 0.0009999999999999998
	Val R2: 0.7820


    Finish:
    landsat-c2-l2_bands-r-g-b-nir-swir16-swir22_ZMB_20k-points_1024-features_yr-2009-2021_mn-1-12_lm-False_cm-True_wa-False_summary.feather
    sentinel-2-l2a_bands-2-3-4-8_ZMB_15k-points_1000-features_yr-2016-2022_mn-1-12_lm-False_cm-True_wa-False_summary.feather
    One-hot encoding: True
    Final Val R2:  0.7954 
    Final Test R2: 0.8333
    Total time: 217.30 minutes
    
Begin with paramters:
    F1: landsat-c2-l2_bands-r-g-b-nir-swir16-swir22_ZMB_20k-points_1024-features_yr-2009-2021_mn-1-12_lm-False_cm-True_wa-False_summary.feather
    F2: sentinel-2-l2a_bands-2-3-4-8_ZMB_15k-points_1000-features_yr-2016-2022_mn-1-12_lm-False_cm-True_wa-False_summary.feather
    One-hot encoding: True
    Split: 86
    Random state: 896865
    
Group indicies [0, 12288, 24288]
		  [12288, 24288, 24357]


	Best λ: 9.999999999999998e-05
	Val R2: 0.7961


	Best λ: 9.999999999999998e-05
	Val R2: 0.7882


    Finish:
    landsat-c2-l2_bands-r-g-b-nir-swir16-swir22_ZMB_20k-points_1024-features_yr-2009-2021_mn-1-12_lm-False_cm-True_wa-False_summary.feather
    sentinel-2-l2a_bands-2-3-4-8_ZMB_15k-points_1000-features_yr-2016-2022_mn-1-12_lm-False_cm-True_wa-False_summary.feather
    One-hot encoding: True
    Final Val R2:  0.7934 
    Final Test R2: 0.8437
    Total time: 215.96 minutes
    
Begin with paramters:
    F1: landsat-c2-l2_bands-r-g-b-nir-swir16-swir22_ZMB_20k-points_1024-features_yr-2009-2021_mn-1-12_lm-False_cm-True_wa-False_summary.feather
    F2: sentinel-2-l2a_bands-2-3-4-8_ZMB_15k-points_1000-features_yr-2016-2022_mn-1-12_lm-False_cm-True_wa-False_summary.feather
    One-hot encoding: True
    Split: 87
    Random state: 244098
    
Group indicies [0, 12288, 24288]
		  [12288, 24288, 24357]


    Finish:
    landsat-c2-l2_bands-r-g-b-nir-swir16-swir22_ZMB_20k-points_1024-features_yr-2009-2021_mn-1-12_lm-False_cm-True_wa-False_summary.feather
    sentinel-2-l2a_bands-2-3-4-8_ZMB_15k-points_1000-features_yr-2016-2022_mn-1-12_lm-False_cm-True_wa-False_summary.feather
    One-hot encoding: True
    Final Val R2:  0.8003 
    Final Test R2: 0.8370
    Total time: 204.01 minutes
    
Begin with paramters:
    F1: landsat-c2-l2_bands-r-g-b-nir-swir16-swir22_ZMB_20k-points_1024-features_yr-2009-2021_mn-1-12_lm-False_cm-True_wa-False_summary.feather
    F2: sentinel-2-l2a_bands-2-3-4-8_ZMB_15k-points_1000-features_yr-2016-2022_mn-1-12_lm-False_cm-True_wa-False_summary.feather
    One-hot encoding: True
    Split: 88
    Random state: 908573
    
Group indicies [0, 12288, 24288]
		  [12288, 24288, 24357]


	Best λ: 10.0
	Val R2: 0.6186


    Finish:
    landsat-c2-l2_bands-r-g-b-nir-swir16-swir22_ZMB_20k-points_1024-features_yr-2009-2021_mn-1-12_lm-False_cm-True_wa-False_summary.feather
    sentinel-2-l2a_bands-2-3-4-8_ZMB_15k-points_1000-features_yr-2016-2022_mn-1-12_lm-False_cm-True_wa-False_summary.feather
    One-hot encoding: True
    Final Val R2:  0.7951 
    Final Test R2: 0.8245
    Total time: 257.26 minutes
    
Begin with paramters:
    F1: landsat-c2-l2_bands-r-g-b-nir-swir16-swir22_ZMB_20k-points_1024-features_yr-2009-2021_mn-1-12_lm-False_cm-True_wa-False_summary.feather
    F2: sentinel-2-l2a_bands-2-3-4-8_ZMB_15k-points_1000-features_yr-2016-2022_mn-1-12_lm-False_cm-True_wa-False_summary.feather
    One-hot encoding: True
    Split: 89
    Random state: 105907
    
Group indicies [0, 12288, 24288]
		  [12288, 24288, 24357]


	Best λ: 10.0
	Val R2: 0.6783


	Best λ: 0.0009999999999999998
	Val R2: 0.8418


	Best λ: 9.999999999999998e-05
	Val R2: 0.8115


	Best λ: 0.0009999999999999998
	Val R2: 0.7835


	Best λ: 0.0009999999999999998
	Val R2: 0.8124


    Finish:
    landsat-c2-l2_bands-r-g-b-nir-swir16-swir22_ZMB_20k-points_1024-features_yr-2009-2021_mn-1-12_lm-False_cm-True_wa-False_summary.feather
    sentinel-2-l2a_bands-2-3-4-8_ZMB_15k-points_1000-features_yr-2016-2022_mn-1-12_lm-False_cm-True_wa-False_summary.feather
    One-hot encoding: True
    Final Val R2:  0.8454 
    Final Test R2: 0.7217
    Total time: 227.07 minutes
    
Begin with paramters:
    F1: landsat-c2-l2_bands-r-g-b-nir-swir16-swir22_ZMB_20k-points_1024-features_yr-2009-2021_mn-1-12_lm-False_cm-True_wa-False_summary.feather
    F2: sentinel-2-l2a_bands-2-3-4-8_ZMB_15k-points_1000-features_yr-2016-2022_mn-1-12_lm-False_cm-True_wa-False_summary.feather
    One-hot encoding: True
    Split: 90
    Random state: 398591
    
Group indicies [0, 12288, 24288]
		  [12288, 24288, 24357]


	Best λ: 10.0
	Val R2: 0.7012


	Best λ: 9.999999999999998e-05
	Val R2: 0.7815


    Finish:
    landsat-c2-l2_bands-r-g-b-nir-swir16-swir22_ZMB_20k-points_1024-features_yr-2009-2021_mn-1-12_lm-False_cm-True_wa-False_summary.feather
    sentinel-2-l2a_bands-2-3-4-8_ZMB_15k-points_1000-features_yr-2016-2022_mn-1-12_lm-False_cm-True_wa-False_summary.feather
    One-hot encoding: True
    Final Val R2:  0.8122 
    Final Test R2: 0.7843
    Total time: 160.64 minutes
    
Begin with paramters:
    F1: landsat-c2-l2_bands-r-g-b-nir-swir16-swir22_ZMB_20k-points_1024-features_yr-2009-2021_mn-1-12_lm-False_cm-True_wa-False_summary.feather
    F2: sentinel-2-l2a_bands-2-3-4-8_ZMB_15k-points_1000-features_yr-2016-2022_mn-1-12_lm-False_cm-True_wa-False_summary.feather
    One-hot encoding: True
    Split: 91
    Random state: 291476
    
Group indicies [0, 12288, 24288]
		  [12288, 24288, 24357]


	Best λ: 0.0009999999999999998
	Val R2: 0.7746


    Finish:
    landsat-c2-l2_bands-r-g-b-nir-swir16-swir22_ZMB_20k-points_1024-features_yr-2009-2021_mn-1-12_lm-False_cm-True_wa-False_summary.feather
    sentinel-2-l2a_bands-2-3-4-8_ZMB_15k-points_1000-features_yr-2016-2022_mn-1-12_lm-False_cm-True_wa-False_summary.feather
    One-hot encoding: True
    Final Val R2:  0.7877 
    Final Test R2: 0.8256
    Total time: 168.24 minutes
    
Begin with paramters:
    F1: landsat-c2-l2_bands-r-g-b-nir-swir16-swir22_ZMB_20k-points_1024-features_yr-2009-2021_mn-1-12_lm-False_cm-True_wa-False_summary.feather
    F2: sentinel-2-l2a_bands-2-3-4-8_ZMB_15k-points_1000-features_yr-2016-2022_mn-1-12_lm-False_cm-True_wa-False_summary.feather
    One-hot encoding: True
    Split: 92
    Random state: 475435
    
Group indicies [0, 12288, 24288]
		  [12288, 24288, 24357]


    Finish:
    landsat-c2-l2_bands-r-g-b-nir-swir16-swir22_ZMB_20k-points_1024-features_yr-2009-2021_mn-1-12_lm-False_cm-True_wa-False_summary.feather
    sentinel-2-l2a_bands-2-3-4-8_ZMB_15k-points_1000-features_yr-2016-2022_mn-1-12_lm-False_cm-True_wa-False_summary.feather
    One-hot encoding: True
    Final Val R2:  0.8145 
    Final Test R2: 0.7941
    Total time: 156.88 minutes
    
Begin with paramters:
    F1: landsat-c2-l2_bands-r-g-b-nir-swir16-swir22_ZMB_20k-points_1024-features_yr-2009-2021_mn-1-12_lm-False_cm-True_wa-False_summary.feather
    F2: sentinel-2-l2a_bands-2-3-4-8_ZMB_15k-points_1000-features_yr-2016-2022_mn-1-12_lm-False_cm-True_wa-False_summary.feather
    One-hot encoding: True
    Split: 93
    Random state: 666563
    
Group indicies [0, 12288, 24288]
		  [12288, 24288, 24357]


    Finish:
    landsat-c2-l2_bands-r-g-b-nir-swir16-swir22_ZMB_20k-points_1024-features_yr-2009-2021_mn-1-12_lm-False_cm-True_wa-False_summary.feather
    sentinel-2-l2a_bands-2-3-4-8_ZMB_15k-points_1000-features_yr-2016-2022_mn-1-12_lm-False_cm-True_wa-False_summary.feather
    One-hot encoding: True
    Final Val R2:  0.7948 
    Final Test R2: 0.8420
    Total time: 207.38 minutes
    
Begin with paramters:
    F1: landsat-c2-l2_bands-r-g-b-nir-swir16-swir22_ZMB_20k-points_1024-features_yr-2009-2021_mn-1-12_lm-False_cm-True_wa-False_summary.feather
    F2: sentinel-2-l2a_bands-2-3-4-8_ZMB_15k-points_1000-features_yr-2016-2022_mn-1-12_lm-False_cm-True_wa-False_summary.feather
    One-hot encoding: True
    Split: 94
    Random state: 874628
    
Group indicies [0, 12288, 24288]
		  [12288, 24288, 24357]


    Finish:
    landsat-c2-l2_bands-r-g-b-nir-swir16-swir22_ZMB_20k-points_1024-features_yr-2009-2021_mn-1-12_lm-False_cm-True_wa-False_summary.feather
    sentinel-2-l2a_bands-2-3-4-8_ZMB_15k-points_1000-features_yr-2016-2022_mn-1-12_lm-False_cm-True_wa-False_summary.feather
    One-hot encoding: True
    Final Val R2:  0.7762 
    Final Test R2: 0.7264
    Total time: 150.72 minutes
    
Begin with paramters:
    F1: landsat-c2-l2_bands-r-g-b-nir-swir16-swir22_ZMB_20k-points_1024-features_yr-2009-2021_mn-1-12_lm-False_cm-True_wa-False_summary.feather
    F2: sentinel-2-l2a_bands-2-3-4-8_ZMB_15k-points_1000-features_yr-2016-2022_mn-1-12_lm-False_cm-True_wa-False_summary.feather
    One-hot encoding: True
    Split: 95
    Random state: 382554
    
Group indicies [0, 12288, 24288]
		  [12288, 24288, 24357]


	Best λ: 10.0
	Val R2: 0.6890


	Best λ: 1.0
	Val R2: 0.7012


	Best λ: 9.999999999999998e-05
	Val R2: 0.8099


	Best λ: 10.0
	Val R2: 0.7202


	Best λ: 10.0
	Val R2: 0.7194


    Finish:
    landsat-c2-l2_bands-r-g-b-nir-swir16-swir22_ZMB_20k-points_1024-features_yr-2009-2021_mn-1-12_lm-False_cm-True_wa-False_summary.feather
    sentinel-2-l2a_bands-2-3-4-8_ZMB_15k-points_1000-features_yr-2016-2022_mn-1-12_lm-False_cm-True_wa-False_summary.feather
    One-hot encoding: True
    Final Val R2:  0.8127 
    Final Test R2: 0.8192
    Total time: 255.42 minutes
    
Begin with paramters:
    F1: landsat-c2-l2_bands-r-g-b-nir-swir16-swir22_ZMB_20k-points_1024-features_yr-2009-2021_mn-1-12_lm-False_cm-True_wa-False_summary.feather
    F2: sentinel-2-l2a_bands-2-3-4-8_ZMB_15k-points_1000-features_yr-2016-2022_mn-1-12_lm-False_cm-True_wa-False_summary.feather
    One-hot encoding: True
    Split: 96
    Random state: 170555
    

	Best λ: 10.0
	Val R2: 0.6209

Group indicies [0, 12288, 24288]
		  [12288, 24288, 24357]


	Best λ: 9.999999999999998e-05
	Val R2: 0.8111


	Best λ: 10.0
	Val R2: 0.7128


	Best λ: 10.0
	Val R2: 0.6819


	Best λ: 9.999999999999998e-05
	Val R2: 0.7750


    Finish:
    landsat-c2-l2_bands-r-g-b-nir-swir16-swir22_ZMB_20k-points_1024-features_yr-2009-2021_mn-1-12_lm-False_cm-True_wa-False_summary.feather
    sentinel-2-l2a_bands-2-3-4-8_ZMB_15k-points_1000-features_yr-2016-2022_mn-1-12_lm-False_cm-True_wa-False_summary.feather
    One-hot encoding: True
    Final Val R2:  0.8121 
    Final Test R2: 0.7203
    Total time: 259.60 minutes
    
Begin with paramters:
    F1: landsat-c2-l2_bands-r-g-b-nir-swir16-swir22_ZMB_20k-points_1024-features_yr-2009-2021_mn-1-12_lm-False_cm-True_wa-False_summary.feather
    F2: sentinel-2-l2a_bands-2-3-4-8_ZMB_15k-points_1000-features_yr-2016-2022_mn-1-12_lm-False_cm-True_wa-False_summary.feather
    One-hot encoding: True
    Split: 97
    Random state: 388162
    
Group indicies [0, 12288, 24288]
		  [12288, 24288, 24357]


	Best λ: 10.0
	Val R2: 0.6615


	Best λ: 9.999999999999998e-05
	Val R2: 0.8215


	Best λ: 10.0
	Val R2: 0.6835


	Best λ: 1.0
	Val R2: 0.7194


    Finish:
    landsat-c2-l2_bands-r-g-b-nir-swir16-swir22_ZMB_20k-points_1024-features_yr-2009-2021_mn-1-12_lm-False_cm-True_wa-False_summary.feather
    sentinel-2-l2a_bands-2-3-4-8_ZMB_15k-points_1000-features_yr-2016-2022_mn-1-12_lm-False_cm-True_wa-False_summary.feather
    One-hot encoding: True
    Final Val R2:  0.7873 
    Final Test R2: 0.8426
    Total time: 228.73 minutes
    
Begin with paramters:
    F1: landsat-c2-l2_bands-r-g-b-nir-swir16-swir22_ZMB_20k-points_1024-features_yr-2009-2021_mn-1-12_lm-False_cm-True_wa-False_summary.feather
    F2: sentinel-2-l2a_bands-2-3-4-8_ZMB_15k-points_1000-features_yr-2016-2022_mn-1-12_lm-False_cm-True_wa-False_summary.feather
    One-hot encoding: True
    Split: 98
    Random state: 372528
    
Group indicies [0, 12288, 24288]
		  [12288, 24288, 24357]


	Best λ: 10.0
	Val R2: 0.6523


    Finish:
    landsat-c2-l2_bands-r-g-b-nir-swir16-swir22_ZMB_20k-points_1024-features_yr-2009-2021_mn-1-12_lm-False_cm-True_wa-False_summary.feather
    sentinel-2-l2a_bands-2-3-4-8_ZMB_15k-points_1000-features_yr-2016-2022_mn-1-12_lm-False_cm-True_wa-False_summary.feather
    One-hot encoding: True
    Final Val R2:  0.8219 
    Final Test R2: 0.8079
    Total time: 152.19 minutes
    
Begin with paramters:
    F1: landsat-c2-l2_bands-r-g-b-nir-swir16-swir22_ZMB_20k-points_1024-features_yr-2009-2021_mn-1-12_lm-False_cm-True_wa-False_summary.feather
    F2: sentinel-2-l2a_bands-2-3-4-8_ZMB_15k-points_1000-features_yr-2016-2022_mn-1-12_lm-False_cm-True_wa-False_summary.feather
    One-hot encoding: True
    Split: 99
    Random state: 219684
    
Group indicies [0, 12288, 24288]
		  [12288, 24288, 24357]


	Best λ: 0.0009999999999999998
	Val R2: 0.8089


	Best λ: 10.0
	Val R2: 0.7091


	Best λ: 1.0
	Val R2: 0.7128


	Best λ: 100.0
	Val R2: 0.6936


    Finish:
    landsat-c2-l2_bands-r-g-b-nir-swir16-swir22_ZMB_20k-points_1024-features_yr-2009-2021_mn-1-12_lm-False_cm-True_wa-False_summary.feather
    sentinel-2-l2a_bands-2-3-4-8_ZMB_15k-points_1000-features_yr-2016-2022_mn-1-12_lm-False_cm-True_wa-False_summary.feather
    One-hot encoding: True
    Final Val R2:  0.8156 
    Final Test R2: 0.8138
    Total time: 180.69 minutes
    

	Best λ: 10.0
	Val R2: 0.6924


	Best λ: 0.0009999999999999998
	Val R2: 0.8081


    Finish:
    landsat-c2-l2_bands-r-g-b-nir-swir16-swir22_ZMB_20k-points_1024-features_yr-2009-2021_mn-1-12_lm-False_cm-True_wa-False_summary.feather
    sentinel-2-l2a_bands-2-3-4-8_ZMB_15k-points_1000-features_yr-2016-2022_mn-1-12_lm-False_cm-True_wa-False_summary.feather
    One-hot encoding: True
    Final Val R2:  0.8141 
    Final Test R2: 0.8181
    Total time: 193.68 minutes
    

	Best λ: 100.0
	Val R2: 0.6822


	Best λ: 1.0
	Val R2: 0.6936


	Best λ: 10.0
	Val R2: 0.6543


	Best λ: 1.0
	Val R2: 0.7091


	Best λ: 100.0
	Val R2: 0.7073


	Best λ: 10.0
	Val R2: 0.6767


	Best λ: 10.0
	Val R2: 0.7054


	Best λ: 10.0
	Val R2: 0.6986


	Best λ: 10.0
	Val R2: 0.6605


	Best λ: 10.0
	Val R2: 0.6987


	Best λ: 10.0
	Val R2: 0.6857


	Best λ: 100.0
	Val R2: 0.6762


	Best λ: 10.0
	Val R2: 0.7003


	Best λ: 10.0
	Val R2: 0.7173


	Best λ: 0.0009999999999999998
	Val R2: 0.7999


	Best λ: 100.0
	Val R2: 0.6691


	Best λ: 0.0009999999999999998
	Val R2: 0.7844


    Finish:
    landsat-c2-l2_bands-r-g-b-nir-swir16-swir22_ZMB_20k-points_1024-features_yr-2009-2021_mn-1-12_lm-False_cm-True_wa-False_summary.feather
    sentinel-2-l2a_bands-2-3-4-8_ZMB_15k-points_1000-features_yr-2016-2022_mn-1-12_lm-False_cm-True_wa-False_summary.feather
    One-hot encoding: True
    Final Val R2:  0.7994 
    Final Test R2: 0.8167
    Total time: 274.91 minutes
    

	Best λ: 10.0
	Val R2: 0.7195


    Finish:
    landsat-c2-l2_bands-r-g-b-nir-swir16-swir22_ZMB_20k-points_1024-features_yr-2009-2021_mn-1-12_lm-False_cm-True_wa-False_summary.feather
    sentinel-2-l2a_bands-2-3-4-8_ZMB_15k-points_1000-features_yr-2016-2022_mn-1-12_lm-False_cm-True_wa-False_summary.feather
    One-hot encoding: True
    Final Val R2:  0.7838 
    Final Test R2: 0.7698
    Total time: 128.68 minutes
    

	Best λ: 9.999999999999998e-05
	Val R2: 0.7900


	Best λ: 10.0
	Val R2: 0.6976


	Best λ: 0.0009999999999999998
	Val R2: 0.7796


    Finish:
    landsat-c2-l2_bands-r-g-b-nir-swir16-swir22_ZMB_20k-points_1024-features_yr-2009-2021_mn-1-12_lm-False_cm-True_wa-False_summary.feather
    sentinel-2-l2a_bands-2-3-4-8_ZMB_15k-points_1000-features_yr-2016-2022_mn-1-12_lm-False_cm-True_wa-False_summary.feather
    One-hot encoding: True
    Final Val R2:  0.7933 
    Final Test R2: 0.7815
    Total time: 166.02 minutes
    

    Finish:
    landsat-c2-l2_bands-r-g-b-nir-swir16-swir22_ZMB_20k-points_1024-features_yr-2009-2021_mn-1-12_lm-False_cm-True_wa-False_summary.feather
    sentinel-2-l2a_bands-2-3-4-8_ZMB_15k-points_1000-features_yr-2016-2022_mn-1-12_lm-False_cm-True_wa-False_summary.feather
    One-hot encoding: True
    Final Val R2:  0.7840 
    Final Test R2: 0.7979
    Total time: 207.02 minutes
    

	Best λ: 0.0009999999999999998
	Val R2: 0.7408


	Best λ: 0.0009999999999999998
	Val R2: 0.7910


	Best λ: 10.0
	Val R2: 0.7000


    Finish:
    landsat-c2-l2_bands-r-g-b-nir-swir16-swir22_ZMB_20k-points_1024-features_yr-2009-2021_mn-1-12_lm-False_cm-True_wa-False_summary.feather
    sentinel-2-l2a_bands-2-3-4-8_ZMB_15k-points_1000-features_yr-2016-2022_mn-1-12_lm-False_cm-True_wa-False_summary.feather
    One-hot encoding: True
    Final Val R2:  0.7504 
    Final Test R2: 0.8093
    Total time: 146.82 minutes
    

    Finish:
    landsat-c2-l2_bands-r-g-b-nir-swir16-swir22_ZMB_20k-points_1024-features_yr-2009-2021_mn-1-12_lm-False_cm-True_wa-False_summary.feather
    sentinel-2-l2a_bands-2-3-4-8_ZMB_15k-points_1000-features_yr-2016-2022_mn-1-12_lm-False_cm-True_wa-False_summary.feather
    One-hot encoding: True
    Final Val R2:  0.7985 
    Final Test R2: 0.7651
    Total time: 146.01 minutes
    

	Best λ: 0.0009999999999999998
	Val R2: 0.7748


    Finish:
    landsat-c2-l2_bands-r-g-b-nir-swir16-swir22_ZMB_20k-points_1024-features_yr-2009-2021_mn-1-12_lm-False_cm-True_wa-False_summary.feather
    sentinel-2-l2a_bands-2-3-4-8_ZMB_15k-points_1000-features_yr-2016-2022_mn-1-12_lm-False_cm-True_wa-False_summary.feather
    One-hot encoding: True
    Final Val R2:  0.7787 
    Final Test R2: 0.7751
    Total time: 190.63 minutes
    

	Best λ: 0.0009999999999999998
	Val R2: 0.7494


	Best λ: 0.0009999999999999998
	Val R2: 0.7431


    Finish:
    landsat-c2-l2_bands-r-g-b-nir-swir16-swir22_ZMB_20k-points_1024-features_yr-2009-2021_mn-1-12_lm-False_cm-True_wa-False_summary.feather
    sentinel-2-l2a_bands-2-3-4-8_ZMB_15k-points_1000-features_yr-2016-2022_mn-1-12_lm-False_cm-True_wa-False_summary.feather
    One-hot encoding: True
    Final Val R2:  0.7713 
    Final Test R2: 0.8295
    Total time: 187.20 minutes
    

    Finish:
    landsat-c2-l2_bands-r-g-b-nir-swir16-swir22_ZMB_20k-points_1024-features_yr-2009-2021_mn-1-12_lm-False_cm-True_wa-False_summary.feather
    sentinel-2-l2a_bands-2-3-4-8_ZMB_15k-points_1000-features_yr-2016-2022_mn-1-12_lm-False_cm-True_wa-False_summary.feather
    One-hot encoding: True
    Final Val R2:  0.7505 
    Final Test R2: 0.8357
    Total time: 195.31 minutes
    

	Best λ: 0.0009999999999999998
	Val R2: 0.7716


	Best λ: 9.999999999999998e-05
	Val R2: 0.7473


    Finish:
    landsat-c2-l2_bands-r-g-b-nir-swir16-swir22_ZMB_20k-points_1024-features_yr-2009-2021_mn-1-12_lm-False_cm-True_wa-False_summary.feather
    sentinel-2-l2a_bands-2-3-4-8_ZMB_15k-points_1000-features_yr-2016-2022_mn-1-12_lm-False_cm-True_wa-False_summary.feather
    One-hot encoding: True
    Final Val R2:  0.7544 
    Final Test R2: 0.8056
    Total time: 168.59 minutes
    

    Finish:
    landsat-c2-l2_bands-r-g-b-nir-swir16-swir22_ZMB_20k-points_1024-features_yr-2009-2021_mn-1-12_lm-False_cm-True_wa-False_summary.feather
    sentinel-2-l2a_bands-2-3-4-8_ZMB_15k-points_1000-features_yr-2016-2022_mn-1-12_lm-False_cm-True_wa-False_summary.feather
    One-hot encoding: True
    Final Val R2:  0.7822 
    Final Test R2: 0.7881
    Total time: 179.87 minutes
    

	Best λ: 9.999999999999998e-05
	Val R2: 0.8008


	Best λ: 9.999999999999998e-05
	Val R2: 0.7830


    Finish:
    landsat-c2-l2_bands-r-g-b-nir-swir16-swir22_ZMB_20k-points_1024-features_yr-2009-2021_mn-1-12_lm-False_cm-True_wa-False_summary.feather
    sentinel-2-l2a_bands-2-3-4-8_ZMB_15k-points_1000-features_yr-2016-2022_mn-1-12_lm-False_cm-True_wa-False_summary.feather
    One-hot encoding: True
    Final Val R2:  0.8094 
    Final Test R2: 0.7443
    Total time: 201.62 minutes
    

    Finish:
    landsat-c2-l2_bands-r-g-b-nir-swir16-swir22_ZMB_20k-points_1024-features_yr-2009-2021_mn-1-12_lm-False_cm-True_wa-False_summary.feather
    sentinel-2-l2a_bands-2-3-4-8_ZMB_15k-points_1000-features_yr-2016-2022_mn-1-12_lm-False_cm-True_wa-False_summary.feather
    One-hot encoding: True
    Final Val R2:  0.7922 
    Final Test R2: 0.8268
    Total time: 152.09 minutes
    

	Best λ: 9.999999999999997e-06
	Val R2: 0.7898


	Best λ: 0.0009999999999999998
	Val R2: 0.8046


    Finish:
    landsat-c2-l2_bands-r-g-b-nir-swir16-swir22_ZMB_20k-points_1024-features_yr-2009-2021_mn-1-12_lm-False_cm-True_wa-False_summary.feather
    sentinel-2-l2a_bands-2-3-4-8_ZMB_15k-points_1000-features_yr-2016-2022_mn-1-12_lm-False_cm-True_wa-False_summary.feather
    One-hot encoding: True
    Final Val R2:  0.8050 
    Final Test R2: 0.8360
    Total time: 202.24 minutes
    

	Best λ: 9.999999999999998e-05
	Val R2: 0.8266


    Finish:
    landsat-c2-l2_bands-r-g-b-nir-swir16-swir22_ZMB_20k-points_1024-features_yr-2009-2021_mn-1-12_lm-False_cm-True_wa-False_summary.feather
    sentinel-2-l2a_bands-2-3-4-8_ZMB_15k-points_1000-features_yr-2016-2022_mn-1-12_lm-False_cm-True_wa-False_summary.feather
    One-hot encoding: True
    Final Val R2:  0.8106 
    Final Test R2: 0.8022
    Total time: 176.68 minutes
    

    Finish:
    landsat-c2-l2_bands-r-g-b-nir-swir16-swir22_ZMB_20k-points_1024-features_yr-2009-2021_mn-1-12_lm-False_cm-True_wa-False_summary.feather
    sentinel-2-l2a_bands-2-3-4-8_ZMB_15k-points_1000-features_yr-2016-2022_mn-1-12_lm-False_cm-True_wa-False_summary.feather
    One-hot encoding: True
    Final Val R2:  0.8269 
    Final Test R2: 0.7564
    Total time: 207.13 minutes
    

	Best λ: 0.0009999999999999998
	Val R2: 0.7843


    Finish:
    landsat-c2-l2_bands-r-g-b-nir-swir16-swir22_ZMB_20k-points_1024-features_yr-2009-2021_mn-1-12_lm-False_cm-True_wa-False_summary.feather
    sentinel-2-l2a_bands-2-3-4-8_ZMB_15k-points_1000-features_yr-2016-2022_mn-1-12_lm-False_cm-True_wa-False_summary.feather
    One-hot encoding: True
    Final Val R2:  0.7859 
    Final Test R2: 0.8696
    Total time: 200.16 minutes
    

	Best λ: 9.999999999999997e-07
	Val R2: 0.7882


    Finish:
    landsat-c2-l2_bands-r-g-b-nir-swir16-swir22_ZMB_20k-points_1024-features_yr-2009-2021_mn-1-12_lm-False_cm-True_wa-False_summary.feather
    sentinel-2-l2a_bands-2-3-4-8_ZMB_15k-points_1000-features_yr-2016-2022_mn-1-12_lm-False_cm-True_wa-False_summary.feather
    One-hot encoding: True
    Final Val R2:  0.7930 
    Final Test R2: 0.7627
    Total time: 293.71 minutes
    

	Best λ: 9.999999999999998e-05
	Val R2: 0.7931


    Finish:
    landsat-c2-l2_bands-r-g-b-nir-swir16-swir22_ZMB_20k-points_1024-features_yr-2009-2021_mn-1-12_lm-False_cm-True_wa-False_summary.feather
    sentinel-2-l2a_bands-2-3-4-8_ZMB_15k-points_1000-features_yr-2016-2022_mn-1-12_lm-False_cm-True_wa-False_summary.feather
    One-hot encoding: True
    Final Val R2:  0.7975 
    Final Test R2: 0.8511
    Total time: 212.12 minutes
    

	Best λ: 9.999999999999995e-17
	Val R2: 0.7932


    Finish:
    landsat-c2-l2_bands-r-g-b-nir-swir16-swir22_ZMB_20k-points_1024-features_yr-2009-2021_mn-1-12_lm-False_cm-True_wa-False_summary.feather
    sentinel-2-l2a_bands-2-3-4-8_ZMB_15k-points_1000-features_yr-2016-2022_mn-1-12_lm-False_cm-True_wa-False_summary.feather
    One-hot encoding: True
    Final Val R2:  0.7978 
    Final Test R2: 0.8408
    Total time: 858.84 minutes
    
/home/cmolitor/anaconda3/envs/mosaiks-env-mpi/lib/python3.9/site-packages/sklearn/model_selection/_validation.py:378: FitFailedWarning: 
3 fits failed out of a total of 5.
The score on these train-test partitions for these parameters will be set to nan.
If these failures are not expected, you can try to debug them by setting error_score='raise'.

Below are more details about the failures:
--------------------------------------------------------------------------------
3 fits failed with the following error:
Traceback (most recent call last):
  File "/home/cmolitor/anaconda3/envs/mosaiks-env-mpi/lib/python3.9/site-packages/sklearn/model_selection/_validation.py", line 686, in _fit_and_score
    estimator.fit(X_train, y_train, **fit_params)
  File "/home/cmolitor/anaconda3/envs/mosaiks-env-mpi/lib/python3.9/site-packages/glum/_glm.py", line 2506, in fit
    coef = self._solve(
  File "/home/cmolitor/anaconda3/envs/mosaiks-env-mpi/lib/python3.9/site-packages/glum/_glm.py", line 1005, in _solve
    coef, self.n_iter_, self._n_cycles, self.diagnostics_ = _irls_solver(
  File "/home/cmolitor/anaconda3/envs/mosaiks-env-mpi/lib/python3.9/site-packages/glum/_solvers.py", line 315, in _irls_solver
    d, n_cycles_this_iter = inner_solver(state, data, hessian)
  File "/home/cmolitor/anaconda3/envs/mosaiks-env-mpi/lib/python3.9/site-packages/glum/_solvers.py", line 36, in inner_fct
    out = fct(*args, **kwargs)
  File "/home/cmolitor/anaconda3/envs/mosaiks-env-mpi/lib/python3.9/site-packages/glum/_solvers.py", line 52, in _least_squares_solver
    d = linalg.solve(hessian, state.score, assume_a="pos")
  File "/home/cmolitor/anaconda3/envs/mosaiks-env-mpi/lib/python3.9/site-packages/scipy/linalg/_basic.py", line 257, in solve
    _solve_check(n, info)
  File "/home/cmolitor/anaconda3/envs/mosaiks-env-mpi/lib/python3.9/site-packages/scipy/linalg/_basic.py", line 29, in _solve_check
    raise LinAlgError('Matrix is singular.')
numpy.linalg.LinAlgError: Matrix is singular.

  warnings.warn(some_fits_failed_message, FitFailedWarning)
/home/cmolitor/anaconda3/envs/mosaiks-env-mpi/lib/python3.9/site-packages/sklearn/model_selection/_validation.py:378: FitFailedWarning: 
4 fits failed out of a total of 5.
The score on these train-test partitions for these parameters will be set to nan.
If these failures are not expected, you can try to debug them by setting error_score='raise'.

Below are more details about the failures:
--------------------------------------------------------------------------------
4 fits failed with the following error:
Traceback (most recent call last):
  File "/home/cmolitor/anaconda3/envs/mosaiks-env-mpi/lib/python3.9/site-packages/sklearn/model_selection/_validation.py", line 686, in _fit_and_score
    estimator.fit(X_train, y_train, **fit_params)
  File "/home/cmolitor/anaconda3/envs/mosaiks-env-mpi/lib/python3.9/site-packages/glum/_glm.py", line 2506, in fit
    coef = self._solve(
  File "/home/cmolitor/anaconda3/envs/mosaiks-env-mpi/lib/python3.9/site-packages/glum/_glm.py", line 1005, in _solve
    coef, self.n_iter_, self._n_cycles, self.diagnostics_ = _irls_solver(
  File "/home/cmolitor/anaconda3/envs/mosaiks-env-mpi/lib/python3.9/site-packages/glum/_solvers.py", line 315, in _irls_solver
    d, n_cycles_this_iter = inner_solver(state, data, hessian)
  File "/home/cmolitor/anaconda3/envs/mosaiks-env-mpi/lib/python3.9/site-packages/glum/_solvers.py", line 36, in inner_fct
    out = fct(*args, **kwargs)
  File "/home/cmolitor/anaconda3/envs/mosaiks-env-mpi/lib/python3.9/site-packages/glum/_solvers.py", line 52, in _least_squares_solver
    d = linalg.solve(hessian, state.score, assume_a="pos")
  File "/home/cmolitor/anaconda3/envs/mosaiks-env-mpi/lib/python3.9/site-packages/scipy/linalg/_basic.py", line 257, in solve
    _solve_check(n, info)
  File "/home/cmolitor/anaconda3/envs/mosaiks-env-mpi/lib/python3.9/site-packages/scipy/linalg/_basic.py", line 29, in _solve_check
    raise LinAlgError('Matrix is singular.')
numpy.linalg.LinAlgError: Matrix is singular.

  warnings.warn(some_fits_failed_message, FitFailedWarning)

	Best λ: 9.999999999999995e-18
	Val R2: 0.7963


    Finish:
    landsat-c2-l2_bands-r-g-b-nir-swir16-swir22_ZMB_20k-points_1024-features_yr-2009-2021_mn-1-12_lm-False_cm-True_wa-False_summary.feather
    sentinel-2-l2a_bands-2-3-4-8_ZMB_15k-points_1000-features_yr-2016-2022_mn-1-12_lm-False_cm-True_wa-False_summary.feather
    One-hot encoding: True
    Final Val R2:  0.8004 
    Final Test R2: 0.8371
    Total time: 954.96 minutes
    

	Best λ: 9.999999999999995e-18
	Val R2: 0.7647


    Finish:
    landsat-c2-l2_bands-r-g-b-nir-swir16-swir22_ZMB_20k-points_1024-features_yr-2009-2021_mn-1-12_lm-False_cm-True_wa-False_summary.feather
    sentinel-2-l2a_bands-2-3-4-8_ZMB_15k-points_1000-features_yr-2016-2022_mn-1-12_lm-False_cm-True_wa-False_summary.feather
    One-hot encoding: True
    Final Val R2:  0.7640 
    Final Test R2: 0.8234
    Total time: 878.27 minutes
    
Saving results as: 2_sensor_top-mod_n-splits-100_2023-04-20.csv


Saving results as: 2_sensor_top-mod_oos_preds_n-splits-100_2023-04-20.csv


