Begin with paramters:
    F1: landsat-c2-l2_bands-r-g-b-nir-swir16-swir22_ZMB_20k-points_1024-features_yr-2009-2021_mn-1-12_lm-False_cm-True_wa-False_summary.feather
    F2: sentinel-2-l2a_bands-2-3-4-8_ZMB_15k-points_1000-features_yr-2016-2022_mn-1-12_lm-False_cm-True_wa-False_summary.feather
    One-hot encoding: True
    Split: 0
    Random state: 670487
    
Begin with paramters:
    F1: landsat-c2-l2_bands-r-g-b-nir-swir16-swir22_ZMB_20k-points_1024-features_yr-2009-2021_mn-1-12_lm-False_cm-True_wa-False_summary.feather
    F2: sentinel-2-l2a_bands-2-3-4-8_ZMB_15k-points_1000-features_yr-2016-2022_mn-1-12_lm-False_cm-True_wa-False_summary.feather
    One-hot encoding: True
    Split: 1
    Random state: 116739
    
Begin with paramters:
    F1: landsat-c2-l2_bands-r-g-b-nir-swir16-swir22_ZMB_20k-points_1024-features_yr-2009-2021_mn-1-12_lm-False_cm-True_wa-False_summary.feather
    F2: sentinel-2-l2a_bands-2-3-4-8_ZMB_15k-points_1000-features_yr-2016-2022_mn-1-12_lm-False_cm-True_wa-False_summary.feather
    One-hot encoding: True
    Split: 3
    Random state: 777572
    
Begin with paramters:
    F1: landsat-c2-l2_bands-r-g-b-nir-swir16-swir22_ZMB_20k-points_1024-features_yr-2009-2021_mn-1-12_lm-False_cm-True_wa-False_summary.feather
    F2: sentinel-2-l2a_bands-2-3-4-8_ZMB_15k-points_1000-features_yr-2016-2022_mn-1-12_lm-False_cm-True_wa-False_summary.feather
    One-hot encoding: True
    Split: 4
    Random state: 288389
    
Begin with paramters:
    F1: landsat-c2-l2_bands-r-g-b-nir-swir16-swir22_ZMB_20k-points_1024-features_yr-2009-2021_mn-1-12_lm-False_cm-True_wa-False_summary.feather
    F2: sentinel-2-l2a_bands-2-3-4-8_ZMB_15k-points_1000-features_yr-2016-2022_mn-1-12_lm-False_cm-True_wa-False_summary.feather
    One-hot encoding: True
    Split: 2
    Random state: 26225
    
Begin with paramters:
    F1: landsat-c2-l2_bands-r-g-b-nir-swir16-swir22_ZMB_20k-points_1024-features_yr-2009-2021_mn-1-12_lm-False_cm-True_wa-False_summary.feather
    F2: sentinel-2-l2a_bands-2-3-4-8_ZMB_15k-points_1000-features_yr-2016-2022_mn-1-12_lm-False_cm-True_wa-False_summary.feather
    One-hot encoding: True
    Split: 5
    Random state: 256787
    
Begin with paramters:
    F1: landsat-c2-l2_bands-r-g-b-nir-swir16-swir22_ZMB_20k-points_1024-features_yr-2009-2021_mn-1-12_lm-False_cm-True_wa-False_summary.feather
    F2: sentinel-2-l2a_bands-2-3-4-8_ZMB_15k-points_1000-features_yr-2016-2022_mn-1-12_lm-False_cm-True_wa-False_summary.feather
    One-hot encoding: True
    Split: 7
    Random state: 146316
    
Begin with paramters:
    F1: landsat-c2-l2_bands-r-g-b-nir-swir16-swir22_ZMB_20k-points_1024-features_yr-2009-2021_mn-1-12_lm-False_cm-True_wa-False_summary.feather
    F2: sentinel-2-l2a_bands-2-3-4-8_ZMB_15k-points_1000-features_yr-2016-2022_mn-1-12_lm-False_cm-True_wa-False_summary.feather
    One-hot encoding: True
    Split: 9
    Random state: 107473
    
Begin with paramters:
    F1: landsat-c2-l2_bands-r-g-b-nir-swir16-swir22_ZMB_20k-points_1024-features_yr-2009-2021_mn-1-12_lm-False_cm-True_wa-False_summary.feather
    F2: sentinel-2-l2a_bands-2-3-4-8_ZMB_15k-points_1000-features_yr-2016-2022_mn-1-12_lm-False_cm-True_wa-False_summary.feather
    One-hot encoding: True
    Split: 8
    Random state: 772246
    
Begin with paramters:
    F1: landsat-c2-l2_bands-r-g-b-nir-swir16-swir22_ZMB_20k-points_1024-features_yr-2009-2021_mn-1-12_lm-False_cm-True_wa-False_summary.feather
    F2: sentinel-2-l2a_bands-2-3-4-8_ZMB_15k-points_1000-features_yr-2016-2022_mn-1-12_lm-False_cm-True_wa-True_summary.feather
    One-hot encoding: True
    Split: 0
    Random state: 670487
    
Begin with paramters:
    F1: landsat-c2-l2_bands-r-g-b-nir-swir16-swir22_ZMB_20k-points_1024-features_yr-2009-2021_mn-1-12_lm-False_cm-True_wa-False_summary.feather
    F2: sentinel-2-l2a_bands-2-3-4-8_ZMB_15k-points_1000-features_yr-2016-2022_mn-1-12_lm-False_cm-True_wa-False_summary.feather
    One-hot encoding: True
    Split: 6
    Random state: 234053
    
Begin with paramters:
    F1: landsat-c2-l2_bands-r-g-b-nir-swir16-swir22_ZMB_20k-points_1024-features_yr-2009-2021_mn-1-12_lm-False_cm-True_wa-False_summary.feather
    F2: sentinel-2-l2a_bands-2-3-4-8_ZMB_15k-points_1000-features_yr-2016-2022_mn-1-12_lm-False_cm-True_wa-True_summary.feather
    One-hot encoding: True
    Split: 1
    Random state: 116739
    
Begin with paramters:
    F1: landsat-c2-l2_bands-r-g-b-nir-swir16-swir22_ZMB_20k-points_1024-features_yr-2009-2021_mn-1-12_lm-False_cm-True_wa-False_summary.feather
    F2: sentinel-2-l2a_bands-2-3-4-8_ZMB_15k-points_1000-features_yr-2016-2022_mn-1-12_lm-False_cm-True_wa-True_summary.feather
    One-hot encoding: True
    Split: 3
    Random state: 777572
    
Begin with paramters:
    F1: landsat-c2-l2_bands-r-g-b-nir-swir16-swir22_ZMB_20k-points_1024-features_yr-2009-2021_mn-1-12_lm-False_cm-True_wa-False_summary.feather
    F2: sentinel-2-l2a_bands-2-3-4-8_ZMB_15k-points_1000-features_yr-2016-2022_mn-1-12_lm-False_cm-True_wa-True_summary.feather
    One-hot encoding: True
    Split: 5
    Random state: 256787
    
Begin with paramters:
    F1: landsat-c2-l2_bands-r-g-b-nir-swir16-swir22_ZMB_20k-points_1024-features_yr-2009-2021_mn-1-12_lm-False_cm-True_wa-False_summary.feather
    F2: sentinel-2-l2a_bands-2-3-4-8_ZMB_15k-points_1000-features_yr-2016-2022_mn-1-12_lm-False_cm-True_wa-True_summary.feather
    One-hot encoding: True
    Split: 4
    Random state: 288389
    
Begin with paramters:
    F1: landsat-c2-l2_bands-r-g-b-nir-swir16-swir22_ZMB_20k-points_1024-features_yr-2009-2021_mn-1-12_lm-False_cm-True_wa-False_summary.feather
    F2: sentinel-2-l2a_bands-2-3-4-8_ZMB_15k-points_1000-features_yr-2016-2022_mn-1-12_lm-False_cm-True_wa-True_summary.feather
    One-hot encoding: True
    Split: 2
    Random state: 26225
    
Begin with paramters:
    F1: landsat-c2-l2_bands-r-g-b-nir-swir16-swir22_ZMB_20k-points_1024-features_yr-2009-2021_mn-1-12_lm-False_cm-True_wa-False_summary.feather
    F2: sentinel-2-l2a_bands-2-3-4-8_ZMB_15k-points_1000-features_yr-2016-2022_mn-1-12_lm-False_cm-True_wa-True_summary.feather
    One-hot encoding: True
    Split: 6
    Random state: 234053
    
Begin with paramters:
    F1: landsat-c2-l2_bands-r-g-b-nir-swir16-swir22_ZMB_20k-points_1024-features_yr-2009-2021_mn-1-12_lm-False_cm-True_wa-False_summary.feather
    F2: sentinel-2-l2a_bands-2-3-4-8_ZMB_15k-points_1000-features_yr-2016-2022_mn-1-12_lm-False_cm-True_wa-True_summary.feather
    One-hot encoding: True
    Split: 7
    Random state: 146316
    
Begin with paramters:
    F1: landsat-c2-l2_bands-r-g-b-nir-swir16-swir22_ZMB_20k-points_1024-features_yr-2009-2021_mn-1-12_lm-False_cm-True_wa-False_summary.feather
    F2: sentinel-2-l2a_bands-2-3-4-8_ZMB_15k-points_1000-features_yr-2016-2022_mn-1-12_lm-False_cm-True_wa-True_summary.feather
    One-hot encoding: True
    Split: 8
    Random state: 772246
    
Begin with paramters:
    F1: landsat-c2-l2_bands-r-g-b-nir-swir16-swir22_ZMB_20k-points_1024-features_yr-2009-2021_mn-1-12_lm-False_cm-True_wa-False_summary.feather
    F2: sentinel-2-l2a_bands-2-3-4_ZMB_15k-points_1000-features_yr-2016-2022_mn-1-12_lm-False_cm-True_wa-False_summary.feather
    One-hot encoding: True
    Split: 1
    Random state: 116739
    
Begin with paramters:
    F1: landsat-c2-l2_bands-r-g-b-nir-swir16-swir22_ZMB_20k-points_1024-features_yr-2009-2021_mn-1-12_lm-False_cm-True_wa-False_summary.feather
    F2: sentinel-2-l2a_bands-2-3-4-8_ZMB_15k-points_1000-features_yr-2016-2022_mn-1-12_lm-False_cm-True_wa-True_summary.feather
    One-hot encoding: True
    Split: 9
    Random state: 107473
    
Begin with paramters:
    F1: landsat-c2-l2_bands-r-g-b-nir-swir16-swir22_ZMB_20k-points_1024-features_yr-2009-2021_mn-1-12_lm-False_cm-True_wa-False_summary.feather
    F2: sentinel-2-l2a_bands-2-3-4_ZMB_15k-points_1000-features_yr-2016-2022_mn-1-12_lm-False_cm-True_wa-False_summary.feather
    One-hot encoding: True
    Split: 0
    Random state: 670487
    
Begin with paramters:
    F1: landsat-c2-l2_bands-r-g-b-nir-swir16-swir22_ZMB_20k-points_1024-features_yr-2009-2021_mn-1-12_lm-False_cm-True_wa-False_summary.feather
    F2: sentinel-2-l2a_bands-2-3-4_ZMB_15k-points_1000-features_yr-2016-2022_mn-1-12_lm-False_cm-True_wa-False_summary.feather
    One-hot encoding: True
    Split: 2
    Random state: 26225
    
Begin with paramters:
    F1: landsat-c2-l2_bands-r-g-b-nir-swir16-swir22_ZMB_20k-points_1024-features_yr-2009-2021_mn-1-12_lm-False_cm-True_wa-False_summary.feather
    F2: sentinel-2-l2a_bands-2-3-4_ZMB_15k-points_1000-features_yr-2016-2022_mn-1-12_lm-False_cm-True_wa-False_summary.feather
    One-hot encoding: True
    Split: 4
    Random state: 288389
    
Begin with paramters:
    F1: landsat-c2-l2_bands-r-g-b-nir-swir16-swir22_ZMB_20k-points_1024-features_yr-2009-2021_mn-1-12_lm-False_cm-True_wa-False_summary.feather
    F2: sentinel-2-l2a_bands-2-3-4_ZMB_15k-points_1000-features_yr-2016-2022_mn-1-12_lm-False_cm-True_wa-False_summary.feather
    One-hot encoding: True
    Split: 5
    Random state: 256787
    
Begin with paramters:
    F1: landsat-c2-l2_bands-r-g-b-nir-swir16-swir22_ZMB_20k-points_1024-features_yr-2009-2021_mn-1-12_lm-False_cm-True_wa-False_summary.feather
    F2: sentinel-2-l2a_bands-2-3-4_ZMB_15k-points_1000-features_yr-2016-2022_mn-1-12_lm-False_cm-True_wa-False_summary.feather
    One-hot encoding: True
    Split: 3
    Random state: 777572
    
Begin with paramters:
    F1: landsat-c2-l2_bands-r-g-b-nir-swir16-swir22_ZMB_20k-points_1024-features_yr-2009-2021_mn-1-12_lm-False_cm-True_wa-False_summary.feather
    F2: sentinel-2-l2a_bands-2-3-4_ZMB_15k-points_1000-features_yr-2016-2022_mn-1-12_lm-False_cm-True_wa-False_summary.feather
    One-hot encoding: True
    Split: 7
    Random state: 146316
    
Begin with paramters:
    F1: landsat-c2-l2_bands-r-g-b-nir-swir16-swir22_ZMB_20k-points_1024-features_yr-2009-2021_mn-1-12_lm-False_cm-True_wa-False_summary.feather
    F2: sentinel-2-l2a_bands-2-3-4_ZMB_15k-points_1000-features_yr-2016-2022_mn-1-12_lm-False_cm-True_wa-False_summary.feather
    One-hot encoding: True
    Split: 6
    Random state: 234053
    
Begin with paramters:
    F1: landsat-c2-l2_bands-r-g-b-nir-swir16-swir22_ZMB_20k-points_1024-features_yr-2009-2021_mn-1-12_lm-False_cm-True_wa-False_summary.feather
    F2: sentinel-2-l2a_bands-2-3-4_ZMB_15k-points_1000-features_yr-2016-2022_mn-1-12_lm-False_cm-True_wa-False_summary.feather
    One-hot encoding: True
    Split: 8
    Random state: 772246
    
Begin with paramters:
    F1: landsat-c2-l2_bands-r-g-b-nir-swir16-swir22_ZMB_20k-points_1024-features_yr-2009-2021_mn-1-12_lm-False_cm-True_wa-False_summary.feather
    F2: sentinel-2-l2a_bands-2-3-4_ZMB_15k-points_1000-features_yr-2016-2022_mn-1-12_lm-False_cm-True_wa-False_summary.feather
    One-hot encoding: True
    Split: 9
    Random state: 107473
    
Group indicies [0, 12288, 24288]
		  [12288, 24288, 24357]

Group indicies [0, 12288, 24288]
		  [12288, 24288, 24357]

Group indicies [0, 12288, 24288]
		  [12288, 24288, 24357]

Group indicies [0, 12288, 24288]
		  [12288, 24288, 24357]

Group indicies [0, 12288, 24288]
		  [12288, 24288, 24357]

Group indicies [0, 12288, 24288]
		  [12288, 24288, 24357]

Group indicies [0, 12288, 24288]
		  [12288, 24288, 24357]

Group indicies [0, 12288, 24288]
		  [12288, 24288, 24357]

Group indicies [0, 12288, 24288]
		  [12288, 24288, 24357]

Group indicies [0, 12288, 24288]
		  [12288, 24288, 24357]

Group indicies [0, 12288, 24288]
		  [12288, 24288, 24357]

Group indicies [0, 12288, 24288]
		  [12288, 24288, 24357]

Group indicies [0, 12288, 24288]
		  [12288, 24288, 24357]

Group indicies [0, 12288, 24288]
		  [12288, 24288, 24357]

Group indicies [0, 12288, 24288]
		  [12288, 24288, 24357]

Group indicies [0, 12288, 24288]
		  [12288, 24288, 24357]

Group indicies [0, 12288, 24288]
		  [12288, 24288, 24357]

Group indicies [0, 12288, 24288]
		  [12288, 24288, 24357]

Group indicies [0, 12288, 24288]
		  [12288, 24288, 24357]

Group indicies [0, 12288, 24288]
		  [12288, 24288, 24357]

Group indicies [0, 12288, 24288]
		  [12288, 24288, 24357]

Group indicies [0, 12288, 24288]
		  [12288, 24288, 24357]

Group indicies [0, 12288, 24288]
		  [12288, 24288, 24357]

Group indicies [0, 12288, 24288]
		  [12288, 24288, 24357]

Group indicies [0, 12288, 24288]
		  [12288, 24288, 24357]

Group indicies [0, 12288, 24288]
		  [12288, 24288, 24357]

Group indicies [0, 12288, 24288]
		  [12288, 24288, 24357]

Group indicies [0, 12288, 24288]
		  [12288, 24288, 24357]

Group indicies [0, 12288, 24288]
		  [12288, 24288, 24357]

Group indicies [0, 12288, 24288]
		  [12288, 24288, 24357]


dict_keys([0.09999999999999999, 1.0, 10.0, 100.0, 1000.0])
Best λ: 100.0
Best score: 0.7248688890865885

	Best λ: 100.0
	Val R2: 0.7249


dict_keys([0.09999999999999999, 1.0, 10.0])
Best λ: 1.0
Best score: 0.5830632874123388

	Best λ: 1.0
	Val R2: 0.5831


dict_keys([0.09999999999999999, 1.0, 10.0, 100.0])
Best λ: 10.0
Best score: 0.550258431657834

	Best λ: 10.0
	Val R2: 0.5503


dict_keys([0.09999999999999999, 1.0, 10.0])
Best λ: 1.0
Best score: 0.7248688890865885

	Best λ: 1.0
	Val R2: 0.7249


dict_keys([0.09999999999999999, 1.0, 10.0, 100.0])
Best λ: 10.0
Best score: 0.5860143819438466

	Best λ: 10.0
	Val R2: 0.5860


dict_keys([0.09999999999999999, 1.0, 10.0, 100.0])
Best λ: 10.0
Best score: 0.6607354479808654

	Best λ: 10.0
	Val R2: 0.6607


dict_keys([0.09999999999999999, 1.0, 10.0, 100.0])
Best λ: 10.0
Best score: 0.5904344328863786

	Best λ: 10.0
	Val R2: 0.5904


dict_keys([0.09999999999999999, 1.0, 10.0, 100.0])
Best λ: 10.0
Best score: 0.6541959537901679

	Best λ: 10.0
	Val R2: 0.6542


dict_keys([0.09999999999999999, 1.0, 10.0, 100.0])
Best λ: 10.0
Best score: 0.682464659530428

	Best λ: 10.0
	Val R2: 0.6825


dict_keys([0.09999999999999999, 1.0, 10.0, 100.0])
Best λ: 10.0
Best score: 0.6369365542489747

	Best λ: 10.0
	Val R2: 0.6369


dict_keys([0.09999999999999999, 1.0, 10.0, 100.0])
Best λ: 10.0
Best score: 0.6796725599871211

	Best λ: 10.0
	Val R2: 0.6797


dict_keys([0.09999999999999999, 1.0, 10.0, 100.0])
Best λ: 10.0
Best score: 0.6308654310788124

	Best λ: 10.0
	Val R2: 0.6309


dict_keys([0.09999999999999999, 1.0, 10.0, 100.0])
Best λ: 10.0
Best score: 0.6619590094943548

	Best λ: 10.0
	Val R2: 0.6620


dict_keys([0.09999999999999999, 1.0, 10.0, 100.0])
Best λ: 10.0
Best score: 0.6696223771669008

	Best λ: 10.0
	Val R2: 0.6696


dict_keys([0.09999999999999999, 1.0, 10.0])
Best λ: 1.0
Best score: 0.5852028840944297

	Best λ: 1.0
	Val R2: 0.5852


dict_keys([0.09999999999999999, 1.0, 10.0])
Best λ: 1.0
Best score: 0.6017215753937195

	Best λ: 1.0
	Val R2: 0.6017


dict_keys([0.09999999999999999, 1.0, 10.0])
Best λ: 1.0
Best score: 0.5658008858420367

	Best λ: 1.0
	Val R2: 0.5658


dict_keys([0.09999999999999999, 1.0, 10.0, 100.0, 1000.0])
Best λ: 100.0
Best score: 0.6297803066315801

	Best λ: 100.0
	Val R2: 0.6298


dict_keys([0.09999999999999999, 1.0, 10.0, 100.0])
Best λ: 10.0
Best score: 0.6611095309022785

	Best λ: 10.0
	Val R2: 0.6611


dict_keys([0.09999999999999999, 1.0, 10.0, 100.0])
Best λ: 10.0
Best score: 0.6691809213618156

	Best λ: 10.0
	Val R2: 0.6692


dict_keys([0.09999999999999999, 1.0, 10.0, 100.0, 1000.0])
Best λ: 100.0
Best score: 0.6175266569207712

	Best λ: 100.0
	Val R2: 0.6175


dict_keys([0.09999999999999999, 1.0, 10.0, 100.0])
Best λ: 10.0
Best score: 0.6617008322561906

	Best λ: 10.0
	Val R2: 0.6617


dict_keys([0.09999999999999999, 1.0, 10.0, 100.0, 1000.0])
Best λ: 100.0
Best score: 0.6932643257775812

	Best λ: 100.0
	Val R2: 0.6933


dict_keys([0.09999999999999999, 1.0, 10.0, 100.0, 1000.0])
Best λ: 100.0
Best score: 0.7123376723223664

	Best λ: 100.0
	Val R2: 0.7123


dict_keys([0.09999999999999999, 1.0, 10.0, 100.0, 1000.0])
Best λ: 100.0
Best score: 0.7054641075845971

	Best λ: 100.0
	Val R2: 0.7055


dict_keys([0.09999999999999999, 1.0, 10.0, 100.0, 1000.0])
Best λ: 100.0
Best score: 0.636722553104067

	Best λ: 100.0
	Val R2: 0.6367


dict_keys([0.09999999999999999, 1.0, 10.0, 100.0, 1000.0])
Best λ: 100.0
Best score: 0.7080570523500717

	Best λ: 100.0
	Val R2: 0.7081


dict_keys([0.09999999999999999, 1.0, 10.0, 100.0, 1000.0])
Best λ: 100.0
Best score: 0.6937540497598813

	Best λ: 100.0
	Val R2: 0.6938


dict_keys([0.09999999999999999, 1.0, 10.0, 0.009999999999999998])
Best λ: 0.09999999999999999
Best score: 0.5710670637217469

	Best λ: 0.09999999999999999
	Val R2: 0.5711


dict_keys([0.09999999999999999, 1.0, 10.0, 0.009999999999999998, 0.0009999999999999998, 9.999999999999998e-05])
Best λ: 0.0009999999999999998
Best score: 0.7745397266193834

	Best λ: 0.0009999999999999998
	Val R2: 0.7745


dict_keys([0.09999999999999999, 1.0, 10.0, 100.0])
Best λ: 10.0
Best score: 0.621868682474547

	Best λ: 10.0
	Val R2: 0.6219


dict_keys([0.09999999999999999, 1.0, 10.0, 100.0])
Best λ: 10.0
Best score: 0.6148011379386723

	Best λ: 10.0
	Val R2: 0.6148


    Finish:
    landsat-c2-l2_bands-r-g-b-nir-swir16-swir22_ZMB_20k-points_1024-features_yr-2009-2021_mn-1-12_lm-False_cm-True_wa-False_summary.feather
    sentinel-2-l2a_bands-2-3-4-8_ZMB_15k-points_1000-features_yr-2016-2022_mn-1-12_lm-False_cm-True_wa-False_summary.feather
    One-hot encoding: True
    Final Val R2:  0.7861 
    Final Test R2: 0.7607
    Total time: 113.68 minutes
    
Begin with paramters:
    F1: landsat-c2-l2_bands-r-g-b-nir-swir16-swir22_ZMB_20k-points_1024-features_yr-2009-2021_mn-1-12_lm-False_cm-True_wa-False_summary.feather
    F2: sentinel-2-l2a_bands-2-3-4_ZMB_15k-points_1000-features_yr-2016-2022_mn-1-12_lm-False_cm-True_wa-True_summary.feather
    One-hot encoding: True
    Split: 0
    Random state: 670487
    
Group indicies [0, 12288, 24288]
		  [12288, 24288, 24357]


dict_keys([0.09999999999999999, 1.0, 10.0, 100.0])
Best λ: 10.0
Best score: 0.6192796869095245

	Best λ: 10.0
	Val R2: 0.6193


dict_keys([0.09999999999999999, 1.0, 10.0, 100.0])
Best λ: 10.0
Best score: 0.6888489795097753

	Best λ: 10.0
	Val R2: 0.6888


dict_keys([0.09999999999999999, 1.0, 10.0, 100.0])
Best λ: 10.0
Best score: 0.6370246004393133

	Best λ: 10.0
	Val R2: 0.6370


dict_keys([0.09999999999999999, 1.0, 10.0])
Best λ: 1.0
Best score: 0.6796725599871211

	Best λ: 1.0
	Val R2: 0.6797


dict_keys([0.09999999999999999, 1.0, 10.0, 100.0, 1000.0])
Best λ: 100.0
Best score: 0.6518763120916926

	Best λ: 100.0
	Val R2: 0.6519


dict_keys([0.09999999999999999, 1.0, 10.0, 100.0, 1000.0])
Best λ: 100.0
Best score: 0.6629639833123733

	Best λ: 100.0
	Val R2: 0.6630


dict_keys([0.09999999999999999, 1.0, 10.0, 100.0])
Best λ: 10.0
Best score: 0.6474918184951962

	Best λ: 10.0
	Val R2: 0.6475


dict_keys([0.09999999999999999, 1.0, 10.0])
Best λ: 1.0
Best score: 0.6691809213618156

	Best λ: 1.0
	Val R2: 0.6692


dict_keys([0.09999999999999999, 1.0, 10.0, 100.0])
Best λ: 10.0
Best score: 0.6314495830877657

	Best λ: 10.0
	Val R2: 0.6314


dict_keys([0.09999999999999999, 1.0, 10.0, 100.0])
Best λ: 10.0
Best score: 0.7277560015729814

	Best λ: 10.0
	Val R2: 0.7278


dict_keys([0.09999999999999999, 1.0, 10.0, 100.0])
Best λ: 10.0
Best score: 0.693737389796041

	Best λ: 10.0
	Val R2: 0.6937


dict_keys([0.09999999999999999, 1.0, 10.0, 100.0])
Best λ: 10.0
Best score: 0.5895538754620915

	Best λ: 10.0
	Val R2: 0.5896


dict_keys([0.09999999999999999, 1.0, 10.0, 100.0])
Best λ: 10.0
Best score: 0.7037018286520764

	Best λ: 10.0
	Val R2: 0.7037


dict_keys([0.09999999999999999, 1.0, 10.0, 100.0])
Best λ: 10.0
Best score: 0.6642930304277388

	Best λ: 10.0
	Val R2: 0.6643


dict_keys([0.09999999999999999, 1.0, 10.0, 100.0])
Best λ: 10.0
Best score: 0.7024409179474409

	Best λ: 10.0
	Val R2: 0.7024


dict_keys([0.09999999999999999, 1.0, 10.0, 100.0])
Best λ: 10.0
Best score: 0.6437323590675553

	Best λ: 10.0
	Val R2: 0.6437


dict_keys([0.09999999999999999, 1.0, 10.0, 100.0])
Best λ: 10.0
Best score: 0.662209711886851

	Best λ: 10.0
	Val R2: 0.6622


dict_keys([0.09999999999999999, 1.0, 10.0, 100.0])
Best λ: 10.0
Best score: 0.7046503045475434

	Best λ: 10.0
	Val R2: 0.7047


dict_keys([0.09999999999999999, 1.0, 10.0])
Best λ: 1.0
Best score: 0.7054641075845971

	Best λ: 1.0
	Val R2: 0.7055


dict_keys([0.09999999999999999, 1.0, 10.0, 100.0])
Best λ: 10.0
Best score: 0.6779886662397633

	Best λ: 10.0
	Val R2: 0.6780


dict_keys([0.09999999999999999, 1.0, 10.0, 100.0])
Best λ: 10.0
Best score: 0.64566125386698

	Best λ: 10.0
	Val R2: 0.6457


dict_keys([0.09999999999999999, 1.0, 10.0, 100.0])
Best λ: 10.0
Best score: 0.6707516290664491

	Best λ: 10.0
	Val R2: 0.6708


dict_keys([0.09999999999999999, 1.0, 10.0, 100.0])
Best λ: 10.0
Best score: 0.7170157628662203

	Best λ: 10.0
	Val R2: 0.7170


dict_keys([0.09999999999999999, 1.0, 10.0, 100.0])
Best λ: 10.0
Best score: 0.7243966935932938

	Best λ: 10.0
	Val R2: 0.7244


dict_keys([0.09999999999999999, 1.0, 10.0, 100.0])
Best λ: 10.0
Best score: 0.6976678139199229

	Best λ: 10.0
	Val R2: 0.6977


dict_keys([0.09999999999999999, 1.0, 10.0, 100.0])
Best λ: 10.0
Best score: 0.6167207118783832

	Best λ: 10.0
	Val R2: 0.6167


dict_keys([0.09999999999999999, 1.0, 10.0, 100.0])
Best λ: 10.0
Best score: 0.5893487995678507

	Best λ: 10.0
	Val R2: 0.5893


dict_keys([0.09999999999999999, 1.0, 10.0, 100.0])
Best λ: 10.0
Best score: 0.5930643613175802

	Best λ: 10.0
	Val R2: 0.5931


dict_keys([0.09999999999999999, 1.0, 10.0, 0.009999999999999998, 0.0009999999999999998, 9.999999999999998e-05, 9.999999999999997e-06])
Best λ: 9.999999999999998e-05
Best score: 0.752384427391122

	Best λ: 9.999999999999998e-05
	Val R2: 0.7524


dict_keys([0.09999999999999999, 1.0, 10.0, 0.009999999999999998, 0.0009999999999999998, 9.999999999999998e-05])
Best λ: 0.0009999999999999998
Best score: 0.7740401716007481

	Best λ: 0.0009999999999999998
	Val R2: 0.7740


dict_keys([0.09999999999999999, 1.0, 10.0, 100.0])
Best λ: 10.0
Best score: 0.573428307488337

	Best λ: 10.0
	Val R2: 0.5734


dict_keys([0.09999999999999999, 1.0, 10.0, 100.0])
Best λ: 10.0
Best score: 0.6492570533325075

	Best λ: 10.0
	Val R2: 0.6493


dict_keys([0.09999999999999999, 1.0, 10.0, 0.009999999999999998, 0.0009999999999999998, 9.999999999999998e-05, 9.999999999999997e-06])
Best λ: 9.999999999999998e-05
Best score: 0.8060064429444909

	Best λ: 9.999999999999998e-05
	Val R2: 0.8060


dict_keys([0.09999999999999999, 1.0, 10.0, 0.009999999999999998, 0.0009999999999999998, 9.999999999999998e-05, 9.999999999999997e-06])
Best λ: 9.999999999999998e-05
Best score: 0.7612767114697456

	Best λ: 9.999999999999998e-05
	Val R2: 0.7613


dict_keys([0.09999999999999999, 1.0, 10.0, 0.009999999999999998, 0.0009999999999999998, 9.999999999999998e-05, 9.999999999999997e-06])
Best λ: 9.999999999999998e-05
Best score: 0.7830345027615186

	Best λ: 9.999999999999998e-05
	Val R2: 0.7830


dict_keys([0.09999999999999999, 1.0, 10.0, 0.009999999999999998, 0.0009999999999999998, 9.999999999999998e-05])
Best λ: 0.0009999999999999998
Best score: 0.7858589711947515

	Best λ: 0.0009999999999999998
	Val R2: 0.7859


dict_keys([0.09999999999999999, 1.0, 10.0, 0.009999999999999998, 0.0009999999999999998, 9.999999999999998e-05])
Best λ: 0.0009999999999999998
Best score: 0.8254948119836497

	Best λ: 0.0009999999999999998
	Val R2: 0.8255


    Finish:
    landsat-c2-l2_bands-r-g-b-nir-swir16-swir22_ZMB_20k-points_1024-features_yr-2009-2021_mn-1-12_lm-False_cm-True_wa-False_summary.feather
    sentinel-2-l2a_bands-2-3-4_ZMB_15k-points_1000-features_yr-2016-2022_mn-1-12_lm-False_cm-True_wa-False_summary.feather
    One-hot encoding: True
    Final Val R2:  0.7667 
    Final Test R2: 0.7075
    Total time: 232.00 minutes
    
Begin with paramters:
    F1: landsat-c2-l2_bands-r-g-b-nir-swir16-swir22_ZMB_20k-points_1024-features_yr-2009-2021_mn-1-12_lm-False_cm-True_wa-False_summary.feather
    F2: sentinel-2-l2a_bands-2-3-4_ZMB_15k-points_1000-features_yr-2016-2022_mn-1-12_lm-False_cm-True_wa-True_summary.feather
    One-hot encoding: True
    Split: 1
    Random state: 116739
    
Group indicies [0, 12288, 24288]
		  [12288, 24288, 24357]


    Finish:
    landsat-c2-l2_bands-r-g-b-nir-swir16-swir22_ZMB_20k-points_1024-features_yr-2009-2021_mn-1-12_lm-False_cm-True_wa-False_summary.feather
    sentinel-2-l2a_bands-2-3-4_ZMB_15k-points_1000-features_yr-2016-2022_mn-1-12_lm-False_cm-True_wa-False_summary.feather
    One-hot encoding: True
    Final Val R2:  0.7794 
    Final Test R2: 0.8123
    Total time: 232.43 minutes
    
Begin with paramters:
    F1: landsat-c2-l2_bands-r-g-b-nir-swir16-swir22_ZMB_20k-points_1024-features_yr-2009-2021_mn-1-12_lm-False_cm-True_wa-False_summary.feather
    F2: sentinel-2-l2a_bands-2-3-4_ZMB_15k-points_1000-features_yr-2016-2022_mn-1-12_lm-False_cm-True_wa-True_summary.feather
    One-hot encoding: True
    Split: 2
    Random state: 26225
    
Group indicies [0, 12288, 24288]
		  [12288, 24288, 24357]


    Finish:
    landsat-c2-l2_bands-r-g-b-nir-swir16-swir22_ZMB_20k-points_1024-features_yr-2009-2021_mn-1-12_lm-False_cm-True_wa-False_summary.feather
    sentinel-2-l2a_bands-2-3-4_ZMB_15k-points_1000-features_yr-2016-2022_mn-1-12_lm-False_cm-True_wa-True_summary.feather
    One-hot encoding: True
    Final Val R2:  0.8179 
    Final Test R2: 0.8241
    Total time: 120.74 minutes
    
Begin with paramters:
    F1: landsat-c2-l2_bands-r-g-b-nir-swir16-swir22_ZMB_20k-points_1024-features_yr-2009-2021_mn-1-12_lm-False_cm-True_wa-False_summary.feather
    F2: sentinel-2-l2a_bands-2-3-4_ZMB_15k-points_1000-features_yr-2016-2022_mn-1-12_lm-False_cm-True_wa-True_summary.feather
    One-hot encoding: True
    Split: 3
    Random state: 777572
    
Group indicies [0, 12288, 24288]
		  [12288, 24288, 24357]


dict_keys([0.09999999999999999, 1.0, 10.0, 0.009999999999999998, 0.0009999999999999998, 9.999999999999998e-05, 9.999999999999997e-06])
Best λ: 9.999999999999998e-05
Best score: 0.8072908827374142

	Best λ: 9.999999999999998e-05
	Val R2: 0.8073


    Finish:
    landsat-c2-l2_bands-r-g-b-nir-swir16-swir22_ZMB_20k-points_1024-features_yr-2009-2021_mn-1-12_lm-False_cm-True_wa-False_summary.feather
    sentinel-2-l2a_bands-2-3-4_ZMB_15k-points_1000-features_yr-2016-2022_mn-1-12_lm-False_cm-True_wa-False_summary.feather
    One-hot encoding: True
    Final Val R2:  0.7648 
    Final Test R2: 0.8084
    Total time: 244.56 minutes
    
Begin with paramters:
    F1: landsat-c2-l2_bands-r-g-b-nir-swir16-swir22_ZMB_20k-points_1024-features_yr-2009-2021_mn-1-12_lm-False_cm-True_wa-False_summary.feather
    F2: sentinel-2-l2a_bands-2-3-4_ZMB_15k-points_1000-features_yr-2016-2022_mn-1-12_lm-False_cm-True_wa-True_summary.feather
    One-hot encoding: True
    Split: 4
    Random state: 288389
    
Group indicies [0, 12288, 24288]
		  [12288, 24288, 24357]


    Finish:
    landsat-c2-l2_bands-r-g-b-nir-swir16-swir22_ZMB_20k-points_1024-features_yr-2009-2021_mn-1-12_lm-False_cm-True_wa-False_summary.feather
    sentinel-2-l2a_bands-2-3-4-8_ZMB_15k-points_1000-features_yr-2016-2022_mn-1-12_lm-False_cm-True_wa-True_summary.feather
    One-hot encoding: True
    Final Val R2:  0.7872 
    Final Test R2: 0.7849
    Total time: 246.11 minutes
    
Begin with paramters:
    F1: landsat-c2-l2_bands-r-g-b-nir-swir16-swir22_ZMB_20k-points_1024-features_yr-2009-2021_mn-1-12_lm-False_cm-True_wa-False_summary.feather
    F2: sentinel-2-l2a_bands-2-3-4_ZMB_15k-points_1000-features_yr-2016-2022_mn-1-12_lm-False_cm-True_wa-True_summary.feather
    One-hot encoding: True
    Split: 5
    Random state: 256787
    
Group indicies [0, 12288, 24288]
		  [12288, 24288, 24357]


    Finish:
    landsat-c2-l2_bands-r-g-b-nir-swir16-swir22_ZMB_20k-points_1024-features_yr-2009-2021_mn-1-12_lm-False_cm-True_wa-False_summary.feather
    sentinel-2-l2a_bands-2-3-4-8_ZMB_15k-points_1000-features_yr-2016-2022_mn-1-12_lm-False_cm-True_wa-True_summary.feather
    One-hot encoding: True
    Final Val R2:  0.8045 
    Final Test R2: 0.8024
    Total time: 247.32 minutes
    
Begin with paramters:
    F1: landsat-c2-l2_bands-r-g-b-nir-swir16-swir22_ZMB_20k-points_1024-features_yr-2009-2021_mn-1-12_lm-False_cm-True_wa-False_summary.feather
    F2: sentinel-2-l2a_bands-2-3-4_ZMB_15k-points_1000-features_yr-2016-2022_mn-1-12_lm-False_cm-True_wa-True_summary.feather
    One-hot encoding: True
    Split: 6
    Random state: 234053
    
Group indicies [0, 12288, 24288]
		  [12288, 24288, 24357]


    Finish:
    landsat-c2-l2_bands-r-g-b-nir-swir16-swir22_ZMB_20k-points_1024-features_yr-2009-2021_mn-1-12_lm-False_cm-True_wa-False_summary.feather
    sentinel-2-l2a_bands-2-3-4_ZMB_15k-points_1000-features_yr-2016-2022_mn-1-12_lm-False_cm-True_wa-False_summary.feather
    One-hot encoding: True
    Final Val R2:  0.8391 
    Final Test R2: 0.7775
    Total time: 249.15 minutes
    
Begin with paramters:
    F1: landsat-c2-l2_bands-r-g-b-nir-swir16-swir22_ZMB_20k-points_1024-features_yr-2009-2021_mn-1-12_lm-False_cm-True_wa-False_summary.feather
    F2: sentinel-2-l2a_bands-2-3-4_ZMB_15k-points_1000-features_yr-2016-2022_mn-1-12_lm-False_cm-True_wa-True_summary.feather
    One-hot encoding: True
    Split: 7
    Random state: 146316
    
Group indicies [0, 12288, 24288]
		  [12288, 24288, 24357]


dict_keys([0.09999999999999999, 1.0, 10.0, 0.009999999999999998, 0.0009999999999999998, 9.999999999999998e-05])
Best λ: 0.0009999999999999998
Best score: 0.7835351913753718

	Best λ: 0.0009999999999999998
	Val R2: 0.7835


dict_keys([0.09999999999999999, 1.0, 10.0, 0.009999999999999998, 0.0009999999999999998, 9.999999999999998e-05])
Best λ: 0.0009999999999999998
Best score: 0.7578005333781204

	Best λ: 0.0009999999999999998
	Val R2: 0.7578


dict_keys([0.09999999999999999, 1.0, 10.0, 0.009999999999999998, 0.0009999999999999998, 9.999999999999998e-05, 9.999999999999997e-06])
Best λ: 9.999999999999998e-05
Best score: 0.7564597323501367

	Best λ: 9.999999999999998e-05
	Val R2: 0.7565


dict_keys([0.09999999999999999, 1.0, 10.0, 0.009999999999999998, 0.0009999999999999998, 9.999999999999998e-05])
Best λ: 0.0009999999999999998
Best score: 0.7799896438476764

	Best λ: 0.0009999999999999998
	Val R2: 0.7800


dict_keys([0.09999999999999999, 1.0, 10.0, 100.0])
Best λ: 10.0
Best score: 0.6733346987582622

	Best λ: 10.0
	Val R2: 0.6733


dict_keys([0.09999999999999999, 1.0, 10.0, 0.009999999999999998, 0.0009999999999999998, 9.999999999999998e-05])
Best λ: 0.0009999999999999998
Best score: 0.7777992892585325

	Best λ: 0.0009999999999999998
	Val R2: 0.7778


dict_keys([0.09999999999999999, 1.0, 10.0, 0.009999999999999998, 0.0009999999999999998, 9.999999999999998e-05])
Best λ: 0.0009999999999999998
Best score: 0.74820039075629

	Best λ: 0.0009999999999999998
	Val R2: 0.7482


    Finish:
    landsat-c2-l2_bands-r-g-b-nir-swir16-swir22_ZMB_20k-points_1024-features_yr-2009-2021_mn-1-12_lm-False_cm-True_wa-False_summary.feather
    sentinel-2-l2a_bands-2-3-4_ZMB_15k-points_1000-features_yr-2016-2022_mn-1-12_lm-False_cm-True_wa-False_summary.feather
    One-hot encoding: True
    Final Val R2:  0.8103 
    Final Test R2: 0.7819
    Total time: 262.08 minutes
    
Begin with paramters:
    F1: landsat-c2-l2_bands-r-g-b-nir-swir16-swir22_ZMB_20k-points_1024-features_yr-2009-2021_mn-1-12_lm-False_cm-True_wa-False_summary.feather
    F2: sentinel-2-l2a_bands-2-3-4_ZMB_15k-points_1000-features_yr-2016-2022_mn-1-12_lm-False_cm-True_wa-True_summary.feather
    One-hot encoding: True
    Split: 8
    Random state: 772246
    
Group indicies [0, 12288, 24288]
		  [12288, 24288, 24357]


dict_keys([0.09999999999999999, 1.0, 10.0, 100.0])
Best λ: 10.0
Best score: 0.5641652700987606

	Best λ: 10.0
	Val R2: 0.5642


dict_keys([0.09999999999999999, 1.0, 10.0, 0.009999999999999998, 0.0009999999999999998, 9.999999999999998e-05, 9.999999999999997e-06])
Best λ: 9.999999999999998e-05
Best score: 0.7983065181408397

	Best λ: 9.999999999999998e-05
	Val R2: 0.7983


dict_keys([0.09999999999999999, 1.0, 10.0, 0.009999999999999998, 0.0009999999999999998, 9.999999999999998e-05])
Best λ: 0.0009999999999999998
Best score: 0.7850366802291328

	Best λ: 0.0009999999999999998
	Val R2: 0.7850


dict_keys([0.09999999999999999, 1.0, 10.0, 0.009999999999999998, 0.0009999999999999998, 9.999999999999998e-05, 9.999999999999997e-06])
Best λ: 9.999999999999998e-05
Best score: 0.7763306841665134

	Best λ: 9.999999999999998e-05
	Val R2: 0.7763


    Finish:
    landsat-c2-l2_bands-r-g-b-nir-swir16-swir22_ZMB_20k-points_1024-features_yr-2009-2021_mn-1-12_lm-False_cm-True_wa-False_summary.feather
    sentinel-2-l2a_bands-2-3-4-8_ZMB_15k-points_1000-features_yr-2016-2022_mn-1-12_lm-False_cm-True_wa-False_summary.feather
    One-hot encoding: True
    Final Val R2:  0.7919 
    Final Test R2: 0.7717
    Total time: 270.42 minutes
    
Begin with paramters:
    F1: landsat-c2-l2_bands-r-g-b-nir-swir16-swir22_ZMB_20k-points_1024-features_yr-2009-2021_mn-1-12_lm-False_cm-True_wa-False_summary.feather
    F2: sentinel-2-l2a_bands-2-3-4_ZMB_15k-points_1000-features_yr-2016-2022_mn-1-12_lm-False_cm-True_wa-True_summary.feather
    One-hot encoding: True
    Split: 9
    Random state: 107473
    
Group indicies [0, 12288, 24288]
		  [12288, 24288, 24357]


    Finish:
    landsat-c2-l2_bands-r-g-b-nir-swir16-swir22_ZMB_20k-points_1024-features_yr-2009-2021_mn-1-12_lm-False_cm-True_wa-False_summary.feather
    sentinel-2-l2a_bands-2-3-4-8_ZMB_15k-points_1000-features_yr-2016-2022_mn-1-12_lm-False_cm-True_wa-True_summary.feather
    One-hot encoding: True
    Final Val R2:  0.7633 
    Final Test R2: 0.8393
    Total time: 271.53 minutes
    
Begin with paramters:
    F1: landsat-c2-l2_bands-r-g-b-nir-swir16-swir22_ZMB_20k-points_1024-features_yr-2009-2021_mn-1-12_lm-False_cm-True_wa-False_summary.feather
    F2: sentinel-2-l2a_bands-2-3-4_ZMB_20k-points_1000-features_yr-2016-2022_mn-1-12_lm-False_cm-True_wa-False_summary.feather
    One-hot encoding: True
    Split: 0
    Random state: 670487
    
Group indicies [0, 12288, 24288]
		  [12288, 24288, 24357]


    Finish:
    landsat-c2-l2_bands-r-g-b-nir-swir16-swir22_ZMB_20k-points_1024-features_yr-2009-2021_mn-1-12_lm-False_cm-True_wa-False_summary.feather
    sentinel-2-l2a_bands-2-3-4-8_ZMB_15k-points_1000-features_yr-2016-2022_mn-1-12_lm-False_cm-True_wa-True_summary.feather
    One-hot encoding: True
    Final Val R2:  0.7751 
    Final Test R2: 0.7839
    Total time: 272.42 minutes
    
Begin with paramters:
    F1: landsat-c2-l2_bands-r-g-b-nir-swir16-swir22_ZMB_20k-points_1024-features_yr-2009-2021_mn-1-12_lm-False_cm-True_wa-False_summary.feather
    F2: sentinel-2-l2a_bands-2-3-4_ZMB_20k-points_1000-features_yr-2016-2022_mn-1-12_lm-False_cm-True_wa-False_summary.feather
    One-hot encoding: True
    Split: 1
    Random state: 116739
    
Group indicies [0, 12288, 24288]
		  [12288, 24288, 24357]


    Finish:
    landsat-c2-l2_bands-r-g-b-nir-swir16-swir22_ZMB_20k-points_1024-features_yr-2009-2021_mn-1-12_lm-False_cm-True_wa-False_summary.feather
    sentinel-2-l2a_bands-2-3-4-8_ZMB_15k-points_1000-features_yr-2016-2022_mn-1-12_lm-False_cm-True_wa-True_summary.feather
    One-hot encoding: True
    Final Val R2:  0.7878 
    Final Test R2: 0.7638
    Total time: 273.45 minutes
    
Begin with paramters:
    F1: landsat-c2-l2_bands-r-g-b-nir-swir16-swir22_ZMB_20k-points_1024-features_yr-2009-2021_mn-1-12_lm-False_cm-True_wa-False_summary.feather
    F2: sentinel-2-l2a_bands-2-3-4_ZMB_20k-points_1000-features_yr-2016-2022_mn-1-12_lm-False_cm-True_wa-False_summary.feather
    One-hot encoding: True
    Split: 2
    Random state: 26225
    
Group indicies [0, 12288, 24288]
		  [12288, 24288, 24357]


dict_keys([0.09999999999999999, 1.0, 10.0, 0.009999999999999998, 0.0009999999999999998, 9.999999999999998e-05])
Best λ: 0.0009999999999999998
Best score: 0.7479643574536726

	Best λ: 0.0009999999999999998
	Val R2: 0.7480


    Finish:
    landsat-c2-l2_bands-r-g-b-nir-swir16-swir22_ZMB_20k-points_1024-features_yr-2009-2021_mn-1-12_lm-False_cm-True_wa-False_summary.feather
    sentinel-2-l2a_bands-2-3-4-8_ZMB_15k-points_1000-features_yr-2016-2022_mn-1-12_lm-False_cm-True_wa-False_summary.feather
    One-hot encoding: True
    Final Val R2:  0.7832 
    Final Test R2: 0.8418
    Total time: 276.24 minutes
    
Begin with paramters:
    F1: landsat-c2-l2_bands-r-g-b-nir-swir16-swir22_ZMB_20k-points_1024-features_yr-2009-2021_mn-1-12_lm-False_cm-True_wa-False_summary.feather
    F2: sentinel-2-l2a_bands-2-3-4_ZMB_20k-points_1000-features_yr-2016-2022_mn-1-12_lm-False_cm-True_wa-False_summary.feather
    One-hot encoding: True
    Split: 3
    Random state: 777572
    
Group indicies [0, 12288, 24288]
		  [12288, 24288, 24357]


dict_keys([0.09999999999999999, 1.0, 10.0, 0.009999999999999998, 0.0009999999999999998, 9.999999999999998e-05])
Best λ: 0.0009999999999999998
Best score: 0.7735771485648792

	Best λ: 0.0009999999999999998
	Val R2: 0.7736


dict_keys([0.09999999999999999, 1.0, 10.0])
Best λ: 1.0
Best score: 0.5782133957202296

	Best λ: 1.0
	Val R2: 0.5782


    Finish:
    landsat-c2-l2_bands-r-g-b-nir-swir16-swir22_ZMB_20k-points_1024-features_yr-2009-2021_mn-1-12_lm-False_cm-True_wa-False_summary.feather
    sentinel-2-l2a_bands-2-3-4-8_ZMB_15k-points_1000-features_yr-2016-2022_mn-1-12_lm-False_cm-True_wa-True_summary.feather
    One-hot encoding: True
    Final Val R2:  0.7625 
    Final Test R2: 0.7531
    Total time: 281.53 minutes
    
Begin with paramters:
    F1: landsat-c2-l2_bands-r-g-b-nir-swir16-swir22_ZMB_20k-points_1024-features_yr-2009-2021_mn-1-12_lm-False_cm-True_wa-False_summary.feather
    F2: sentinel-2-l2a_bands-2-3-4_ZMB_20k-points_1000-features_yr-2016-2022_mn-1-12_lm-False_cm-True_wa-False_summary.feather
    One-hot encoding: True
    Split: 4
    Random state: 288389
    
Group indicies [0, 12288, 24288]
		  [12288, 24288, 24357]


    Finish:
    landsat-c2-l2_bands-r-g-b-nir-swir16-swir22_ZMB_20k-points_1024-features_yr-2009-2021_mn-1-12_lm-False_cm-True_wa-False_summary.feather
    sentinel-2-l2a_bands-2-3-4-8_ZMB_15k-points_1000-features_yr-2016-2022_mn-1-12_lm-False_cm-True_wa-False_summary.feather
    One-hot encoding: True
    Final Val R2:  0.7912 
    Final Test R2: 0.8526
    Total time: 288.36 minutes
    
Begin with paramters:
    F1: landsat-c2-l2_bands-r-g-b-nir-swir16-swir22_ZMB_20k-points_1024-features_yr-2009-2021_mn-1-12_lm-False_cm-True_wa-False_summary.feather
    F2: sentinel-2-l2a_bands-2-3-4_ZMB_20k-points_1000-features_yr-2016-2022_mn-1-12_lm-False_cm-True_wa-False_summary.feather
    One-hot encoding: True
    Split: 5
    Random state: 256787
    
Group indicies [0, 12288, 24288]
		  [12288, 24288, 24357]


    Finish:
    landsat-c2-l2_bands-r-g-b-nir-swir16-swir22_ZMB_20k-points_1024-features_yr-2009-2021_mn-1-12_lm-False_cm-True_wa-False_summary.feather
    sentinel-2-l2a_bands-2-3-4-8_ZMB_15k-points_1000-features_yr-2016-2022_mn-1-12_lm-False_cm-True_wa-True_summary.feather
    One-hot encoding: True
    Final Val R2:  0.7807 
    Final Test R2: 0.8209
    Total time: 289.38 minutes
    
Begin with paramters:
    F1: landsat-c2-l2_bands-r-g-b-nir-swir16-swir22_ZMB_20k-points_1024-features_yr-2009-2021_mn-1-12_lm-False_cm-True_wa-False_summary.feather
    F2: sentinel-2-l2a_bands-2-3-4_ZMB_20k-points_1000-features_yr-2016-2022_mn-1-12_lm-False_cm-True_wa-False_summary.feather
    One-hot encoding: True
    Split: 6
    Random state: 234053
    
Group indicies [0, 12288, 24288]
		  [12288, 24288, 24357]


    Finish:
    landsat-c2-l2_bands-r-g-b-nir-swir16-swir22_ZMB_20k-points_1024-features_yr-2009-2021_mn-1-12_lm-False_cm-True_wa-False_summary.feather
    sentinel-2-l2a_bands-2-3-4-8_ZMB_15k-points_1000-features_yr-2016-2022_mn-1-12_lm-False_cm-True_wa-False_summary.feather
    One-hot encoding: True
    Final Val R2:  0.7990 
    Final Test R2: 0.7969
    Total time: 289.82 minutes
    
Begin with paramters:
    F1: landsat-c2-l2_bands-r-g-b-nir-swir16-swir22_ZMB_20k-points_1024-features_yr-2009-2021_mn-1-12_lm-False_cm-True_wa-False_summary.feather
    F2: sentinel-2-l2a_bands-2-3-4_ZMB_20k-points_1000-features_yr-2016-2022_mn-1-12_lm-False_cm-True_wa-False_summary.feather
    One-hot encoding: True
    Split: 7
    Random state: 146316
    
Group indicies [0, 12288, 24288]
		  [12288, 24288, 24357]


dict_keys([0.09999999999999999, 1.0, 10.0, 0.009999999999999998, 0.0009999999999999998, 9.999999999999998e-05])
Best λ: 0.0009999999999999998
Best score: 0.7822188699499426

	Best λ: 0.0009999999999999998
	Val R2: 0.7822


dict_keys([0.09999999999999999, 1.0, 10.0, 100.0])
Best λ: 10.0
Best score: 0.6213365598243756

	Best λ: 10.0
	Val R2: 0.6213


dict_keys([0.09999999999999999, 1.0, 10.0, 100.0])
Best λ: 10.0
Best score: 0.5863324181822589

	Best λ: 10.0
	Val R2: 0.5863


dict_keys([0.09999999999999999, 1.0, 10.0, 0.009999999999999998, 0.0009999999999999998, 9.999999999999998e-05])
Best λ: 0.0009999999999999998
Best score: 0.8008430662939302

	Best λ: 0.0009999999999999998
	Val R2: 0.8008


dict_keys([0.09999999999999999, 1.0, 10.0, 0.009999999999999998, 0.0009999999999999998, 9.999999999999998e-05, 9.999999999999997e-06])
Best λ: 9.999999999999998e-05
Best score: 0.7844137680009746

	Best λ: 9.999999999999998e-05
	Val R2: 0.7844


dict_keys([0.09999999999999999, 1.0, 10.0, 0.009999999999999998, 0.0009999999999999998, 9.999999999999998e-05])
Best λ: 0.0009999999999999998
Best score: 0.7974711342363365

	Best λ: 0.0009999999999999998
	Val R2: 0.7975


    Finish:
    landsat-c2-l2_bands-r-g-b-nir-swir16-swir22_ZMB_20k-points_1024-features_yr-2009-2021_mn-1-12_lm-False_cm-True_wa-False_summary.feather
    sentinel-2-l2a_bands-2-3-4-8_ZMB_15k-points_1000-features_yr-2016-2022_mn-1-12_lm-False_cm-True_wa-True_summary.feather
    One-hot encoding: True
    Final Val R2:  0.7527 
    Final Test R2: 0.7966
    Total time: 298.91 minutes
    
Begin with paramters:
    F1: landsat-c2-l2_bands-r-g-b-nir-swir16-swir22_ZMB_20k-points_1024-features_yr-2009-2021_mn-1-12_lm-False_cm-True_wa-False_summary.feather
    F2: sentinel-2-l2a_bands-2-3-4_ZMB_20k-points_1000-features_yr-2016-2022_mn-1-12_lm-False_cm-True_wa-False_summary.feather
    One-hot encoding: True
    Split: 8
    Random state: 772246
    
Group indicies [0, 12288, 24288]
		  [12288, 24288, 24357]


dict_keys([0.09999999999999999, 1.0, 10.0, 0.009999999999999998, 0.0009999999999999998, 9.999999999999998e-05])
Best λ: 0.0009999999999999998
Best score: 0.8092003662994836

	Best λ: 0.0009999999999999998
	Val R2: 0.8092


    Finish:
    landsat-c2-l2_bands-r-g-b-nir-swir16-swir22_ZMB_20k-points_1024-features_yr-2009-2021_mn-1-12_lm-False_cm-True_wa-False_summary.feather
    sentinel-2-l2a_bands-2-3-4-8_ZMB_15k-points_1000-features_yr-2016-2022_mn-1-12_lm-False_cm-True_wa-False_summary.feather
    One-hot encoding: True
    Final Val R2:  0.7766 
    Final Test R2: 0.8117
    Total time: 305.43 minutes
    
Begin with paramters:
    F1: landsat-c2-l2_bands-r-g-b-nir-swir16-swir22_ZMB_20k-points_1024-features_yr-2009-2021_mn-1-12_lm-False_cm-True_wa-False_summary.feather
    F2: sentinel-2-l2a_bands-2-3-4_ZMB_20k-points_1000-features_yr-2016-2022_mn-1-12_lm-False_cm-True_wa-False_summary.feather
    One-hot encoding: True
    Split: 9
    Random state: 107473
    
Group indicies [0, 12288, 24288]
		  [12288, 24288, 24357]


dict_keys([0.09999999999999999, 1.0, 10.0, 100.0])
Best λ: 10.0
Best score: 0.573317676806653

	Best λ: 10.0
	Val R2: 0.5733


dict_keys([0.09999999999999999, 1.0, 10.0, 100.0])
Best λ: 10.0
Best score: 0.5395032713374743

	Best λ: 10.0
	Val R2: 0.5395


    Finish:
    landsat-c2-l2_bands-r-g-b-nir-swir16-swir22_ZMB_20k-points_1024-features_yr-2009-2021_mn-1-12_lm-False_cm-True_wa-False_summary.feather
    sentinel-2-l2a_bands-2-3-4-8_ZMB_15k-points_1000-features_yr-2016-2022_mn-1-12_lm-False_cm-True_wa-True_summary.feather
    One-hot encoding: True
    Final Val R2:  0.7859 
    Final Test R2: 0.8292
    Total time: 318.30 minutes
    
Begin with paramters:
    F1: landsat-c2-l2_bands-r-g-b-nir-swir16-swir22_ZMB_20k-points_1024-features_yr-2009-2021_mn-1-12_lm-False_cm-True_wa-False_summary.feather
    F2: sentinel-2-l2a_bands-2-3-4_ZMB_20k-points_1000-features_yr-2016-2022_mn-1-12_lm-False_cm-True_wa-True_summary.feather
    One-hot encoding: True
    Split: 0
    Random state: 670487
    
Group indicies [0, 12288, 24288]
		  [12288, 24288, 24357]


    Finish:
    landsat-c2-l2_bands-r-g-b-nir-swir16-swir22_ZMB_20k-points_1024-features_yr-2009-2021_mn-1-12_lm-False_cm-True_wa-False_summary.feather
    sentinel-2-l2a_bands-2-3-4-8_ZMB_15k-points_1000-features_yr-2016-2022_mn-1-12_lm-False_cm-True_wa-False_summary.feather
    One-hot encoding: True
    Final Val R2:  0.8133 
    Final Test R2: 0.8271
    Total time: 320.54 minutes
    
Begin with paramters:
    F1: landsat-c2-l2_bands-r-g-b-nir-swir16-swir22_ZMB_20k-points_1024-features_yr-2009-2021_mn-1-12_lm-False_cm-True_wa-False_summary.feather
    F2: sentinel-2-l2a_bands-2-3-4_ZMB_20k-points_1000-features_yr-2016-2022_mn-1-12_lm-False_cm-True_wa-True_summary.feather
    One-hot encoding: True
    Split: 1
    Random state: 116739
    
Group indicies [0, 12288, 24288]
		  [12288, 24288, 24357]


dict_keys([0.09999999999999999, 1.0, 10.0])
Best λ: 1.0
Best score: 0.5857432356359678

	Best λ: 1.0
	Val R2: 0.5857


    Finish:
    landsat-c2-l2_bands-r-g-b-nir-swir16-swir22_ZMB_20k-points_1024-features_yr-2009-2021_mn-1-12_lm-False_cm-True_wa-False_summary.feather
    sentinel-2-l2a_bands-2-3-4-8_ZMB_15k-points_1000-features_yr-2016-2022_mn-1-12_lm-False_cm-True_wa-False_summary.feather
    One-hot encoding: True
    Final Val R2:  0.7902 
    Final Test R2: 0.8176
    Total time: 322.69 minutes
    
Begin with paramters:
    F1: landsat-c2-l2_bands-r-g-b-nir-swir16-swir22_ZMB_20k-points_1024-features_yr-2009-2021_mn-1-12_lm-False_cm-True_wa-False_summary.feather
    F2: sentinel-2-l2a_bands-2-3-4_ZMB_20k-points_1000-features_yr-2016-2022_mn-1-12_lm-False_cm-True_wa-True_summary.feather
    One-hot encoding: True
    Split: 2
    Random state: 26225
    
Group indicies [0, 12288, 24288]
		  [12288, 24288, 24357]


    Finish:
    landsat-c2-l2_bands-r-g-b-nir-swir16-swir22_ZMB_20k-points_1024-features_yr-2009-2021_mn-1-12_lm-False_cm-True_wa-False_summary.feather
    sentinel-2-l2a_bands-2-3-4-8_ZMB_15k-points_1000-features_yr-2016-2022_mn-1-12_lm-False_cm-True_wa-False_summary.feather
    One-hot encoding: True
    Final Val R2:  0.8153 
    Final Test R2: 0.8124
    Total time: 323.21 minutes
    
Begin with paramters:
    F1: landsat-c2-l2_bands-r-g-b-nir-swir16-swir22_ZMB_20k-points_1024-features_yr-2009-2021_mn-1-12_lm-False_cm-True_wa-False_summary.feather
    F2: sentinel-2-l2a_bands-2-3-4_ZMB_20k-points_1000-features_yr-2016-2022_mn-1-12_lm-False_cm-True_wa-True_summary.feather
    One-hot encoding: True
    Split: 3
    Random state: 777572
    
Group indicies [0, 12288, 24288]
		  [12288, 24288, 24357]


dict_keys([0.09999999999999999, 1.0, 10.0])
Best λ: 1.0
Best score: 0.6216343486744318

	Best λ: 1.0
	Val R2: 0.6216


dict_keys([0.09999999999999999, 1.0, 10.0, 100.0, 1000.0])
Best λ: 100.0
Best score: 0.5891186659154639

	Best λ: 100.0
	Val R2: 0.5891


    Finish:
    landsat-c2-l2_bands-r-g-b-nir-swir16-swir22_ZMB_20k-points_1024-features_yr-2009-2021_mn-1-12_lm-False_cm-True_wa-False_summary.feather
    sentinel-2-l2a_bands-2-3-4-8_ZMB_15k-points_1000-features_yr-2016-2022_mn-1-12_lm-False_cm-True_wa-False_summary.feather
    One-hot encoding: True
    Final Val R2:  0.8104 
    Final Test R2: 0.8067
    Total time: 325.22 minutes
    
Begin with paramters:
    F1: landsat-c2-l2_bands-r-g-b-nir-swir16-swir22_ZMB_20k-points_1024-features_yr-2009-2021_mn-1-12_lm-False_cm-True_wa-False_summary.feather
    F2: sentinel-2-l2a_bands-2-3-4_ZMB_20k-points_1000-features_yr-2016-2022_mn-1-12_lm-False_cm-True_wa-True_summary.feather
    One-hot encoding: True
    Split: 4
    Random state: 288389
    
Group indicies [0, 12288, 24288]
		  [12288, 24288, 24357]


dict_keys([0.09999999999999999, 1.0, 10.0, 0.009999999999999998])
Best λ: 0.09999999999999999
Best score: 0.5695646632070139

	Best λ: 0.09999999999999999
	Val R2: 0.5696


dict_keys([0.09999999999999999, 1.0, 10.0, 100.0, 1000.0])
Best λ: 100.0
Best score: 0.6221493593676592

	Best λ: 100.0
	Val R2: 0.6221


dict_keys([0.09999999999999999, 1.0, 10.0, 100.0])
Best λ: 10.0
Best score: 0.5874292331727438

	Best λ: 10.0
	Val R2: 0.5874


dict_keys([0.09999999999999999, 1.0, 10.0, 0.009999999999999998, 0.0009999999999999998, 9.999999999999998e-05, 9.999999999999997e-06])
Best λ: 9.999999999999998e-05
Best score: 0.7589457390794403

	Best λ: 9.999999999999998e-05
	Val R2: 0.7589


dict_keys([0.09999999999999999, 1.0, 10.0, 100.0])
Best λ: 10.0
Best score: 0.607629121910575

	Best λ: 10.0
	Val R2: 0.6076


    Finish:
    landsat-c2-l2_bands-r-g-b-nir-swir16-swir22_ZMB_20k-points_1024-features_yr-2009-2021_mn-1-12_lm-False_cm-True_wa-False_summary.feather
    sentinel-2-l2a_bands-2-3-4_ZMB_15k-points_1000-features_yr-2016-2022_mn-1-12_lm-False_cm-True_wa-True_summary.feather
    One-hot encoding: True
    Final Val R2:  0.7627 
    Final Test R2: 0.8003
    Total time: 119.56 minutes
    
Begin with paramters:
    F1: landsat-c2-l2_bands-r-g-b-nir-swir16-swir22_ZMB_20k-points_1024-features_yr-2009-2021_mn-1-12_lm-False_cm-True_wa-False_summary.feather
    F2: sentinel-2-l2a_bands-2-3-4_ZMB_20k-points_1000-features_yr-2016-2022_mn-1-12_lm-False_cm-True_wa-True_summary.feather
    One-hot encoding: True
    Split: 5
    Random state: 256787
    
Group indicies [0, 12288, 24288]
		  [12288, 24288, 24357]


dict_keys([0.09999999999999999, 1.0, 10.0, 100.0])
Best λ: 10.0
Best score: 0.6203553252169509

	Best λ: 10.0
	Val R2: 0.6204


dict_keys([0.09999999999999999, 1.0, 10.0, 0.009999999999999998])
Best λ: 0.09999999999999999
Best score: 0.552778974097285

	Best λ: 0.09999999999999999
	Val R2: 0.5528


dict_keys([0.09999999999999999, 1.0, 10.0, 100.0])
Best λ: 10.0
Best score: 0.57923429537265

	Best λ: 10.0
	Val R2: 0.5792


dict_keys([0.09999999999999999, 1.0, 10.0, 100.0])
Best λ: 10.0
Best score: 0.5905759862776243

	Best λ: 10.0
	Val R2: 0.5906


dict_keys([0.09999999999999999, 1.0, 10.0, 100.0, 1000.0])
Best λ: 100.0
Best score: 0.5627532732990044

	Best λ: 100.0
	Val R2: 0.5628


dict_keys([0.09999999999999999, 1.0, 10.0, 100.0])
Best λ: 10.0
Best score: 0.5861610816414776

	Best λ: 10.0
	Val R2: 0.5862


dict_keys([0.09999999999999999, 1.0, 10.0, 100.0, 1000.0])
Best λ: 100.0
Best score: 0.5830710751734165

	Best λ: 100.0
	Val R2: 0.5831


dict_keys([0.09999999999999999, 1.0, 10.0, 100.0])
Best λ: 10.0
Best score: 0.6310304269948428

	Best λ: 10.0
	Val R2: 0.6310


dict_keys([0.09999999999999999, 1.0, 10.0])
Best λ: 1.0
Best score: 0.5930431096644949

	Best λ: 1.0
	Val R2: 0.5930


dict_keys([0.09999999999999999, 1.0, 10.0])
Best λ: 1.0
Best score: 0.6201850340504007

	Best λ: 1.0
	Val R2: 0.6202


dict_keys([0.09999999999999999, 1.0, 10.0, 0.009999999999999998])
Best λ: 0.09999999999999999
Best score: 0.5574788588043977

	Best λ: 0.09999999999999999
	Val R2: 0.5575


dict_keys([0.09999999999999999, 1.0, 10.0, 0.009999999999999998])
Best λ: 0.09999999999999999
Best score: 0.6089069081401414

	Best λ: 0.09999999999999999
	Val R2: 0.6089


dict_keys([0.09999999999999999, 1.0, 10.0, 100.0])
Best λ: 10.0
Best score: 0.5736128138387727

	Best λ: 10.0
	Val R2: 0.5736


dict_keys([0.09999999999999999, 1.0, 10.0, 100.0])
Best λ: 10.0
Best score: 0.6622445728605195

	Best λ: 10.0
	Val R2: 0.6622


dict_keys([0.09999999999999999, 1.0, 10.0, 100.0, 1000.0])
Best λ: 100.0
Best score: 0.6116898524595694

	Best λ: 100.0
	Val R2: 0.6117


dict_keys([0.09999999999999999, 1.0, 10.0, 100.0])
Best λ: 10.0
Best score: 0.6477052846129101

	Best λ: 10.0
	Val R2: 0.6477


dict_keys([0.09999999999999999, 1.0, 10.0, 100.0, 1000.0])
Best λ: 100.0
Best score: 0.6353035758141757

	Best λ: 100.0
	Val R2: 0.6353


dict_keys([0.09999999999999999, 1.0, 10.0])
Best λ: 1.0
Best score: 0.5574788588043975

	Best λ: 1.0
	Val R2: 0.5575


dict_keys([0.09999999999999999, 1.0, 10.0, 100.0])
Best λ: 10.0
Best score: 0.5824239304466894

	Best λ: 10.0
	Val R2: 0.5824


dict_keys([0.09999999999999999, 1.0, 10.0, 100.0, 1000.0])
Best λ: 100.0
Best score: 0.61671609873419

	Best λ: 100.0
	Val R2: 0.6167


dict_keys([0.09999999999999999, 1.0, 10.0])
Best λ: 1.0
Best score: 0.552778974097285

	Best λ: 1.0
	Val R2: 0.5528


dict_keys([0.09999999999999999, 1.0, 10.0, 0.009999999999999998, 0.0009999999999999998, 9.999999999999998e-05, 9.999999999999997e-06, 9.999999999999997e-07])
Best λ: 9.999999999999997e-06
Best score: 0.757799391294934

	Best λ: 9.999999999999997e-06
	Val R2: 0.7578


dict_keys([0.09999999999999999, 1.0, 10.0, 0.009999999999999998, 0.0009999999999999998, 9.999999999999998e-05])
Best λ: 0.0009999999999999998
Best score: 0.810665117425269

	Best λ: 0.0009999999999999998
	Val R2: 0.8107


dict_keys([0.09999999999999999, 1.0, 10.0, 0.009999999999999998, 0.0009999999999999998, 9.999999999999998e-05, 9.999999999999997e-06])
Best λ: 9.999999999999998e-05
Best score: 0.7958316940531425

	Best λ: 9.999999999999998e-05
	Val R2: 0.7958


dict_keys([0.09999999999999999, 1.0, 10.0, 100.0, 1000.0])
Best λ: 100.0
Best score: 0.6222039244378832

	Best λ: 100.0
	Val R2: 0.6222


dict_keys([0.09999999999999999, 1.0, 10.0, 100.0, 1000.0])
Best λ: 100.0
Best score: 0.5780842054837599

	Best λ: 100.0
	Val R2: 0.5781


dict_keys([0.09999999999999999, 1.0, 10.0, 0.009999999999999998, 0.0009999999999999998, 9.999999999999998e-05, 9.999999999999997e-06, 9.999999999999997e-07])
Best λ: 9.999999999999997e-06
Best score: 0.7377536447713705

	Best λ: 9.999999999999997e-06
	Val R2: 0.7378


dict_keys([0.09999999999999999, 1.0, 10.0, 0.009999999999999998, 0.0009999999999999998, 9.999999999999998e-05, 9.999999999999997e-06, 9.999999999999997e-07])
Best λ: 9.999999999999997e-06
Best score: 0.7553087536775764

	Best λ: 9.999999999999997e-06
	Val R2: 0.7553


dict_keys([0.09999999999999999, 1.0, 10.0, 100.0, 1000.0])
Best λ: 100.0
Best score: 0.5814974807638308

	Best λ: 100.0
	Val R2: 0.5815


dict_keys([0.09999999999999999, 1.0, 10.0, 100.0, 1000.0])
Best λ: 100.0
Best score: 0.6622073572442904

	Best λ: 100.0
	Val R2: 0.6622


dict_keys([0.09999999999999999, 1.0, 10.0, 100.0])
Best λ: 10.0
Best score: 0.6521304029082812

	Best λ: 10.0
	Val R2: 0.6521


dict_keys([0.09999999999999999, 1.0, 10.0, 100.0])
Best λ: 10.0
Best score: 0.6460405830363728

	Best λ: 10.0
	Val R2: 0.6460


dict_keys([0.09999999999999999, 1.0, 10.0, 100.0])
Best λ: 10.0
Best score: 0.6482467612498735

	Best λ: 10.0
	Val R2: 0.6482


dict_keys([0.09999999999999999, 1.0, 10.0])
Best λ: 1.0
Best score: 0.6089069081401414

	Best λ: 1.0
	Val R2: 0.6089


dict_keys([0.09999999999999999, 1.0, 10.0, 0.009999999999999998, 0.0009999999999999998, 9.999999999999998e-05])
Best λ: 0.0009999999999999998
Best score: 0.771988456237848

	Best λ: 0.0009999999999999998
	Val R2: 0.7720


dict_keys([0.09999999999999999, 1.0, 10.0, 100.0])
Best λ: 10.0
Best score: 0.6822655203463033

	Best λ: 10.0
	Val R2: 0.6823


dict_keys([0.09999999999999999, 1.0, 10.0, 0.009999999999999998, 0.0009999999999999998, 9.999999999999998e-05, 9.999999999999997e-06, 9.999999999999997e-07])
Best λ: 9.999999999999997e-06
Best score: 0.7407022151611009

	Best λ: 9.999999999999997e-06
	Val R2: 0.7407


dict_keys([0.09999999999999999, 1.0, 10.0, 100.0, 1000.0])
Best λ: 100.0
Best score: 0.6688568778537085

	Best λ: 100.0
	Val R2: 0.6689


dict_keys([0.09999999999999999, 1.0, 10.0, 100.0])
Best λ: 10.0
Best score: 0.6403352354380127

	Best λ: 10.0
	Val R2: 0.6403


    Finish:
    landsat-c2-l2_bands-r-g-b-nir-swir16-swir22_ZMB_20k-points_1024-features_yr-2009-2021_mn-1-12_lm-False_cm-True_wa-False_summary.feather
    sentinel-2-l2a_bands-2-3-4-8_ZMB_15k-points_1000-features_yr-2016-2022_mn-1-12_lm-False_cm-True_wa-True_summary.feather
    One-hot encoding: True
    Final Val R2:  0.7962 
    Final Test R2: 0.7846
    Total time: 457.46 minutes
    
Begin with paramters:
    F1: landsat-c2-l2_bands-r-g-b-nir-swir16-swir22_ZMB_20k-points_1024-features_yr-2009-2021_mn-1-12_lm-False_cm-True_wa-False_summary.feather
    F2: sentinel-2-l2a_bands-2-3-4_ZMB_20k-points_1000-features_yr-2016-2022_mn-1-12_lm-False_cm-True_wa-True_summary.feather
    One-hot encoding: True
    Split: 6
    Random state: 234053
    
Group indicies [0, 12288, 24288]
		  [12288, 24288, 24357]


    Finish:
    landsat-c2-l2_bands-r-g-b-nir-swir16-swir22_ZMB_20k-points_1024-features_yr-2009-2021_mn-1-12_lm-False_cm-True_wa-False_summary.feather
    sentinel-2-l2a_bands-2-3-4_ZMB_15k-points_1000-features_yr-2016-2022_mn-1-12_lm-False_cm-True_wa-False_summary.feather
    One-hot encoding: True
    Final Val R2:  0.7712 
    Final Test R2: 0.8080
    Total time: 457.91 minutes
    
Begin with paramters:
    F1: landsat-c2-l2_bands-r-g-b-nir-swir16-swir22_ZMB_20k-points_1024-features_yr-2009-2021_mn-1-12_lm-False_cm-True_wa-False_summary.feather
    F2: sentinel-2-l2a_bands-2-3-4_ZMB_20k-points_1000-features_yr-2016-2022_mn-1-12_lm-False_cm-True_wa-True_summary.feather
    One-hot encoding: True
    Split: 7
    Random state: 146316
    
Group indicies [0, 12288, 24288]
		  [12288, 24288, 24357]


    Finish:
    landsat-c2-l2_bands-r-g-b-nir-swir16-swir22_ZMB_20k-points_1024-features_yr-2009-2021_mn-1-12_lm-False_cm-True_wa-False_summary.feather
    sentinel-2-l2a_bands-2-3-4_ZMB_15k-points_1000-features_yr-2016-2022_mn-1-12_lm-False_cm-True_wa-False_summary.feather
    One-hot encoding: True
    Final Val R2:  0.8165 
    Final Test R2: 0.8219
    Total time: 458.26 minutes
    
Begin with paramters:
    F1: landsat-c2-l2_bands-r-g-b-nir-swir16-swir22_ZMB_20k-points_1024-features_yr-2009-2021_mn-1-12_lm-False_cm-True_wa-False_summary.feather
    F2: sentinel-2-l2a_bands-2-3-4_ZMB_20k-points_1000-features_yr-2016-2022_mn-1-12_lm-False_cm-True_wa-True_summary.feather
    One-hot encoding: True
    Split: 8
    Random state: 772246
    
Group indicies [0, 12288, 24288]
		  [12288, 24288, 24357]


    Finish:
    landsat-c2-l2_bands-r-g-b-nir-swir16-swir22_ZMB_20k-points_1024-features_yr-2009-2021_mn-1-12_lm-False_cm-True_wa-False_summary.feather
    sentinel-2-l2a_bands-2-3-4_ZMB_15k-points_1000-features_yr-2016-2022_mn-1-12_lm-False_cm-True_wa-False_summary.feather
    One-hot encoding: True
    Final Val R2:  0.7447 
    Final Test R2: 0.7983
    Total time: 461.35 minutes
    
Begin with paramters:
    F1: landsat-c2-l2_bands-r-g-b-nir-swir16-swir22_ZMB_20k-points_1024-features_yr-2009-2021_mn-1-12_lm-False_cm-True_wa-False_summary.feather
    F2: sentinel-2-l2a_bands-2-3-4_ZMB_20k-points_1000-features_yr-2016-2022_mn-1-12_lm-False_cm-True_wa-True_summary.feather
    One-hot encoding: True
    Split: 9
    Random state: 107473
    

    Finish:
    landsat-c2-l2_bands-r-g-b-nir-swir16-swir22_ZMB_20k-points_1024-features_yr-2009-2021_mn-1-12_lm-False_cm-True_wa-False_summary.feather
    sentinel-2-l2a_bands-2-3-4_ZMB_15k-points_1000-features_yr-2016-2022_mn-1-12_lm-False_cm-True_wa-False_summary.feather
    One-hot encoding: True
    Final Val R2:  0.7607 
    Final Test R2: 0.7982
    Total time: 461.37 minutes
    
Group indicies [0, 12288, 24288]
		  [12288, 24288, 24357]


dict_keys([0.09999999999999999, 1.0, 10.0, 0.009999999999999998, 0.0009999999999999998, 9.999999999999998e-05, 9.999999999999997e-06, 9.999999999999997e-07])
Best λ: 9.999999999999997e-06
Best score: 0.7590030440682602

	Best λ: 9.999999999999997e-06
	Val R2: 0.7590


    Finish:
    landsat-c2-l2_bands-r-g-b-nir-swir16-swir22_ZMB_20k-points_1024-features_yr-2009-2021_mn-1-12_lm-False_cm-True_wa-False_summary.feather
    sentinel-2-l2a_bands-2-3-4_ZMB_15k-points_1000-features_yr-2016-2022_mn-1-12_lm-False_cm-True_wa-True_summary.feather
    One-hot encoding: True
    Final Val R2:  0.7784 
    Final Test R2: 0.8157
    Total time: 232.83 minutes
    

dict_keys([0.09999999999999999, 1.0, 10.0, 0.009999999999999998, 0.0009999999999999998, 9.999999999999998e-05, 9.999999999999997e-06, 9.999999999999997e-07])
Best λ: 9.999999999999997e-06
Best score: 0.702397741022573

	Best λ: 9.999999999999997e-06
	Val R2: 0.7024


dict_keys([0.09999999999999999, 1.0, 10.0, 100.0])
Best λ: 10.0
Best score: 0.6498191949000743

	Best λ: 10.0
	Val R2: 0.6498


dict_keys([0.09999999999999999, 1.0, 10.0, 0.009999999999999998, 0.0009999999999999998, 9.999999999999998e-05, 9.999999999999997e-06])
Best λ: 9.999999999999998e-05
Best score: 0.7832900018485132

	Best λ: 9.999999999999998e-05
	Val R2: 0.7833


dict_keys([0.09999999999999999, 1.0, 10.0, 0.009999999999999998, 0.0009999999999999998, 9.999999999999998e-05])
Best λ: 0.0009999999999999998
Best score: 0.818611710030481

	Best λ: 0.0009999999999999998
	Val R2: 0.8186


    Finish:
    landsat-c2-l2_bands-r-g-b-nir-swir16-swir22_ZMB_20k-points_1024-features_yr-2009-2021_mn-1-12_lm-False_cm-True_wa-False_summary.feather
    sentinel-2-l2a_bands-2-3-4_ZMB_20k-points_1000-features_yr-2016-2022_mn-1-12_lm-False_cm-True_wa-True_summary.feather
    One-hot encoding: True
    Final Val R2:  0.7174 
    Final Test R2: 0.6960
    Total time: 120.27 minutes
    

    Finish:
    landsat-c2-l2_bands-r-g-b-nir-swir16-swir22_ZMB_20k-points_1024-features_yr-2009-2021_mn-1-12_lm-False_cm-True_wa-False_summary.feather
    sentinel-2-l2a_bands-2-3-4_ZMB_15k-points_1000-features_yr-2016-2022_mn-1-12_lm-False_cm-True_wa-True_summary.feather
    One-hot encoding: True
    Final Val R2:  0.7642 
    Final Test R2: 0.7981
    Total time: 244.84 minutes
    

dict_keys([0.09999999999999999, 1.0, 10.0, 0.009999999999999998, 0.0009999999999999998, 9.999999999999998e-05])
Best λ: 0.0009999999999999998
Best score: 0.824756052715108

	Best λ: 0.0009999999999999998
	Val R2: 0.8248


    Finish:
    landsat-c2-l2_bands-r-g-b-nir-swir16-swir22_ZMB_20k-points_1024-features_yr-2009-2021_mn-1-12_lm-False_cm-True_wa-False_summary.feather
    sentinel-2-l2a_bands-2-3-4_ZMB_15k-points_1000-features_yr-2016-2022_mn-1-12_lm-False_cm-True_wa-False_summary.feather
    One-hot encoding: True
    Final Val R2:  0.7420 
    Final Test R2: 0.6865
    Total time: 483.76 minutes
    

    Finish:
    landsat-c2-l2_bands-r-g-b-nir-swir16-swir22_ZMB_20k-points_1024-features_yr-2009-2021_mn-1-12_lm-False_cm-True_wa-False_summary.feather
    sentinel-2-l2a_bands-2-3-4_ZMB_15k-points_1000-features_yr-2016-2022_mn-1-12_lm-False_cm-True_wa-True_summary.feather
    One-hot encoding: True
    Final Val R2:  0.7879 
    Final Test R2: 0.8396
    Total time: 239.28 minutes
    

dict_keys([0.09999999999999999, 1.0, 10.0, 0.009999999999999998, 0.0009999999999999998, 9.999999999999998e-05, 9.999999999999997e-06])
Best λ: 9.999999999999998e-05
Best score: 0.7776474329490344

	Best λ: 9.999999999999998e-05
	Val R2: 0.7776


    Finish:
    landsat-c2-l2_bands-r-g-b-nir-swir16-swir22_ZMB_20k-points_1024-features_yr-2009-2021_mn-1-12_lm-False_cm-True_wa-False_summary.feather
    sentinel-2-l2a_bands-2-3-4_ZMB_15k-points_1000-features_yr-2016-2022_mn-1-12_lm-False_cm-True_wa-True_summary.feather
    One-hot encoding: True
    Final Val R2:  0.8241 
    Final Test R2: 0.8046
    Total time: 239.95 minutes
    

dict_keys([0.09999999999999999, 1.0, 10.0, 100.0])
Best λ: 10.0
Best score: 0.6807333640865558

	Best λ: 10.0
	Val R2: 0.6807


    Finish:
    landsat-c2-l2_bands-r-g-b-nir-swir16-swir22_ZMB_20k-points_1024-features_yr-2009-2021_mn-1-12_lm-False_cm-True_wa-False_summary.feather
    sentinel-2-l2a_bands-2-3-4_ZMB_15k-points_1000-features_yr-2016-2022_mn-1-12_lm-False_cm-True_wa-True_summary.feather
    One-hot encoding: True
    Final Val R2:  0.8343 
    Final Test R2: 0.8082
    Total time: 245.73 minutes
    

dict_keys([0.09999999999999999, 1.0, 10.0, 0.009999999999999998, 0.0009999999999999998, 9.999999999999998e-05, 9.999999999999997e-06, 9.999999999999997e-07])
Best λ: 9.999999999999997e-06
Best score: 0.7429793007247538

	Best λ: 9.999999999999997e-06
	Val R2: 0.7430


    Finish:
    landsat-c2-l2_bands-r-g-b-nir-swir16-swir22_ZMB_20k-points_1024-features_yr-2009-2021_mn-1-12_lm-False_cm-True_wa-False_summary.feather
    sentinel-2-l2a_bands-2-3-4_ZMB_15k-points_1000-features_yr-2016-2022_mn-1-12_lm-False_cm-True_wa-True_summary.feather
    One-hot encoding: True
    Final Val R2:  0.7976 
    Final Test R2: 0.7561
    Total time: 244.82 minutes
    

    Finish:
    landsat-c2-l2_bands-r-g-b-nir-swir16-swir22_ZMB_20k-points_1024-features_yr-2009-2021_mn-1-12_lm-False_cm-True_wa-False_summary.feather
    sentinel-2-l2a_bands-2-3-4_ZMB_15k-points_1000-features_yr-2016-2022_mn-1-12_lm-False_cm-True_wa-True_summary.feather
    One-hot encoding: True
    Final Val R2:  0.7441 
    Final Test R2: 0.6916
    Total time: 237.24 minutes
    

dict_keys([0.09999999999999999, 1.0, 10.0, 100.0])
Best λ: 10.0
Best score: 0.6695948843262781

	Best λ: 10.0
	Val R2: 0.6696


dict_keys([0.09999999999999999, 1.0, 10.0, 100.0])
Best λ: 10.0
Best score: 0.6528529739270598

	Best λ: 10.0
	Val R2: 0.6529


dict_keys([0.09999999999999999, 1.0, 10.0, 100.0])
Best λ: 10.0
Best score: 0.6455330203838618

	Best λ: 10.0
	Val R2: 0.6455


dict_keys([0.09999999999999999, 1.0, 10.0])
Best λ: 1.0
Best score: 0.5951835137753687

	Best λ: 1.0
	Val R2: 0.5952


dict_keys([0.09999999999999999, 1.0, 10.0])
Best λ: 1.0
Best score: 0.5925650794801997

	Best λ: 1.0
	Val R2: 0.5926


dict_keys([0.09999999999999999, 1.0, 10.0, 100.0])
Best λ: 10.0
Best score: 0.5747099205469077

	Best λ: 10.0
	Val R2: 0.5747


dict_keys([0.09999999999999999, 1.0, 10.0, 0.009999999999999998])
Best λ: 0.09999999999999999
Best score: 0.6110154117625716

	Best λ: 0.09999999999999999
	Val R2: 0.6110


dict_keys([0.09999999999999999, 1.0, 10.0, 0.009999999999999998, 0.0009999999999999998, 9.999999999999998e-05])
Best λ: 0.0009999999999999998
Best score: 0.7780244585598762

	Best λ: 0.0009999999999999998
	Val R2: 0.7780


dict_keys([0.09999999999999999, 1.0, 10.0, 0.009999999999999998, 0.0009999999999999998, 9.999999999999998e-05, 9.999999999999997e-06])
Best λ: 9.999999999999998e-05
Best score: 0.7471524755537455

	Best λ: 9.999999999999998e-05
	Val R2: 0.7472


dict_keys([0.09999999999999999, 1.0, 10.0, 0.009999999999999998, 0.0009999999999999998, 9.999999999999998e-05, 9.999999999999997e-06, 9.999999999999997e-07])
Best λ: 9.999999999999997e-06
Best score: 0.7675430468081647

	Best λ: 9.999999999999997e-06
	Val R2: 0.7675


dict_keys([0.09999999999999999, 1.0, 10.0, 0.009999999999999998, 0.0009999999999999998, 9.999999999999998e-05])
Best λ: 0.0009999999999999998
Best score: 0.7759048343118996

	Best λ: 0.0009999999999999998
	Val R2: 0.7759


dict_keys([0.09999999999999999, 1.0, 10.0, 0.009999999999999998, 0.0009999999999999998, 9.999999999999998e-05, 9.999999999999997e-06, 9.999999999999997e-07])
Best λ: 9.999999999999997e-06
Best score: 0.7035166491948304

	Best λ: 9.999999999999997e-06
	Val R2: 0.7035


dict_keys([0.09999999999999999, 1.0, 10.0, 0.009999999999999998, 0.0009999999999999998, 9.999999999999998e-05, 9.999999999999997e-06])
Best λ: 9.999999999999998e-05
Best score: 0.8076713276371018

	Best λ: 9.999999999999998e-05
	Val R2: 0.8077


dict_keys([0.09999999999999999, 1.0, 10.0, 0.009999999999999998, 0.0009999999999999998, 9.999999999999998e-05])
Best λ: 0.0009999999999999998
Best score: 0.7740374940025487

	Best λ: 0.0009999999999999998
	Val R2: 0.7740


dict_keys([0.09999999999999999, 1.0, 10.0, 0.009999999999999998, 0.0009999999999999998, 9.999999999999998e-05, 9.999999999999997e-06])
Best λ: 9.999999999999998e-05
Best score: 0.7990858447911633

	Best λ: 9.999999999999998e-05
	Val R2: 0.7991


    Finish:
    landsat-c2-l2_bands-r-g-b-nir-swir16-swir22_ZMB_20k-points_1024-features_yr-2009-2021_mn-1-12_lm-False_cm-True_wa-False_summary.feather
    sentinel-2-l2a_bands-2-3-4_ZMB_15k-points_1000-features_yr-2016-2022_mn-1-12_lm-False_cm-True_wa-True_summary.feather
    One-hot encoding: True
    Final Val R2:  0.7537 
    Final Test R2: 0.7320
    Total time: 289.40 minutes
    

    Finish:
    landsat-c2-l2_bands-r-g-b-nir-swir16-swir22_ZMB_20k-points_1024-features_yr-2009-2021_mn-1-12_lm-False_cm-True_wa-False_summary.feather
    sentinel-2-l2a_bands-2-3-4_ZMB_20k-points_1000-features_yr-2016-2022_mn-1-12_lm-False_cm-True_wa-False_summary.feather
    One-hot encoding: True
    Final Val R2:  0.7874 
    Final Test R2: 0.8528
    Total time: 287.65 minutes
    

    Finish:
    landsat-c2-l2_bands-r-g-b-nir-swir16-swir22_ZMB_20k-points_1024-features_yr-2009-2021_mn-1-12_lm-False_cm-True_wa-False_summary.feather
    sentinel-2-l2a_bands-2-3-4_ZMB_20k-points_1000-features_yr-2016-2022_mn-1-12_lm-False_cm-True_wa-False_summary.feather
    One-hot encoding: True
    Final Val R2:  0.7754 
    Final Test R2: 0.7963
    Total time: 290.11 minutes
    

    Finish:
    landsat-c2-l2_bands-r-g-b-nir-swir16-swir22_ZMB_20k-points_1024-features_yr-2009-2021_mn-1-12_lm-False_cm-True_wa-False_summary.feather
    sentinel-2-l2a_bands-2-3-4_ZMB_20k-points_1000-features_yr-2016-2022_mn-1-12_lm-False_cm-True_wa-False_summary.feather
    One-hot encoding: True
    Final Val R2:  0.7782 
    Final Test R2: 0.8429
    Total time: 286.21 minutes
    

    Finish:
    landsat-c2-l2_bands-r-g-b-nir-swir16-swir22_ZMB_20k-points_1024-features_yr-2009-2021_mn-1-12_lm-False_cm-True_wa-False_summary.feather
    sentinel-2-l2a_bands-2-3-4_ZMB_20k-points_1000-features_yr-2016-2022_mn-1-12_lm-False_cm-True_wa-False_summary.feather
    One-hot encoding: True
    Final Val R2:  0.8100 
    Final Test R2: 0.8434
    Total time: 295.31 minutes
    

    Finish:
    landsat-c2-l2_bands-r-g-b-nir-swir16-swir22_ZMB_20k-points_1024-features_yr-2009-2021_mn-1-12_lm-False_cm-True_wa-False_summary.feather
    sentinel-2-l2a_bands-2-3-4_ZMB_20k-points_1000-features_yr-2016-2022_mn-1-12_lm-False_cm-True_wa-False_summary.feather
    One-hot encoding: True
    Final Val R2:  0.7184 
    Final Test R2: 0.6976
    Total time: 280.39 minutes
    

    Finish:
    landsat-c2-l2_bands-r-g-b-nir-swir16-swir22_ZMB_20k-points_1024-features_yr-2009-2021_mn-1-12_lm-False_cm-True_wa-False_summary.feather
    sentinel-2-l2a_bands-2-3-4_ZMB_20k-points_1000-features_yr-2016-2022_mn-1-12_lm-False_cm-True_wa-False_summary.feather
    One-hot encoding: True
    Final Val R2:  0.7815 
    Final Test R2: 0.8028
    Total time: 280.13 minutes
    

    Finish:
    landsat-c2-l2_bands-r-g-b-nir-swir16-swir22_ZMB_20k-points_1024-features_yr-2009-2021_mn-1-12_lm-False_cm-True_wa-False_summary.feather
    sentinel-2-l2a_bands-2-3-4_ZMB_20k-points_1000-features_yr-2016-2022_mn-1-12_lm-False_cm-True_wa-False_summary.feather
    One-hot encoding: True
    Final Val R2:  0.8159 
    Final Test R2: 0.7425
    Total time: 279.68 minutes
    

dict_keys([0.09999999999999999, 1.0, 10.0, 0.009999999999999998, 0.0009999999999999998, 9.999999999999998e-05, 9.999999999999997e-06])
Best λ: 9.999999999999998e-05
Best score: 0.7255163521313086

	Best λ: 9.999999999999998e-05
	Val R2: 0.7255


dict_keys([0.09999999999999999, 1.0, 10.0, 100.0])
Best λ: 10.0
Best score: 0.606524042010788

	Best λ: 10.0
	Val R2: 0.6065


dict_keys([0.09999999999999999, 1.0, 10.0])
Best λ: 1.0
Best score: 0.6110154117625716

	Best λ: 1.0
	Val R2: 0.6110


dict_keys([0.09999999999999999, 1.0, 10.0, 100.0])
Best λ: 10.0
Best score: 0.6425275676437942

	Best λ: 10.0
	Val R2: 0.6425


dict_keys([0.09999999999999999, 1.0, 10.0, 0.009999999999999998, 0.0009999999999999998, 9.999999999999998e-05, 9.999999999999997e-06])
Best λ: 9.999999999999998e-05
Best score: 0.7920393470914989

	Best λ: 9.999999999999998e-05
	Val R2: 0.7920


    Finish:
    landsat-c2-l2_bands-r-g-b-nir-swir16-swir22_ZMB_20k-points_1024-features_yr-2009-2021_mn-1-12_lm-False_cm-True_wa-False_summary.feather
    sentinel-2-l2a_bands-2-3-4_ZMB_20k-points_1000-features_yr-2016-2022_mn-1-12_lm-False_cm-True_wa-False_summary.feather
    One-hot encoding: True
    Final Val R2:  0.7274 
    Final Test R2: 0.7129
    Total time: 313.90 minutes
    

    Finish:
    landsat-c2-l2_bands-r-g-b-nir-swir16-swir22_ZMB_20k-points_1024-features_yr-2009-2021_mn-1-12_lm-False_cm-True_wa-False_summary.feather
    sentinel-2-l2a_bands-2-3-4_ZMB_20k-points_1000-features_yr-2016-2022_mn-1-12_lm-False_cm-True_wa-False_summary.feather
    One-hot encoding: True
    Final Val R2:  0.7981 
    Final Test R2: 0.8245
    Total time: 336.39 minutes
    

dict_keys([0.09999999999999999, 1.0, 10.0, 100.0, 1000.0])
Best λ: 100.0
Best score: 0.6672047673410946

	Best λ: 100.0
	Val R2: 0.6672


dict_keys([0.09999999999999999, 1.0, 10.0, 0.009999999999999998, 0.0009999999999999998, 9.999999999999998e-05])
Best λ: 0.0009999999999999998
Best score: 0.8017842943744178

	Best λ: 0.0009999999999999998
	Val R2: 0.8018


dict_keys([0.09999999999999999, 1.0, 10.0, 0.009999999999999998, 0.0009999999999999998, 9.999999999999998e-05, 9.999999999999997e-06])
Best λ: 9.999999999999998e-05
Best score: 0.7910346200931163

	Best λ: 9.999999999999998e-05
	Val R2: 0.7910


dict_keys([0.09999999999999999, 1.0, 10.0, 0.009999999999999998, 0.0009999999999999998, 9.999999999999998e-05, 9.999999999999997e-06, 9.999999999999997e-07])
Best λ: 9.999999999999997e-06
Best score: 0.7673168969755553

	Best λ: 9.999999999999997e-06
	Val R2: 0.7673


dict_keys([0.09999999999999999, 1.0, 10.0, 0.009999999999999998, 0.0009999999999999998, 9.999999999999998e-05])
Best λ: 0.0009999999999999998
Best score: 0.777071869497275

	Best λ: 0.0009999999999999998
	Val R2: 0.7771


dict_keys([0.09999999999999999, 1.0, 10.0, 0.009999999999999998, 0.0009999999999999998, 9.999999999999998e-05])
Best λ: 0.0009999999999999998
Best score: 0.7734147787439751

	Best λ: 0.0009999999999999998
	Val R2: 0.7734


    Finish:
    landsat-c2-l2_bands-r-g-b-nir-swir16-swir22_ZMB_20k-points_1024-features_yr-2009-2021_mn-1-12_lm-False_cm-True_wa-False_summary.feather
    sentinel-2-l2a_bands-2-3-4_ZMB_20k-points_1000-features_yr-2016-2022_mn-1-12_lm-False_cm-True_wa-True_summary.feather
    One-hot encoding: True
    Final Val R2:  0.7970 
    Final Test R2: 0.8234
    Total time: 317.16 minutes
    

    Finish:
    landsat-c2-l2_bands-r-g-b-nir-swir16-swir22_ZMB_20k-points_1024-features_yr-2009-2021_mn-1-12_lm-False_cm-True_wa-False_summary.feather
    sentinel-2-l2a_bands-2-3-4_ZMB_20k-points_1000-features_yr-2016-2022_mn-1-12_lm-False_cm-True_wa-True_summary.feather
    One-hot encoding: True
    Final Val R2:  0.8048 
    Final Test R2: 0.8515
    Total time: 319.66 minutes
    

    Finish:
    landsat-c2-l2_bands-r-g-b-nir-swir16-swir22_ZMB_20k-points_1024-features_yr-2009-2021_mn-1-12_lm-False_cm-True_wa-False_summary.feather
    sentinel-2-l2a_bands-2-3-4_ZMB_20k-points_1000-features_yr-2016-2022_mn-1-12_lm-False_cm-True_wa-True_summary.feather
    One-hot encoding: True
    Final Val R2:  0.7752 
    Final Test R2: 0.7944
    Total time: 325.96 minutes
    

    Finish:
    landsat-c2-l2_bands-r-g-b-nir-swir16-swir22_ZMB_20k-points_1024-features_yr-2009-2021_mn-1-12_lm-False_cm-True_wa-False_summary.feather
    sentinel-2-l2a_bands-2-3-4_ZMB_20k-points_1000-features_yr-2016-2022_mn-1-12_lm-False_cm-True_wa-True_summary.feather
    One-hot encoding: True
    Final Val R2:  0.7866 
    Final Test R2: 0.8514
    Total time: 324.46 minutes
    

    Finish:
    landsat-c2-l2_bands-r-g-b-nir-swir16-swir22_ZMB_20k-points_1024-features_yr-2009-2021_mn-1-12_lm-False_cm-True_wa-False_summary.feather
    sentinel-2-l2a_bands-2-3-4_ZMB_20k-points_1000-features_yr-2016-2022_mn-1-12_lm-False_cm-True_wa-True_summary.feather
    One-hot encoding: True
    Final Val R2:  0.7759 
    Final Test R2: 0.8417
    Total time: 321.76 minutes
    

dict_keys([0.09999999999999999, 1.0, 10.0, 0.009999999999999998, 0.0009999999999999998, 9.999999999999998e-05, 9.999999999999997e-06, 9.999999999999997e-07, 9.999999999999997e-08, 9.999999999999997e-09, 9.999999999999996e-10, 9.999999999999996e-11, 9.999999999999996e-12])
Best λ: 9.999999999999996e-11
Best score: 0.733214654007762

	Best λ: 9.999999999999996e-11
	Val R2: 0.7332


    Finish:
    landsat-c2-l2_bands-r-g-b-nir-swir16-swir22_ZMB_20k-points_1024-features_yr-2009-2021_mn-1-12_lm-False_cm-True_wa-False_summary.feather
    sentinel-2-l2a_bands-2-3-4_ZMB_20k-points_1000-features_yr-2016-2022_mn-1-12_lm-False_cm-True_wa-False_summary.feather
    One-hot encoding: True
    Final Val R2:  0.7395 
    Final Test R2: 0.7322
    Total time: 361.72 minutes
    

dict_keys([0.09999999999999999, 1.0, 10.0, 0.009999999999999998, 0.0009999999999999998, 9.999999999999998e-05, 9.999999999999997e-06])
Best λ: 9.999999999999998e-05
Best score: 0.728740602788142

	Best λ: 9.999999999999998e-05
	Val R2: 0.7287


dict_keys([0.09999999999999999, 1.0, 10.0, 0.009999999999999998, 0.0009999999999999998, 9.999999999999998e-05, 9.999999999999997e-06])
Best λ: 9.999999999999998e-05
Best score: 0.7247549481847736

	Best λ: 9.999999999999998e-05
	Val R2: 0.7248


dict_keys([0.09999999999999999, 1.0, 10.0, 0.009999999999999998, 0.0009999999999999998, 9.999999999999998e-05])
Best λ: 0.0009999999999999998
Best score: 0.7726964134946991

	Best λ: 0.0009999999999999998
	Val R2: 0.7727


    Finish:
    landsat-c2-l2_bands-r-g-b-nir-swir16-swir22_ZMB_20k-points_1024-features_yr-2009-2021_mn-1-12_lm-False_cm-True_wa-False_summary.feather
    sentinel-2-l2a_bands-2-3-4_ZMB_20k-points_1000-features_yr-2016-2022_mn-1-12_lm-False_cm-True_wa-True_summary.feather
    One-hot encoding: True
    Final Val R2:  0.7266 
    Final Test R2: 0.7114
    Total time: 270.45 minutes
    

    Finish:
    landsat-c2-l2_bands-r-g-b-nir-swir16-swir22_ZMB_20k-points_1024-features_yr-2009-2021_mn-1-12_lm-False_cm-True_wa-False_summary.feather
    sentinel-2-l2a_bands-2-3-4_ZMB_20k-points_1000-features_yr-2016-2022_mn-1-12_lm-False_cm-True_wa-True_summary.feather
    One-hot encoding: True
    Final Val R2:  0.7486 
    Final Test R2: 0.6617
    Total time: 271.62 minutes
    

    Finish:
    landsat-c2-l2_bands-r-g-b-nir-swir16-swir22_ZMB_20k-points_1024-features_yr-2009-2021_mn-1-12_lm-False_cm-True_wa-False_summary.feather
    sentinel-2-l2a_bands-2-3-4_ZMB_20k-points_1000-features_yr-2016-2022_mn-1-12_lm-False_cm-True_wa-True_summary.feather
    One-hot encoding: True
    Final Val R2:  0.7803 
    Final Test R2: 0.8017
    Total time: 283.54 minutes
    

dict_keys([0.09999999999999999, 1.0, 10.0, 0.009999999999999998, 0.0009999999999999998, 9.999999999999998e-05, 9.999999999999997e-06, 9.999999999999997e-07, 9.999999999999997e-08])
Best λ: 9.999999999999997e-07
Best score: 0.7311909022777904

	Best λ: 9.999999999999997e-07
	Val R2: 0.7312


    Finish:
    landsat-c2-l2_bands-r-g-b-nir-swir16-swir22_ZMB_20k-points_1024-features_yr-2009-2021_mn-1-12_lm-False_cm-True_wa-False_summary.feather
    sentinel-2-l2a_bands-2-3-4_ZMB_20k-points_1000-features_yr-2016-2022_mn-1-12_lm-False_cm-True_wa-True_summary.feather
    One-hot encoding: True
    Final Val R2:  0.7376 
    Final Test R2: 0.7316
    Total time: 291.53 minutes
    
Saving results as: 2_sensor_top-mod_n-splits-10_2023-05-17_10.csv


