Begin with paramters:
    F1: landsat-c2-l2_bands-r-g-b-nir-swir16-swir22_ZMB_20k-points_1024-features_yr-2009-2021_mn-1-12_lm-False_cm-True_wa-True_summary.feather
    F2: sentinel-2-l2a_bands-2-3-4_ZMB_20k-points_1000-features_yr-2016-2022_mn-1-12_lm-False_cm-True_wa-False_summary.feather
    One-hot encoding: True
    Split: 0
    Random state: 670487
    
Begin with paramters:
    F1: landsat-c2-l2_bands-r-g-b-nir-swir16-swir22_ZMB_20k-points_1024-features_yr-2009-2021_mn-1-12_lm-False_cm-True_wa-True_summary.feather
    F2: sentinel-2-l2a_bands-2-3-4_ZMB_20k-points_1000-features_yr-2016-2022_mn-1-12_lm-False_cm-True_wa-False_summary.feather
    One-hot encoding: True
    Split: 2
    Random state: 26225
    
Begin with paramters:
    F1: landsat-c2-l2_bands-r-g-b-nir-swir16-swir22_ZMB_20k-points_1024-features_yr-2009-2021_mn-1-12_lm-False_cm-True_wa-True_summary.feather
    F2: sentinel-2-l2a_bands-2-3-4_ZMB_20k-points_1000-features_yr-2016-2022_mn-1-12_lm-False_cm-True_wa-False_summary.feather
    One-hot encoding: True
    Split: 1
    Random state: 116739
    
Begin with paramters:
    F1: landsat-c2-l2_bands-r-g-b-nir-swir16-swir22_ZMB_20k-points_1024-features_yr-2009-2021_mn-1-12_lm-False_cm-True_wa-True_summary.feather
    F2: sentinel-2-l2a_bands-2-3-4_ZMB_20k-points_1000-features_yr-2016-2022_mn-1-12_lm-False_cm-True_wa-False_summary.feather
    One-hot encoding: True
    Split: 3
    Random state: 777572
    
Begin with paramters:
    F1: landsat-c2-l2_bands-r-g-b-nir-swir16-swir22_ZMB_20k-points_1024-features_yr-2009-2021_mn-1-12_lm-False_cm-True_wa-True_summary.feather
    F2: sentinel-2-l2a_bands-2-3-4_ZMB_20k-points_1000-features_yr-2016-2022_mn-1-12_lm-False_cm-True_wa-False_summary.feather
    One-hot encoding: True
    Split: 4
    Random state: 288389
    
Begin with paramters:
    F1: landsat-c2-l2_bands-r-g-b-nir-swir16-swir22_ZMB_20k-points_1024-features_yr-2009-2021_mn-1-12_lm-False_cm-True_wa-True_summary.feather
    F2: sentinel-2-l2a_bands-2-3-4_ZMB_20k-points_1000-features_yr-2016-2022_mn-1-12_lm-False_cm-True_wa-False_summary.feather
    One-hot encoding: True
    Split: 6
    Random state: 234053
    
Begin with paramters:
    F1: landsat-c2-l2_bands-r-g-b-nir-swir16-swir22_ZMB_20k-points_1024-features_yr-2009-2021_mn-1-12_lm-False_cm-True_wa-True_summary.feather
    F2: sentinel-2-l2a_bands-2-3-4_ZMB_20k-points_1000-features_yr-2016-2022_mn-1-12_lm-False_cm-True_wa-False_summary.feather
    One-hot encoding: True
    Split: 8
    Random state: 772246
    
Begin with paramters:
    F1: landsat-c2-l2_bands-r-g-b-nir-swir16-swir22_ZMB_20k-points_1024-features_yr-2009-2021_mn-1-12_lm-False_cm-True_wa-True_summary.feather
    F2: sentinel-2-l2a_bands-2-3-4_ZMB_20k-points_1000-features_yr-2016-2022_mn-1-12_lm-False_cm-True_wa-False_summary.feather
    One-hot encoding: True
    Split: 5
    Random state: 256787
    
Begin with paramters:
    F1: landsat-c2-l2_bands-r-g-b-nir-swir16-swir22_ZMB_20k-points_1024-features_yr-2009-2021_mn-1-12_lm-False_cm-True_wa-True_summary.feather
    F2: sentinel-2-l2a_bands-2-3-4_ZMB_20k-points_1000-features_yr-2016-2022_mn-1-12_lm-False_cm-True_wa-False_summary.feather
    One-hot encoding: True
    Split: 7
    Random state: 146316
    
Begin with paramters:
    F1: landsat-c2-l2_bands-r-g-b-nir-swir16-swir22_ZMB_20k-points_1024-features_yr-2009-2021_mn-1-12_lm-False_cm-True_wa-True_summary.feather
    F2: sentinel-2-l2a_bands-2-3-4_ZMB_20k-points_1000-features_yr-2016-2022_mn-1-12_lm-False_cm-True_wa-False_summary.feather
    One-hot encoding: True
    Split: 9
    Random state: 107473
    
Begin with paramters:
    F1: landsat-c2-l2_bands-r-g-b-nir-swir16-swir22_ZMB_20k-points_1024-features_yr-2009-2021_mn-1-12_lm-False_cm-True_wa-True_summary.feather
    F2: sentinel-2-l2a_bands-2-3-4_ZMB_20k-points_1000-features_yr-2016-2022_mn-1-12_lm-False_cm-True_wa-True_summary.feather
    One-hot encoding: True
    Split: 0
    Random state: 670487
    
Begin with paramters:
    F1: landsat-c2-l2_bands-r-g-b-nir-swir16-swir22_ZMB_20k-points_1024-features_yr-2009-2021_mn-1-12_lm-False_cm-True_wa-True_summary.feather
    F2: sentinel-2-l2a_bands-2-3-4_ZMB_20k-points_1000-features_yr-2016-2022_mn-1-12_lm-False_cm-True_wa-True_summary.feather
    One-hot encoding: True
    Split: 1
    Random state: 116739
    
Begin with paramters:
    F1: landsat-c2-l2_bands-r-g-b-nir-swir16-swir22_ZMB_20k-points_1024-features_yr-2009-2021_mn-1-12_lm-False_cm-True_wa-True_summary.feather
    F2: sentinel-2-l2a_bands-2-3-4_ZMB_20k-points_1000-features_yr-2016-2022_mn-1-12_lm-False_cm-True_wa-True_summary.feather
    One-hot encoding: True
    Split: 2
    Random state: 26225
    
Begin with paramters:
    F1: landsat-c2-l2_bands-r-g-b-nir-swir16-swir22_ZMB_20k-points_1024-features_yr-2009-2021_mn-1-12_lm-False_cm-True_wa-True_summary.feather
    F2: sentinel-2-l2a_bands-2-3-4_ZMB_20k-points_1000-features_yr-2016-2022_mn-1-12_lm-False_cm-True_wa-True_summary.feather
    One-hot encoding: True
    Split: 3
    Random state: 777572
    
Begin with paramters:
    F1: landsat-c2-l2_bands-r-g-b-nir-swir16-swir22_ZMB_20k-points_1024-features_yr-2009-2021_mn-1-12_lm-False_cm-True_wa-True_summary.feather
    F2: sentinel-2-l2a_bands-2-3-4_ZMB_20k-points_1000-features_yr-2016-2022_mn-1-12_lm-False_cm-True_wa-True_summary.feather
    One-hot encoding: True
    Split: 7
    Random state: 146316
    
Begin with paramters:
    F1: landsat-c2-l2_bands-r-g-b-nir-swir16-swir22_ZMB_20k-points_1024-features_yr-2009-2021_mn-1-12_lm-False_cm-True_wa-True_summary.feather
    F2: sentinel-2-l2a_bands-2-3-4_ZMB_20k-points_1000-features_yr-2016-2022_mn-1-12_lm-False_cm-True_wa-True_summary.feather
    One-hot encoding: True
    Split: 8
    Random state: 772246
    
Begin with paramters:
    F1: landsat-c2-l2_bands-r-g-b-nir-swir16-swir22_ZMB_20k-points_1024-features_yr-2009-2021_mn-1-12_lm-False_cm-True_wa-True_summary.feather
    F2: sentinel-2-l2a_bands-2-3-4_ZMB_20k-points_1000-features_yr-2016-2022_mn-1-12_lm-False_cm-True_wa-True_summary.feather
    One-hot encoding: True
    Split: 4
    Random state: 288389
    
Begin with paramters:
    F1: landsat-c2-l2_bands-r-g-b-nir-swir16-swir22_ZMB_20k-points_1024-features_yr-2009-2021_mn-1-12_lm-False_cm-True_wa-True_summary.feather
    F2: sentinel-2-l2a_bands-2-3-4_ZMB_20k-points_1000-features_yr-2016-2022_mn-1-12_lm-False_cm-True_wa-True_summary.feather
    One-hot encoding: True
    Split: 5
    Random state: 256787
    
Begin with paramters:
    F1: landsat-c2-l2_bands-r-g-b-nir-swir16-swir22_ZMB_20k-points_1024-features_yr-2009-2021_mn-1-12_lm-False_cm-True_wa-True_summary.feather
    F2: sentinel-2-l2a_bands-2-3-4_ZMB_20k-points_1000-features_yr-2016-2022_mn-1-12_lm-False_cm-True_wa-True_summary.feather
    One-hot encoding: True
    Split: 6
    Random state: 234053
    
Group indicies [0, 12288, 24288]
		  [12288, 24288, 24357]

Group indicies [0, 12288, 24288]
		  [12288, 24288, 24357]

Group indicies [0, 12288, 24288]
		  [12288, 24288, 24357]

Group indicies [0, 12288, 24288]
		  [12288, 24288, 24357]

Group indicies [0, 12288, 24288]
		  [12288, 24288, 24357]

Group indicies [0, 12288, 24288]
		  [12288, 24288, 24357]

Group indicies [0, 12288, 24288]
		  [12288, 24288, 24357]

Group indicies [0, 12288, 24288]
		  [12288, 24288, 24357]

Group indicies [0, 12288, 24288]
		  [12288, 24288, 24357]

Group indicies [0, 12288, 24288]
		  [12288, 24288, 24357]

Group indicies [0, 12288, 24288]
		  [12288, 24288, 24357]

Group indicies [0, 12288, 24288]
		  [12288, 24288, 24357]

Group indicies [0, 12288, 24288]
		  [12288, 24288, 24357]

Group indicies [0, 12288, 24288]
		  [12288, 24288, 24357]

Group indicies [0, 12288, 24288]
		  [12288, 24288, 24357]

Group indicies [0, 12288, 24288]
		  [12288, 24288, 24357]

Group indicies [0, 12288, 24288]
		  [12288, 24288, 24357]

Group indicies [0, 12288, 24288]
		  [12288, 24288, 24357]

Group indicies [0, 12288, 24288]
		  [12288, 24288, 24357]


dict_keys([0.09999999999999999, 1.0, 10.0])
Best λ: 1.0
Best score: 0.5964219315190371

	Best λ: 1.0
	Val R2: 0.5964


dict_keys([0.09999999999999999, 1.0, 10.0])
Best λ: 1.0
Best score: 0.5996063675091764

	Best λ: 1.0
	Val R2: 0.5996


dict_keys([0.09999999999999999, 1.0, 10.0])
Best λ: 1.0
Best score: 0.6192469919916961

	Best λ: 1.0
	Val R2: 0.6192


dict_keys([0.09999999999999999, 1.0, 10.0, 100.0])
Best λ: 10.0
Best score: 0.5840169036468557

	Best λ: 10.0
	Val R2: 0.5840


dict_keys([0.09999999999999999, 1.0, 10.0, 100.0])
Best λ: 10.0
Best score: 0.5769505178894404

	Best λ: 10.0
	Val R2: 0.5770


dict_keys([0.09999999999999999, 1.0, 10.0, 0.009999999999999998])
Best λ: 0.09999999999999999
Best score: 0.6027075513699977

	Best λ: 0.09999999999999999
	Val R2: 0.6027


dict_keys([0.09999999999999999, 1.0, 10.0, 0.009999999999999998])
Best λ: 0.09999999999999999
Best score: 0.5647059603089329

	Best λ: 0.09999999999999999
	Val R2: 0.5647


dict_keys([0.09999999999999999, 1.0, 10.0, 100.0])
Best λ: 10.0
Best score: 0.5936463360592749

	Best λ: 10.0
	Val R2: 0.5936


dict_keys([0.09999999999999999, 1.0, 10.0, 0.009999999999999998])
Best λ: 0.09999999999999999
Best score: 0.5633878420953409

	Best λ: 0.09999999999999999
	Val R2: 0.5634


dict_keys([0.09999999999999999, 1.0, 10.0, 0.009999999999999998])
Best λ: 0.09999999999999999
Best score: 0.60182385106664

	Best λ: 0.09999999999999999
	Val R2: 0.6018


dict_keys([0.09999999999999999, 1.0, 10.0, 100.0, 1000.0])
Best λ: 100.0
Best score: 0.6215839177462127

	Best λ: 100.0
	Val R2: 0.6216


dict_keys([0.09999999999999999, 1.0, 10.0, 100.0, 1000.0])
Best λ: 100.0
Best score: 0.5784856596882973

	Best λ: 100.0
	Val R2: 0.5785


dict_keys([0.09999999999999999, 1.0, 10.0, 100.0, 1000.0])
Best λ: 100.0
Best score: 0.5847712986813681

	Best λ: 100.0
	Val R2: 0.5848


dict_keys([0.09999999999999999, 1.0, 10.0, 100.0, 1000.0])
Best λ: 100.0
Best score: 0.5627982698330664

	Best λ: 100.0
	Val R2: 0.5628


dict_keys([0.09999999999999999, 1.0, 10.0, 100.0, 1000.0])
Best λ: 100.0
Best score: 0.5823860615016041

	Best λ: 100.0
	Val R2: 0.5824


dict_keys([0.09999999999999999, 1.0, 10.0, 100.0])
Best λ: 10.0
Best score: 0.5872939141838657

	Best λ: 10.0
	Val R2: 0.5873


dict_keys([0.09999999999999999, 1.0, 10.0, 100.0])
Best λ: 10.0
Best score: 0.6039018566619251

	Best λ: 10.0
	Val R2: 0.6039


dict_keys([0.09999999999999999, 1.0, 10.0, 100.0])
Best λ: 10.0
Best score: 0.5805656060339175

	Best λ: 10.0
	Val R2: 0.5806


dict_keys([0.09999999999999999, 1.0, 10.0, 100.0])
Best λ: 10.0
Best score: 0.6230944150652585

	Best λ: 10.0
	Val R2: 0.6231


dict_keys([0.09999999999999999, 1.0, 10.0, 100.0])
Best λ: 10.0
Best score: 0.6089201573907261

	Best λ: 10.0
	Val R2: 0.6089


dict_keys([0.09999999999999999, 1.0, 10.0])
Best λ: 1.0
Best score: 0.6027075513699977

	Best λ: 1.0
	Val R2: 0.6027


dict_keys([0.09999999999999999, 1.0, 10.0, 100.0])
Best λ: 10.0
Best score: 0.6814768774090997

	Best λ: 10.0
	Val R2: 0.6815


dict_keys([0.09999999999999999, 1.0, 10.0, 100.0])
Best λ: 10.0
Best score: 0.6451554291006595

	Best λ: 10.0
	Val R2: 0.6452


dict_keys([0.09999999999999999, 1.0, 10.0, 100.0])
Best λ: 10.0
Best score: 0.6366618368348262

	Best λ: 10.0
	Val R2: 0.6367


dict_keys([0.09999999999999999, 1.0, 10.0])
Best λ: 1.0
Best score: 0.60182385106664

	Best λ: 1.0
	Val R2: 0.6018


dict_keys([0.09999999999999999, 1.0, 10.0, 100.0])
Best λ: 10.0
Best score: 0.6686696994506843

	Best λ: 10.0
	Val R2: 0.6687


dict_keys([0.09999999999999999, 1.0, 10.0, 100.0, 1000.0])
Best λ: 100.0
Best score: 0.6716635613165886

	Best λ: 100.0
	Val R2: 0.6717


dict_keys([0.09999999999999999, 1.0, 10.0, 100.0])
Best λ: 10.0
Best score: 0.5662787854408438

	Best λ: 10.0
	Val R2: 0.5663


dict_keys([0.09999999999999999, 1.0, 10.0, 100.0])
Best λ: 10.0
Best score: 0.5664273687963741

	Best λ: 10.0
	Val R2: 0.5664


dict_keys([0.09999999999999999, 1.0, 10.0, 100.0, 1000.0])
Best λ: 100.0
Best score: 0.6487623125424751

	Best λ: 100.0
	Val R2: 0.6488


dict_keys([0.09999999999999999, 1.0, 10.0, 100.0])
Best λ: 10.0
Best score: 0.6473795597160652

	Best λ: 10.0
	Val R2: 0.6474


dict_keys([0.09999999999999999, 1.0, 10.0, 100.0])
Best λ: 10.0
Best score: 0.6501958268833852

	Best λ: 10.0
	Val R2: 0.6502


dict_keys([0.09999999999999999, 1.0, 10.0, 100.0])
Best λ: 10.0
Best score: 0.6510563226135186

	Best λ: 10.0
	Val R2: 0.6511


dict_keys([0.09999999999999999, 1.0, 10.0, 100.0])
Best λ: 10.0
Best score: 0.6444599518814553

	Best λ: 10.0
	Val R2: 0.6445


dict_keys([0.09999999999999999, 1.0, 10.0, 100.0])
Best λ: 10.0
Best score: 0.6830015592300238

	Best λ: 10.0
	Val R2: 0.6830


dict_keys([0.09999999999999999, 1.0, 10.0, 100.0])
Best λ: 10.0
Best score: 0.6882523433126989

	Best λ: 10.0
	Val R2: 0.6883


dict_keys([0.09999999999999999, 1.0, 10.0, 0.009999999999999998, 0.0009999999999999998, 9.999999999999998e-05])
Best λ: 0.0009999999999999998
Best score: 0.7856386492412832

	Best λ: 0.0009999999999999998
	Val R2: 0.7856


dict_keys([0.09999999999999999, 1.0, 10.0, 0.009999999999999998, 0.0009999999999999998, 9.999999999999998e-05, 9.999999999999997e-06])
Best λ: 9.999999999999998e-05
Best score: 0.715714452302197

	Best λ: 9.999999999999998e-05
	Val R2: 0.7157


dict_keys([0.09999999999999999, 1.0, 10.0, 0.009999999999999998, 0.0009999999999999998, 9.999999999999998e-05, 9.999999999999997e-06])
Best λ: 9.999999999999998e-05
Best score: 0.7152115526641142

	Best λ: 9.999999999999998e-05
	Val R2: 0.7152


dict_keys([0.09999999999999999, 1.0, 10.0, 0.009999999999999998, 0.0009999999999999998, 9.999999999999998e-05])
Best λ: 0.0009999999999999998
Best score: 0.8007622826121622

	Best λ: 0.0009999999999999998
	Val R2: 0.8008


dict_keys([0.09999999999999999, 1.0, 10.0, 0.009999999999999998, 0.0009999999999999998, 9.999999999999998e-05])
Best λ: 0.0009999999999999998
Best score: 0.7687773910475999

	Best λ: 0.0009999999999999998
	Val R2: 0.7688


    Finish:
    landsat-c2-l2_bands-r-g-b-nir-swir16-swir22_ZMB_20k-points_1024-features_yr-2009-2021_mn-1-12_lm-False_cm-True_wa-True_summary.feather
    sentinel-2-l2a_bands-2-3-4_ZMB_20k-points_1000-features_yr-2016-2022_mn-1-12_lm-False_cm-True_wa-True_summary.feather
    One-hot encoding: True
    Final Val R2:  0.7916 
    Final Test R2: 0.8197
    Total time: 204.18 minutes
    
Begin with paramters:
    F1: landsat-c2-l2_bands-r-g-b-nir-swir16-swir22_ZMB_20k-points_1024-features_yr-2009-2021_mn-1-12_lm-False_cm-True_wa-True_summary.feather
    F2: sentinel-2-l2a_bands-2-3-4_ZMB_20k-points_1000-features_yr-2016-2022_mn-1-12_lm-False_cm-True_wa-True_summary.feather
    One-hot encoding: True
    Split: 9
    Random state: 107473
    
Group indicies [0, 12288, 24288]
		  [12288, 24288, 24357]


    Finish:
    landsat-c2-l2_bands-r-g-b-nir-swir16-swir22_ZMB_20k-points_1024-features_yr-2009-2021_mn-1-12_lm-False_cm-True_wa-True_summary.feather
    sentinel-2-l2a_bands-2-3-4_ZMB_20k-points_1000-features_yr-2016-2022_mn-1-12_lm-False_cm-True_wa-True_summary.feather
    One-hot encoding: True
    Final Val R2:  0.7374 
    Final Test R2: 0.6522
    Total time: 206.35 minutes
    
Begin with paramters:
    F1: landsat-c2-l2_bands-r-g-b-nir-swir16-swir22_ZMB_20k-points_1024-features_yr-2009-2021_mn-1-12_lm-False_cm-True_wa-True_summary.feather
    F2: sentinel-2-l2a_bands-2-3-4_ZMB_4k-points_1000-features_yr-2016-2022_mn-1-12_lm-False_cm-True_wa-False_summary.feather
    One-hot encoding: True
    Split: 0
    Random state: 670487
    
Group indicies [0, 12288, 24288]
		  [12288, 24288, 24358]


dict_keys([0.09999999999999999, 1.0, 10.0, 100.0, 1000.0])
Best λ: 100.0
Best score: 0.661591195578757

	Best λ: 100.0
	Val R2: 0.6616


    Finish:
    landsat-c2-l2_bands-r-g-b-nir-swir16-swir22_ZMB_20k-points_1024-features_yr-2009-2021_mn-1-12_lm-False_cm-True_wa-True_summary.feather
    sentinel-2-l2a_bands-2-3-4_ZMB_20k-points_1000-features_yr-2016-2022_mn-1-12_lm-False_cm-True_wa-True_summary.feather
    One-hot encoding: True
    Final Val R2:  0.7174 
    Final Test R2: 0.6964
    Total time: 207.86 minutes
    
Begin with paramters:
    F1: landsat-c2-l2_bands-r-g-b-nir-swir16-swir22_ZMB_20k-points_1024-features_yr-2009-2021_mn-1-12_lm-False_cm-True_wa-True_summary.feather
    F2: sentinel-2-l2a_bands-2-3-4_ZMB_4k-points_1000-features_yr-2016-2022_mn-1-12_lm-False_cm-True_wa-False_summary.feather
    One-hot encoding: True
    Split: 1
    Random state: 116739
    
Group indicies [0, 12288, 24288]
		  [12288, 24288, 24358]


dict_keys([0.09999999999999999, 1.0, 10.0, 100.0, 1000.0])
Best λ: 100.0
Best score: 0.6727446294373653

	Best λ: 100.0
	Val R2: 0.6727


dict_keys([0.09999999999999999, 1.0, 10.0, 0.009999999999999998, 0.0009999999999999998, 9.999999999999998e-05, 9.999999999999997e-06])
Best λ: 9.999999999999998e-05
Best score: 0.7161309484931746

	Best λ: 9.999999999999998e-05
	Val R2: 0.7161


dict_keys([0.09999999999999999, 1.0, 10.0, 0.009999999999999998, 0.0009999999999999998, 9.999999999999998e-05, 9.999999999999997e-06])
Best λ: 9.999999999999998e-05
Best score: 0.7263205696556335

	Best λ: 9.999999999999998e-05
	Val R2: 0.7263


    Finish:
    landsat-c2-l2_bands-r-g-b-nir-swir16-swir22_ZMB_20k-points_1024-features_yr-2009-2021_mn-1-12_lm-False_cm-True_wa-True_summary.feather
    sentinel-2-l2a_bands-2-3-4_ZMB_20k-points_1000-features_yr-2016-2022_mn-1-12_lm-False_cm-True_wa-True_summary.feather
    One-hot encoding: True
    Final Val R2:  0.8038 
    Final Test R2: 0.8512
    Total time: 218.56 minutes
    
Begin with paramters:
    F1: landsat-c2-l2_bands-r-g-b-nir-swir16-swir22_ZMB_20k-points_1024-features_yr-2009-2021_mn-1-12_lm-False_cm-True_wa-True_summary.feather
    F2: sentinel-2-l2a_bands-2-3-4_ZMB_4k-points_1000-features_yr-2016-2022_mn-1-12_lm-False_cm-True_wa-False_summary.feather
    One-hot encoding: True
    Split: 2
    Random state: 26225
    
Group indicies [0, 12288, 24288]
		  [12288, 24288, 24358]


    Finish:
    landsat-c2-l2_bands-r-g-b-nir-swir16-swir22_ZMB_20k-points_1024-features_yr-2009-2021_mn-1-12_lm-False_cm-True_wa-True_summary.feather
    sentinel-2-l2a_bands-2-3-4_ZMB_20k-points_1000-features_yr-2016-2022_mn-1-12_lm-False_cm-True_wa-True_summary.feather
    One-hot encoding: True
    Final Val R2:  0.7762 
    Final Test R2: 0.7982
    Total time: 219.94 minutes
    
Begin with paramters:
    F1: landsat-c2-l2_bands-r-g-b-nir-swir16-swir22_ZMB_20k-points_1024-features_yr-2009-2021_mn-1-12_lm-False_cm-True_wa-True_summary.feather
    F2: sentinel-2-l2a_bands-2-3-4_ZMB_4k-points_1000-features_yr-2016-2022_mn-1-12_lm-False_cm-True_wa-False_summary.feather
    One-hot encoding: True
    Split: 3
    Random state: 777572
    
Group indicies [0, 12288, 24288]
		  [12288, 24288, 24358]


dict_keys([0.09999999999999999, 1.0, 10.0, 0.009999999999999998, 0.0009999999999999998, 9.999999999999998e-05])
Best λ: 0.0009999999999999998
Best score: 0.7806122260204519

	Best λ: 0.0009999999999999998
	Val R2: 0.7806


dict_keys([0.09999999999999999, 1.0, 10.0, 0.009999999999999998, 0.0009999999999999998, 9.999999999999998e-05])
Best λ: 0.0009999999999999998
Best score: 0.7748214799054259

	Best λ: 0.0009999999999999998
	Val R2: 0.7748


dict_keys([0.09999999999999999, 1.0, 10.0, 0.009999999999999998, 0.0009999999999999998, 9.999999999999998e-05])
Best λ: 0.0009999999999999998
Best score: 0.776288403361848

	Best λ: 0.0009999999999999998
	Val R2: 0.7763


dict_keys([0.09999999999999999, 1.0, 10.0, 0.009999999999999998, 0.0009999999999999998, 9.999999999999998e-05, 9.999999999999997e-06, 9.999999999999997e-07])
Best λ: 9.999999999999997e-06
Best score: 0.7578094991037975

	Best λ: 9.999999999999997e-06
	Val R2: 0.7578


    Finish:
    landsat-c2-l2_bands-r-g-b-nir-swir16-swir22_ZMB_20k-points_1024-features_yr-2009-2021_mn-1-12_lm-False_cm-True_wa-True_summary.feather
    sentinel-2-l2a_bands-2-3-4_ZMB_20k-points_1000-features_yr-2016-2022_mn-1-12_lm-False_cm-True_wa-False_summary.feather
    One-hot encoding: True
    Final Val R2:  0.7183 
    Final Test R2: 0.6980
    Total time: 228.19 minutes
    
Begin with paramters:
    F1: landsat-c2-l2_bands-r-g-b-nir-swir16-swir22_ZMB_20k-points_1024-features_yr-2009-2021_mn-1-12_lm-False_cm-True_wa-True_summary.feather
    F2: sentinel-2-l2a_bands-2-3-4_ZMB_4k-points_1000-features_yr-2016-2022_mn-1-12_lm-False_cm-True_wa-False_summary.feather
    One-hot encoding: True
    Split: 4
    Random state: 288389
    
Group indicies [0, 12288, 24288]
		  [12288, 24288, 24358]


    Finish:
    landsat-c2-l2_bands-r-g-b-nir-swir16-swir22_ZMB_20k-points_1024-features_yr-2009-2021_mn-1-12_lm-False_cm-True_wa-True_summary.feather
    sentinel-2-l2a_bands-2-3-4_ZMB_20k-points_1000-features_yr-2016-2022_mn-1-12_lm-False_cm-True_wa-False_summary.feather
    One-hot encoding: True
    Final Val R2:  0.7332 
    Final Test R2: 0.7194
    Total time: 228.61 minutes
    
Begin with paramters:
    F1: landsat-c2-l2_bands-r-g-b-nir-swir16-swir22_ZMB_20k-points_1024-features_yr-2009-2021_mn-1-12_lm-False_cm-True_wa-True_summary.feather
    F2: sentinel-2-l2a_bands-2-3-4_ZMB_4k-points_1000-features_yr-2016-2022_mn-1-12_lm-False_cm-True_wa-False_summary.feather
    One-hot encoding: True
    Split: 5
    Random state: 256787
    
Group indicies [0, 12288, 24288]
		  [12288, 24288, 24358]


dict_keys([0.09999999999999999, 1.0, 10.0, 0.009999999999999998, 0.0009999999999999998, 9.999999999999998e-05])
Best λ: 0.0009999999999999998
Best score: 0.7753092372485455

	Best λ: 0.0009999999999999998
	Val R2: 0.7753


dict_keys([0.09999999999999999, 1.0, 10.0, 0.009999999999999998, 0.0009999999999999998, 9.999999999999998e-05])
Best λ: 0.0009999999999999998
Best score: 0.7722279541170759

	Best λ: 0.0009999999999999998
	Val R2: 0.7722


    Finish:
    landsat-c2-l2_bands-r-g-b-nir-swir16-swir22_ZMB_20k-points_1024-features_yr-2009-2021_mn-1-12_lm-False_cm-True_wa-True_summary.feather
    sentinel-2-l2a_bands-2-3-4_ZMB_20k-points_1000-features_yr-2016-2022_mn-1-12_lm-False_cm-True_wa-False_summary.feather
    One-hot encoding: True
    Final Val R2:  0.7982 
    Final Test R2: 0.7508
    Total time: 242.30 minutes
    
Begin with paramters:
    F1: landsat-c2-l2_bands-r-g-b-nir-swir16-swir22_ZMB_20k-points_1024-features_yr-2009-2021_mn-1-12_lm-False_cm-True_wa-True_summary.feather
    F2: sentinel-2-l2a_bands-2-3-4_ZMB_4k-points_1000-features_yr-2016-2022_mn-1-12_lm-False_cm-True_wa-False_summary.feather
    One-hot encoding: True
    Split: 6
    Random state: 234053
    
Group indicies [0, 12288, 24288]
		  [12288, 24288, 24358]


    Finish:
    landsat-c2-l2_bands-r-g-b-nir-swir16-swir22_ZMB_20k-points_1024-features_yr-2009-2021_mn-1-12_lm-False_cm-True_wa-True_summary.feather
    sentinel-2-l2a_bands-2-3-4_ZMB_20k-points_1000-features_yr-2016-2022_mn-1-12_lm-False_cm-True_wa-False_summary.feather
    One-hot encoding: True
    Final Val R2:  0.7772 
    Final Test R2: 0.8419
    Total time: 242.46 minutes
    
Begin with paramters:
    F1: landsat-c2-l2_bands-r-g-b-nir-swir16-swir22_ZMB_20k-points_1024-features_yr-2009-2021_mn-1-12_lm-False_cm-True_wa-True_summary.feather
    F2: sentinel-2-l2a_bands-2-3-4_ZMB_4k-points_1000-features_yr-2016-2022_mn-1-12_lm-False_cm-True_wa-False_summary.feather
    One-hot encoding: True
    Split: 7
    Random state: 146316
    
Group indicies [0, 12288, 24288]
		  [12288, 24288, 24358]


dict_keys([0.09999999999999999, 1.0, 10.0, 0.009999999999999998, 0.0009999999999999998, 9.999999999999998e-05, 9.999999999999997e-06, 9.999999999999997e-07])
Best λ: 9.999999999999997e-06
Best score: 0.6792500989306538

	Best λ: 9.999999999999997e-06
	Val R2: 0.6793


dict_keys([0.09999999999999999, 1.0, 10.0])
Best λ: 1.0
Best score: 0.5983655264612509

	Best λ: 1.0
	Val R2: 0.5984


    Finish:
    landsat-c2-l2_bands-r-g-b-nir-swir16-swir22_ZMB_20k-points_1024-features_yr-2009-2021_mn-1-12_lm-False_cm-True_wa-True_summary.feather
    sentinel-2-l2a_bands-2-3-4_ZMB_20k-points_1000-features_yr-2016-2022_mn-1-12_lm-False_cm-True_wa-False_summary.feather
    One-hot encoding: True
    Final Val R2:  0.7859 
    Final Test R2: 0.8520
    Total time: 243.95 minutes
    
Begin with paramters:
    F1: landsat-c2-l2_bands-r-g-b-nir-swir16-swir22_ZMB_20k-points_1024-features_yr-2009-2021_mn-1-12_lm-False_cm-True_wa-True_summary.feather
    F2: sentinel-2-l2a_bands-2-3-4_ZMB_4k-points_1000-features_yr-2016-2022_mn-1-12_lm-False_cm-True_wa-False_summary.feather
    One-hot encoding: True
    Split: 8
    Random state: 772246
    
Group indicies [0, 12288, 24288]
		  [12288, 24288, 24358]


    Finish:
    landsat-c2-l2_bands-r-g-b-nir-swir16-swir22_ZMB_20k-points_1024-features_yr-2009-2021_mn-1-12_lm-False_cm-True_wa-True_summary.feather
    sentinel-2-l2a_bands-2-3-4_ZMB_20k-points_1000-features_yr-2016-2022_mn-1-12_lm-False_cm-True_wa-True_summary.feather
    One-hot encoding: True
    Final Val R2:  0.7656 
    Final Test R2: 0.7879
    Total time: 245.21 minutes
    
Begin with paramters:
    F1: landsat-c2-l2_bands-r-g-b-nir-swir16-swir22_ZMB_20k-points_1024-features_yr-2009-2021_mn-1-12_lm-False_cm-True_wa-True_summary.feather
    F2: sentinel-2-l2a_bands-2-3-4_ZMB_4k-points_1000-features_yr-2016-2022_mn-1-12_lm-False_cm-True_wa-False_summary.feather
    One-hot encoding: True
    Split: 9
    Random state: 107473
    
Group indicies [0, 12288, 24288]
		  [12288, 24288, 24358]


dict_keys([0.09999999999999999, 1.0, 10.0, 0.009999999999999998, 0.0009999999999999998, 9.999999999999998e-05, 9.999999999999997e-06, 9.999999999999997e-07])
Best λ: 9.999999999999997e-06
Best score: 0.6779267481829245

	Best λ: 9.999999999999997e-06
	Val R2: 0.6779


    Finish:
    landsat-c2-l2_bands-r-g-b-nir-swir16-swir22_ZMB_20k-points_1024-features_yr-2009-2021_mn-1-12_lm-False_cm-True_wa-True_summary.feather
    sentinel-2-l2a_bands-2-3-4_ZMB_20k-points_1000-features_yr-2016-2022_mn-1-12_lm-False_cm-True_wa-True_summary.feather
    One-hot encoding: True
    Final Val R2:  0.7850 
    Final Test R2: 0.8505
    Total time: 254.68 minutes
    
Begin with paramters:
    F1: landsat-c2-l2_bands-r-g-b-nir-swir16-swir22_ZMB_20k-points_1024-features_yr-2009-2021_mn-1-12_lm-False_cm-True_wa-True_summary.feather
    F2: sentinel-2-l2a_bands-2-3-4_ZMB_4k-points_1000-features_yr-2016-2022_mn-1-12_lm-False_cm-True_wa-True_summary.feather
    One-hot encoding: True
    Split: 0
    Random state: 670487
    
Group indicies [0, 12288, 24288]
		  [12288, 24288, 24358]


    Finish:
    landsat-c2-l2_bands-r-g-b-nir-swir16-swir22_ZMB_20k-points_1024-features_yr-2009-2021_mn-1-12_lm-False_cm-True_wa-True_summary.feather
    sentinel-2-l2a_bands-2-3-4_ZMB_20k-points_1000-features_yr-2016-2022_mn-1-12_lm-False_cm-True_wa-True_summary.feather
    One-hot encoding: True
    Final Val R2:  0.7747 
    Final Test R2: 0.8405
    Total time: 255.63 minutes
    
Begin with paramters:
    F1: landsat-c2-l2_bands-r-g-b-nir-swir16-swir22_ZMB_20k-points_1024-features_yr-2009-2021_mn-1-12_lm-False_cm-True_wa-True_summary.feather
    F2: sentinel-2-l2a_bands-2-3-4_ZMB_4k-points_1000-features_yr-2016-2022_mn-1-12_lm-False_cm-True_wa-True_summary.feather
    One-hot encoding: True
    Split: 1
    Random state: 116739
    
Group indicies [0, 12288, 24288]
		  [12288, 24288, 24358]


dict_keys([0.09999999999999999, 1.0, 10.0, 100.0])
Best λ: 10.0
Best score: 0.6571364665458542

	Best λ: 10.0
	Val R2: 0.6571


    Finish:
    landsat-c2-l2_bands-r-g-b-nir-swir16-swir22_ZMB_20k-points_1024-features_yr-2009-2021_mn-1-12_lm-False_cm-True_wa-True_summary.feather
    sentinel-2-l2a_bands-2-3-4_ZMB_20k-points_1000-features_yr-2016-2022_mn-1-12_lm-False_cm-True_wa-False_summary.feather
    One-hot encoding: True
    Final Val R2:  0.6988 
    Final Test R2: 0.6080
    Total time: 261.59 minutes
    
Begin with paramters:
    F1: landsat-c2-l2_bands-r-g-b-nir-swir16-swir22_ZMB_20k-points_1024-features_yr-2009-2021_mn-1-12_lm-False_cm-True_wa-True_summary.feather
    F2: sentinel-2-l2a_bands-2-3-4_ZMB_4k-points_1000-features_yr-2016-2022_mn-1-12_lm-False_cm-True_wa-True_summary.feather
    One-hot encoding: True
    Split: 2
    Random state: 26225
    
Group indicies [0, 12288, 24288]
		  [12288, 24288, 24358]


    Finish:
    landsat-c2-l2_bands-r-g-b-nir-swir16-swir22_ZMB_20k-points_1024-features_yr-2009-2021_mn-1-12_lm-False_cm-True_wa-True_summary.feather
    sentinel-2-l2a_bands-2-3-4_ZMB_20k-points_1000-features_yr-2016-2022_mn-1-12_lm-False_cm-True_wa-True_summary.feather
    One-hot encoding: True
    Final Val R2:  0.6976 
    Final Test R2: 0.6066
    Total time: 269.11 minutes
    
Begin with paramters:
    F1: landsat-c2-l2_bands-r-g-b-nir-swir16-swir22_ZMB_20k-points_1024-features_yr-2009-2021_mn-1-12_lm-False_cm-True_wa-True_summary.feather
    F2: sentinel-2-l2a_bands-2-3-4_ZMB_4k-points_1000-features_yr-2016-2022_mn-1-12_lm-False_cm-True_wa-True_summary.feather
    One-hot encoding: True
    Split: 3
    Random state: 777572
    
Group indicies [0, 12288, 24288]
		  [12288, 24288, 24358]


dict_keys([0.09999999999999999, 1.0, 10.0, 100.0])
Best λ: 10.0
Best score: 0.6583263047941352

	Best λ: 10.0
	Val R2: 0.6583


dict_keys([0.09999999999999999, 1.0, 10.0, 100.0])
Best λ: 10.0
Best score: 0.5995487311834498

	Best λ: 10.0
	Val R2: 0.5995


dict_keys([0.09999999999999999, 1.0, 10.0, 100.0, 1000.0])
Best λ: 100.0
Best score: 0.6625335065055807

	Best λ: 100.0
	Val R2: 0.6625


dict_keys([0.09999999999999999, 1.0, 10.0, 100.0])
Best λ: 10.0
Best score: 0.6338519662676518

	Best λ: 10.0
	Val R2: 0.6339


dict_keys([0.09999999999999999, 1.0, 10.0, 100.0])
Best λ: 10.0
Best score: 0.6537513859587453

	Best λ: 10.0
	Val R2: 0.6538


dict_keys([0.09999999999999999, 1.0, 10.0, 100.0])
Best λ: 10.0
Best score: 0.6465143322150901

	Best λ: 10.0
	Val R2: 0.6465


dict_keys([0.09999999999999999, 1.0, 10.0])
Best λ: 1.0
Best score: 0.6571364665458542

	Best λ: 1.0
	Val R2: 0.6571


dict_keys([0.09999999999999999, 1.0, 10.0, 100.0])
Best λ: 10.0
Best score: 0.6602002713849638

	Best λ: 10.0
	Val R2: 0.6602


dict_keys([0.09999999999999999, 1.0, 10.0, 100.0])
Best λ: 10.0
Best score: 0.6294808473074234

	Best λ: 10.0
	Val R2: 0.6295


dict_keys([0.09999999999999999, 1.0, 10.0, 100.0])
Best λ: 10.0
Best score: 0.6177740259581659

	Best λ: 10.0
	Val R2: 0.6178


dict_keys([0.09999999999999999, 1.0, 10.0, 100.0])
Best λ: 10.0
Best score: 0.6832193967206781

	Best λ: 10.0
	Val R2: 0.6832


dict_keys([0.09999999999999999, 1.0, 10.0, 0.009999999999999998, 0.0009999999999999998, 9.999999999999998e-05])
Best λ: 0.0009999999999999998
Best score: 0.7864859073189127

	Best λ: 0.0009999999999999998
	Val R2: 0.7865


dict_keys([0.09999999999999999, 1.0, 10.0, 100.0, 1000.0])
Best λ: 100.0
Best score: 0.6083569208775554

	Best λ: 100.0
	Val R2: 0.6084


dict_keys([0.09999999999999999, 1.0, 10.0, 100.0])
Best λ: 10.0
Best score: 0.6648268604341891

	Best λ: 10.0
	Val R2: 0.6648


dict_keys([0.09999999999999999, 1.0, 10.0, 100.0])
Best λ: 10.0
Best score: 0.6795258869650589

	Best λ: 10.0
	Val R2: 0.6795


dict_keys([0.09999999999999999, 1.0, 10.0, 100.0])
Best λ: 10.0
Best score: 0.6205125074777222

	Best λ: 10.0
	Val R2: 0.6205


dict_keys([0.09999999999999999, 1.0, 10.0, 100.0])
Best λ: 10.0
Best score: 0.6767799433071062

	Best λ: 10.0
	Val R2: 0.6768


dict_keys([0.09999999999999999, 1.0, 10.0, 100.0])
Best λ: 10.0
Best score: 0.6123475467364099

	Best λ: 10.0
	Val R2: 0.6123


dict_keys([0.09999999999999999, 1.0, 10.0, 100.0, 1000.0])
Best λ: 100.0
Best score: 0.6682593187424931

	Best λ: 100.0
	Val R2: 0.6683


dict_keys([0.09999999999999999, 1.0, 10.0, 0.009999999999999998, 0.0009999999999999998, 9.999999999999998e-05])
Best λ: 0.0009999999999999998
Best score: 0.770057661118973

	Best λ: 0.0009999999999999998
	Val R2: 0.7701


dict_keys([0.09999999999999999, 1.0, 10.0])
Best λ: 1.0
Best score: 0.660200271384964

	Best λ: 1.0
	Val R2: 0.6602


    Finish:
    landsat-c2-l2_bands-r-g-b-nir-swir16-swir22_ZMB_20k-points_1024-features_yr-2009-2021_mn-1-12_lm-False_cm-True_wa-True_summary.feather
    sentinel-2-l2a_bands-2-3-4_ZMB_20k-points_1000-features_yr-2016-2022_mn-1-12_lm-False_cm-True_wa-False_summary.feather
    One-hot encoding: True
    Final Val R2:  0.7926 
    Final Test R2: 0.8209
    Total time: 350.56 minutes
    
Begin with paramters:
    F1: landsat-c2-l2_bands-r-g-b-nir-swir16-swir22_ZMB_20k-points_1024-features_yr-2009-2021_mn-1-12_lm-False_cm-True_wa-True_summary.feather
    F2: sentinel-2-l2a_bands-2-3-4_ZMB_4k-points_1000-features_yr-2016-2022_mn-1-12_lm-False_cm-True_wa-True_summary.feather
    One-hot encoding: True
    Split: 4
    Random state: 288389
    
Group indicies [0, 12288, 24288]
		  [12288, 24288, 24358]


dict_keys([0.09999999999999999, 1.0, 10.0, 100.0])
Best λ: 10.0
Best score: 0.6569292734812237

	Best λ: 10.0
	Val R2: 0.6569


dict_keys([0.09999999999999999, 1.0, 10.0, 100.0])
Best λ: 10.0
Best score: 0.6689982467616522

	Best λ: 10.0
	Val R2: 0.6690


dict_keys([0.09999999999999999, 1.0, 10.0])
Best λ: 1.0
Best score: 0.6832193967206781

	Best λ: 1.0
	Val R2: 0.6832


dict_keys([0.09999999999999999, 1.0, 10.0, 100.0])
Best λ: 10.0
Best score: 0.6432473683569857

	Best λ: 10.0
	Val R2: 0.6432


dict_keys([0.09999999999999999, 1.0, 10.0, 100.0])
Best λ: 10.0
Best score: 0.6347432418625145

	Best λ: 10.0
	Val R2: 0.6347


dict_keys([0.09999999999999999, 1.0, 10.0, 0.009999999999999998, 0.0009999999999999998, 9.999999999999998e-05, 9.999999999999997e-06])
Best λ: 9.999999999999998e-05
Best score: 0.8004283751525095

	Best λ: 9.999999999999998e-05
	Val R2: 0.8004


    Finish:
    landsat-c2-l2_bands-r-g-b-nir-swir16-swir22_ZMB_20k-points_1024-features_yr-2009-2021_mn-1-12_lm-False_cm-True_wa-True_summary.feather
    sentinel-2-l2a_bands-2-3-4_ZMB_20k-points_1000-features_yr-2016-2022_mn-1-12_lm-False_cm-True_wa-False_summary.feather
    One-hot encoding: True
    Final Val R2:  0.7773 
    Final Test R2: 0.7994
    Total time: 376.22 minutes
    
Begin with paramters:
    F1: landsat-c2-l2_bands-r-g-b-nir-swir16-swir22_ZMB_20k-points_1024-features_yr-2009-2021_mn-1-12_lm-False_cm-True_wa-True_summary.feather
    F2: sentinel-2-l2a_bands-2-3-4_ZMB_4k-points_1000-features_yr-2016-2022_mn-1-12_lm-False_cm-True_wa-True_summary.feather
    One-hot encoding: True
    Split: 5
    Random state: 256787
    
Group indicies [0, 12288, 24288]
		  [12288, 24288, 24358]


dict_keys([0.09999999999999999, 1.0, 10.0, 100.0])
Best λ: 10.0
Best score: 0.6346251318680305

	Best λ: 10.0
	Val R2: 0.6346


dict_keys([0.09999999999999999, 1.0, 10.0, 100.0])
Best λ: 10.0
Best score: 0.6744397577691051

	Best λ: 10.0
	Val R2: 0.6744


dict_keys([0.09999999999999999, 1.0, 10.0, 0.009999999999999998, 0.0009999999999999998, 9.999999999999998e-05, 9.999999999999997e-06])
Best λ: 9.999999999999998e-05
Best score: 0.7246476943079758

	Best λ: 9.999999999999998e-05
	Val R2: 0.7246


dict_keys([0.09999999999999999, 1.0, 10.0, 100.0])
Best λ: 10.0
Best score: 0.6327884091105581

	Best λ: 10.0
	Val R2: 0.6328


dict_keys([0.09999999999999999, 1.0, 10.0, 0.009999999999999998, 0.0009999999999999998, 9.999999999999998e-05, 9.999999999999997e-06])
Best λ: 9.999999999999998e-05
Best score: 0.7850009429358674

	Best λ: 9.999999999999998e-05
	Val R2: 0.7850


dict_keys([0.09999999999999999, 1.0, 10.0, 100.0])
Best λ: 10.0
Best score: 0.6751728857059692

	Best λ: 10.0
	Val R2: 0.6752


    Finish:
    landsat-c2-l2_bands-r-g-b-nir-swir16-swir22_ZMB_20k-points_1024-features_yr-2009-2021_mn-1-12_lm-False_cm-True_wa-True_summary.feather
    sentinel-2-l2a_bands-2-3-4_ZMB_20k-points_1000-features_yr-2016-2022_mn-1-12_lm-False_cm-True_wa-False_summary.feather
    One-hot encoding: True
    Final Val R2:  0.8031 
    Final Test R2: 0.8375
    Total time: 398.44 minutes
    
Begin with paramters:
    F1: landsat-c2-l2_bands-r-g-b-nir-swir16-swir22_ZMB_20k-points_1024-features_yr-2009-2021_mn-1-12_lm-False_cm-True_wa-True_summary.feather
    F2: sentinel-2-l2a_bands-2-3-4_ZMB_4k-points_1000-features_yr-2016-2022_mn-1-12_lm-False_cm-True_wa-True_summary.feather
    One-hot encoding: True
    Split: 6
    Random state: 234053
    
Group indicies [0, 12288, 24288]
		  [12288, 24288, 24358]


    Finish:
    landsat-c2-l2_bands-r-g-b-nir-swir16-swir22_ZMB_20k-points_1024-features_yr-2009-2021_mn-1-12_lm-False_cm-True_wa-True_summary.feather
    sentinel-2-l2a_bands-2-3-4_ZMB_20k-points_1000-features_yr-2016-2022_mn-1-12_lm-False_cm-True_wa-True_summary.feather
    One-hot encoding: True
    Final Val R2:  0.7316 
    Final Test R2: 0.7175
    Total time: 207.51 minutes
    
Begin with paramters:
    F1: landsat-c2-l2_bands-r-g-b-nir-swir16-swir22_ZMB_20k-points_1024-features_yr-2009-2021_mn-1-12_lm-False_cm-True_wa-True_summary.feather
    F2: sentinel-2-l2a_bands-2-3-4_ZMB_4k-points_1000-features_yr-2016-2022_mn-1-12_lm-False_cm-True_wa-True_summary.feather
    One-hot encoding: True
    Split: 7
    Random state: 146316
    
Group indicies [0, 12288, 24288]
		  [12288, 24288, 24358]


    Finish:
    landsat-c2-l2_bands-r-g-b-nir-swir16-swir22_ZMB_20k-points_1024-features_yr-2009-2021_mn-1-12_lm-False_cm-True_wa-True_summary.feather
    sentinel-2-l2a_bands-2-3-4_ZMB_4k-points_1000-features_yr-2016-2022_mn-1-12_lm-False_cm-True_wa-False_summary.feather
    One-hot encoding: True
    Final Val R2:  0.7886 
    Final Test R2: 0.8130
    Total time: 207.21 minutes
    
Begin with paramters:
    F1: landsat-c2-l2_bands-r-g-b-nir-swir16-swir22_ZMB_20k-points_1024-features_yr-2009-2021_mn-1-12_lm-False_cm-True_wa-True_summary.feather
    F2: sentinel-2-l2a_bands-2-3-4_ZMB_4k-points_1000-features_yr-2016-2022_mn-1-12_lm-False_cm-True_wa-True_summary.feather
    One-hot encoding: True
    Split: 8
    Random state: 772246
    
Group indicies [0, 12288, 24288]
		  [12288, 24288, 24358]


dict_keys([0.09999999999999999, 1.0, 10.0, 0.009999999999999998, 0.0009999999999999998, 9.999999999999998e-05])
Best λ: 0.0009999999999999998
Best score: 0.798551288533312

	Best λ: 0.0009999999999999998
	Val R2: 0.7986


dict_keys([0.09999999999999999, 1.0, 10.0, 0.009999999999999998, 0.0009999999999999998, 9.999999999999998e-05, 9.999999999999997e-06])
Best λ: 9.999999999999998e-05
Best score: 0.8302640262586165

	Best λ: 9.999999999999998e-05
	Val R2: 0.8303


dict_keys([0.09999999999999999, 1.0, 10.0, 0.009999999999999998, 0.0009999999999999998, 9.999999999999998e-05, 9.999999999999997e-06])
Best λ: 9.999999999999998e-05
Best score: 0.7728849461988756

	Best λ: 9.999999999999998e-05
	Val R2: 0.7729


    Finish:
    landsat-c2-l2_bands-r-g-b-nir-swir16-swir22_ZMB_20k-points_1024-features_yr-2009-2021_mn-1-12_lm-False_cm-True_wa-True_summary.feather
    sentinel-2-l2a_bands-2-3-4_ZMB_4k-points_1000-features_yr-2016-2022_mn-1-12_lm-False_cm-True_wa-False_summary.feather
    One-hot encoding: True
    Final Val R2:  0.8127 
    Final Test R2: 0.8027
    Total time: 223.46 minutes
    
Begin with paramters:
    F1: landsat-c2-l2_bands-r-g-b-nir-swir16-swir22_ZMB_20k-points_1024-features_yr-2009-2021_mn-1-12_lm-False_cm-True_wa-True_summary.feather
    F2: sentinel-2-l2a_bands-2-3-4_ZMB_4k-points_1000-features_yr-2016-2022_mn-1-12_lm-False_cm-True_wa-True_summary.feather
    One-hot encoding: True
    Split: 9
    Random state: 107473
    
Group indicies [0, 12288, 24288]
		  [12288, 24288, 24358]


    Finish:
    landsat-c2-l2_bands-r-g-b-nir-swir16-swir22_ZMB_20k-points_1024-features_yr-2009-2021_mn-1-12_lm-False_cm-True_wa-True_summary.feather
    sentinel-2-l2a_bands-2-3-4_ZMB_4k-points_1000-features_yr-2016-2022_mn-1-12_lm-False_cm-True_wa-False_summary.feather
    One-hot encoding: True
    Final Val R2:  0.8332 
    Final Test R2: 0.7641
    Total time: 222.39 minutes
    
Begin with paramters:
    F1: landsat-c2-l2_bands-r-g-b-nir-swir16-swir22_ZMB_20k-points_1024-features_yr-2009-2021_mn-4-9_lm-True_cm-True_wa-False_summary.feather
    F2: sentinel-2-l2a_bands-2-3-4-8_ZMB_15k-points_1000-features_yr-2016-2022_mn-1-12_lm-False_cm-True_wa-False_summary.feather
    One-hot encoding: True
    Split: 0
    Random state: 670487
    

    Finish:
    landsat-c2-l2_bands-r-g-b-nir-swir16-swir22_ZMB_20k-points_1024-features_yr-2009-2021_mn-1-12_lm-False_cm-True_wa-True_summary.feather
    sentinel-2-l2a_bands-2-3-4_ZMB_4k-points_1000-features_yr-2016-2022_mn-1-12_lm-False_cm-True_wa-False_summary.feather
    One-hot encoding: True
    Final Val R2:  0.7811 
    Final Test R2: 0.8490
    Total time: 221.06 minutes
    
Begin with paramters:
    F1: landsat-c2-l2_bands-r-g-b-nir-swir16-swir22_ZMB_20k-points_1024-features_yr-2009-2021_mn-4-9_lm-True_cm-True_wa-False_summary.feather
    F2: sentinel-2-l2a_bands-2-3-4-8_ZMB_15k-points_1000-features_yr-2016-2022_mn-1-12_lm-False_cm-True_wa-False_summary.feather
    One-hot encoding: True
    Split: 1
    Random state: 116739
    
Group indicies [0, 6144, 18144]
		  [6144, 18144, 18214]

Group indicies [0, 6144, 18144]
		  [6144, 18144, 18214]


dict_keys([0.09999999999999999, 1.0, 10.0, 100.0])
Best λ: 10.0
Best score: 0.6671842300983192

	Best λ: 10.0
	Val R2: 0.6672


dict_keys([0.09999999999999999, 1.0, 10.0, 0.009999999999999998, 0.0009999999999999998, 9.999999999999998e-05, 9.999999999999997e-06])
Best λ: 9.999999999999998e-05
Best score: 0.7597422251929281

	Best λ: 9.999999999999998e-05
	Val R2: 0.7597


dict_keys([0.09999999999999999, 1.0, 10.0, 0.009999999999999998, 0.0009999999999999998, 9.999999999999998e-05, 9.999999999999997e-06])
Best λ: 9.999999999999998e-05
Best score: 0.8111827567673737

	Best λ: 9.999999999999998e-05
	Val R2: 0.8112


dict_keys([0.09999999999999999, 1.0, 10.0, 0.009999999999999998, 0.0009999999999999998, 9.999999999999998e-05, 9.999999999999997e-06])
Best λ: 9.999999999999998e-05
Best score: 0.8058271350644522

	Best λ: 9.999999999999998e-05
	Val R2: 0.8058


dict_keys([0.09999999999999999, 1.0, 10.0, 100.0])
Best λ: 10.0
Best score: 0.6780670474962781

	Best λ: 10.0
	Val R2: 0.6781


dict_keys([0.09999999999999999, 1.0, 10.0, 100.0])
Best λ: 10.0
Best score: 0.6360166020841367

	Best λ: 10.0
	Val R2: 0.6360


dict_keys([0.09999999999999999, 1.0, 10.0, 100.0])
Best λ: 10.0
Best score: 0.6609982194605044

	Best λ: 10.0
	Val R2: 0.6610


dict_keys([0.09999999999999999, 1.0, 10.0, 100.0])
Best λ: 10.0
Best score: 0.631826434840898

	Best λ: 10.0
	Val R2: 0.6318


dict_keys([0.09999999999999999, 1.0, 10.0, 0.009999999999999998, 0.0009999999999999998, 9.999999999999998e-05, 9.999999999999997e-06])
Best λ: 9.999999999999998e-05
Best score: 0.7874464602605357

	Best λ: 9.999999999999998e-05
	Val R2: 0.7874


dict_keys([0.09999999999999999, 1.0, 10.0, 0.009999999999999998, 0.0009999999999999998, 9.999999999999998e-05])
Best λ: 0.0009999999999999998
Best score: 0.7696509742609795

	Best λ: 0.0009999999999999998
	Val R2: 0.7697


    Finish:
    landsat-c2-l2_bands-r-g-b-nir-swir16-swir22_ZMB_20k-points_1024-features_yr-2009-2021_mn-1-12_lm-False_cm-True_wa-True_summary.feather
    sentinel-2-l2a_bands-2-3-4_ZMB_4k-points_1000-features_yr-2016-2022_mn-1-12_lm-False_cm-True_wa-False_summary.feather
    One-hot encoding: True
    Final Val R2:  0.7667 
    Final Test R2: 0.8603
    Total time: 232.50 minutes
    
Begin with paramters:
    F1: landsat-c2-l2_bands-r-g-b-nir-swir16-swir22_ZMB_20k-points_1024-features_yr-2009-2021_mn-4-9_lm-True_cm-True_wa-False_summary.feather
    F2: sentinel-2-l2a_bands-2-3-4-8_ZMB_15k-points_1000-features_yr-2016-2022_mn-1-12_lm-False_cm-True_wa-False_summary.feather
    One-hot encoding: True
    Split: 2
    Random state: 26225
    
Group indicies [0, 6144, 18144]
		  [6144, 18144, 18214]


dict_keys([0.09999999999999999, 1.0, 10.0, 0.009999999999999998, 0.0009999999999999998, 9.999999999999998e-05, 9.999999999999997e-06])
Best λ: 9.999999999999998e-05
Best score: 0.7853084923243585

	Best λ: 9.999999999999998e-05
	Val R2: 0.7853


    Finish:
    landsat-c2-l2_bands-r-g-b-nir-swir16-swir22_ZMB_20k-points_1024-features_yr-2009-2021_mn-1-12_lm-False_cm-True_wa-True_summary.feather
    sentinel-2-l2a_bands-2-3-4_ZMB_4k-points_1000-features_yr-2016-2022_mn-1-12_lm-False_cm-True_wa-False_summary.feather
    One-hot encoding: True
    Final Val R2:  0.8134 
    Final Test R2: 0.8156
    Total time: 247.23 minutes
    
Begin with paramters:
    F1: landsat-c2-l2_bands-r-g-b-nir-swir16-swir22_ZMB_20k-points_1024-features_yr-2009-2021_mn-4-9_lm-True_cm-True_wa-False_summary.feather
    F2: sentinel-2-l2a_bands-2-3-4-8_ZMB_15k-points_1000-features_yr-2016-2022_mn-1-12_lm-False_cm-True_wa-False_summary.feather
    One-hot encoding: True
    Split: 3
    Random state: 777572
    
Group indicies [0, 6144, 18144]
		  [6144, 18144, 18214]


    Finish:
    landsat-c2-l2_bands-r-g-b-nir-swir16-swir22_ZMB_20k-points_1024-features_yr-2009-2021_mn-1-12_lm-False_cm-True_wa-True_summary.feather
    sentinel-2-l2a_bands-2-3-4_ZMB_4k-points_1000-features_yr-2016-2022_mn-1-12_lm-False_cm-True_wa-False_summary.feather
    One-hot encoding: True
    Final Val R2:  0.8138 
    Final Test R2: 0.8119
    Total time: 248.32 minutes
    
Begin with paramters:
    F1: landsat-c2-l2_bands-r-g-b-nir-swir16-swir22_ZMB_20k-points_1024-features_yr-2009-2021_mn-4-9_lm-True_cm-True_wa-False_summary.feather
    F2: sentinel-2-l2a_bands-2-3-4-8_ZMB_15k-points_1000-features_yr-2016-2022_mn-1-12_lm-False_cm-True_wa-False_summary.feather
    One-hot encoding: True
    Split: 4
    Random state: 288389
    
Group indicies [0, 6144, 18144]
		  [6144, 18144, 18214]


dict_keys([0.09999999999999999, 1.0, 10.0, 100.0, 1000.0])
Best λ: 100.0
Best score: 0.6667226272780595

	Best λ: 100.0
	Val R2: 0.6667


dict_keys([0.09999999999999999, 1.0, 10.0, 0.009999999999999998, 0.0009999999999999998, 9.999999999999998e-05, 9.999999999999997e-06, 9.999999999999997e-07])
Best λ: 9.999999999999997e-06
Best score: 0.8067757614505398

	Best λ: 9.999999999999997e-06
	Val R2: 0.8068


dict_keys([0.09999999999999999, 1.0, 10.0, 100.0])
Best λ: 10.0
Best score: 0.6180955203376498

	Best λ: 10.0
	Val R2: 0.6181


dict_keys([0.09999999999999999, 1.0, 10.0, 0.009999999999999998, 0.0009999999999999998, 9.999999999999998e-05, 9.999999999999997e-06])
Best λ: 9.999999999999998e-05
Best score: 0.8216794448851632

	Best λ: 9.999999999999998e-05
	Val R2: 0.8217


    Finish:
    landsat-c2-l2_bands-r-g-b-nir-swir16-swir22_ZMB_20k-points_1024-features_yr-2009-2021_mn-1-12_lm-False_cm-True_wa-True_summary.feather
    sentinel-2-l2a_bands-2-3-4_ZMB_4k-points_1000-features_yr-2016-2022_mn-1-12_lm-False_cm-True_wa-False_summary.feather
    One-hot encoding: True
    Final Val R2:  0.7906 
    Final Test R2: 0.8240
    Total time: 248.82 minutes
    
Begin with paramters:
    F1: landsat-c2-l2_bands-r-g-b-nir-swir16-swir22_ZMB_20k-points_1024-features_yr-2009-2021_mn-4-9_lm-True_cm-True_wa-False_summary.feather
    F2: sentinel-2-l2a_bands-2-3-4-8_ZMB_15k-points_1000-features_yr-2016-2022_mn-1-12_lm-False_cm-True_wa-False_summary.feather
    One-hot encoding: True
    Split: 5
    Random state: 256787
    
Group indicies [0, 6144, 18144]
		  [6144, 18144, 18214]


dict_keys([0.09999999999999999, 1.0, 10.0, 0.009999999999999998, 0.0009999999999999998, 9.999999999999998e-05])
Best λ: 0.0009999999999999998
Best score: 0.7902269272237831

	Best λ: 0.0009999999999999998
	Val R2: 0.7902


dict_keys([0.09999999999999999, 1.0, 10.0, 100.0])
Best λ: 10.0
Best score: 0.6881306868875964

	Best λ: 10.0
	Val R2: 0.6881


    Finish:
    landsat-c2-l2_bands-r-g-b-nir-swir16-swir22_ZMB_20k-points_1024-features_yr-2009-2021_mn-1-12_lm-False_cm-True_wa-True_summary.feather
    sentinel-2-l2a_bands-2-3-4_ZMB_4k-points_1000-features_yr-2016-2022_mn-1-12_lm-False_cm-True_wa-False_summary.feather
    One-hot encoding: True
    Final Val R2:  0.7767 
    Final Test R2: 0.8576
    Total time: 247.81 minutes
    
Begin with paramters:
    F1: landsat-c2-l2_bands-r-g-b-nir-swir16-swir22_ZMB_20k-points_1024-features_yr-2009-2021_mn-4-9_lm-True_cm-True_wa-False_summary.feather
    F2: sentinel-2-l2a_bands-2-3-4-8_ZMB_15k-points_1000-features_yr-2016-2022_mn-1-12_lm-False_cm-True_wa-False_summary.feather
    One-hot encoding: True
    Split: 6
    Random state: 234053
    
Group indicies [0, 6144, 18144]
		  [6144, 18144, 18214]


    Finish:
    landsat-c2-l2_bands-r-g-b-nir-swir16-swir22_ZMB_20k-points_1024-features_yr-2009-2021_mn-1-12_lm-False_cm-True_wa-True_summary.feather
    sentinel-2-l2a_bands-2-3-4_ZMB_4k-points_1000-features_yr-2016-2022_mn-1-12_lm-False_cm-True_wa-True_summary.feather
    One-hot encoding: True
    Final Val R2:  0.7889 
    Final Test R2: 0.8244
    Total time: 239.40 minutes
    
Begin with paramters:
    F1: landsat-c2-l2_bands-r-g-b-nir-swir16-swir22_ZMB_20k-points_1024-features_yr-2009-2021_mn-4-9_lm-True_cm-True_wa-False_summary.feather
    F2: sentinel-2-l2a_bands-2-3-4-8_ZMB_15k-points_1000-features_yr-2016-2022_mn-1-12_lm-False_cm-True_wa-False_summary.feather
    One-hot encoding: True
    Split: 7
    Random state: 146316
    
Group indicies [0, 6144, 18144]
		  [6144, 18144, 18214]


dict_keys([0.09999999999999999, 1.0, 10.0, 100.0])
Best λ: 10.0
Best score: 0.7049069120837739

	Best λ: 10.0
	Val R2: 0.7049


dict_keys([0.09999999999999999, 1.0, 10.0, 100.0])
Best λ: 10.0
Best score: 0.6620906199977032

	Best λ: 10.0
	Val R2: 0.6621


    Finish:
    landsat-c2-l2_bands-r-g-b-nir-swir16-swir22_ZMB_20k-points_1024-features_yr-2009-2021_mn-1-12_lm-False_cm-True_wa-True_summary.feather
    sentinel-2-l2a_bands-2-3-4_ZMB_4k-points_1000-features_yr-2016-2022_mn-1-12_lm-False_cm-True_wa-False_summary.feather
    One-hot encoding: True
    Final Val R2:  0.8103 
    Final Test R2: 0.8075
    Total time: 259.83 minutes
    
Begin with paramters:
    F1: landsat-c2-l2_bands-r-g-b-nir-swir16-swir22_ZMB_20k-points_1024-features_yr-2009-2021_mn-4-9_lm-True_cm-True_wa-False_summary.feather
    F2: sentinel-2-l2a_bands-2-3-4-8_ZMB_15k-points_1000-features_yr-2016-2022_mn-1-12_lm-False_cm-True_wa-False_summary.feather
    One-hot encoding: True
    Split: 8
    Random state: 772246
    
Group indicies [0, 6144, 18144]
		  [6144, 18144, 18214]


dict_keys([0.09999999999999999, 1.0, 10.0, 0.009999999999999998, 0.0009999999999999998, 9.999999999999998e-05, 9.999999999999997e-06])
Best λ: 9.999999999999998e-05
Best score: 0.7721198031172856

	Best λ: 9.999999999999998e-05
	Val R2: 0.7721


    Finish:
    landsat-c2-l2_bands-r-g-b-nir-swir16-swir22_ZMB_20k-points_1024-features_yr-2009-2021_mn-1-12_lm-False_cm-True_wa-True_summary.feather
    sentinel-2-l2a_bands-2-3-4_ZMB_4k-points_1000-features_yr-2016-2022_mn-1-12_lm-False_cm-True_wa-True_summary.feather
    One-hot encoding: True
    Final Val R2:  0.8250 
    Final Test R2: 0.7652
    Total time: 246.39 minutes
    
Begin with paramters:
    F1: landsat-c2-l2_bands-r-g-b-nir-swir16-swir22_ZMB_20k-points_1024-features_yr-2009-2021_mn-4-9_lm-True_cm-True_wa-False_summary.feather
    F2: sentinel-2-l2a_bands-2-3-4-8_ZMB_15k-points_1000-features_yr-2016-2022_mn-1-12_lm-False_cm-True_wa-False_summary.feather
    One-hot encoding: True
    Split: 9
    Random state: 107473
    
Group indicies [0, 6144, 18144]
		  [6144, 18144, 18214]


dict_keys([0.09999999999999999, 1.0, 10.0, 100.0])
Best λ: 10.0
Best score: 0.6612009679855533

	Best λ: 10.0
	Val R2: 0.6612


dict_keys([0.09999999999999999, 1.0, 10.0, 100.0])
Best λ: 10.0
Best score: 0.7038697630036992

	Best λ: 10.0
	Val R2: 0.7039


    Finish:
    landsat-c2-l2_bands-r-g-b-nir-swir16-swir22_ZMB_20k-points_1024-features_yr-2009-2021_mn-1-12_lm-False_cm-True_wa-True_summary.feather
    sentinel-2-l2a_bands-2-3-4_ZMB_4k-points_1000-features_yr-2016-2022_mn-1-12_lm-False_cm-True_wa-True_summary.feather
    One-hot encoding: True
    Final Val R2:  0.8057 
    Final Test R2: 0.8096
    Total time: 255.59 minutes
    
Begin with paramters:
    F1: landsat-c2-l2_bands-r-g-b-nir-swir16-swir22_ZMB_20k-points_1024-features_yr-2009-2021_mn-4-9_lm-True_cm-True_wa-False_summary.feather
    F2: sentinel-2-l2a_bands-2-3-4-8_ZMB_15k-points_1000-features_yr-2016-2022_mn-1-12_lm-False_cm-True_wa-True_summary.feather
    One-hot encoding: True
    Split: 0
    Random state: 670487
    
Group indicies [0, 6144, 18144]
		  [6144, 18144, 18214]


dict_keys([0.09999999999999999, 1.0, 10.0, 100.0, 1000.0])
Best λ: 100.0
Best score: 0.7137589939772674

	Best λ: 100.0
	Val R2: 0.7138


    Finish:
    landsat-c2-l2_bands-r-g-b-nir-swir16-swir22_ZMB_20k-points_1024-features_yr-2009-2021_mn-1-12_lm-False_cm-True_wa-True_summary.feather
    sentinel-2-l2a_bands-2-3-4_ZMB_4k-points_1000-features_yr-2016-2022_mn-1-12_lm-False_cm-True_wa-True_summary.feather
    One-hot encoding: True
    Final Val R2:  0.7796 
    Final Test R2: 0.8403
    Total time: 255.26 minutes
    
Begin with paramters:
    F1: landsat-c2-l2_bands-r-g-b-nir-swir16-swir22_ZMB_20k-points_1024-features_yr-2009-2021_mn-4-9_lm-True_cm-True_wa-False_summary.feather
    F2: sentinel-2-l2a_bands-2-3-4-8_ZMB_15k-points_1000-features_yr-2016-2022_mn-1-12_lm-False_cm-True_wa-True_summary.feather
    One-hot encoding: True
    Split: 1
    Random state: 116739
    
Group indicies [0, 6144, 18144]
		  [6144, 18144, 18214]


dict_keys([0.09999999999999999, 1.0, 10.0, 100.0])
Best λ: 10.0
Best score: 0.7062837847619321

	Best λ: 10.0
	Val R2: 0.7063


dict_keys([0.09999999999999999, 1.0, 10.0, 100.0])
Best λ: 10.0
Best score: 0.6735357613724753

	Best λ: 10.0
	Val R2: 0.6735


dict_keys([0.09999999999999999, 1.0, 10.0, 100.0])
Best λ: 10.0
Best score: 0.6756452696069963

	Best λ: 10.0
	Val R2: 0.6756


dict_keys([0.09999999999999999, 1.0, 10.0, 100.0, 1000.0])
Best λ: 100.0
Best score: 0.7119161829719716

	Best λ: 100.0
	Val R2: 0.7119


dict_keys([0.09999999999999999, 1.0, 10.0, 100.0])
Best λ: 10.0
Best score: 0.6852499848878477

	Best λ: 10.0
	Val R2: 0.6852


dict_keys([0.09999999999999999, 1.0, 10.0, 100.0])
Best λ: 10.0
Best score: 0.7147510924851819

	Best λ: 10.0
	Val R2: 0.7148


dict_keys([0.09999999999999999, 1.0, 10.0, 100.0])
Best λ: 10.0
Best score: 0.680510249989384

	Best λ: 10.0
	Val R2: 0.6805


dict_keys([0.09999999999999999, 1.0, 10.0, 0.009999999999999998, 0.0009999999999999998, 9.999999999999998e-05, 9.999999999999997e-06])
Best λ: 9.999999999999998e-05
Best score: 0.7838409508594213

	Best λ: 9.999999999999998e-05
	Val R2: 0.7838


dict_keys([0.09999999999999999, 1.0, 10.0, 100.0])
Best λ: 10.0
Best score: 0.661959682508175

	Best λ: 10.0
	Val R2: 0.6620


dict_keys([0.09999999999999999, 1.0, 10.0])
Best λ: 1.0
Best score: 0.7137589939772674

	Best λ: 1.0
	Val R2: 0.7138


dict_keys([0.09999999999999999, 1.0, 10.0, 100.0])
Best λ: 10.0
Best score: 0.6899037851376122

	Best λ: 10.0
	Val R2: 0.6899


dict_keys([0.09999999999999999, 1.0, 10.0, 100.0])
Best λ: 10.0
Best score: 0.586904048631868

	Best λ: 10.0
	Val R2: 0.5869


dict_keys([0.09999999999999999, 1.0, 10.0, 100.0])
Best λ: 10.0
Best score: 0.7236043027176077

	Best λ: 10.0
	Val R2: 0.7236


dict_keys([0.09999999999999999, 1.0, 10.0, 0.009999999999999998, 0.0009999999999999998, 9.999999999999998e-05, 9.999999999999997e-06, 9.999999999999997e-07])
Best λ: 9.999999999999997e-06
Best score: 0.7954687049809583

	Best λ: 9.999999999999997e-06
	Val R2: 0.7955


    Finish:
    landsat-c2-l2_bands-r-g-b-nir-swir16-swir22_ZMB_20k-points_1024-features_yr-2009-2021_mn-4-9_lm-True_cm-True_wa-False_summary.feather
    sentinel-2-l2a_bands-2-3-4-8_ZMB_15k-points_1000-features_yr-2016-2022_mn-1-12_lm-False_cm-True_wa-False_summary.feather
    One-hot encoding: True
    Final Val R2:  0.7901 
    Final Test R2: 0.8687
    Total time: 106.91 minutes
    
Begin with paramters:
    F1: landsat-c2-l2_bands-r-g-b-nir-swir16-swir22_ZMB_20k-points_1024-features_yr-2009-2021_mn-4-9_lm-True_cm-True_wa-False_summary.feather
    F2: sentinel-2-l2a_bands-2-3-4-8_ZMB_15k-points_1000-features_yr-2016-2022_mn-1-12_lm-False_cm-True_wa-True_summary.feather
    One-hot encoding: True
    Split: 2
    Random state: 26225
    
Group indicies [0, 6144, 18144]
		  [6144, 18144, 18214]


    Finish:
    landsat-c2-l2_bands-r-g-b-nir-swir16-swir22_ZMB_20k-points_1024-features_yr-2009-2021_mn-4-9_lm-True_cm-True_wa-False_summary.feather
    sentinel-2-l2a_bands-2-3-4-8_ZMB_15k-points_1000-features_yr-2016-2022_mn-1-12_lm-False_cm-True_wa-False_summary.feather
    One-hot encoding: True
    Final Val R2:  0.8061 
    Final Test R2: 0.8032
    Total time: 114.09 minutes
    
Begin with paramters:
    F1: landsat-c2-l2_bands-r-g-b-nir-swir16-swir22_ZMB_20k-points_1024-features_yr-2009-2021_mn-4-9_lm-True_cm-True_wa-False_summary.feather
    F2: sentinel-2-l2a_bands-2-3-4-8_ZMB_15k-points_1000-features_yr-2016-2022_mn-1-12_lm-False_cm-True_wa-True_summary.feather
    One-hot encoding: True
    Split: 3
    Random state: 777572
    
Group indicies [0, 6144, 18144]
		  [6144, 18144, 18214]


dict_keys([0.09999999999999999, 1.0, 10.0, 100.0])
Best λ: 10.0
Best score: 0.6456820836090538

	Best λ: 10.0
	Val R2: 0.6457


dict_keys([0.09999999999999999, 1.0, 10.0, 100.0])
Best λ: 10.0
Best score: 0.7102214600828993

	Best λ: 10.0
	Val R2: 0.7102


dict_keys([0.09999999999999999, 1.0, 10.0, 100.0, 1000.0])
Best λ: 100.0
Best score: 0.6333953912518384

	Best λ: 100.0
	Val R2: 0.6334


dict_keys([0.09999999999999999, 1.0, 10.0, 100.0])
Best λ: 10.0
Best score: 0.6962871732094753

	Best λ: 10.0
	Val R2: 0.6963


dict_keys([0.09999999999999999, 1.0, 10.0, 100.0])
Best λ: 10.0
Best score: 0.666226031246603

	Best λ: 10.0
	Val R2: 0.6662


dict_keys([0.09999999999999999, 1.0, 10.0])
Best λ: 1.0
Best score: 0.6881306868875964

	Best λ: 1.0
	Val R2: 0.6881


dict_keys([0.09999999999999999, 1.0, 10.0, 100.0])
Best λ: 10.0
Best score: 0.7217997536491472

	Best λ: 10.0
	Val R2: 0.7218


dict_keys([0.09999999999999999, 1.0, 10.0, 100.0])
Best λ: 10.0
Best score: 0.7200390227098135

	Best λ: 10.0
	Val R2: 0.7200


dict_keys([0.09999999999999999, 1.0, 10.0, 100.0])
Best λ: 10.0
Best score: 0.6794207473533984

	Best λ: 10.0
	Val R2: 0.6794


dict_keys([0.09999999999999999, 1.0, 10.0, 100.0])
Best λ: 10.0
Best score: 0.6354989687915158

	Best λ: 10.0
	Val R2: 0.6355


dict_keys([0.09999999999999999, 1.0, 10.0, 100.0])
Best λ: 10.0
Best score: 0.7013046539493532

	Best λ: 10.0
	Val R2: 0.7013


dict_keys([0.09999999999999999, 1.0, 10.0, 100.0])
Best λ: 10.0
Best score: 0.6521092644215287

	Best λ: 10.0
	Val R2: 0.6521


dict_keys([0.09999999999999999, 1.0, 10.0, 100.0])
Best λ: 10.0
Best score: 0.6753721465995051

	Best λ: 10.0
	Val R2: 0.6754


dict_keys([0.09999999999999999, 1.0, 10.0, 0.009999999999999998, 0.0009999999999999998, 9.999999999999998e-05])
Best λ: 0.0009999999999999998
Best score: 0.7685013038915578

	Best λ: 0.0009999999999999998
	Val R2: 0.7685


dict_keys([0.09999999999999999, 1.0, 10.0, 100.0])
Best λ: 10.0
Best score: 0.6862275962447624

	Best λ: 10.0
	Val R2: 0.6862


dict_keys([0.09999999999999999, 1.0, 10.0, 0.009999999999999998, 0.0009999999999999998, 9.999999999999998e-05, 9.999999999999997e-06])
Best λ: 9.999999999999998e-05
Best score: 0.7945130144355573

	Best λ: 9.999999999999998e-05
	Val R2: 0.7945


dict_keys([0.09999999999999999, 1.0, 10.0, 0.009999999999999998, 0.0009999999999999998, 9.999999999999998e-05, 9.999999999999997e-06])
Best λ: 9.999999999999998e-05
Best score: 0.8217851766534288

	Best λ: 9.999999999999998e-05
	Val R2: 0.8218


    Finish:
    landsat-c2-l2_bands-r-g-b-nir-swir16-swir22_ZMB_20k-points_1024-features_yr-2009-2021_mn-4-9_lm-True_cm-True_wa-False_summary.feather
    sentinel-2-l2a_bands-2-3-4-8_ZMB_15k-points_1000-features_yr-2016-2022_mn-1-12_lm-False_cm-True_wa-False_summary.feather
    One-hot encoding: True
    Final Val R2:  0.7702 
    Final Test R2: 0.7647
    Total time: 128.06 minutes
    
Begin with paramters:
    F1: landsat-c2-l2_bands-r-g-b-nir-swir16-swir22_ZMB_20k-points_1024-features_yr-2009-2021_mn-4-9_lm-True_cm-True_wa-False_summary.feather
    F2: sentinel-2-l2a_bands-2-3-4-8_ZMB_15k-points_1000-features_yr-2016-2022_mn-1-12_lm-False_cm-True_wa-True_summary.feather
    One-hot encoding: True
    Split: 4
    Random state: 288389
    
Group indicies [0, 6144, 18144]
		  [6144, 18144, 18214]


dict_keys([0.09999999999999999, 1.0, 10.0, 100.0])
Best λ: 10.0
Best score: 0.669901668530419

	Best λ: 10.0
	Val R2: 0.6699


    Finish:
    landsat-c2-l2_bands-r-g-b-nir-swir16-swir22_ZMB_20k-points_1024-features_yr-2009-2021_mn-4-9_lm-True_cm-True_wa-False_summary.feather
    sentinel-2-l2a_bands-2-3-4-8_ZMB_15k-points_1000-features_yr-2016-2022_mn-1-12_lm-False_cm-True_wa-False_summary.feather
    One-hot encoding: True
    Final Val R2:  0.7980 
    Final Test R2: 0.8602
    Total time: 134.79 minutes
    
Begin with paramters:
    F1: landsat-c2-l2_bands-r-g-b-nir-swir16-swir22_ZMB_20k-points_1024-features_yr-2009-2021_mn-4-9_lm-True_cm-True_wa-False_summary.feather
    F2: sentinel-2-l2a_bands-2-3-4-8_ZMB_15k-points_1000-features_yr-2016-2022_mn-1-12_lm-False_cm-True_wa-True_summary.feather
    One-hot encoding: True
    Split: 5
    Random state: 256787
    
Group indicies [0, 6144, 18144]
		  [6144, 18144, 18214]


    Finish:
    landsat-c2-l2_bands-r-g-b-nir-swir16-swir22_ZMB_20k-points_1024-features_yr-2009-2021_mn-4-9_lm-True_cm-True_wa-False_summary.feather
    sentinel-2-l2a_bands-2-3-4-8_ZMB_15k-points_1000-features_yr-2016-2022_mn-1-12_lm-False_cm-True_wa-False_summary.feather
    One-hot encoding: True
    Final Val R2:  0.8230 
    Final Test R2: 0.8110
    Total time: 134.71 minutes
    
Begin with paramters:
    F1: landsat-c2-l2_bands-r-g-b-nir-swir16-swir22_ZMB_20k-points_1024-features_yr-2009-2021_mn-4-9_lm-True_cm-True_wa-False_summary.feather
    F2: sentinel-2-l2a_bands-2-3-4-8_ZMB_15k-points_1000-features_yr-2016-2022_mn-1-12_lm-False_cm-True_wa-True_summary.feather
    One-hot encoding: True
    Split: 6
    Random state: 234053
    
Group indicies [0, 6144, 18144]
		  [6144, 18144, 18214]


dict_keys([0.09999999999999999, 1.0, 10.0, 0.009999999999999998, 0.0009999999999999998, 9.999999999999998e-05])
Best λ: 0.0009999999999999998
Best score: 0.8124390517033303

	Best λ: 0.0009999999999999998
	Val R2: 0.8124


dict_keys([0.09999999999999999, 1.0, 10.0, 0.009999999999999998, 0.0009999999999999998, 9.999999999999998e-05, 9.999999999999997e-06])
Best λ: 9.999999999999998e-05
Best score: 0.7934864612194881

	Best λ: 9.999999999999998e-05
	Val R2: 0.7935


dict_keys([0.09999999999999999, 1.0, 10.0, 0.009999999999999998, 0.0009999999999999998, 9.999999999999998e-05])
Best λ: 0.0009999999999999998
Best score: 0.7804862102634701

	Best λ: 0.0009999999999999998
	Val R2: 0.7805


    Finish:
    landsat-c2-l2_bands-r-g-b-nir-swir16-swir22_ZMB_20k-points_1024-features_yr-2009-2021_mn-4-9_lm-True_cm-True_wa-False_summary.feather
    sentinel-2-l2a_bands-2-3-4-8_ZMB_15k-points_1000-features_yr-2016-2022_mn-1-12_lm-False_cm-True_wa-False_summary.feather
    One-hot encoding: True
    Final Val R2:  0.8140 
    Final Test R2: 0.7939
    Total time: 129.26 minutes
    
Begin with paramters:
    F1: landsat-c2-l2_bands-r-g-b-nir-swir16-swir22_ZMB_20k-points_1024-features_yr-2009-2021_mn-4-9_lm-True_cm-True_wa-False_summary.feather
    F2: sentinel-2-l2a_bands-2-3-4-8_ZMB_15k-points_1000-features_yr-2016-2022_mn-1-12_lm-False_cm-True_wa-True_summary.feather
    One-hot encoding: True
    Split: 7
    Random state: 146316
    
Group indicies [0, 6144, 18144]
		  [6144, 18144, 18214]


dict_keys([0.09999999999999999, 1.0, 10.0, 0.009999999999999998, 0.0009999999999999998, 9.999999999999998e-05, 9.999999999999997e-06, 9.999999999999997e-07])
Best λ: 9.999999999999997e-06
Best score: 0.8227273214517812

	Best λ: 9.999999999999997e-06
	Val R2: 0.8227


dict_keys([0.09999999999999999, 1.0, 10.0, 0.009999999999999998, 0.0009999999999999998, 9.999999999999998e-05])
Best λ: 0.0009999999999999998
Best score: 0.7949545673519732

	Best λ: 0.0009999999999999998
	Val R2: 0.7950


    Finish:
    landsat-c2-l2_bands-r-g-b-nir-swir16-swir22_ZMB_20k-points_1024-features_yr-2009-2021_mn-4-9_lm-True_cm-True_wa-False_summary.feather
    sentinel-2-l2a_bands-2-3-4-8_ZMB_15k-points_1000-features_yr-2016-2022_mn-1-12_lm-False_cm-True_wa-False_summary.feather
    One-hot encoding: True
    Final Val R2:  0.7996 
    Final Test R2: 0.8394
    Total time: 134.32 minutes
    
Begin with paramters:
    F1: landsat-c2-l2_bands-r-g-b-nir-swir16-swir22_ZMB_20k-points_1024-features_yr-2009-2021_mn-4-9_lm-True_cm-True_wa-False_summary.feather
    F2: sentinel-2-l2a_bands-2-3-4-8_ZMB_15k-points_1000-features_yr-2016-2022_mn-1-12_lm-False_cm-True_wa-True_summary.feather
    One-hot encoding: True
    Split: 8
    Random state: 772246
    

dict_keys([0.09999999999999999, 1.0, 10.0, 0.009999999999999998, 0.0009999999999999998, 9.999999999999998e-05, 9.999999999999997e-06])
Best λ: 9.999999999999998e-05
Best score: 0.8003887482691893

	Best λ: 9.999999999999998e-05
	Val R2: 0.8004

Group indicies [0, 6144, 18144]
		  [6144, 18144, 18214]


dict_keys([0.09999999999999999, 1.0, 10.0])
Best λ: 1.0
Best score: 0.6529728202748315

	Best λ: 1.0
	Val R2: 0.6530


dict_keys([0.09999999999999999, 1.0, 10.0, 0.009999999999999998, 0.0009999999999999998, 9.999999999999998e-05, 9.999999999999997e-06])
Best λ: 9.999999999999998e-05
Best score: 0.7655529348468664

	Best λ: 9.999999999999998e-05
	Val R2: 0.7656


    Finish:
    landsat-c2-l2_bands-r-g-b-nir-swir16-swir22_ZMB_20k-points_1024-features_yr-2009-2021_mn-4-9_lm-True_cm-True_wa-False_summary.feather
    sentinel-2-l2a_bands-2-3-4-8_ZMB_15k-points_1000-features_yr-2016-2022_mn-1-12_lm-False_cm-True_wa-False_summary.feather
    One-hot encoding: True
    Final Val R2:  0.7774 
    Final Test R2: 0.8504
    Total time: 128.06 minutes
    
Begin with paramters:
    F1: landsat-c2-l2_bands-r-g-b-nir-swir16-swir22_ZMB_20k-points_1024-features_yr-2009-2021_mn-4-9_lm-True_cm-True_wa-False_summary.feather
    F2: sentinel-2-l2a_bands-2-3-4-8_ZMB_15k-points_1000-features_yr-2016-2022_mn-1-12_lm-False_cm-True_wa-True_summary.feather
    One-hot encoding: True
    Split: 9
    Random state: 107473
    
Group indicies [0, 6144, 18144]
		  [6144, 18144, 18214]


dict_keys([0.09999999999999999, 1.0, 10.0, 0.009999999999999998, 0.0009999999999999998, 9.999999999999998e-05, 9.999999999999997e-06])
Best λ: 9.999999999999998e-05
Best score: 0.7873997939002383

	Best λ: 9.999999999999998e-05
	Val R2: 0.7874


    Finish:
    landsat-c2-l2_bands-r-g-b-nir-swir16-swir22_ZMB_20k-points_1024-features_yr-2009-2021_mn-4-9_lm-True_cm-True_wa-False_summary.feather
    sentinel-2-l2a_bands-2-3-4-8_ZMB_15k-points_1000-features_yr-2016-2022_mn-1-12_lm-False_cm-True_wa-False_summary.feather
    One-hot encoding: True
    Final Val R2:  0.8266 
    Final Test R2: 0.8048
    Total time: 144.58 minutes
    

dict_keys([0.09999999999999999, 1.0, 10.0, 0.009999999999999998, 0.0009999999999999998, 9.999999999999998e-05])
Best λ: 0.0009999999999999998
Best score: 0.7971803145770716

	Best λ: 0.0009999999999999998
	Val R2: 0.7972


    Finish:
    landsat-c2-l2_bands-r-g-b-nir-swir16-swir22_ZMB_20k-points_1024-features_yr-2009-2021_mn-4-9_lm-True_cm-True_wa-False_summary.feather
    sentinel-2-l2a_bands-2-3-4-8_ZMB_15k-points_1000-features_yr-2016-2022_mn-1-12_lm-False_cm-True_wa-True_summary.feather
    One-hot encoding: True
    Final Val R2:  0.7734 
    Final Test R2: 0.8602
    Total time: 128.99 minutes
    

    Finish:
    landsat-c2-l2_bands-r-g-b-nir-swir16-swir22_ZMB_20k-points_1024-features_yr-2009-2021_mn-1-12_lm-False_cm-True_wa-True_summary.feather
    sentinel-2-l2a_bands-2-3-4_ZMB_4k-points_1000-features_yr-2016-2022_mn-1-12_lm-False_cm-True_wa-True_summary.feather
    One-hot encoding: True
    Final Val R2:  0.7988 
    Final Test R2: 0.8179
    Total time: 230.87 minutes
    

dict_keys([0.09999999999999999, 1.0, 10.0, 100.0])
Best λ: 10.0
Best score: 0.6639858434603004

	Best λ: 10.0
	Val R2: 0.6640


dict_keys([0.09999999999999999, 1.0, 10.0, 0.009999999999999998, 0.0009999999999999998, 9.999999999999998e-05, 9.999999999999997e-06])
Best λ: 9.999999999999998e-05
Best score: 0.7816321221867526

	Best λ: 9.999999999999998e-05
	Val R2: 0.7816


    Finish:
    landsat-c2-l2_bands-r-g-b-nir-swir16-swir22_ZMB_20k-points_1024-features_yr-2009-2021_mn-4-9_lm-True_cm-True_wa-False_summary.feather
    sentinel-2-l2a_bands-2-3-4-8_ZMB_15k-points_1000-features_yr-2016-2022_mn-1-12_lm-False_cm-True_wa-False_summary.feather
    One-hot encoding: True
    Final Val R2:  0.7975 
    Final Test R2: 0.8619
    Total time: 135.78 minutes
    

dict_keys([0.09999999999999999, 1.0, 10.0, 100.0])
Best λ: 10.0
Best score: 0.6654774941942173

	Best λ: 10.0
	Val R2: 0.6655


    Finish:
    landsat-c2-l2_bands-r-g-b-nir-swir16-swir22_ZMB_20k-points_1024-features_yr-2009-2021_mn-1-12_lm-False_cm-True_wa-True_summary.feather
    sentinel-2-l2a_bands-2-3-4_ZMB_4k-points_1000-features_yr-2016-2022_mn-1-12_lm-False_cm-True_wa-True_summary.feather
    One-hot encoding: True
    Final Val R2:  0.8029 
    Final Test R2: 0.8056
    Total time: 230.60 minutes
    

dict_keys([0.09999999999999999, 1.0, 10.0, 0.009999999999999998, 0.0009999999999999998, 9.999999999999998e-05])
Best λ: 0.0009999999999999998
Best score: 0.7424463941310511

	Best λ: 0.0009999999999999998
	Val R2: 0.7424


    Finish:
    landsat-c2-l2_bands-r-g-b-nir-swir16-swir22_ZMB_20k-points_1024-features_yr-2009-2021_mn-4-9_lm-True_cm-True_wa-False_summary.feather
    sentinel-2-l2a_bands-2-3-4-8_ZMB_15k-points_1000-features_yr-2016-2022_mn-1-12_lm-False_cm-True_wa-True_summary.feather
    One-hot encoding: True
    Final Val R2:  0.7961 
    Final Test R2: 0.7900
    Total time: 97.86 minutes
    

dict_keys([0.09999999999999999, 1.0, 10.0, 0.009999999999999998, 0.0009999999999999998, 9.999999999999998e-05, 9.999999999999997e-06])
Best λ: 9.999999999999998e-05
Best score: 0.7817363930948205

	Best λ: 9.999999999999998e-05
	Val R2: 0.7817


    Finish:
    landsat-c2-l2_bands-r-g-b-nir-swir16-swir22_ZMB_20k-points_1024-features_yr-2009-2021_mn-4-9_lm-True_cm-True_wa-False_summary.feather
    sentinel-2-l2a_bands-2-3-4-8_ZMB_15k-points_1000-features_yr-2016-2022_mn-1-12_lm-False_cm-True_wa-True_summary.feather
    One-hot encoding: True
    Final Val R2:  0.7935 
    Final Test R2: 0.7934
    Total time: 126.21 minutes
    

dict_keys([0.09999999999999999, 1.0, 10.0, 100.0])
Best λ: 10.0
Best score: 0.6528409825461491

	Best λ: 10.0
	Val R2: 0.6528

/home/cmolitor/anaconda3/envs/mosaiks-env-mpi/lib/python3.11/site-packages/sklearn/model_selection/_validation.py:378: FitFailedWarning: 
2 fits failed out of a total of 5.
The score on these train-test partitions for these parameters will be set to nan.
If these failures are not expected, you can try to debug them by setting error_score='raise'.

Below are more details about the failures:
--------------------------------------------------------------------------------
2 fits failed with the following error:
Traceback (most recent call last):
  File "/home/cmolitor/anaconda3/envs/mosaiks-env-mpi/lib/python3.11/site-packages/sklearn/model_selection/_validation.py", line 686, in _fit_and_score
    estimator.fit(X_train, y_train, **fit_params)
  File "/home/cmolitor/anaconda3/envs/mosaiks-env-mpi/lib/python3.11/site-packages/glum/_glm.py", line 2518, in fit
    coef = self._solve(
           ^^^^^^^^^^^^
  File "/home/cmolitor/anaconda3/envs/mosaiks-env-mpi/lib/python3.11/site-packages/glum/_glm.py", line 1014, in _solve
    coef, self.n_iter_, self._n_cycles, self.diagnostics_ = _irls_solver(
                                                            ^^^^^^^^^^^^^
  File "/home/cmolitor/anaconda3/envs/mosaiks-env-mpi/lib/python3.11/site-packages/glum/_solvers.py", line 315, in _irls_solver
    d, n_cycles_this_iter = inner_solver(state, data, hessian)
                            ^^^^^^^^^^^^^^^^^^^^^^^^^^^^^^^^^^
  File "/home/cmolitor/anaconda3/envs/mosaiks-env-mpi/lib/python3.11/site-packages/glum/_solvers.py", line 36, in inner_fct
    out = fct(*args, **kwargs)
          ^^^^^^^^^^^^^^^^^^^^
  File "/home/cmolitor/anaconda3/envs/mosaiks-env-mpi/lib/python3.11/site-packages/glum/_solvers.py", line 52, in _least_squares_solver
    d = linalg.solve(hessian, state.score, assume_a="pos")
        ^^^^^^^^^^^^^^^^^^^^^^^^^^^^^^^^^^^^^^^^^^^^^^^^^^
  File "/home/cmolitor/anaconda3/envs/mosaiks-env-mpi/lib/python3.11/site-packages/scipy/linalg/_basic.py", line 257, in solve
    _solve_check(n, info)
  File "/home/cmolitor/anaconda3/envs/mosaiks-env-mpi/lib/python3.11/site-packages/scipy/linalg/_basic.py", line 29, in _solve_check
    raise LinAlgError('Matrix is singular.')
numpy.linalg.LinAlgError: Matrix is singular.

  warnings.warn(some_fits_failed_message, FitFailedWarning)

dict_keys([0.09999999999999999, 1.0, 10.0, 0.009999999999999998, 0.0009999999999999998, 9.999999999999998e-05, 9.999999999999997e-06, 9.999999999999997e-07, 9.999999999999997e-08, 9.999999999999997e-09, 9.999999999999996e-10, 9.999999999999996e-11, 9.999999999999996e-12, 9.999999999999996e-13, 9.999999999999995e-14, 9.999999999999995e-15, 9.999999999999995e-16, 9.999999999999995e-17, 9.999999999999995e-18, 9.999999999999995e-19])
Best λ: 9.999999999999995e-18
Best score: 0.8138086019431903

	Best λ: 9.999999999999995e-18
	Val R2: 0.8138


dict_keys([0.09999999999999999, 1.0, 10.0, 100.0])
Best λ: 10.0
Best score: 0.6881000734759711

	Best λ: 10.0
	Val R2: 0.6881


    Finish:
    landsat-c2-l2_bands-r-g-b-nir-swir16-swir22_ZMB_20k-points_1024-features_yr-2009-2021_mn-1-12_lm-False_cm-True_wa-True_summary.feather
    sentinel-2-l2a_bands-2-3-4_ZMB_4k-points_1000-features_yr-2016-2022_mn-1-12_lm-False_cm-True_wa-True_summary.feather
    One-hot encoding: True
    Final Val R2:  0.7494 
    Final Test R2: 0.8206
    Total time: 223.67 minutes
    

    Finish:
    landsat-c2-l2_bands-r-g-b-nir-swir16-swir22_ZMB_20k-points_1024-features_yr-2009-2021_mn-4-9_lm-True_cm-True_wa-False_summary.feather
    sentinel-2-l2a_bands-2-3-4-8_ZMB_15k-points_1000-features_yr-2016-2022_mn-1-12_lm-False_cm-True_wa-True_summary.feather
    One-hot encoding: True
    Final Val R2:  0.7849 
    Final Test R2: 0.8603
    Total time: 99.88 minutes
    

dict_keys([0.09999999999999999, 1.0, 10.0, 100.0])
Best λ: 10.0
Best score: 0.6623206188539799

	Best λ: 10.0
	Val R2: 0.6623


dict_keys([0.09999999999999999, 1.0, 10.0, 100.0, 1000.0])
Best λ: 100.0
Best score: 0.6010429675634472

	Best λ: 100.0
	Val R2: 0.6010


dict_keys([0.09999999999999999, 1.0, 10.0, 100.0])
Best λ: 10.0
Best score: 0.6750071214946941

	Best λ: 10.0
	Val R2: 0.6750


dict_keys([0.09999999999999999, 1.0, 10.0, 100.0])
Best λ: 10.0
Best score: 0.6740636117898389

	Best λ: 10.0
	Val R2: 0.6741


dict_keys([0.09999999999999999, 1.0, 10.0, 100.0])
Best λ: 10.0
Best score: 0.6679079471788044

	Best λ: 10.0
	Val R2: 0.6679


dict_keys([0.09999999999999999, 1.0, 10.0, 100.0])
Best λ: 10.0
Best score: 0.7104960230837448

	Best λ: 10.0
	Val R2: 0.7105


    Finish:
    landsat-c2-l2_bands-r-g-b-nir-swir16-swir22_ZMB_20k-points_1024-features_yr-2009-2021_mn-1-12_lm-False_cm-True_wa-True_summary.feather
    sentinel-2-l2a_bands-2-3-4_ZMB_20k-points_1000-features_yr-2016-2022_mn-1-12_lm-False_cm-True_wa-False_summary.feather
    One-hot encoding: True
    Final Val R2:  0.8213 
    Final Test R2: 0.8198
    Total time: 679.61 minutes
    

dict_keys([0.09999999999999999, 1.0, 10.0, 100.0])
Best λ: 10.0
Best score: 0.6453197776551786

	Best λ: 10.0
	Val R2: 0.6453


dict_keys([0.09999999999999999, 1.0, 10.0, 0.009999999999999998, 0.0009999999999999998, 9.999999999999998e-05])
Best λ: 0.0009999999999999998
Best score: 0.7836619237610157

	Best λ: 0.0009999999999999998
	Val R2: 0.7837


dict_keys([0.09999999999999999, 1.0, 10.0, 0.009999999999999998, 0.0009999999999999998, 9.999999999999998e-05, 9.999999999999997e-06])
Best λ: 9.999999999999998e-05
Best score: 0.8083662549154624

	Best λ: 9.999999999999998e-05
	Val R2: 0.8084


dict_keys([0.09999999999999999, 1.0, 10.0, 0.009999999999999998, 0.0009999999999999998, 9.999999999999998e-05, 9.999999999999997e-06])
Best λ: 9.999999999999998e-05
Best score: 0.8147366045195144

	Best λ: 9.999999999999998e-05
	Val R2: 0.8147


    Finish:
    landsat-c2-l2_bands-r-g-b-nir-swir16-swir22_ZMB_20k-points_1024-features_yr-2009-2021_mn-4-9_lm-True_cm-True_wa-False_summary.feather
    sentinel-2-l2a_bands-2-3-4-8_ZMB_15k-points_1000-features_yr-2016-2022_mn-1-12_lm-False_cm-True_wa-True_summary.feather
    One-hot encoding: True
    Final Val R2:  0.7858 
    Final Test R2: 0.8307
    Total time: 73.54 minutes
    

dict_keys([0.09999999999999999, 1.0, 10.0, 0.009999999999999998, 0.0009999999999999998, 9.999999999999998e-05])
Best λ: 0.0009999999999999998
Best score: 0.7539100909139324

	Best λ: 0.0009999999999999998
	Val R2: 0.7539


dict_keys([0.09999999999999999, 1.0, 10.0, 0.009999999999999998, 0.0009999999999999998, 9.999999999999998e-05])
Best λ: 0.0009999999999999998
Best score: 0.7844030574701883

	Best λ: 0.0009999999999999998
	Val R2: 0.7844


    Finish:
    landsat-c2-l2_bands-r-g-b-nir-swir16-swir22_ZMB_20k-points_1024-features_yr-2009-2021_mn-4-9_lm-True_cm-True_wa-False_summary.feather
    sentinel-2-l2a_bands-2-3-4-8_ZMB_15k-points_1000-features_yr-2016-2022_mn-1-12_lm-False_cm-True_wa-True_summary.feather
    One-hot encoding: True
    Final Val R2:  0.8103 
    Final Test R2: 0.7938
    Total time: 97.51 minutes
    

dict_keys([0.09999999999999999, 1.0, 10.0, 0.009999999999999998, 0.0009999999999999998, 9.999999999999998e-05, 9.999999999999997e-06])
Best λ: 9.999999999999998e-05
Best score: 0.8172531790114734

	Best λ: 9.999999999999998e-05
	Val R2: 0.8173


    Finish:
    landsat-c2-l2_bands-r-g-b-nir-swir16-swir22_ZMB_20k-points_1024-features_yr-2009-2021_mn-4-9_lm-True_cm-True_wa-False_summary.feather
    sentinel-2-l2a_bands-2-3-4-8_ZMB_15k-points_1000-features_yr-2016-2022_mn-1-12_lm-False_cm-True_wa-True_summary.feather
    One-hot encoding: True
    Final Val R2:  0.7892 
    Final Test R2: 0.8281
    Total time: 93.86 minutes
    

dict_keys([0.09999999999999999, 1.0, 10.0, 0.009999999999999998, 0.0009999999999999998, 9.999999999999998e-05])
Best λ: 0.0009999999999999998
Best score: 0.780367298193038

	Best λ: 0.0009999999999999998
	Val R2: 0.7804


    Finish:
    landsat-c2-l2_bands-r-g-b-nir-swir16-swir22_ZMB_20k-points_1024-features_yr-2009-2021_mn-4-9_lm-True_cm-True_wa-False_summary.feather
    sentinel-2-l2a_bands-2-3-4-8_ZMB_15k-points_1000-features_yr-2016-2022_mn-1-12_lm-False_cm-True_wa-True_summary.feather
    One-hot encoding: True
    Final Val R2:  0.8237 
    Final Test R2: 0.7892
    Total time: 98.24 minutes
    

    Finish:
    landsat-c2-l2_bands-r-g-b-nir-swir16-swir22_ZMB_20k-points_1024-features_yr-2009-2021_mn-4-9_lm-True_cm-True_wa-False_summary.feather
    sentinel-2-l2a_bands-2-3-4-8_ZMB_15k-points_1000-features_yr-2016-2022_mn-1-12_lm-False_cm-True_wa-True_summary.feather
    One-hot encoding: True
    Final Val R2:  0.7768 
    Final Test R2: 0.8371
    Total time: 84.96 minutes
    

dict_keys([0.09999999999999999, 1.0, 10.0, 0.009999999999999998, 0.0009999999999999998, 9.999999999999998e-05])
Best λ: 0.0009999999999999998
Best score: 0.7640325480301107

	Best λ: 0.0009999999999999998
	Val R2: 0.7640


dict_keys([0.09999999999999999, 1.0, 10.0, 0.009999999999999998, 0.0009999999999999998, 9.999999999999998e-05, 9.999999999999997e-06])
Best λ: 9.999999999999998e-05
Best score: 0.7981336260741648

	Best λ: 9.999999999999998e-05
	Val R2: 0.7981


    Finish:
    landsat-c2-l2_bands-r-g-b-nir-swir16-swir22_ZMB_20k-points_1024-features_yr-2009-2021_mn-4-9_lm-True_cm-True_wa-False_summary.feather
    sentinel-2-l2a_bands-2-3-4-8_ZMB_15k-points_1000-features_yr-2016-2022_mn-1-12_lm-False_cm-True_wa-True_summary.feather
    One-hot encoding: True
    Final Val R2:  0.7751 
    Final Test R2: 0.8643
    Total time: 84.97 minutes
    

    Finish:
    landsat-c2-l2_bands-r-g-b-nir-swir16-swir22_ZMB_20k-points_1024-features_yr-2009-2021_mn-1-12_lm-False_cm-True_wa-True_summary.feather
    sentinel-2-l2a_bands-2-3-4_ZMB_4k-points_1000-features_yr-2016-2022_mn-1-12_lm-False_cm-True_wa-True_summary.feather
    One-hot encoding: True
    Final Val R2:  0.8216 
    Final Test R2: 0.8044
    Total time: 366.68 minutes
    

    Finish:
    landsat-c2-l2_bands-r-g-b-nir-swir16-swir22_ZMB_20k-points_1024-features_yr-2009-2021_mn-1-12_lm-False_cm-True_wa-True_summary.feather
    sentinel-2-l2a_bands-2-3-4_ZMB_4k-points_1000-features_yr-2016-2022_mn-1-12_lm-False_cm-True_wa-True_summary.feather
    One-hot encoding: True
    Final Val R2:  0.7681 
    Final Test R2: 0.7817
    Total time: 321.14 minutes
    

    Finish:
    landsat-c2-l2_bands-r-g-b-nir-swir16-swir22_ZMB_20k-points_1024-features_yr-2009-2021_mn-1-12_lm-False_cm-True_wa-True_summary.feather
    sentinel-2-l2a_bands-2-3-4_ZMB_4k-points_1000-features_yr-2016-2022_mn-1-12_lm-False_cm-True_wa-True_summary.feather
    One-hot encoding: True
    Final Val R2:  0.8006 
    Final Test R2: 0.8085
    Total time: 352.91 minutes
    
Saving results as: 2_sensor_top-mod_n-splits-10_2023-05-19_11.csv


