
Begin with paramters:
    F1: landsat-c2-l2_bands-r-g-b-nir-swir16-swir22_ZMB_20k-points_1024-features_yr-2009-2021_mn-4-9_lm-True_cm-True_wa-False_summary.feather
    F2: sentinel-2-l2a_bands-2-3-4-8_ZMB_15k-points_1000-features_yr-2016-2022_mn-1-12_lm-False_cm-True_wa-False_summary.feather
    One-hot encoding: True
    Split: 0
    Random state: 670487
    N-splits: 5
    Include climate: False
    Climate vars: None
    

Begin with paramters:
    F1: landsat-c2-l2_bands-r-g-b-nir-swir16-swir22_ZMB_20k-points_1024-features_yr-2009-2021_mn-4-9_lm-True_cm-True_wa-False_summary.feather
    F2: sentinel-2-l2a_bands-2-3-4-8_ZMB_15k-points_1000-features_yr-2016-2022_mn-1-12_lm-False_cm-True_wa-False_summary.feather
    One-hot encoding: True
    Split: 1
    Random state: 116739
    N-splits: 5
    Include climate: False
    Climate vars: None
    

Begin with paramters:
    F1: landsat-c2-l2_bands-r-g-b-nir-swir16-swir22_ZMB_20k-points_1024-features_yr-2009-2021_mn-4-9_lm-True_cm-True_wa-False_summary.feather
    F2: sentinel-2-l2a_bands-2-3-4-8_ZMB_15k-points_1000-features_yr-2016-2022_mn-1-12_lm-False_cm-True_wa-False_summary.feather
    One-hot encoding: True
    Split: 2
    Random state: 26225
    N-splits: 5
    Include climate: False
    Climate vars: None
    

Begin with paramters:
    F1: landsat-c2-l2_bands-r-g-b-nir-swir16-swir22_ZMB_20k-points_1024-features_yr-2009-2021_mn-4-9_lm-True_cm-True_wa-False_summary.feather
    F2: sentinel-2-l2a_bands-2-3-4-8_ZMB_15k-points_1000-features_yr-2016-2022_mn-1-12_lm-False_cm-True_wa-False_summary.feather
    One-hot encoding: True
    Split: 3
    Random state: 777572
    N-splits: 5
    Include climate: False
    Climate vars: None
    

Begin with paramters:
    F1: landsat-c2-l2_bands-r-g-b-nir-swir16-swir22_ZMB_20k-points_1024-features_yr-2009-2021_mn-4-9_lm-True_cm-True_wa-False_summary.feather
    F2: sentinel-2-l2a_bands-2-3-4-8_ZMB_15k-points_1000-features_yr-2016-2022_mn-1-12_lm-False_cm-True_wa-False_summary.feather
    One-hot encoding: True
    Split: 4
    Random state: 288389
    N-splits: 5
    Include climate: False
    Climate vars: None
    

Begin with paramters:
    F1: landsat-c2-l2_bands-r-g-b-nir-swir16-swir22_ZMB_20k-points_1024-features_yr-2009-2021_mn-4-9_lm-True_cm-True_wa-False_summary.feather
    F2: sentinel-2-l2a_bands-2-3-4-8_ZMB_15k-points_1000-features_yr-2016-2022_mn-1-12_lm-False_cm-True_wa-False_summary.feather
    One-hot encoding: True
    Split: 5
    Random state: 256787
    N-splits: 5
    Include climate: False
    Climate vars: None
    

Begin with paramters:
    F1: landsat-c2-l2_bands-r-g-b-nir-swir16-swir22_ZMB_20k-points_1024-features_yr-2009-2021_mn-4-9_lm-True_cm-True_wa-False_summary.feather
    F2: sentinel-2-l2a_bands-2-3-4-8_ZMB_15k-points_1000-features_yr-2016-2022_mn-1-12_lm-False_cm-True_wa-False_summary.feather
    One-hot encoding: True
    Split: 6
    Random state: 234053
    N-splits: 5
    Include climate: False
    Climate vars: None
    

Begin with paramters:
    F1: landsat-c2-l2_bands-r-g-b-nir-swir16-swir22_ZMB_20k-points_1024-features_yr-2009-2021_mn-4-9_lm-True_cm-True_wa-False_summary.feather
    F2: sentinel-2-l2a_bands-2-3-4-8_ZMB_15k-points_1000-features_yr-2016-2022_mn-1-12_lm-False_cm-True_wa-False_summary.feather
    One-hot encoding: True
    Split: 7
    Random state: 146316
    N-splits: 5
    Include climate: False
    Climate vars: None
    

Begin with paramters:
    F1: landsat-c2-l2_bands-r-g-b-nir-swir16-swir22_ZMB_20k-points_1024-features_yr-2009-2021_mn-4-9_lm-True_cm-True_wa-False_summary.feather
    F2: sentinel-2-l2a_bands-2-3-4-8_ZMB_15k-points_1000-features_yr-2016-2022_mn-1-12_lm-False_cm-True_wa-False_summary.feather
    One-hot encoding: True
    Split: 8
    Random state: 772246
    N-splits: 5
    Include climate: False
    Climate vars: None
    

Begin with paramters:
    F1: landsat-c2-l2_bands-r-g-b-nir-swir16-swir22_ZMB_20k-points_1024-features_yr-2009-2021_mn-4-9_lm-True_cm-True_wa-False_summary.feather
    F2: sentinel-2-l2a_bands-2-3-4-8_ZMB_15k-points_1000-features_yr-2016-2022_mn-1-12_lm-False_cm-True_wa-False_summary.feather
    One-hot encoding: True
    Split: 9
    Random state: 107473
    N-splits: 5
    Include climate: False
    Climate vars: None
    
Group indicies [0, 6144, 18144]
		  [6144, 18144, 18214]

Group indicies [0, 6144, 18144]
		  [6144, 18144, 18214]

Group indicies [0, 6144, 18144]
		  [6144, 18144, 18214]

Group indicies [0, 6144, 18144]
		  [6144, 18144, 18214]

Group indicies [0, 6144, 18144]
		  [6144, 18144, 18214]

Group indicies [0, 6144, 18144]
		  [6144, 18144, 18214]

Group indicies [0, 6144, 18144]
		  [6144, 18144, 18214]

Group indicies [0, 6144, 18144]
		  [6144, 18144, 18214]

Group indicies [0, 6144, 18144]
		  [6144, 18144, 18214]

Group indicies [0, 6144, 18144]
		  [6144, 18144, 18214]


dict_keys([0.09999999999999999, 1.0, 10.0, 100.0])
Best λ: 10.0
Best score: 0.6360166020841366

	Best λ: 10.0
	Val R2: 0.6360


dict_keys([0.09999999999999999, 1.0, 10.0, 100.0, 1000.0])
Best λ: 100.0
Best score: 0.7137589939772677

	Best λ: 100.0
	Val R2: 0.7138


dict_keys([0.09999999999999999, 1.0, 10.0, 100.0])
Best λ: 10.0
Best score: 0.7038697630036992

	Best λ: 10.0
	Val R2: 0.7039


dict_keys([0.09999999999999999, 1.0, 10.0, 100.0])
Best λ: 10.0
Best score: 0.7062837847619321

	Best λ: 10.0
	Val R2: 0.7063


dict_keys([0.09999999999999999, 1.0, 10.0, 100.0])
Best λ: 10.0
Best score: 0.661959682508175

	Best λ: 10.0
	Val R2: 0.6620


dict_keys([0.09999999999999999, 1.0, 10.0, 100.0])
Best λ: 10.0
Best score: 0.7147510924851816

	Best λ: 10.0
	Val R2: 0.7148


dict_keys([0.09999999999999999, 1.0, 10.0, 100.0])
Best λ: 10.0
Best score: 0.6612009679855533

	Best λ: 10.0
	Val R2: 0.6612


dict_keys([0.09999999999999999, 1.0, 10.0, 100.0])
Best λ: 10.0
Best score: 0.6735357613724752

	Best λ: 10.0
	Val R2: 0.6735


dict_keys([0.09999999999999999, 1.0, 10.0, 100.0])
Best λ: 10.0
Best score: 0.6780670474962781

	Best λ: 10.0
	Val R2: 0.6781


dict_keys([0.09999999999999999, 1.0, 10.0, 100.0, 1000.0])
Best λ: 100.0
Best score: 0.7119161829719717

	Best λ: 100.0
	Val R2: 0.7119


dict_keys([0.09999999999999999, 1.0, 10.0, 100.0])
Best λ: 10.0
Best score: 0.6620906199977034

	Best λ: 10.0
	Val R2: 0.6621


dict_keys([0.09999999999999999, 1.0, 10.0])
Best λ: 1.0
Best score: 0.7137589939772677

	Best λ: 1.0
	Val R2: 0.7138


dict_keys([0.09999999999999999, 1.0, 10.0, 100.0])
Best λ: 10.0
Best score: 0.7200390227098135

	Best λ: 10.0
	Val R2: 0.7200


dict_keys([0.09999999999999999, 1.0, 10.0, 100.0])
Best λ: 10.0
Best score: 0.7013046539493532

	Best λ: 10.0
	Val R2: 0.7013


dict_keys([0.09999999999999999, 1.0, 10.0, 100.0])
Best λ: 10.0
Best score: 0.6962871732094753

	Best λ: 10.0
	Val R2: 0.6963


dict_keys([0.09999999999999999, 1.0, 10.0, 100.0])
Best λ: 10.0
Best score: 0.7102214600828993

	Best λ: 10.0
	Val R2: 0.7102


dict_keys([0.09999999999999999, 1.0, 10.0, 100.0])
Best λ: 10.0
Best score: 0.7236043027176077

	Best λ: 10.0
	Val R2: 0.7236


dict_keys([0.09999999999999999, 1.0, 10.0, 100.0])
Best λ: 10.0
Best score: 0.7049069120837739

	Best λ: 10.0
	Val R2: 0.7049


dict_keys([0.09999999999999999, 1.0, 10.0, 100.0])
Best λ: 10.0
Best score: 0.6899037851376122

	Best λ: 10.0
	Val R2: 0.6899


dict_keys([0.09999999999999999, 1.0, 10.0, 100.0])
Best λ: 10.0
Best score: 0.7217997536491472

	Best λ: 10.0
	Val R2: 0.7218


dict_keys([0.09999999999999999, 1.0, 10.0, 0.009999999999999998, 0.0009999999999999998, 9.999999999999998e-05])
Best λ: 0.0009999999999999998
Best score: 0.768501303891558

	Best λ: 0.0009999999999999998
	Val R2: 0.7685


dict_keys([0.09999999999999999, 1.0, 10.0, 0.009999999999999998, 0.0009999999999999998, 9.999999999999998e-05, 9.999999999999997e-06])
Best λ: 9.999999999999998e-05
Best score: 0.783840950859421

	Best λ: 9.999999999999998e-05
	Val R2: 0.7838


Finish:
    F1: landsat-c2-l2_bands-r-g-b-nir-swir16-swir22_ZMB_20k-points_1024-features_yr-2009-2021_mn-4-9_lm-True_cm-True_wa-False_summary.feather
    F2: sentinel-2-l2a_bands-2-3-4-8_ZMB_15k-points_1000-features_yr-2016-2022_mn-1-12_lm-False_cm-True_wa-False_summary.feather
    One-hot encoding: True
    Split: 2
    Random state: 26225
    N-splits: 5
    Include climate: False
    Climate vars: None
    Final Val R2:  0.7702 
    Final Test R2: 0.7647
    Total time: 58.85 minutes
    

Finish:
    F1: landsat-c2-l2_bands-r-g-b-nir-swir16-swir22_ZMB_20k-points_1024-features_yr-2009-2021_mn-4-9_lm-True_cm-True_wa-False_summary.feather
    F2: sentinel-2-l2a_bands-2-3-4-8_ZMB_15k-points_1000-features_yr-2016-2022_mn-1-12_lm-False_cm-True_wa-False_summary.feather
    One-hot encoding: True
    Split: 0
    Random state: 670487
    N-splits: 5
    Include climate: False
    Climate vars: None
    Final Val R2:  0.7901 
    Final Test R2: 0.8687
    Total time: 61.96 minutes
    

dict_keys([0.09999999999999999, 1.0, 10.0, 0.009999999999999998, 0.0009999999999999998, 9.999999999999998e-05])
Best λ: 0.0009999999999999998
Best score: 0.7804862102634702

	Best λ: 0.0009999999999999998
	Val R2: 0.7805


dict_keys([0.09999999999999999, 1.0, 10.0, 0.009999999999999998, 0.0009999999999999998, 9.999999999999998e-05])
Best λ: 0.0009999999999999998
Best score: 0.8124390517033302

	Best λ: 0.0009999999999999998
	Val R2: 0.8124


dict_keys([0.09999999999999999, 1.0, 10.0, 0.009999999999999998, 0.0009999999999999998, 9.999999999999998e-05, 9.999999999999997e-06])
Best λ: 9.999999999999998e-05
Best score: 0.7873997939002383

	Best λ: 9.999999999999998e-05
	Val R2: 0.7874


dict_keys([0.09999999999999999, 1.0, 10.0, 0.009999999999999998, 0.0009999999999999998, 9.999999999999998e-05, 9.999999999999997e-06])
Best λ: 9.999999999999998e-05
Best score: 0.7934864612194881

	Best λ: 9.999999999999998e-05
	Val R2: 0.7935


Finish:
    F1: landsat-c2-l2_bands-r-g-b-nir-swir16-swir22_ZMB_20k-points_1024-features_yr-2009-2021_mn-4-9_lm-True_cm-True_wa-False_summary.feather
    F2: sentinel-2-l2a_bands-2-3-4-8_ZMB_15k-points_1000-features_yr-2016-2022_mn-1-12_lm-False_cm-True_wa-False_summary.feather
    One-hot encoding: True
    Split: 8
    Random state: 772246
    N-splits: 5
    Include climate: False
    Climate vars: None
    Final Val R2:  0.7774 
    Final Test R2: 0.8504
    Total time: 75.21 minutes
    

dict_keys([0.09999999999999999, 1.0, 10.0, 0.009999999999999998, 0.0009999999999999998, 9.999999999999998e-05, 9.999999999999997e-06])
Best λ: 9.999999999999998e-05
Best score: 0.8217851766534288

	Best λ: 9.999999999999998e-05
	Val R2: 0.8218


Finish:
    F1: landsat-c2-l2_bands-r-g-b-nir-swir16-swir22_ZMB_20k-points_1024-features_yr-2009-2021_mn-4-9_lm-True_cm-True_wa-False_summary.feather
    F2: sentinel-2-l2a_bands-2-3-4-8_ZMB_15k-points_1000-features_yr-2016-2022_mn-1-12_lm-False_cm-True_wa-False_summary.feather
    One-hot encoding: True
    Split: 7
    Random state: 146316
    N-splits: 5
    Include climate: False
    Climate vars: None
    Final Val R2:  0.8140 
    Final Test R2: 0.7939
    Total time: 79.23 minutes
    

Finish:
    F1: landsat-c2-l2_bands-r-g-b-nir-swir16-swir22_ZMB_20k-points_1024-features_yr-2009-2021_mn-4-9_lm-True_cm-True_wa-False_summary.feather
    F2: sentinel-2-l2a_bands-2-3-4-8_ZMB_15k-points_1000-features_yr-2016-2022_mn-1-12_lm-False_cm-True_wa-False_summary.feather
    One-hot encoding: True
    Split: 9
    Random state: 107473
    N-splits: 5
    Include climate: False
    Climate vars: None
    Final Val R2:  0.7975 
    Final Test R2: 0.8619
    Total time: 79.75 minutes
    

Finish:
    F1: landsat-c2-l2_bands-r-g-b-nir-swir16-swir22_ZMB_20k-points_1024-features_yr-2009-2021_mn-4-9_lm-True_cm-True_wa-False_summary.feather
    F2: sentinel-2-l2a_bands-2-3-4-8_ZMB_15k-points_1000-features_yr-2016-2022_mn-1-12_lm-False_cm-True_wa-False_summary.feather
    One-hot encoding: True
    Split: 6
    Random state: 234053
    N-splits: 5
    Include climate: False
    Climate vars: None
    Final Val R2:  0.7996 
    Final Test R2: 0.8394
    Total time: 79.76 minutes
    

dict_keys([0.09999999999999999, 1.0, 10.0, 0.009999999999999998, 0.0009999999999999998, 9.999999999999998e-05, 9.999999999999997e-06])
Best λ: 9.999999999999998e-05
Best score: 0.7945130144355573

	Best λ: 9.999999999999998e-05
	Val R2: 0.7945


dict_keys([0.09999999999999999, 1.0, 10.0, 0.009999999999999998, 0.0009999999999999998, 9.999999999999998e-05, 9.999999999999997e-06, 9.999999999999997e-07])
Best λ: 9.999999999999997e-06
Best score: 0.8227273214517812

	Best λ: 9.999999999999997e-06
	Val R2: 0.8227


Finish:
    F1: landsat-c2-l2_bands-r-g-b-nir-swir16-swir22_ZMB_20k-points_1024-features_yr-2009-2021_mn-4-9_lm-True_cm-True_wa-False_summary.feather
    F2: sentinel-2-l2a_bands-2-3-4-8_ZMB_15k-points_1000-features_yr-2016-2022_mn-1-12_lm-False_cm-True_wa-False_summary.feather
    One-hot encoding: True
    Split: 4
    Random state: 288389
    N-splits: 5
    Include climate: False
    Climate vars: None
    Final Val R2:  0.8230 
    Final Test R2: 0.8110
    Total time: 85.55 minutes
    

dict_keys([0.09999999999999999, 1.0, 10.0, 0.009999999999999998, 0.0009999999999999998, 9.999999999999998e-05, 9.999999999999997e-06, 9.999999999999997e-07])
Best λ: 9.999999999999997e-06
Best score: 0.7954687049809586

	Best λ: 9.999999999999997e-06
	Val R2: 0.7955


Finish:
    F1: landsat-c2-l2_bands-r-g-b-nir-swir16-swir22_ZMB_20k-points_1024-features_yr-2009-2021_mn-4-9_lm-True_cm-True_wa-False_summary.feather
    F2: sentinel-2-l2a_bands-2-3-4-8_ZMB_15k-points_1000-features_yr-2016-2022_mn-1-12_lm-False_cm-True_wa-False_summary.feather
    One-hot encoding: True
    Split: 3
    Random state: 777572
    N-splits: 5
    Include climate: False
    Climate vars: None
    Final Val R2:  0.7980 
    Final Test R2: 0.8602
    Total time: 86.88 minutes
    

Finish:
    F1: landsat-c2-l2_bands-r-g-b-nir-swir16-swir22_ZMB_20k-points_1024-features_yr-2009-2021_mn-4-9_lm-True_cm-True_wa-False_summary.feather
    F2: sentinel-2-l2a_bands-2-3-4-8_ZMB_15k-points_1000-features_yr-2016-2022_mn-1-12_lm-False_cm-True_wa-False_summary.feather
    One-hot encoding: True
    Split: 5
    Random state: 256787
    N-splits: 5
    Include climate: False
    Climate vars: None
    Final Val R2:  0.8266 
    Final Test R2: 0.8048
    Total time: 89.60 minutes
    

Finish:
    F1: landsat-c2-l2_bands-r-g-b-nir-swir16-swir22_ZMB_20k-points_1024-features_yr-2009-2021_mn-4-9_lm-True_cm-True_wa-False_summary.feather
    F2: sentinel-2-l2a_bands-2-3-4-8_ZMB_15k-points_1000-features_yr-2016-2022_mn-1-12_lm-False_cm-True_wa-False_summary.feather
    One-hot encoding: True
    Split: 1
    Random state: 116739
    N-splits: 5
    Include climate: False
    Climate vars: None
    Final Val R2:  0.8061 
    Final Test R2: 0.8032
    Total time: 90.88 minutes
    
Saving results as: 2_sensor_top-mod_n-splits-10_2023-05-24_rcf.csv


Saving results as: 2_sensor_oos_predictions_n-splits-10_2023-05-24_rcf.csv


