
Begin with paramters:
    F1: landsat-c2-l2_bands-r-g-b-nir-swir16-swir22_ZMB_20k-points_1024-features_yr-2009-2021_mn-4-9_lm-True_cm-True_wa-False_summary.feather
    F2: sentinel-2-l2a_bands-2-3-4-8_ZMB_15k-points_1000-features_yr-2016-2022_mn-1-12_lm-False_cm-True_wa-False_summary.feather
    One-hot encoding: True
    Anomaly: True
    Split: 0
    Random state: 670487
    N-splits: 5
    Include climate: False
    Climate vars: None
    

Begin with paramters:
    F1: landsat-c2-l2_bands-r-g-b-nir-swir16-swir22_ZMB_20k-points_1024-features_yr-2009-2021_mn-4-9_lm-True_cm-True_wa-False_summary.feather
    F2: sentinel-2-l2a_bands-2-3-4-8_ZMB_15k-points_1000-features_yr-2016-2022_mn-1-12_lm-False_cm-True_wa-False_summary.feather
    One-hot encoding: True
    Anomaly: True
    Split: 1
    Random state: 116739
    N-splits: 5
    Include climate: False
    Climate vars: None
    

Begin with paramters:
    F1: landsat-c2-l2_bands-r-g-b-nir-swir16-swir22_ZMB_20k-points_1024-features_yr-2009-2021_mn-4-9_lm-True_cm-True_wa-False_summary.feather
    F2: sentinel-2-l2a_bands-2-3-4-8_ZMB_15k-points_1000-features_yr-2016-2022_mn-1-12_lm-False_cm-True_wa-False_summary.feather
    One-hot encoding: True
    Anomaly: True
    Split: 2
    Random state: 26225
    N-splits: 5
    Include climate: False
    Climate vars: None
    

Begin with paramters:
    F1: landsat-c2-l2_bands-r-g-b-nir-swir16-swir22_ZMB_20k-points_1024-features_yr-2009-2021_mn-4-9_lm-True_cm-True_wa-False_summary.feather
    F2: sentinel-2-l2a_bands-2-3-4-8_ZMB_15k-points_1000-features_yr-2016-2022_mn-1-12_lm-False_cm-True_wa-False_summary.feather
    One-hot encoding: True
    Anomaly: True
    Split: 4
    Random state: 288389
    N-splits: 5
    Include climate: False
    Climate vars: None
    

Begin with paramters:
    F1: landsat-c2-l2_bands-r-g-b-nir-swir16-swir22_ZMB_20k-points_1024-features_yr-2009-2021_mn-4-9_lm-True_cm-True_wa-False_summary.feather
    F2: sentinel-2-l2a_bands-2-3-4-8_ZMB_15k-points_1000-features_yr-2016-2022_mn-1-12_lm-False_cm-True_wa-False_summary.feather
    One-hot encoding: True
    Anomaly: True
    Split: 3
    Random state: 777572
    N-splits: 5
    Include climate: False
    Climate vars: None
    

Begin with paramters:
    F1: landsat-c2-l2_bands-r-g-b-nir-swir16-swir22_ZMB_20k-points_1024-features_yr-2009-2021_mn-4-9_lm-True_cm-True_wa-False_summary.feather
    F2: sentinel-2-l2a_bands-2-3-4-8_ZMB_15k-points_1000-features_yr-2016-2022_mn-1-12_lm-False_cm-True_wa-False_summary.feather
    One-hot encoding: True
    Anomaly: True
    Split: 5
    Random state: 256787
    N-splits: 5
    Include climate: False
    Climate vars: None
    

Begin with paramters:
    F1: landsat-c2-l2_bands-r-g-b-nir-swir16-swir22_ZMB_20k-points_1024-features_yr-2009-2021_mn-4-9_lm-True_cm-True_wa-False_summary.feather
    F2: sentinel-2-l2a_bands-2-3-4-8_ZMB_15k-points_1000-features_yr-2016-2022_mn-1-12_lm-False_cm-True_wa-False_summary.feather
    One-hot encoding: True
    Anomaly: True
    Split: 6
    Random state: 234053
    N-splits: 5
    Include climate: False
    Climate vars: None
    

Begin with paramters:
    F1: landsat-c2-l2_bands-r-g-b-nir-swir16-swir22_ZMB_20k-points_1024-features_yr-2009-2021_mn-4-9_lm-True_cm-True_wa-False_summary.feather
    F2: sentinel-2-l2a_bands-2-3-4-8_ZMB_15k-points_1000-features_yr-2016-2022_mn-1-12_lm-False_cm-True_wa-False_summary.feather
    One-hot encoding: True
    Anomaly: True
    Split: 8
    Random state: 772246
    N-splits: 5
    Include climate: False
    Climate vars: None
    

Begin with paramters:
    F1: landsat-c2-l2_bands-r-g-b-nir-swir16-swir22_ZMB_20k-points_1024-features_yr-2009-2021_mn-4-9_lm-True_cm-True_wa-False_summary.feather
    F2: sentinel-2-l2a_bands-2-3-4-8_ZMB_15k-points_1000-features_yr-2016-2022_mn-1-12_lm-False_cm-True_wa-False_summary.feather
    One-hot encoding: True
    Anomaly: True
    Split: 9
    Random state: 107473
    N-splits: 5
    Include climate: False
    Climate vars: None
    

Begin with paramters:
    F1: landsat-c2-l2_bands-r-g-b-nir-swir16-swir22_ZMB_20k-points_1024-features_yr-2009-2021_mn-4-9_lm-True_cm-True_wa-False_summary.feather
    F2: sentinel-2-l2a_bands-2-3-4-8_ZMB_15k-points_1000-features_yr-2016-2022_mn-1-12_lm-False_cm-True_wa-False_summary.feather
    One-hot encoding: True
    Anomaly: True
    Split: 7
    Random state: 146316
    N-splits: 5
    Include climate: False
    Climate vars: None
    
Group indicies [0, 6144, 18144]
		  [6144, 18144, 18214]

Group indicies [0, 6144, 18144]
		  [6144, 18144, 18214]

Group indicies [0, 6144, 18144]
		  [6144, 18144, 18214]

Group indicies [0, 6144, 18144]
		  [6144, 18144, 18214]

Group indicies [0, 6144, 18144]
		  [6144, 18144, 18214]

Group indicies [0, 6144, 18144]
		  [6144, 18144, 18214]

Group indicies [0, 6144, 18144]
		  [6144, 18144, 18214]

Group indicies [0, 6144, 18144]
		  [6144, 18144, 18214]

Group indicies [0, 6144, 18144]
		  [6144, 18144, 18214]

Group indicies [0, 6144, 18144]
		  [6144, 18144, 18214]


dict_keys([0.09999999999999999, 1.0, 10.0])
Best λ: 1.0
Best score: 0.4680497320086309

	Best λ: 1.0
	Val R2: 0.4680


dict_keys([0.09999999999999999, 1.0, 10.0])
Best λ: 1.0
Best score: 0.47080698002034227

	Best λ: 1.0
	Val R2: 0.4708


dict_keys([0.09999999999999999, 1.0, 10.0])
Best λ: 1.0
Best score: 0.41346183938049696

	Best λ: 1.0
	Val R2: 0.4135


dict_keys([0.09999999999999999, 1.0, 10.0])
Best λ: 1.0
Best score: 0.4385953302226535

	Best λ: 1.0
	Val R2: 0.4386


dict_keys([0.09999999999999999, 1.0, 10.0])
Best λ: 1.0
Best score: 0.48243457554374897

	Best λ: 1.0
	Val R2: 0.4824


dict_keys([0.09999999999999999, 1.0, 10.0])
Best λ: 1.0
Best score: 0.4791632718449431

	Best λ: 1.0
	Val R2: 0.4792


dict_keys([0.09999999999999999, 1.0, 10.0, 0.009999999999999998])
Best λ: 0.09999999999999999
Best score: 0.44328343514168933

	Best λ: 0.09999999999999999
	Val R2: 0.4433


dict_keys([0.09999999999999999, 1.0, 10.0, 100.0])
Best λ: 10.0
Best score: 0.486302394793403

	Best λ: 10.0
	Val R2: 0.4863


dict_keys([0.09999999999999999, 1.0, 10.0])
Best λ: 1.0
Best score: 0.4134618393804971

	Best λ: 1.0
	Val R2: 0.4135


dict_keys([0.09999999999999999, 1.0, 10.0])
Best λ: 1.0
Best score: 0.5217544649105792

	Best λ: 1.0
	Val R2: 0.5218


dict_keys([0.09999999999999999, 1.0, 10.0])
Best λ: 1.0
Best score: 0.4385953302226536

	Best λ: 1.0
	Val R2: 0.4386


dict_keys([0.09999999999999999, 1.0, 10.0, 100.0])
Best λ: 10.0
Best score: 0.5018313322762974

	Best λ: 10.0
	Val R2: 0.5018


dict_keys([0.09999999999999999, 1.0, 10.0])
Best λ: 1.0
Best score: 0.48243457554374897

	Best λ: 1.0
	Val R2: 0.4824


dict_keys([0.09999999999999999, 1.0, 10.0])
Best λ: 1.0
Best score: 0.47916327184494334

	Best λ: 1.0
	Val R2: 0.4792


dict_keys([0.09999999999999999, 1.0, 10.0, 0.009999999999999998])
Best λ: 0.09999999999999999
Best score: 0.4723591516597696

	Best λ: 0.09999999999999999
	Val R2: 0.4724


dict_keys([0.09999999999999999, 1.0, 10.0, 100.0])
Best λ: 10.0
Best score: 0.3655034509276639

	Best λ: 10.0
	Val R2: 0.3655


dict_keys([0.09999999999999999, 1.0, 10.0])
Best λ: 1.0
Best score: 0.44328343514168933

	Best λ: 1.0
	Val R2: 0.4433


dict_keys([0.09999999999999999, 1.0, 10.0])
Best λ: 1.0
Best score: 0.486302394793403

	Best λ: 1.0
	Val R2: 0.4863


dict_keys([0.09999999999999999, 1.0, 10.0])
Best λ: 1.0
Best score: 0.4723591516597699

	Best λ: 1.0
	Val R2: 0.4724


Finish:
    F1: landsat-c2-l2_bands-r-g-b-nir-swir16-swir22_ZMB_20k-points_1024-features_yr-2009-2021_mn-4-9_lm-True_cm-True_wa-False_summary.feather
    F2: sentinel-2-l2a_bands-2-3-4-8_ZMB_15k-points_1000-features_yr-2016-2022_mn-1-12_lm-False_cm-True_wa-False_summary.feather
    One-hot encoding: True
    Anomaly: True
    Split: 8
    Random state: 772246
    N-splits: 5
    Include climate: False
    Climate vars: None
    Final Val R2:  0.4918 
    Final Test R2: 0.5342
    Total time: 33.93 minutes
    

dict_keys([0.09999999999999999, 1.0, 10.0])
Best λ: 1.0
Best score: 0.3655034509276639

	Best λ: 1.0
	Val R2: 0.3655


dict_keys([0.09999999999999999, 1.0, 10.0, 0.009999999999999998])
Best λ: 0.09999999999999999
Best score: 0.5297119250119058

	Best λ: 0.09999999999999999
	Val R2: 0.5297


dict_keys([0.09999999999999999, 1.0, 10.0, 100.0, 1000.0, 10000.0, 100000.0, 1000000.0, 10000000.0, 100000000.0, 1000000000.0])
Best λ: 1000000000.0
Best score: 0.45118055293914117

	Best λ: 1000000000.0
	Val R2: 0.4512


Finish:
    F1: landsat-c2-l2_bands-r-g-b-nir-swir16-swir22_ZMB_20k-points_1024-features_yr-2009-2021_mn-4-9_lm-True_cm-True_wa-False_summary.feather
    F2: sentinel-2-l2a_bands-2-3-4-8_ZMB_15k-points_1000-features_yr-2016-2022_mn-1-12_lm-False_cm-True_wa-False_summary.feather
    One-hot encoding: True
    Anomaly: True
    Split: 9
    Random state: 107473
    N-splits: 5
    Include climate: False
    Climate vars: None
    Final Val R2:  0.4952 
    Final Test R2: 0.6815
    Total time: 48.87 minutes
    

dict_keys([0.09999999999999999, 1.0, 10.0, 100.0, 1000.0, 10000.0, 100000.0, 1000000.0, 10000000.0, 100000000.0, 1000000000.0])
Best λ: 1000000000.0
Best score: 0.5448321872344026

	Best λ: 1000000000.0
	Val R2: 0.5448


Finish:
    F1: landsat-c2-l2_bands-r-g-b-nir-swir16-swir22_ZMB_20k-points_1024-features_yr-2009-2021_mn-4-9_lm-True_cm-True_wa-False_summary.feather
    F2: sentinel-2-l2a_bands-2-3-4-8_ZMB_15k-points_1000-features_yr-2016-2022_mn-1-12_lm-False_cm-True_wa-False_summary.feather
    One-hot encoding: True
    Anomaly: True
    Split: 4
    Random state: 288389
    N-splits: 5
    Include climate: False
    Climate vars: None
    Final Val R2:  0.5628 
    Final Test R2: 0.5294
    Total time: 52.62 minutes
    

dict_keys([0.09999999999999999, 1.0, 10.0, 100.0, 1000.0, 10000.0, 100000.0, 1000000.0, 10000000.0, 100000000.0, 1000000000.0])
Best λ: 1000000000.0
Best score: 0.47850712293767045

	Best λ: 1000000000.0
	Val R2: 0.4785


dict_keys([0.09999999999999999, 1.0, 10.0, 100.0, 1000.0, 10000.0, 100000.0, 1000000.0, 10000000.0, 100000000.0, 1000000000.0])
Best λ: 1000000000.0
Best score: 0.4980524538273019

	Best λ: 1000000000.0
	Val R2: 0.4981


dict_keys([0.09999999999999999, 1.0, 10.0, 100.0, 1000.0, 10000.0, 100000.0, 1000000.0, 10000000.0, 100000000.0, 1000000000.0])
Best λ: 1000000000.0
Best score: 0.49016132783691824

	Best λ: 1000000000.0
	Val R2: 0.4902


Finish:
    F1: landsat-c2-l2_bands-r-g-b-nir-swir16-swir22_ZMB_20k-points_1024-features_yr-2009-2021_mn-4-9_lm-True_cm-True_wa-False_summary.feather
    F2: sentinel-2-l2a_bands-2-3-4-8_ZMB_15k-points_1000-features_yr-2016-2022_mn-1-12_lm-False_cm-True_wa-False_summary.feather
    One-hot encoding: True
    Anomaly: True
    Split: 1
    Random state: 116739
    N-splits: 5
    Include climate: False
    Climate vars: None
    Final Val R2:  0.5280 
    Final Test R2: 0.6089
    Total time: 60.38 minutes
    

dict_keys([0.09999999999999999, 1.0, 10.0, 100.0, 1000.0, 10000.0, 100000.0, 1000000.0, 10000000.0, 100000000.0, 1000000000.0])
Best λ: 1000000000.0
Best score: 0.45576334111360567

	Best λ: 1000000000.0
	Val R2: 0.4558


dict_keys([0.09999999999999999, 1.0, 10.0, 100.0, 1000.0, 10000.0, 100000.0, 1000000.0, 10000000.0, 100000000.0, 1000000000.0])
Best λ: 1000000000.0
Best score: 0.5253080481796889

	Best λ: 1000000000.0
	Val R2: 0.5253


Finish:
    F1: landsat-c2-l2_bands-r-g-b-nir-swir16-swir22_ZMB_20k-points_1024-features_yr-2009-2021_mn-4-9_lm-True_cm-True_wa-False_summary.feather
    F2: sentinel-2-l2a_bands-2-3-4-8_ZMB_15k-points_1000-features_yr-2016-2022_mn-1-12_lm-False_cm-True_wa-False_summary.feather
    One-hot encoding: True
    Anomaly: True
    Split: 7
    Random state: 146316
    N-splits: 5
    Include climate: False
    Climate vars: None
    Final Val R2:  0.5055 
    Final Test R2: 0.3072
    Total time: 63.19 minutes
    

Finish:
    F1: landsat-c2-l2_bands-r-g-b-nir-swir16-swir22_ZMB_20k-points_1024-features_yr-2009-2021_mn-4-9_lm-True_cm-True_wa-False_summary.feather
    F2: sentinel-2-l2a_bands-2-3-4-8_ZMB_15k-points_1000-features_yr-2016-2022_mn-1-12_lm-False_cm-True_wa-False_summary.feather
    One-hot encoding: True
    Anomaly: True
    Split: 5
    Random state: 256787
    N-splits: 5
    Include climate: False
    Climate vars: None
    Final Val R2:  0.5133 
    Final Test R2: 0.5343
    Total time: 64.58 minutes
    

Finish:
    F1: landsat-c2-l2_bands-r-g-b-nir-swir16-swir22_ZMB_20k-points_1024-features_yr-2009-2021_mn-4-9_lm-True_cm-True_wa-False_summary.feather
    F2: sentinel-2-l2a_bands-2-3-4-8_ZMB_15k-points_1000-features_yr-2016-2022_mn-1-12_lm-False_cm-True_wa-False_summary.feather
    One-hot encoding: True
    Anomaly: True
    Split: 3
    Random state: 777572
    N-splits: 5
    Include climate: False
    Climate vars: None
    Final Val R2:  0.4596 
    Final Test R2: 0.6533
    Total time: 65.99 minutes
    

Finish:
    F1: landsat-c2-l2_bands-r-g-b-nir-swir16-swir22_ZMB_20k-points_1024-features_yr-2009-2021_mn-4-9_lm-True_cm-True_wa-False_summary.feather
    F2: sentinel-2-l2a_bands-2-3-4-8_ZMB_15k-points_1000-features_yr-2016-2022_mn-1-12_lm-False_cm-True_wa-False_summary.feather
    One-hot encoding: True
    Anomaly: True
    Split: 6
    Random state: 234053
    N-splits: 5
    Include climate: False
    Climate vars: None
    Final Val R2:  0.5461 
    Final Test R2: 0.4619
    Total time: 66.11 minutes
    

dict_keys([0.09999999999999999, 1.0, 10.0, 100.0, 1000.0, 10000.0, 100000.0, 1000000.0, 10000000.0, 100000000.0, 1000000000.0])
Best λ: 1000000000.0
Best score: 0.4330542134345265

	Best λ: 1000000000.0
	Val R2: 0.4331


Finish:
    F1: landsat-c2-l2_bands-r-g-b-nir-swir16-swir22_ZMB_20k-points_1024-features_yr-2009-2021_mn-4-9_lm-True_cm-True_wa-False_summary.feather
    F2: sentinel-2-l2a_bands-2-3-4-8_ZMB_15k-points_1000-features_yr-2016-2022_mn-1-12_lm-False_cm-True_wa-False_summary.feather
    One-hot encoding: True
    Anomaly: True
    Split: 2
    Random state: 26225
    N-splits: 5
    Include climate: False
    Climate vars: None
    Final Val R2:  0.5099 
    Final Test R2: 0.6636
    Total time: 107.37 minutes
    

dict_keys([0.09999999999999999, 1.0, 10.0, 100.0, 1000.0, 10000.0, 100000.0, 1000000.0, 10000000.0, 100000000.0, 1000000000.0])
Best λ: 1000000000.0
Best score: 0.5356916057031609

	Best λ: 1000000000.0
	Val R2: 0.5357


Finish:
    F1: landsat-c2-l2_bands-r-g-b-nir-swir16-swir22_ZMB_20k-points_1024-features_yr-2009-2021_mn-4-9_lm-True_cm-True_wa-False_summary.feather
    F2: sentinel-2-l2a_bands-2-3-4-8_ZMB_15k-points_1000-features_yr-2016-2022_mn-1-12_lm-False_cm-True_wa-False_summary.feather
    One-hot encoding: True
    Anomaly: True
    Split: 0
    Random state: 670487
    N-splits: 5
    Include climate: False
    Climate vars: None
    Final Val R2:  0.5743 
    Final Test R2: -0.0049
    Total time: 123.56 minutes
    
Saving results as: 2_sensor_top-mod_10-splits-_2023-05-31_rcf_climate-False_anom-True.csv


Saving results as: 2_sensor_top-mod_oos_predictions_10-splits-_2023-05-31_rcf_climate-False_anom-True.csv


