
Begin with paramters:
    F1: landsat-8-c2-l2_bands-1-2-3-4-5-6-7_ZMB_15k-points_1000-features_yr-2014-2021_mn-1-12_lm-False_cm-True_wa-False_summary.feather
    F2: sentinel-2-l2a_bands-2-3-4_ZMB_4k-points_1000-features_yr-2016-2022_mn-1-12_lm-False_cm-True_wa-False_summary.feather
    One-hot encoding: False
    Anomaly: True
    Split: 0
    Random state: 670487
    N-splits: 5
    Include climate: True
    Climate vars: ndvi
    

Begin with paramters:
    F1: landsat-8-c2-l2_bands-1-2-3-4-5-6-7_ZMB_15k-points_1000-features_yr-2014-2021_mn-1-12_lm-False_cm-True_wa-False_summary.feather
    F2: sentinel-2-l2a_bands-2-3-4_ZMB_4k-points_1000-features_yr-2016-2022_mn-1-12_lm-False_cm-True_wa-False_summary.feather
    One-hot encoding: False
    Anomaly: True
    Split: 1
    Random state: 116739
    N-splits: 5
    Include climate: True
    Climate vars: ndvi
    

Begin with paramters:
    F1: landsat-8-c2-l2_bands-1-2-3-4-5-6-7_ZMB_15k-points_1000-features_yr-2014-2021_mn-1-12_lm-False_cm-True_wa-False_summary.feather
    F2: sentinel-2-l2a_bands-2-3-4_ZMB_4k-points_1000-features_yr-2016-2022_mn-1-12_lm-False_cm-True_wa-False_summary.feather
    One-hot encoding: False
    Anomaly: True
    Split: 2
    Random state: 26225
    N-splits: 5
    Include climate: True
    Climate vars: ndvi
    

Begin with paramters:
    F1: landsat-8-c2-l2_bands-1-2-3-4-5-6-7_ZMB_15k-points_1000-features_yr-2014-2021_mn-1-12_lm-False_cm-True_wa-False_summary.feather
    F2: sentinel-2-l2a_bands-2-3-4_ZMB_4k-points_1000-features_yr-2016-2022_mn-1-12_lm-False_cm-True_wa-False_summary.feather
    One-hot encoding: False
    Anomaly: True
    Split: 3
    Random state: 777572
    N-splits: 5
    Include climate: True
    Climate vars: ndvi
    

Begin with paramters:
    F1: landsat-8-c2-l2_bands-1-2-3-4-5-6-7_ZMB_15k-points_1000-features_yr-2014-2021_mn-1-12_lm-False_cm-True_wa-False_summary.feather
    F2: sentinel-2-l2a_bands-2-3-4_ZMB_4k-points_1000-features_yr-2016-2022_mn-1-12_lm-False_cm-True_wa-False_summary.feather
    One-hot encoding: False
    Anomaly: True
    Split: 4
    Random state: 288389
    N-splits: 5
    Include climate: True
    Climate vars: ndvi
    

Begin with paramters:
    F1: landsat-8-c2-l2_bands-1-2-3-4-5-6-7_ZMB_15k-points_1000-features_yr-2014-2021_mn-1-12_lm-False_cm-True_wa-False_summary.feather
    F2: sentinel-2-l2a_bands-2-3-4_ZMB_4k-points_1000-features_yr-2016-2022_mn-1-12_lm-False_cm-True_wa-False_summary.feather
    One-hot encoding: False
    Anomaly: True
    Split: 5
    Random state: 256787
    N-splits: 5
    Include climate: True
    Climate vars: ndvi
    

Begin with paramters:
    F1: landsat-8-c2-l2_bands-1-2-3-4-5-6-7_ZMB_15k-points_1000-features_yr-2014-2021_mn-1-12_lm-False_cm-True_wa-False_summary.feather
    F2: sentinel-2-l2a_bands-2-3-4_ZMB_4k-points_1000-features_yr-2016-2022_mn-1-12_lm-False_cm-True_wa-False_summary.feather
    One-hot encoding: False
    Anomaly: True
    Split: 6
    Random state: 234053
    N-splits: 5
    Include climate: True
    Climate vars: ndvi
    

Begin with paramters:
    F1: landsat-8-c2-l2_bands-1-2-3-4-5-6-7_ZMB_15k-points_1000-features_yr-2014-2021_mn-1-12_lm-False_cm-True_wa-False_summary.feather
    F2: sentinel-2-l2a_bands-2-3-4_ZMB_4k-points_1000-features_yr-2016-2022_mn-1-12_lm-False_cm-True_wa-False_summary.feather
    One-hot encoding: False
    Anomaly: True
    Split: 8
    Random state: 772246
    N-splits: 5
    Include climate: True
    Climate vars: ndvi
    

Begin with paramters:
    F1: landsat-8-c2-l2_bands-1-2-3-4-5-6-7_ZMB_15k-points_1000-features_yr-2014-2021_mn-1-12_lm-False_cm-True_wa-False_summary.feather
    F2: sentinel-2-l2a_bands-2-3-4_ZMB_4k-points_1000-features_yr-2016-2022_mn-1-12_lm-False_cm-True_wa-False_summary.feather
    One-hot encoding: False
    Anomaly: True
    Split: 7
    Random state: 146316
    N-splits: 5
    Include climate: True
    Climate vars: ndvi
    

Begin with paramters:
    F1: landsat-8-c2-l2_bands-1-2-3-4-5-6-7_ZMB_15k-points_1000-features_yr-2014-2021_mn-1-12_lm-False_cm-True_wa-False_summary.feather
    F2: sentinel-2-l2a_bands-2-3-4_ZMB_4k-points_1000-features_yr-2016-2022_mn-1-12_lm-False_cm-True_wa-False_summary.feather
    One-hot encoding: False
    Anomaly: True
    Split: 9
    Random state: 107473
    N-splits: 5
    Include climate: True
    Climate vars: ndvi
    

Begin with paramters:
    F1: landsat-8-c2-l2_bands-1-2-3-4-5-6-7_ZMB_15k-points_1000-features_yr-2014-2021_mn-1-12_lm-False_cm-True_wa-False_summary.feather
    F2: sentinel-2-l2a_bands-2-3-4_ZMB_4k-points_1000-features_yr-2016-2022_mn-1-12_lm-False_cm-True_wa-False_summary.feather
    One-hot encoding: False
    Anomaly: True
    Split: 0
    Random state: 670487
    N-splits: 5
    Include climate: True
    Climate vars: ndvi_tmp
    

Begin with paramters:
    F1: landsat-8-c2-l2_bands-1-2-3-4-5-6-7_ZMB_15k-points_1000-features_yr-2014-2021_mn-1-12_lm-False_cm-True_wa-False_summary.feather
    F2: sentinel-2-l2a_bands-2-3-4_ZMB_4k-points_1000-features_yr-2016-2022_mn-1-12_lm-False_cm-True_wa-False_summary.feather
    One-hot encoding: False
    Anomaly: True
    Split: 5
    Random state: 256787
    N-splits: 5
    Include climate: True
    Climate vars: ndvi_tmp
    

Begin with paramters:
    F1: landsat-8-c2-l2_bands-1-2-3-4-5-6-7_ZMB_15k-points_1000-features_yr-2014-2021_mn-1-12_lm-False_cm-True_wa-False_summary.feather
    F2: sentinel-2-l2a_bands-2-3-4_ZMB_4k-points_1000-features_yr-2016-2022_mn-1-12_lm-False_cm-True_wa-False_summary.feather
    One-hot encoding: False
    Anomaly: True
    Split: 2
    Random state: 26225
    N-splits: 5
    Include climate: True
    Climate vars: ndvi_tmp
    

Begin with paramters:
    F1: landsat-8-c2-l2_bands-1-2-3-4-5-6-7_ZMB_15k-points_1000-features_yr-2014-2021_mn-1-12_lm-False_cm-True_wa-False_summary.feather
    F2: sentinel-2-l2a_bands-2-3-4_ZMB_4k-points_1000-features_yr-2016-2022_mn-1-12_lm-False_cm-True_wa-False_summary.feather
    One-hot encoding: False
    Anomaly: True
    Split: 7
    Random state: 146316
    N-splits: 5
    Include climate: True
    Climate vars: ndvi_tmp
    

Begin with paramters:
    F1: landsat-8-c2-l2_bands-1-2-3-4-5-6-7_ZMB_15k-points_1000-features_yr-2014-2021_mn-1-12_lm-False_cm-True_wa-False_summary.feather
    F2: sentinel-2-l2a_bands-2-3-4_ZMB_4k-points_1000-features_yr-2016-2022_mn-1-12_lm-False_cm-True_wa-False_summary.feather
    One-hot encoding: False
    Anomaly: True
    Split: 4
    Random state: 288389
    N-splits: 5
    Include climate: True
    Climate vars: ndvi_tmp
    

Begin with paramters:
    F1: landsat-8-c2-l2_bands-1-2-3-4-5-6-7_ZMB_15k-points_1000-features_yr-2014-2021_mn-1-12_lm-False_cm-True_wa-False_summary.feather
    F2: sentinel-2-l2a_bands-2-3-4_ZMB_4k-points_1000-features_yr-2016-2022_mn-1-12_lm-False_cm-True_wa-False_summary.feather
    One-hot encoding: False
    Anomaly: True
    Split: 9
    Random state: 107473
    N-splits: 5
    Include climate: True
    Climate vars: ndvi_tmp
    

Begin with paramters:
    F1: landsat-8-c2-l2_bands-1-2-3-4-5-6-7_ZMB_15k-points_1000-features_yr-2014-2021_mn-1-12_lm-False_cm-True_wa-False_summary.feather
    F2: sentinel-2-l2a_bands-2-3-4_ZMB_4k-points_1000-features_yr-2016-2022_mn-1-12_lm-False_cm-True_wa-False_summary.feather
    One-hot encoding: False
    Anomaly: True
    Split: 1
    Random state: 116739
    N-splits: 5
    Include climate: True
    Climate vars: ndvi_tmp
    

Begin with paramters:
    F1: landsat-8-c2-l2_bands-1-2-3-4-5-6-7_ZMB_15k-points_1000-features_yr-2014-2021_mn-1-12_lm-False_cm-True_wa-False_summary.feather
    F2: sentinel-2-l2a_bands-2-3-4_ZMB_4k-points_1000-features_yr-2016-2022_mn-1-12_lm-False_cm-True_wa-False_summary.feather
    One-hot encoding: False
    Anomaly: True
    Split: 6
    Random state: 234053
    N-splits: 5
    Include climate: True
    Climate vars: ndvi_tmp
    

Begin with paramters:
    F1: landsat-8-c2-l2_bands-1-2-3-4-5-6-7_ZMB_15k-points_1000-features_yr-2014-2021_mn-1-12_lm-False_cm-True_wa-False_summary.feather
    F2: sentinel-2-l2a_bands-2-3-4_ZMB_4k-points_1000-features_yr-2016-2022_mn-1-12_lm-False_cm-True_wa-False_summary.feather
    One-hot encoding: False
    Anomaly: True
    Split: 3
    Random state: 777572
    N-splits: 5
    Include climate: True
    Climate vars: ndvi_tmp
    

Begin with paramters:
    F1: landsat-8-c2-l2_bands-1-2-3-4-5-6-7_ZMB_15k-points_1000-features_yr-2014-2021_mn-1-12_lm-False_cm-True_wa-False_summary.feather
    F2: sentinel-2-l2a_bands-2-3-4_ZMB_4k-points_1000-features_yr-2016-2022_mn-1-12_lm-False_cm-True_wa-False_summary.feather
    One-hot encoding: False
    Anomaly: True
    Split: 8
    Random state: 772246
    N-splits: 5
    Include climate: True
    Climate vars: ndvi_tmp
    
Group indicies [0, 12000, 24000, 24012, 24024]
		  [12000, 24000, 24012, 24024, 24024]

Group indicies [0, 12000, 24000, 24012, 24024]
		  [12000, 24000, 24012, 24024, 24024]

Group indicies [0, 12000, 24000, 24012, 24024]
		  [12000, 24000, 24012, 24024, 24024]

Group indicies [0, 12000, 24000, 24012, 24024]
		  [12000, 24000, 24012, 24024, 24024]

Group indicies [0, 12000, 24000, 24012, 24024]
		  [12000, 24000, 24012, 24024, 24024]

Group indicies [0, 12000, 24000, 24012, 24024]
		  [12000, 24000, 24012, 24024, 24024]

Group indicies [0, 12000, 24000, 24012, 24024]
		  [12000, 24000, 24012, 24024, 24024]

Group indicies [0, 12000, 24000, 24012]
		  [12000, 24000, 24012, 24012]

Group indicies [0, 12000, 24000, 24012]
		  [12000, 24000, 24012, 24012]

Group indicies [0, 12000, 24000, 24012]
		  [12000, 24000, 24012, 24012]

Group indicies [0, 12000, 24000, 24012]
		  [12000, 24000, 24012, 24012]

Group indicies [0, 12000, 24000, 24012]
		  [12000, 24000, 24012, 24012]

Group indicies [0, 12000, 24000, 24012]
		  [12000, 24000, 24012, 24012]

Group indicies [0, 12000, 24000, 24012]
		  [12000, 24000, 24012, 24012]

Group indicies [0, 12000, 24000, 24012, 24024]
		  [12000, 24000, 24012, 24024, 24024]

Group indicies [0, 12000, 24000, 24012, 24024]
		  [12000, 24000, 24012, 24024, 24024]

Group indicies [0, 12000, 24000, 24012, 24024]
		  [12000, 24000, 24012, 24024, 24024]

Group indicies [0, 12000, 24000, 24012]
		  [12000, 24000, 24012, 24012]

Group indicies [0, 12000, 24000, 24012]
		  [12000, 24000, 24012, 24012]

Group indicies [0, 12000, 24000, 24012]
		  [12000, 24000, 24012, 24012]


	Best λ: 1.0
	Val R2: 0.5475


	Best λ: 1.0
	Val R2: 0.5485


	Best λ: 1.0
	Val R2: 0.6677


	Best λ: 10.0
	Val R2: 0.6092


	Best λ: 10.0
	Val R2: 0.6236


	Best λ: 10.0
	Val R2: 0.6162


	Best λ: 10.0
	Val R2: 0.4508


	Best λ: 10.0
	Val R2: 0.6172


	Best λ: 1.0
	Val R2: 0.5475


	Best λ: 10.0
	Val R2: 0.6213


	Best λ: 10.0
	Val R2: 0.6425


	Best λ: 10.0
	Val R2: 0.5968


	Best λ: 10.0
	Val R2: 0.4507


	Best λ: 10.0
	Val R2: 0.6869


	Best λ: 10.0
	Val R2: 0.6850


	Best λ: 1.0
	Val R2: 0.5485


	Best λ: 100.0
	Val R2: 0.6251


	Best λ: 1.0
	Val R2: 0.6669


	Best λ: 1.0
	Val R2: 0.6236


	Best λ: 10.0
	Val R2: 0.6416


	Best λ: 10.0
	Val R2: 0.6092


	Best λ: 1.0
	Val R2: 0.4508


	Best λ: 1.0
	Val R2: 0.6162


	Best λ: 100.0
	Val R2: 0.6232


	Best λ: 1.0
	Val R2: 0.6172


	Best λ: 1.0
	Val R2: 0.6677


	Best λ: 10.0
	Val R2: 0.6103


	Best λ: 1.0
	Val R2: 0.6213


	Best λ: 0.009999999999999998
	Val R2: 0.5620


	Best λ: 10.0
	Val R2: 0.5955


	Best λ: 1.0
	Val R2: 0.6425


	Best λ: 1.0
	Val R2: 0.5968


	Best λ: 1.0
	Val R2: 0.6869


	Best λ: 1.0
	Val R2: 0.4507


	Best λ: 1.0
	Val R2: 0.6850


	Best λ: 1.0
	Val R2: 0.6162


	Best λ: 0.09999999999999999
	Val R2: 0.6264


	Best λ: 1.0
	Val R2: 0.6251


	Best λ: 1.0
	Val R2: 0.6172


	Best λ: 0.09999999999999999
	Val R2: 0.4533


	Best λ: 0.09999999999999999
	Val R2: 0.5620


	Best λ: 0.09999999999999999
	Val R2: 0.6155


	Best λ: 1.0
	Val R2: 0.6232


	Best λ: 0.009999999999999998
	Val R2: 0.5626


	Best λ: 1.0
	Val R2: 0.6416


	Best λ: 1.0
	Val R2: 0.6092


Finish:
    F1: landsat-8-c2-l2_bands-1-2-3-4-5-6-7_ZMB_15k-points_1000-features_yr-2014-2021_mn-1-12_lm-False_cm-True_wa-False_summary.feather
    F2: sentinel-2-l2a_bands-2-3-4_ZMB_4k-points_1000-features_yr-2016-2022_mn-1-12_lm-False_cm-True_wa-False_summary.feather
    One-hot encoding: False
    Anomaly: True
    Split: 8
    Random state: 772246
    N-splits: 5
    Include climate: True
    Climate vars: ndvi
    Final Val R2:  0.5859 
    Final Test R2: 0.7019
    Total time: 56.64 minutes
    

	Best λ: 0.09999999999999999
	Val R2: 0.6246


	Best λ: 1.0
	Val R2: 0.6669


	Best λ: 0.009999999999999998
	Val R2: 0.6834


	Best λ: 0.09999999999999999
	Val R2: 0.6162


	Best λ: 0.09999999999999999
	Val R2: 0.4532


	Best λ: 0.009999999999999998
	Val R2: 0.6585


	Best λ: 0.009999999999999998
	Val R2: 0.6182


	Best λ: 0.009999999999999998
	Val R2: 0.6505


	Best λ: 0.09999999999999999
	Val R2: 0.6196


	Best λ: 0.09999999999999999
	Val R2: 0.4533


	Best λ: 1.0
	Val R2: 0.5955


Finish:
    F1: landsat-8-c2-l2_bands-1-2-3-4-5-6-7_ZMB_15k-points_1000-features_yr-2014-2021_mn-1-12_lm-False_cm-True_wa-False_summary.feather
    F2: sentinel-2-l2a_bands-2-3-4_ZMB_4k-points_1000-features_yr-2016-2022_mn-1-12_lm-False_cm-True_wa-False_summary.feather
    One-hot encoding: False
    Anomaly: True
    Split: 6
    Random state: 234053
    N-splits: 5
    Include climate: True
    Climate vars: ndvi
    Final Val R2:  0.6305 
    Final Test R2: 0.7489
    Total time: 71.97 minutes
    

	Best λ: 0.009999999999999998
	Val R2: 0.6953


	Best λ: 0.09999999999999999
	Val R2: 0.6375


Finish:
    F1: landsat-8-c2-l2_bands-1-2-3-4-5-6-7_ZMB_15k-points_1000-features_yr-2014-2021_mn-1-12_lm-False_cm-True_wa-False_summary.feather
    F2: sentinel-2-l2a_bands-2-3-4_ZMB_4k-points_1000-features_yr-2016-2022_mn-1-12_lm-False_cm-True_wa-False_summary.feather
    One-hot encoding: False
    Anomaly: True
    Split: 4
    Random state: 288389
    N-splits: 5
    Include climate: True
    Climate vars: ndvi
    Final Val R2:  0.5408 
    Final Test R2: 0.7552
    Total time: 75.57 minutes
    

	Best λ: 0.009999999999999998
	Val R2: 0.5756


	Best λ: 0.0009999999999999998
	Val R2: 0.6308


	Best λ: 0.009999999999999998
	Val R2: 0.6937


	Best λ: 0.09999999999999999
	Val R2: 0.6357


	Best λ: 0.09999999999999999
	Val R2: 0.6246


	Best λ: 0.09999999999999999
	Val R2: 0.6196


	Best λ: 0.09999999999999999
	Val R2: 0.6505


Finish:
    F1: landsat-8-c2-l2_bands-1-2-3-4-5-6-7_ZMB_15k-points_1000-features_yr-2014-2021_mn-1-12_lm-False_cm-True_wa-False_summary.feather
    F2: sentinel-2-l2a_bands-2-3-4_ZMB_4k-points_1000-features_yr-2016-2022_mn-1-12_lm-False_cm-True_wa-False_summary.feather
    One-hot encoding: False
    Anomaly: True
    Split: 1
    Random state: 116739
    N-splits: 5
    Include climate: True
    Climate vars: ndvi
    Final Val R2:  0.6287 
    Final Test R2: 0.6962
    Total time: 87.90 minutes
    

	Best λ: 0.09999999999999999
	Val R2: 0.6122


	Best λ: 0.09999999999999999
	Val R2: 0.6600


	Best λ: 0.009999999999999998
	Val R2: 0.6909


Finish:
    F1: landsat-8-c2-l2_bands-1-2-3-4-5-6-7_ZMB_15k-points_1000-features_yr-2014-2021_mn-1-12_lm-False_cm-True_wa-False_summary.feather
    F2: sentinel-2-l2a_bands-2-3-4_ZMB_4k-points_1000-features_yr-2016-2022_mn-1-12_lm-False_cm-True_wa-False_summary.feather
    One-hot encoding: False
    Anomaly: True
    Split: 1
    Random state: 116739
    N-splits: 5
    Include climate: True
    Climate vars: ndvi_tmp
    Final Val R2:  0.6543 
    Final Test R2: 0.6711
    Total time: 92.98 minutes
    

Finish:
    F1: landsat-8-c2-l2_bands-1-2-3-4-5-6-7_ZMB_15k-points_1000-features_yr-2014-2021_mn-1-12_lm-False_cm-True_wa-False_summary.feather
    F2: sentinel-2-l2a_bands-2-3-4_ZMB_4k-points_1000-features_yr-2016-2022_mn-1-12_lm-False_cm-True_wa-False_summary.feather
    One-hot encoding: False
    Anomaly: True
    Split: 3
    Random state: 777572
    N-splits: 5
    Include climate: True
    Climate vars: ndvi_tmp
    Final Val R2:  0.6469 
    Final Test R2: 0.7807
    Total time: 93.00 minutes
    

	Best λ: 0.009999999999999998
	Val R2: 0.6581


	Best λ: 0.09999999999999999
	Val R2: 0.5756


	Best λ: 0.09999999999999999
	Val R2: 0.6308


	Best λ: 0.009999999999999998
	Val R2: 0.7173


	Best λ: 0.009999999999999998
	Val R2: 0.6489


	Best λ: 0.0009999999999999998
	Val R2: 0.6376


Finish:
    F1: landsat-8-c2-l2_bands-1-2-3-4-5-6-7_ZMB_15k-points_1000-features_yr-2014-2021_mn-1-12_lm-False_cm-True_wa-False_summary.feather
    F2: sentinel-2-l2a_bands-2-3-4_ZMB_4k-points_1000-features_yr-2016-2022_mn-1-12_lm-False_cm-True_wa-False_summary.feather
    One-hot encoding: False
    Anomaly: True
    Split: 8
    Random state: 772246
    N-splits: 5
    Include climate: True
    Climate vars: ndvi_tmp
    Final Val R2:  0.6028 
    Final Test R2: 0.7247
    Total time: 105.49 minutes
    

Finish:
    F1: landsat-8-c2-l2_bands-1-2-3-4-5-6-7_ZMB_15k-points_1000-features_yr-2014-2021_mn-1-12_lm-False_cm-True_wa-False_summary.feather
    F2: sentinel-2-l2a_bands-2-3-4_ZMB_4k-points_1000-features_yr-2016-2022_mn-1-12_lm-False_cm-True_wa-False_summary.feather
    One-hot encoding: False
    Anomaly: True
    Split: 6
    Random state: 234053
    N-splits: 5
    Include climate: True
    Climate vars: ndvi_tmp
    Final Val R2:  0.6423 
    Final Test R2: 0.7901
    Total time: 105.54 minutes
    

	Best λ: 0.09999999999999999
	Val R2: 0.6937


	Best λ: 0.09999999999999999
	Val R2: 0.6357


	Best λ: 0.009999999999999998
	Val R2: 0.6830


Finish:
    F1: landsat-8-c2-l2_bands-1-2-3-4-5-6-7_ZMB_15k-points_1000-features_yr-2014-2021_mn-1-12_lm-False_cm-True_wa-False_summary.feather
    F2: sentinel-2-l2a_bands-2-3-4_ZMB_4k-points_1000-features_yr-2016-2022_mn-1-12_lm-False_cm-True_wa-False_summary.feather
    One-hot encoding: False
    Anomaly: True
    Split: 0
    Random state: 670487
    N-splits: 5
    Include climate: True
    Climate vars: ndvi
    Final Val R2:  0.6960 
    Final Test R2: 0.3898
    Total time: 113.66 minutes
    

Finish:
    F1: landsat-8-c2-l2_bands-1-2-3-4-5-6-7_ZMB_15k-points_1000-features_yr-2014-2021_mn-1-12_lm-False_cm-True_wa-False_summary.feather
    F2: sentinel-2-l2a_bands-2-3-4_ZMB_4k-points_1000-features_yr-2016-2022_mn-1-12_lm-False_cm-True_wa-False_summary.feather
    One-hot encoding: False
    Anomaly: True
    Split: 2
    Random state: 26225
    N-splits: 5
    Include climate: True
    Climate vars: ndvi
    Final Val R2:  0.6601 
    Final Test R2: 0.5905
    Total time: 113.69 minutes
    

	Best λ: 0.09999999999999999
	Val R2: 0.6909


	Best λ: 0.09999999999999999
	Val R2: 0.6600


	Best λ: 0.009999999999999998
	Val R2: 0.6172


	Best λ: 0.09999999999999999
	Val R2: 0.6122


Finish:
    F1: landsat-8-c2-l2_bands-1-2-3-4-5-6-7_ZMB_15k-points_1000-features_yr-2014-2021_mn-1-12_lm-False_cm-True_wa-False_summary.feather
    F2: sentinel-2-l2a_bands-2-3-4_ZMB_4k-points_1000-features_yr-2016-2022_mn-1-12_lm-False_cm-True_wa-False_summary.feather
    One-hot encoding: False
    Anomaly: True
    Split: 5
    Random state: 256787
    N-splits: 5
    Include climate: True
    Climate vars: ndvi_tmp
    Final Val R2:  0.6732 
    Final Test R2: 0.7585
    Total time: 123.24 minutes
    

Finish:
    F1: landsat-8-c2-l2_bands-1-2-3-4-5-6-7_ZMB_15k-points_1000-features_yr-2014-2021_mn-1-12_lm-False_cm-True_wa-False_summary.feather
    F2: sentinel-2-l2a_bands-2-3-4_ZMB_4k-points_1000-features_yr-2016-2022_mn-1-12_lm-False_cm-True_wa-False_summary.feather
    One-hot encoding: False
    Anomaly: True
    Split: 9
    Random state: 107473
    N-splits: 5
    Include climate: True
    Climate vars: ndvi_tmp
    Final Val R2:  0.6915 
    Final Test R2: 0.8447
    Total time: 123.29 minutes
    

	Best λ: 0.09999999999999999
	Val R2: 0.6376


	Best λ: 0.09999999999999999
	Val R2: 0.7173


	Best λ: 0.09999999999999999
	Val R2: 0.6489


Finish:
    F1: landsat-8-c2-l2_bands-1-2-3-4-5-6-7_ZMB_15k-points_1000-features_yr-2014-2021_mn-1-12_lm-False_cm-True_wa-False_summary.feather
    F2: sentinel-2-l2a_bands-2-3-4_ZMB_4k-points_1000-features_yr-2016-2022_mn-1-12_lm-False_cm-True_wa-False_summary.feather
    One-hot encoding: False
    Anomaly: True
    Split: 7
    Random state: 146316
    N-splits: 5
    Include climate: True
    Climate vars: ndvi_tmp
    Final Val R2:  0.6549 
    Final Test R2: 0.7143
    Total time: 130.10 minutes
    

	Best λ: 0.09999999999999999
	Val R2: 0.6581


Finish:
    F1: landsat-8-c2-l2_bands-1-2-3-4-5-6-7_ZMB_15k-points_1000-features_yr-2014-2021_mn-1-12_lm-False_cm-True_wa-False_summary.feather
    F2: sentinel-2-l2a_bands-2-3-4_ZMB_4k-points_1000-features_yr-2016-2022_mn-1-12_lm-False_cm-True_wa-False_summary.feather
    One-hot encoding: False
    Anomaly: True
    Split: 3
    Random state: 777572
    N-splits: 5
    Include climate: True
    Climate vars: ndvi
    Final Val R2:  0.6391 
    Final Test R2: 0.8194
    Total time: 133.28 minutes
    

	Best λ: 1000000000.0
	Val R2: 0.4533


Finish:
    F1: landsat-8-c2-l2_bands-1-2-3-4-5-6-7_ZMB_15k-points_1000-features_yr-2014-2021_mn-1-12_lm-False_cm-True_wa-False_summary.feather
    F2: sentinel-2-l2a_bands-2-3-4_ZMB_4k-points_1000-features_yr-2016-2022_mn-1-12_lm-False_cm-True_wa-False_summary.feather
    One-hot encoding: False
    Anomaly: True
    Split: 0
    Random state: 670487
    N-splits: 5
    Include climate: True
    Climate vars: ndvi_tmp
    Final Val R2:  0.7229 
    Final Test R2: 0.3597
    Total time: 135.54 minutes
    

Finish:
    F1: landsat-8-c2-l2_bands-1-2-3-4-5-6-7_ZMB_15k-points_1000-features_yr-2014-2021_mn-1-12_lm-False_cm-True_wa-False_summary.feather
    F2: sentinel-2-l2a_bands-2-3-4_ZMB_4k-points_1000-features_yr-2016-2022_mn-1-12_lm-False_cm-True_wa-False_summary.feather
    One-hot encoding: False
    Anomaly: True
    Split: 2
    Random state: 26225
    N-splits: 5
    Include climate: True
    Climate vars: ndvi_tmp
    Final Val R2:  0.6670 
    Final Test R2: 0.6303
    Total time: 135.53 minutes
    

Finish:
    F1: landsat-8-c2-l2_bands-1-2-3-4-5-6-7_ZMB_15k-points_1000-features_yr-2014-2021_mn-1-12_lm-False_cm-True_wa-False_summary.feather
    F2: sentinel-2-l2a_bands-2-3-4_ZMB_4k-points_1000-features_yr-2016-2022_mn-1-12_lm-False_cm-True_wa-False_summary.feather
    One-hot encoding: False
    Anomaly: True
    Split: 5
    Random state: 256787
    N-splits: 5
    Include climate: True
    Climate vars: ndvi
    Final Val R2:  0.6703 
    Final Test R2: 0.7567
    Total time: 138.63 minutes
    

	Best λ: 0.09999999999999999
	Val R2: 0.4533


Finish:
    F1: landsat-8-c2-l2_bands-1-2-3-4-5-6-7_ZMB_15k-points_1000-features_yr-2014-2021_mn-1-12_lm-False_cm-True_wa-False_summary.feather
    F2: sentinel-2-l2a_bands-2-3-4_ZMB_4k-points_1000-features_yr-2016-2022_mn-1-12_lm-False_cm-True_wa-False_summary.feather
    One-hot encoding: False
    Anomaly: True
    Split: 4
    Random state: 288389
    N-splits: 5
    Include climate: True
    Climate vars: ndvi_tmp
    Final Val R2:  0.5408 
    Final Test R2: 0.7552
    Total time: 153.17 minutes
    

	Best λ: 0.09999999999999999
	Val R2: 0.6830


	Best λ: 0.09999999999999999
	Val R2: 0.6172


Finish:
    F1: landsat-8-c2-l2_bands-1-2-3-4-5-6-7_ZMB_15k-points_1000-features_yr-2014-2021_mn-1-12_lm-False_cm-True_wa-False_summary.feather
    F2: sentinel-2-l2a_bands-2-3-4_ZMB_4k-points_1000-features_yr-2016-2022_mn-1-12_lm-False_cm-True_wa-False_summary.feather
    One-hot encoding: False
    Anomaly: True
    Split: 9
    Random state: 107473
    N-splits: 5
    Include climate: True
    Climate vars: ndvi
    Final Val R2:  0.6833 
    Final Test R2: 0.8414
    Total time: 165.50 minutes
    

Finish:
    F1: landsat-8-c2-l2_bands-1-2-3-4-5-6-7_ZMB_15k-points_1000-features_yr-2014-2021_mn-1-12_lm-False_cm-True_wa-False_summary.feather
    F2: sentinel-2-l2a_bands-2-3-4_ZMB_4k-points_1000-features_yr-2016-2022_mn-1-12_lm-False_cm-True_wa-False_summary.feather
    One-hot encoding: False
    Anomaly: True
    Split: 7
    Random state: 146316
    N-splits: 5
    Include climate: True
    Climate vars: ndvi
    Final Val R2:  0.6350 
    Final Test R2: 0.6887
    Total time: 172.06 minutes
    
Saving results as: 2_sensor_top-mod_10-splits_2023-06-30_rcf_climate-True_anom-True.csv


Saving results as: 2_sensor_top-mod_oos_predictions_10-splits_2023-06-30_rcf_climate-True_anom-True.csv


