
Begin with paramters:
    F1: landsat-8-c2-l2_bands-1-2-3-4-5-6-7_ZMB_20k-points_1000-features_yr-2013-2021_mn-4-9_lm-True_cm-True_wa-True_summary.feather
    F2: sentinel-2-l2a_bands-2-3-4_ZMB_15k-points_1000-features_yr-2016-2022_mn-1-12_lm-False_cm-True_wa-False_summary.feather
    One-hot encoding: True
    Anomaly: False
    Split: 0
    Random state: 670487
    N-splits: 5
    Include climate: False
    Climate vars: rcf
    

Begin with paramters:
    F1: landsat-8-c2-l2_bands-1-2-3-4-5-6-7_ZMB_20k-points_1000-features_yr-2013-2021_mn-4-9_lm-True_cm-True_wa-True_summary.feather
    F2: sentinel-2-l2a_bands-2-3-4_ZMB_15k-points_1000-features_yr-2016-2022_mn-1-12_lm-False_cm-True_wa-False_summary.feather
    One-hot encoding: True
    Anomaly: False
    Split: 1
    Random state: 116739
    N-splits: 5
    Include climate: False
    Climate vars: rcf
    

Begin with paramters:
    F1: landsat-8-c2-l2_bands-1-2-3-4-5-6-7_ZMB_20k-points_1000-features_yr-2013-2021_mn-4-9_lm-True_cm-True_wa-True_summary.feather
    F2: sentinel-2-l2a_bands-2-3-4_ZMB_15k-points_1000-features_yr-2016-2022_mn-1-12_lm-False_cm-True_wa-False_summary.feather
    One-hot encoding: True
    Anomaly: False
    Split: 2
    Random state: 26225
    N-splits: 5
    Include climate: False
    Climate vars: rcf
    

Begin with paramters:
    F1: landsat-8-c2-l2_bands-1-2-3-4-5-6-7_ZMB_20k-points_1000-features_yr-2013-2021_mn-4-9_lm-True_cm-True_wa-True_summary.feather
    F2: sentinel-2-l2a_bands-2-3-4_ZMB_15k-points_1000-features_yr-2016-2022_mn-1-12_lm-False_cm-True_wa-False_summary.feather
    One-hot encoding: True
    Anomaly: False
    Split: 3
    Random state: 777572
    N-splits: 5
    Include climate: False
    Climate vars: rcf
    

Begin with paramters:
    F1: landsat-8-c2-l2_bands-1-2-3-4-5-6-7_ZMB_20k-points_1000-features_yr-2013-2021_mn-4-9_lm-True_cm-True_wa-True_summary.feather
    F2: sentinel-2-l2a_bands-2-3-4_ZMB_15k-points_1000-features_yr-2016-2022_mn-1-12_lm-False_cm-True_wa-False_summary.feather
    One-hot encoding: True
    Anomaly: False
    Split: 6
    Random state: 234053
    N-splits: 5
    Include climate: False
    Climate vars: rcf
    

Begin with paramters:
    F1: landsat-8-c2-l2_bands-1-2-3-4-5-6-7_ZMB_20k-points_1000-features_yr-2013-2021_mn-4-9_lm-True_cm-True_wa-True_summary.feather
    F2: sentinel-2-l2a_bands-2-3-4_ZMB_15k-points_1000-features_yr-2016-2022_mn-1-12_lm-False_cm-True_wa-True_summary.feather
    One-hot encoding: True
    Anomaly: False
    Split: 0
    Random state: 670487
    N-splits: 5
    Include climate: False
    Climate vars: rcf
    

Begin with paramters:
    F1: landsat-8-c2-l2_bands-1-2-3-4-5-6-7_ZMB_20k-points_1000-features_yr-2013-2021_mn-4-9_lm-True_cm-True_wa-True_summary.feather
    F2: sentinel-2-l2a_bands-2-3-4_ZMB_15k-points_1000-features_yr-2016-2022_mn-1-12_lm-False_cm-True_wa-False_summary.feather
    One-hot encoding: True
    Anomaly: False
    Split: 4
    Random state: 288389
    N-splits: 5
    Include climate: False
    Climate vars: rcf
    

Begin with paramters:
    F1: landsat-8-c2-l2_bands-1-2-3-4-5-6-7_ZMB_20k-points_1000-features_yr-2013-2021_mn-4-9_lm-True_cm-True_wa-True_summary.feather
    F2: sentinel-2-l2a_bands-2-3-4_ZMB_15k-points_1000-features_yr-2016-2022_mn-1-12_lm-False_cm-True_wa-False_summary.feather
    One-hot encoding: True
    Anomaly: False
    Split: 5
    Random state: 256787
    N-splits: 5
    Include climate: False
    Climate vars: rcf
    

Begin with paramters:
    F1: landsat-8-c2-l2_bands-1-2-3-4-5-6-7_ZMB_20k-points_1000-features_yr-2013-2021_mn-4-9_lm-True_cm-True_wa-True_summary.feather
    F2: sentinel-2-l2a_bands-2-3-4_ZMB_15k-points_1000-features_yr-2016-2022_mn-1-12_lm-False_cm-True_wa-True_summary.feather
    One-hot encoding: True
    Anomaly: False
    Split: 6
    Random state: 234053
    N-splits: 5
    Include climate: False
    Climate vars: rcf
    

Begin with paramters:
    F1: landsat-8-c2-l2_bands-1-2-3-4-5-6-7_ZMB_20k-points_1000-features_yr-2013-2021_mn-4-9_lm-True_cm-True_wa-True_summary.feather
    F2: sentinel-2-l2a_bands-2-3-4_ZMB_15k-points_1000-features_yr-2016-2022_mn-1-12_lm-False_cm-True_wa-True_summary.feather
    One-hot encoding: True
    Anomaly: False
    Split: 7
    Random state: 146316
    N-splits: 5
    Include climate: False
    Climate vars: rcf
    

Begin with paramters:
    F1: landsat-8-c2-l2_bands-1-2-3-4-5-6-7_ZMB_20k-points_1000-features_yr-2013-2021_mn-4-9_lm-True_cm-True_wa-True_summary.feather
    F2: sentinel-2-l2a_bands-2-3-4_ZMB_15k-points_1000-features_yr-2016-2022_mn-1-12_lm-False_cm-True_wa-True_summary.feather
    One-hot encoding: True
    Anomaly: False
    Split: 9
    Random state: 107473
    N-splits: 5
    Include climate: False
    Climate vars: rcf
    

Begin with paramters:
    F1: landsat-8-c2-l2_bands-1-2-3-4-5-6-7_ZMB_20k-points_1000-features_yr-2013-2021_mn-4-9_lm-True_cm-True_wa-True_summary.feather
    F2: sentinel-2-l2a_bands-2-3-4_ZMB_15k-points_1000-features_yr-2016-2022_mn-1-12_lm-False_cm-True_wa-True_summary.feather
    One-hot encoding: True
    Anomaly: False
    Split: 3
    Random state: 777572
    N-splits: 5
    Include climate: False
    Climate vars: rcf
    

Begin with paramters:
    F1: landsat-8-c2-l2_bands-1-2-3-4-5-6-7_ZMB_20k-points_1000-features_yr-2013-2021_mn-4-9_lm-True_cm-True_wa-True_summary.feather
    F2: sentinel-2-l2a_bands-2-3-4_ZMB_15k-points_1000-features_yr-2016-2022_mn-1-12_lm-False_cm-True_wa-True_summary.feather
    One-hot encoding: True
    Anomaly: False
    Split: 8
    Random state: 772246
    N-splits: 5
    Include climate: False
    Climate vars: rcf
    

Begin with paramters:
    F1: landsat-8-c2-l2_bands-1-2-3-4-5-6-7_ZMB_20k-points_1000-features_yr-2013-2021_mn-4-9_lm-True_cm-True_wa-True_summary.feather
    F2: sentinel-2-l2a_bands-2-3-4_ZMB_15k-points_1000-features_yr-2016-2022_mn-1-12_lm-False_cm-True_wa-True_summary.feather
    One-hot encoding: True
    Anomaly: False
    Split: 5
    Random state: 256787
    N-splits: 5
    Include climate: False
    Climate vars: rcf
    

Begin with paramters:
    F1: landsat-8-c2-l2_bands-1-2-3-4-5-6-7_ZMB_20k-points_1000-features_yr-2013-2021_mn-4-9_lm-True_cm-True_wa-True_summary.feather
    F2: sentinel-2-l2a_bands-2-3-4_ZMB_15k-points_1000-features_yr-2016-2022_mn-1-12_lm-False_cm-True_wa-True_summary.feather
    One-hot encoding: True
    Anomaly: False
    Split: 4
    Random state: 288389
    N-splits: 5
    Include climate: False
    Climate vars: rcf
    

Begin with paramters:
    F1: landsat-8-c2-l2_bands-1-2-3-4-5-6-7_ZMB_20k-points_1000-features_yr-2013-2021_mn-4-9_lm-True_cm-True_wa-True_summary.feather
    F2: sentinel-2-l2a_bands-2-3-4_ZMB_15k-points_1000-features_yr-2016-2022_mn-1-12_lm-False_cm-True_wa-True_summary.feather
    One-hot encoding: True
    Anomaly: False
    Split: 1
    Random state: 116739
    N-splits: 5
    Include climate: False
    Climate vars: rcf
    

Begin with paramters:
    F1: landsat-8-c2-l2_bands-1-2-3-4-5-6-7_ZMB_20k-points_1000-features_yr-2013-2021_mn-4-9_lm-True_cm-True_wa-True_summary.feather
    F2: sentinel-2-l2a_bands-2-3-4_ZMB_15k-points_1000-features_yr-2016-2022_mn-1-12_lm-False_cm-True_wa-True_summary.feather
    One-hot encoding: True
    Anomaly: False
    Split: 2
    Random state: 26225
    N-splits: 5
    Include climate: False
    Climate vars: rcf
    

Begin with paramters:
    F1: landsat-8-c2-l2_bands-1-2-3-4-5-6-7_ZMB_20k-points_1000-features_yr-2013-2021_mn-4-9_lm-True_cm-True_wa-True_summary.feather
    F2: sentinel-2-l2a_bands-2-3-4_ZMB_20k-points_1000-features_yr-2016-2022_mn-1-12_lm-False_cm-True_wa-False_summary.feather
    One-hot encoding: True
    Anomaly: False
    Split: 0
    Random state: 670487
    N-splits: 5
    Include climate: False
    Climate vars: rcf
    

Begin with paramters:
    F1: landsat-8-c2-l2_bands-1-2-3-4-5-6-7_ZMB_20k-points_1000-features_yr-2013-2021_mn-4-9_lm-True_cm-True_wa-True_summary.feather
    F2: sentinel-2-l2a_bands-2-3-4_ZMB_20k-points_1000-features_yr-2016-2022_mn-1-12_lm-False_cm-True_wa-False_summary.feather
    One-hot encoding: True
    Anomaly: False
    Split: 2
    Random state: 26225
    N-splits: 5
    Include climate: False
    Climate vars: rcf
    

Begin with paramters:
    F1: landsat-8-c2-l2_bands-1-2-3-4-5-6-7_ZMB_20k-points_1000-features_yr-2013-2021_mn-4-9_lm-True_cm-True_wa-True_summary.feather
    F2: sentinel-2-l2a_bands-2-3-4_ZMB_20k-points_1000-features_yr-2016-2022_mn-1-12_lm-False_cm-True_wa-False_summary.feather
    One-hot encoding: True
    Anomaly: False
    Split: 3
    Random state: 777572
    N-splits: 5
    Include climate: False
    Climate vars: rcf
    

Begin with paramters:
    F1: landsat-8-c2-l2_bands-1-2-3-4-5-6-7_ZMB_20k-points_1000-features_yr-2013-2021_mn-4-9_lm-True_cm-True_wa-True_summary.feather
    F2: sentinel-2-l2a_bands-2-3-4_ZMB_20k-points_1000-features_yr-2016-2022_mn-1-12_lm-False_cm-True_wa-False_summary.feather
    One-hot encoding: True
    Anomaly: False
    Split: 4
    Random state: 288389
    N-splits: 5
    Include climate: False
    Climate vars: rcf
    

Begin with paramters:
    F1: landsat-8-c2-l2_bands-1-2-3-4-5-6-7_ZMB_20k-points_1000-features_yr-2013-2021_mn-4-9_lm-True_cm-True_wa-True_summary.feather
    F2: sentinel-2-l2a_bands-2-3-4_ZMB_20k-points_1000-features_yr-2016-2022_mn-1-12_lm-False_cm-True_wa-False_summary.feather
    One-hot encoding: True
    Anomaly: False
    Split: 5
    Random state: 256787
    N-splits: 5
    Include climate: False
    Climate vars: rcf
    

Begin with paramters:
    F1: landsat-8-c2-l2_bands-1-2-3-4-5-6-7_ZMB_20k-points_1000-features_yr-2013-2021_mn-4-9_lm-True_cm-True_wa-True_summary.feather
    F2: sentinel-2-l2a_bands-2-3-4_ZMB_20k-points_1000-features_yr-2016-2022_mn-1-12_lm-False_cm-True_wa-False_summary.feather
    One-hot encoding: True
    Anomaly: False
    Split: 6
    Random state: 234053
    N-splits: 5
    Include climate: False
    Climate vars: rcf
    

Begin with paramters:
    F1: landsat-8-c2-l2_bands-1-2-3-4-5-6-7_ZMB_20k-points_1000-features_yr-2013-2021_mn-4-9_lm-True_cm-True_wa-True_summary.feather
    F2: sentinel-2-l2a_bands-2-3-4_ZMB_20k-points_1000-features_yr-2016-2022_mn-1-12_lm-False_cm-True_wa-False_summary.feather
    One-hot encoding: True
    Anomaly: False
    Split: 7
    Random state: 146316
    N-splits: 5
    Include climate: False
    Climate vars: rcf
    

Begin with paramters:
    F1: landsat-8-c2-l2_bands-1-2-3-4-5-6-7_ZMB_20k-points_1000-features_yr-2013-2021_mn-4-9_lm-True_cm-True_wa-True_summary.feather
    F2: sentinel-2-l2a_bands-2-3-4_ZMB_20k-points_1000-features_yr-2016-2022_mn-1-12_lm-False_cm-True_wa-False_summary.feather
    One-hot encoding: True
    Anomaly: False
    Split: 1
    Random state: 116739
    N-splits: 5
    Include climate: False
    Climate vars: rcf
    

Begin with paramters:
    F1: landsat-8-c2-l2_bands-1-2-3-4-5-6-7_ZMB_20k-points_1000-features_yr-2013-2021_mn-4-9_lm-True_cm-True_wa-True_summary.feather
    F2: sentinel-2-l2a_bands-2-3-4_ZMB_20k-points_1000-features_yr-2016-2022_mn-1-12_lm-False_cm-True_wa-True_summary.feather
    One-hot encoding: True
    Anomaly: False
    Split: 4
    Random state: 288389
    N-splits: 5
    Include climate: False
    Climate vars: rcf
    

Begin with paramters:
    F1: landsat-8-c2-l2_bands-1-2-3-4-5-6-7_ZMB_20k-points_1000-features_yr-2013-2021_mn-4-9_lm-True_cm-True_wa-True_summary.feather
    F2: sentinel-2-l2a_bands-2-3-4_ZMB_20k-points_1000-features_yr-2016-2022_mn-1-12_lm-False_cm-True_wa-False_summary.feather
    One-hot encoding: True
    Anomaly: False
    Split: 8
    Random state: 772246
    N-splits: 5
    Include climate: False
    Climate vars: rcf
    

Begin with paramters:
    F1: landsat-8-c2-l2_bands-1-2-3-4-5-6-7_ZMB_20k-points_1000-features_yr-2013-2021_mn-4-9_lm-True_cm-True_wa-True_summary.feather
    F2: sentinel-2-l2a_bands-2-3-4_ZMB_20k-points_1000-features_yr-2016-2022_mn-1-12_lm-False_cm-True_wa-True_summary.feather
    One-hot encoding: True
    Anomaly: False
    Split: 6
    Random state: 234053
    N-splits: 5
    Include climate: False
    Climate vars: rcf
    

Begin with paramters:
    F1: landsat-8-c2-l2_bands-1-2-3-4-5-6-7_ZMB_20k-points_1000-features_yr-2013-2021_mn-4-9_lm-True_cm-True_wa-True_summary.feather
    F2: sentinel-2-l2a_bands-2-3-4_ZMB_20k-points_1000-features_yr-2016-2022_mn-1-12_lm-False_cm-True_wa-True_summary.feather
    One-hot encoding: True
    Anomaly: False
    Split: 0
    Random state: 670487
    N-splits: 5
    Include climate: False
    Climate vars: rcf
    

Begin with paramters:
    F1: landsat-8-c2-l2_bands-1-2-3-4-5-6-7_ZMB_20k-points_1000-features_yr-2013-2021_mn-4-9_lm-True_cm-True_wa-True_summary.feather
    F2: sentinel-2-l2a_bands-2-3-4_ZMB_20k-points_1000-features_yr-2016-2022_mn-1-12_lm-False_cm-True_wa-True_summary.feather
    One-hot encoding: True
    Anomaly: False
    Split: 8
    Random state: 772246
    N-splits: 5
    Include climate: False
    Climate vars: rcf
    

Begin with paramters:
    F1: landsat-8-c2-l2_bands-1-2-3-4-5-6-7_ZMB_20k-points_1000-features_yr-2013-2021_mn-4-9_lm-True_cm-True_wa-True_summary.feather
    F2: sentinel-2-l2a_bands-2-3-4_ZMB_20k-points_1000-features_yr-2016-2022_mn-1-12_lm-False_cm-True_wa-True_summary.feather
    One-hot encoding: True
    Anomaly: False
    Split: 2
    Random state: 26225
    N-splits: 5
    Include climate: False
    Climate vars: rcf
    

Begin with paramters:
    F1: landsat-8-c2-l2_bands-1-2-3-4-5-6-7_ZMB_20k-points_1000-features_yr-2013-2021_mn-4-9_lm-True_cm-True_wa-True_summary.feather
    F2: sentinel-2-l2a_bands-2-3-4_ZMB_20k-points_1000-features_yr-2016-2022_mn-1-12_lm-False_cm-True_wa-True_summary.feather
    One-hot encoding: True
    Anomaly: False
    Split: 7
    Random state: 146316
    N-splits: 5
    Include climate: False
    Climate vars: rcf
    

Begin with paramters:
    F1: landsat-8-c2-l2_bands-1-2-3-4-5-6-7_ZMB_20k-points_1000-features_yr-2013-2021_mn-4-9_lm-True_cm-True_wa-True_summary.feather
    F2: sentinel-2-l2a_bands-2-3-4_ZMB_20k-points_1000-features_yr-2016-2022_mn-1-12_lm-False_cm-True_wa-True_summary.feather
    One-hot encoding: True
    Anomaly: False
    Split: 3
    Random state: 777572
    N-splits: 5
    Include climate: False
    Climate vars: rcf
    

Begin with paramters:
    F1: landsat-8-c2-l2_bands-1-2-3-4-5-6-7_ZMB_20k-points_1000-features_yr-2013-2021_mn-4-9_lm-True_cm-True_wa-True_summary.feather
    F2: sentinel-2-l2a_bands-2-3-4_ZMB_20k-points_1000-features_yr-2016-2022_mn-1-12_lm-False_cm-True_wa-True_summary.feather
    One-hot encoding: True
    Anomaly: False
    Split: 9
    Random state: 107473
    N-splits: 5
    Include climate: False
    Climate vars: rcf
    

Begin with paramters:
    F1: landsat-8-c2-l2_bands-1-2-3-4-5-6-7_ZMB_20k-points_1000-features_yr-2013-2021_mn-4-9_lm-True_cm-True_wa-True_summary.feather
    F2: sentinel-2-l2a_bands-2-3-4_ZMB_20k-points_1000-features_yr-2016-2022_mn-1-12_lm-False_cm-True_wa-False_summary.feather
    One-hot encoding: True
    Anomaly: False
    Split: 9
    Random state: 107473
    N-splits: 5
    Include climate: False
    Climate vars: rcf
    

Begin with paramters:
    F1: landsat-8-c2-l2_bands-1-2-3-4-5-6-7_ZMB_20k-points_1000-features_yr-2013-2021_mn-4-9_lm-True_cm-True_wa-True_summary.feather
    F2: sentinel-2-l2a_bands-2-3-4_ZMB_4k-points_1000-features_yr-2016-2022_mn-1-12_lm-False_cm-True_wa-False_summary.feather
    One-hot encoding: True
    Anomaly: False
    Split: 0
    Random state: 670487
    N-splits: 5
    Include climate: False
    Climate vars: rcf
    

Begin with paramters:
    F1: landsat-8-c2-l2_bands-1-2-3-4-5-6-7_ZMB_20k-points_1000-features_yr-2013-2021_mn-4-9_lm-True_cm-True_wa-True_summary.feather
    F2: sentinel-2-l2a_bands-2-3-4_ZMB_20k-points_1000-features_yr-2016-2022_mn-1-12_lm-False_cm-True_wa-True_summary.feather
    One-hot encoding: True
    Anomaly: False
    Split: 5
    Random state: 256787
    N-splits: 5
    Include climate: False
    Climate vars: rcf
    

Begin with paramters:
    F1: landsat-8-c2-l2_bands-1-2-3-4-5-6-7_ZMB_20k-points_1000-features_yr-2013-2021_mn-4-9_lm-True_cm-True_wa-True_summary.feather
    F2: sentinel-2-l2a_bands-2-3-4_ZMB_4k-points_1000-features_yr-2016-2022_mn-1-12_lm-False_cm-True_wa-False_summary.feather
    One-hot encoding: True
    Anomaly: False
    Split: 1
    Random state: 116739
    N-splits: 5
    Include climate: False
    Climate vars: rcf
    

Begin with paramters:
    F1: landsat-8-c2-l2_bands-1-2-3-4-5-6-7_ZMB_20k-points_1000-features_yr-2013-2021_mn-4-9_lm-True_cm-True_wa-True_summary.feather
    F2: sentinel-2-l2a_bands-2-3-4_ZMB_4k-points_1000-features_yr-2016-2022_mn-1-12_lm-False_cm-True_wa-False_summary.feather
    One-hot encoding: True
    Anomaly: False
    Split: 2
    Random state: 26225
    N-splits: 5
    Include climate: False
    Climate vars: rcf
    

Begin with paramters:
    F1: landsat-8-c2-l2_bands-1-2-3-4-5-6-7_ZMB_20k-points_1000-features_yr-2013-2021_mn-4-9_lm-True_cm-True_wa-True_summary.feather
    F2: sentinel-2-l2a_bands-2-3-4_ZMB_4k-points_1000-features_yr-2016-2022_mn-1-12_lm-False_cm-True_wa-False_summary.feather
    One-hot encoding: True
    Anomaly: False
    Split: 3
    Random state: 777572
    N-splits: 5
    Include climate: False
    Climate vars: rcf
    

Begin with paramters:
    F1: landsat-8-c2-l2_bands-1-2-3-4-5-6-7_ZMB_20k-points_1000-features_yr-2013-2021_mn-4-9_lm-True_cm-True_wa-True_summary.feather
    F2: sentinel-2-l2a_bands-2-3-4_ZMB_4k-points_1000-features_yr-2016-2022_mn-1-12_lm-False_cm-True_wa-False_summary.feather
    One-hot encoding: True
    Anomaly: False
    Split: 4
    Random state: 288389
    N-splits: 5
    Include climate: False
    Climate vars: rcf
    

Begin with paramters:
    F1: landsat-8-c2-l2_bands-1-2-3-4-5-6-7_ZMB_20k-points_1000-features_yr-2013-2021_mn-4-9_lm-True_cm-True_wa-True_summary.feather
    F2: sentinel-2-l2a_bands-2-3-4_ZMB_4k-points_1000-features_yr-2016-2022_mn-1-12_lm-False_cm-True_wa-False_summary.feather
    One-hot encoding: True
    Anomaly: False
    Split: 5
    Random state: 256787
    N-splits: 5
    Include climate: False
    Climate vars: rcf
    

Begin with paramters:
    F1: landsat-8-c2-l2_bands-1-2-3-4-5-6-7_ZMB_20k-points_1000-features_yr-2013-2021_mn-4-9_lm-True_cm-True_wa-True_summary.feather
    F2: sentinel-2-l2a_bands-2-3-4_ZMB_4k-points_1000-features_yr-2016-2022_mn-1-12_lm-False_cm-True_wa-False_summary.feather
    One-hot encoding: True
    Anomaly: False
    Split: 6
    Random state: 234053
    N-splits: 5
    Include climate: False
    Climate vars: rcf
    

Begin with paramters:
    F1: landsat-8-c2-l2_bands-1-2-3-4-5-6-7_ZMB_20k-points_1000-features_yr-2013-2021_mn-4-9_lm-True_cm-True_wa-True_summary.feather
    F2: sentinel-2-l2a_bands-2-3-4_ZMB_4k-points_1000-features_yr-2016-2022_mn-1-12_lm-False_cm-True_wa-False_summary.feather
    One-hot encoding: True
    Anomaly: False
    Split: 7
    Random state: 146316
    N-splits: 5
    Include climate: False
    Climate vars: rcf
    

Begin with paramters:
    F1: landsat-8-c2-l2_bands-1-2-3-4-5-6-7_ZMB_20k-points_1000-features_yr-2013-2021_mn-4-9_lm-True_cm-True_wa-True_summary.feather
    F2: sentinel-2-l2a_bands-2-3-4_ZMB_4k-points_1000-features_yr-2016-2022_mn-1-12_lm-False_cm-True_wa-False_summary.feather
    One-hot encoding: True
    Anomaly: False
    Split: 8
    Random state: 772246
    N-splits: 5
    Include climate: False
    Climate vars: rcf
    

Begin with paramters:
    F1: landsat-8-c2-l2_bands-1-2-3-4-5-6-7_ZMB_20k-points_1000-features_yr-2013-2021_mn-4-9_lm-True_cm-True_wa-True_summary.feather
    F2: sentinel-2-l2a_bands-2-3-4_ZMB_4k-points_1000-features_yr-2016-2022_mn-1-12_lm-False_cm-True_wa-True_summary.feather
    One-hot encoding: True
    Anomaly: False
    Split: 4
    Random state: 288389
    N-splits: 5
    Include climate: False
    Climate vars: rcf
    

Begin with paramters:
    F1: landsat-8-c2-l2_bands-1-2-3-4-5-6-7_ZMB_20k-points_1000-features_yr-2013-2021_mn-4-9_lm-True_cm-True_wa-True_summary.feather
    F2: sentinel-2-l2a_bands-2-3-4_ZMB_4k-points_1000-features_yr-2016-2022_mn-1-12_lm-False_cm-True_wa-True_summary.feather
    One-hot encoding: True
    Anomaly: False
    Split: 5
    Random state: 256787
    N-splits: 5
    Include climate: False
    Climate vars: rcf
    

Begin with paramters:
    F1: landsat-8-c2-l2_bands-1-2-3-4-5-6-7_ZMB_20k-points_1000-features_yr-2013-2021_mn-4-9_lm-True_cm-True_wa-True_summary.feather
    F2: sentinel-2-l2a_bands-2-3-4_ZMB_4k-points_1000-features_yr-2016-2022_mn-1-12_lm-False_cm-True_wa-True_summary.feather
    One-hot encoding: True
    Anomaly: False
    Split: 6
    Random state: 234053
    N-splits: 5
    Include climate: False
    Climate vars: rcf
    

Begin with paramters:
    F1: landsat-8-c2-l2_bands-1-2-3-4-5-6-7_ZMB_20k-points_1000-features_yr-2013-2021_mn-4-9_lm-True_cm-True_wa-True_summary.feather
    F2: sentinel-2-l2a_bands-2-3-4_ZMB_4k-points_1000-features_yr-2016-2022_mn-1-12_lm-False_cm-True_wa-True_summary.feather
    One-hot encoding: True
    Anomaly: False
    Split: 0
    Random state: 670487
    N-splits: 5
    Include climate: False
    Climate vars: rcf
    

Begin with paramters:
    F1: landsat-8-c2-l2_bands-1-2-3-4-5-6-7_ZMB_20k-points_1000-features_yr-2013-2021_mn-4-9_lm-True_cm-True_wa-True_summary.feather
    F2: sentinel-2-l2a_bands-2-3-4_ZMB_4k-points_1000-features_yr-2016-2022_mn-1-12_lm-False_cm-True_wa-False_summary.feather
    One-hot encoding: True
    Anomaly: False
    Split: 9
    Random state: 107473
    N-splits: 5
    Include climate: False
    Climate vars: rcf
    

Begin with paramters:
    F1: landsat-8-c2-l2_bands-1-2-3-4-5-6-7_ZMB_20k-points_1000-features_yr-2013-2021_mn-4-9_lm-True_cm-True_wa-True_summary.feather
    F2: sentinel-2-l2a_bands-2-3-4_ZMB_4k-points_1000-features_yr-2016-2022_mn-1-12_lm-False_cm-True_wa-True_summary.feather
    One-hot encoding: True
    Anomaly: False
    Split: 1
    Random state: 116739
    N-splits: 5
    Include climate: False
    Climate vars: rcf
    

Begin with paramters:
    F1: landsat-8-c2-l2_bands-1-2-3-4-5-6-7_ZMB_20k-points_1000-features_yr-2013-2021_mn-4-9_lm-True_cm-True_wa-True_summary.feather
    F2: sentinel-2-l2a_bands-2-3-4_ZMB_4k-points_1000-features_yr-2016-2022_mn-1-12_lm-False_cm-True_wa-True_summary.feather
    One-hot encoding: True
    Anomaly: False
    Split: 3
    Random state: 777572
    N-splits: 5
    Include climate: False
    Climate vars: rcf
    

Begin with paramters:
    F1: landsat-8-c2-l2_bands-1-2-3-4-5-6-7_ZMB_20k-points_1000-features_yr-2013-2021_mn-4-9_lm-True_cm-True_wa-True_summary.feather
    F2: sentinel-2-l2a_bands-2-3-4_ZMB_4k-points_1000-features_yr-2016-2022_mn-1-12_lm-False_cm-True_wa-True_summary.feather
    One-hot encoding: True
    Anomaly: False
    Split: 7
    Random state: 146316
    N-splits: 5
    Include climate: False
    Climate vars: rcf
    

Begin with paramters:
    F1: landsat-8-c2-l2_bands-1-2-3-4-5-6-7_ZMB_20k-points_1000-features_yr-2013-2021_mn-4-9_lm-True_cm-True_wa-True_summary.feather
    F2: sentinel-2-l2a_bands-2-3-4_ZMB_4k-points_1000-features_yr-2016-2022_mn-1-12_lm-False_cm-True_wa-True_summary.feather
    One-hot encoding: True
    Anomaly: False
    Split: 8
    Random state: 772246
    N-splits: 5
    Include climate: False
    Climate vars: rcf
    

Begin with paramters:
    F1: landsat-8-c2-l2_bands-1-2-3-4-5-6-7_ZMB_20k-points_1000-features_yr-2013-2021_mn-4-9_lm-True_cm-True_wa-True_summary.feather
    F2: sentinel-2-l2a_bands-2-3-4_ZMB_4k-points_1000-features_yr-2016-2022_mn-1-12_lm-False_cm-True_wa-True_summary.feather
    One-hot encoding: True
    Anomaly: False
    Split: 9
    Random state: 107473
    N-splits: 5
    Include climate: False
    Climate vars: rcf
    

Begin with paramters:
    F1: landsat-8-c2-l2_bands-1-2-3-4-5-6-7_ZMB_20k-points_1000-features_yr-2013-2021_mn-4-9_lm-True_cm-True_wa-True_summary.feather
    F2: sentinel-2-l2a_bands-2-3-4_ZMB_15k-points_1000-features_yr-2016-2022_mn-1-12_lm-False_cm-True_wa-False_summary.feather
    One-hot encoding: True
    Anomaly: False
    Split: 7
    Random state: 146316
    N-splits: 5
    Include climate: False
    Climate vars: rcf
    

Begin with paramters:
    F1: landsat-8-c2-l2_bands-1-2-3-4-5-6-7_ZMB_20k-points_1000-features_yr-2013-2021_mn-4-9_lm-True_cm-True_wa-True_summary.feather
    F2: sentinel-2-l2a_bands-2-3-4_ZMB_15k-points_1000-features_yr-2016-2022_mn-1-12_lm-False_cm-True_wa-False_summary.feather
    One-hot encoding: True
    Anomaly: False
    Split: 8
    Random state: 772246
    N-splits: 5
    Include climate: False
    Climate vars: rcf
    

Begin with paramters:
    F1: landsat-8-c2-l2_bands-1-2-3-4-5-6-7_ZMB_20k-points_1000-features_yr-2013-2021_mn-4-9_lm-True_cm-True_wa-True_summary.feather
    F2: sentinel-2-l2a_bands-2-3-4_ZMB_15k-points_1000-features_yr-2016-2022_mn-1-12_lm-False_cm-True_wa-False_summary.feather
    One-hot encoding: True
    Anomaly: False
    Split: 9
    Random state: 107473
    N-splits: 5
    Include climate: False
    Climate vars: rcf
    

Begin with paramters:
    F1: landsat-8-c2-l2_bands-1-2-3-4-5-6-7_ZMB_20k-points_1000-features_yr-2013-2021_mn-4-9_lm-True_cm-True_wa-True_summary.feather
    F2: sentinel-2-l2a_bands-2-3-4_ZMB_20k-points_1000-features_yr-2016-2022_mn-1-12_lm-False_cm-True_wa-True_summary.feather
    One-hot encoding: True
    Anomaly: False
    Split: 1
    Random state: 116739
    N-splits: 5
    Include climate: False
    Climate vars: rcf
    

Begin with paramters:
    F1: landsat-8-c2-l2_bands-1-2-3-4-5-6-7_ZMB_20k-points_1000-features_yr-2013-2021_mn-4-9_lm-True_cm-True_wa-True_summary.feather
    F2: sentinel-2-l2a_bands-2-3-4_ZMB_4k-points_1000-features_yr-2016-2022_mn-1-12_lm-False_cm-True_wa-True_summary.feather
    One-hot encoding: True
    Anomaly: False
    Split: 2
    Random state: 26225
    N-splits: 5
    Include climate: False
    Climate vars: rcf
    
Group indicies [0, 6000, 18000]
		  [6000, 18000, 18071]

Group indicies [0, 6000, 18000]
		  [6000, 18000, 18071]

Group indicies [0, 6000, 18000]
		  [6000, 18000, 18071]

Group indicies [0, 6000, 18000]
		  [6000, 18000, 18070]

Group indicies [0, 6000, 18000]
		  [6000, 18000, 18070]

Group indicies [0, 6000, 18000]
		  [6000, 18000, 18070]

Group indicies [0, 6000, 18000]
		  [6000, 18000, 18070]

Group indicies [0, 6000, 18000]
		  [6000, 18000, 18070]

Group indicies [0, 6000, 18000]
		  [6000, 18000, 18070]

Group indicies [0, 6000, 18000]
		  [6000, 18000, 18070]

Group indicies [0, 6000, 18000]
		  [6000, 18000, 18070]

Group indicies [0, 6000, 18000]
		  [6000, 18000, 18070]

Group indicies [0, 6000, 18000]
		  [6000, 18000, 18070]

Group indicies [0, 6000, 18000]
		  [6000, 18000, 18070]

Group indicies [0, 6000, 18000]
		  [6000, 18000, 18071]

Group indicies [0, 6000, 18000]
		  [6000, 18000, 18071]

Group indicies [0, 6000, 18000]
		  [6000, 18000, 18070]

Group indicies [0, 6000, 18000]
		  [6000, 18000, 18071]

Group indicies [0, 6000, 18000]
		  [6000, 18000, 18070]

Group indicies [0, 6000, 18000]
		  [6000, 18000, 18071]

Group indicies [0, 6000, 18000]
		  [6000, 18000, 18070]

Group indicies [0, 6000, 18000]
		  [6000, 18000, 18071]

Group indicies [0, 6000, 18000]
		  [6000, 18000, 18071]

Group indicies [0, 6000, 18000]
		  [6000, 18000, 18070]

Group indicies [0, 6000, 18000]
		  [6000, 18000, 18071]

Group indicies [0, 6000, 18000]
		  [6000, 18000, 18071]

Group indicies [0, 6000, 18000]
		  [6000, 18000, 18071]

Group indicies [0, 6000, 18000]
		  [6000, 18000, 18070]

Group indicies [0, 6000, 18000]
		  [6000, 18000, 18070]

Group indicies [0, 6000, 18000]
		  [6000, 18000, 18071]

Group indicies [0, 6000, 18000]
		  [6000, 18000, 18070]

Group indicies [0, 6000, 18000]
		  [6000, 18000, 18070]

Group indicies [0, 6000, 18000]
		  [6000, 18000, 18070]

Group indicies [0, 6000, 18000]
		  [6000, 18000, 18070]

Group indicies [0, 6000, 18000]
		  [6000, 18000, 18070]

Group indicies [0, 6000, 18000]
		  [6000, 18000, 18070]

Group indicies [0, 6000, 18000]
		  [6000, 18000, 18070]

Group indicies [0, 6000, 18000]
		  [6000, 18000, 18070]

Group indicies [0, 6000, 18000]
		  [6000, 18000, 18070]

Group indicies [0, 6000, 18000]
		  [6000, 18000, 18070]

Group indicies [0, 6000, 18000]
		  [6000, 18000, 18070]

Group indicies [0, 6000, 18000]
		  [6000, 18000, 18070]

Group indicies [0, 6000, 18000]
		  [6000, 18000, 18071]

Group indicies [0, 6000, 18000]
		  [6000, 18000, 18070]

Group indicies [0, 6000, 18000]
		  [6000, 18000, 18071]

Group indicies [0, 6000, 18000]
		  [6000, 18000, 18070]

Group indicies [0, 6000, 18000]
		  [6000, 18000, 18070]

Group indicies [0, 6000, 18000]
		  [6000, 18000, 18070]

Group indicies [0, 6000, 18000]
		  [6000, 18000, 18070]

Group indicies [0, 6000, 18000]
		  [6000, 18000, 18070]

Group indicies [0, 6000, 18000]
		  [6000, 18000, 18070]

Group indicies [0, 6000, 18000]
		  [6000, 18000, 18070]

Group indicies [0, 6000, 18000]
		  [6000, 18000, 18070]

Group indicies [0, 6000, 18000]
		  [6000, 18000, 18071]

Group indicies [0, 6000, 18000]
		  [6000, 18000, 18070]

Group indicies [0, 6000, 18000]
		  [6000, 18000, 18071]

Group indicies [0, 6000, 18000]
		  [6000, 18000, 18071]

Group indicies [0, 6000, 18000]
		  [6000, 18000, 18071]

Group indicies [0, 6000, 18000]
		  [6000, 18000, 18071]

Group indicies [0, 6000, 18000]
		  [6000, 18000, 18070]


	Best λ: 10.0
	Val R2: 0.6674


	Best λ: 10.0
	Val R2: 0.7161


	Best λ: 10.0
	Val R2: 0.6457


	Best λ: 10.0
	Val R2: 0.6929


	Best λ: 1.0
	Val R2: 0.6686


	Best λ: 1.0
	Val R2: 0.6731


	Best λ: 10.0
	Val R2: 0.5155


	Best λ: 10.0
	Val R2: 0.6320


	Best λ: 10.0
	Val R2: 0.6155


	Best λ: 10.0
	Val R2: 0.6197


	Best λ: 10.0
	Val R2: 0.6004


	Best λ: 10.0
	Val R2: 0.6075


	Best λ: 10.0
	Val R2: 0.6164


	Best λ: 10.0
	Val R2: 0.5290


	Best λ: 10.0
	Val R2: 0.6254


	Best λ: 10.0
	Val R2: 0.6382


	Best λ: 10.0
	Val R2: 0.6710


	Best λ: 10.0
	Val R2: 0.6038


	Best λ: 10.0
	Val R2: 0.6446


	Best λ: 10.0
	Val R2: 0.5517


	Best λ: 10.0
	Val R2: 0.5953


	Best λ: 10.0
	Val R2: 0.6146


	Best λ: 10.0
	Val R2: 0.6304


	Best λ: 10.0
	Val R2: 0.6582


	Best λ: 10.0
	Val R2: 0.6360


	Best λ: 10.0
	Val R2: 0.5919


	Best λ: 10.0
	Val R2: 0.6190


	Best λ: 10.0
	Val R2: 0.6115


	Best λ: 10.0
	Val R2: 0.6104


	Best λ: 10.0
	Val R2: 0.6657


	Best λ: 100.0
	Val R2: 0.6971


	Best λ: 100.0
	Val R2: 0.6860


	Best λ: 100.0
	Val R2: 0.6294


	Best λ: 100.0
	Val R2: 0.5850


	Best λ: 10.0
	Val R2: 0.6679


	Best λ: 10.0
	Val R2: 0.6593


	Best λ: 10.0
	Val R2: 0.7044


	Best λ: 10.0
	Val R2: 0.6738


	Best λ: 10.0
	Val R2: 0.7337


	Best λ: 10.0
	Val R2: 0.7121


	Best λ: 100.0
	Val R2: 0.5922


	Best λ: 100.0
	Val R2: 0.5434


	Best λ: 100.0
	Val R2: 0.6295


	Best λ: 10.0
	Val R2: 0.7225


	Best λ: 10.0
	Val R2: 0.7033


	Best λ: 100.0
	Val R2: 0.6242


	Best λ: 100.0
	Val R2: 0.5946


	Best λ: 100.0
	Val R2: 0.6160


	Best λ: 1.0
	Val R2: 0.6733


	Best λ: 10.0
	Val R2: 0.6926


	Best λ: 10.0
	Val R2: 0.7190


	Best λ: 10.0
	Val R2: 0.7069


	Best λ: 10.0
	Val R2: 0.7246


	Best λ: 10.0
	Val R2: 0.7232


	Best λ: 10.0
	Val R2: 0.7053


	Best λ: 100.0
	Val R2: 0.6148


	Best λ: 100.0
	Val R2: 0.6025


	Best λ: 100.0
	Val R2: 0.6893


	Best λ: 0.09999999999999999
	Val R2: 0.7770


	Best λ: 100.0
	Val R2: 0.6908


	Best λ: 10.0
	Val R2: 0.6921


	Best λ: 10.0
	Val R2: 0.7294


	Best λ: 100.0
	Val R2: 0.7094


	Best λ: 100.0
	Val R2: 0.7001


	Best λ: 10.0
	Val R2: 0.7522


	Best λ: 100.0
	Val R2: 0.6962


	Best λ: 100.0
	Val R2: 0.7133


	Best λ: 100.0
	Val R2: 0.6940


	Best λ: 0.009999999999999998
	Val R2: 0.8061


	Best λ: 0.009999999999999998
	Val R2: 0.8039


	Best λ: 10.0
	Val R2: 0.6525


	Best λ: 10.0
	Val R2: 0.6711


	Best λ: 10.0
	Val R2: 0.7110


	Best λ: 10.0
	Val R2: 0.6960


	Best λ: 100.0
	Val R2: 0.6837


	Best λ: 100.0
	Val R2: 0.7109


	Best λ: 100.0
	Val R2: 0.6744


	Best λ: 0.009999999999999998
	Val R2: 0.8079


	Best λ: 10.0
	Val R2: 0.7033


	Best λ: 10.0
	Val R2: 0.6911


Finish:
    F1: landsat-8-c2-l2_bands-1-2-3-4-5-6-7_ZMB_20k-points_1000-features_yr-2013-2021_mn-4-9_lm-True_cm-True_wa-True_summary.feather
    F2: sentinel-2-l2a_bands-2-3-4_ZMB_4k-points_1000-features_yr-2016-2022_mn-1-12_lm-False_cm-True_wa-False_summary.feather
    One-hot encoding: True
    Anomaly: False
    Split: 7
    Random state: 146316
    N-splits: 5
    Include climate: False
    Climate vars: rcf
    Final Val R2:  0.7843 
    Final Test R2: 0.8302
    Total time: 36.57 minutes
    

	Best λ: 10.0
	Val R2: 0.7022


	Best λ: 10.0
	Val R2: 0.6998


Finish:
    F1: landsat-8-c2-l2_bands-1-2-3-4-5-6-7_ZMB_20k-points_1000-features_yr-2013-2021_mn-4-9_lm-True_cm-True_wa-True_summary.feather
    F2: sentinel-2-l2a_bands-2-3-4_ZMB_4k-points_1000-features_yr-2016-2022_mn-1-12_lm-False_cm-True_wa-True_summary.feather
    One-hot encoding: True
    Anomaly: False
    Split: 2
    Random state: 26225
    N-splits: 5
    Include climate: False
    Climate vars: rcf
    Final Val R2:  0.8102 
    Final Test R2: -0.9509
    Total time: 37.32 minutes
    

Finish:
    F1: landsat-8-c2-l2_bands-1-2-3-4-5-6-7_ZMB_20k-points_1000-features_yr-2013-2021_mn-4-9_lm-True_cm-True_wa-True_summary.feather
    F2: sentinel-2-l2a_bands-2-3-4_ZMB_4k-points_1000-features_yr-2016-2022_mn-1-12_lm-False_cm-True_wa-True_summary.feather
    One-hot encoding: True
    Anomaly: False
    Split: 0
    Random state: 670487
    N-splits: 5
    Include climate: False
    Climate vars: rcf
    Final Val R2:  0.8094 
    Final Test R2: -27.0813
    Total time: 37.33 minutes
    

	Best λ: 100.0
	Val R2: 0.7015


	Best λ: 100.0
	Val R2: 0.7116


	Best λ: 10.0
	Val R2: 0.7373


Finish:
    F1: landsat-8-c2-l2_bands-1-2-3-4-5-6-7_ZMB_20k-points_1000-features_yr-2013-2021_mn-4-9_lm-True_cm-True_wa-True_summary.feather
    F2: sentinel-2-l2a_bands-2-3-4_ZMB_4k-points_1000-features_yr-2016-2022_mn-1-12_lm-False_cm-True_wa-False_summary.feather
    One-hot encoding: True
    Anomaly: False
    Split: 5
    Random state: 256787
    N-splits: 5
    Include climate: False
    Climate vars: rcf
    Final Val R2:  0.8125 
    Final Test R2: 0.8057
    Total time: 38.65 minutes
    

	Best λ: 10.0
	Val R2: 0.6830


	Best λ: 10.0
	Val R2: 0.7087


	Best λ: 10.0
	Val R2: 0.7190


	Best λ: 100.0
	Val R2: 0.7236


	Best λ: 100.0
	Val R2: 0.7235


	Best λ: 100.0
	Val R2: 0.7291


	Best λ: 100.0
	Val R2: 0.7286


	Best λ: 0.09999999999999999
	Val R2: 0.7565


	Best λ: 100.0
	Val R2: 0.6902


	Best λ: 100.0
	Val R2: 0.7225


	Best λ: 100.0
	Val R2: 0.7263


	Best λ: 10.0
	Val R2: 0.7009


	Best λ: 100.0
	Val R2: 0.7291


	Best λ: 10.0
	Val R2: 0.6596


	Best λ: 10.0
	Val R2: 0.6917


	Best λ: 10.0
	Val R2: 0.7025


	Best λ: 0.009999999999999998
	Val R2: 0.7931


	Best λ: 0.009999999999999998
	Val R2: 0.7950


	Best λ: 0.09999999999999999
	Val R2: 0.7890


	Best λ: 0.09999999999999999
	Val R2: 0.8207


	Best λ: 0.009999999999999998
	Val R2: 0.8111


	Best λ: 0.009999999999999998
	Val R2: 0.7940


	Best λ: 0.09999999999999999
	Val R2: 0.7905


Finish:
    F1: landsat-8-c2-l2_bands-1-2-3-4-5-6-7_ZMB_20k-points_1000-features_yr-2013-2021_mn-4-9_lm-True_cm-True_wa-True_summary.feather
    F2: sentinel-2-l2a_bands-2-3-4_ZMB_15k-points_1000-features_yr-2016-2022_mn-1-12_lm-False_cm-True_wa-True_summary.feather
    One-hot encoding: True
    Anomaly: False
    Split: 8
    Random state: 772246
    N-splits: 5
    Include climate: False
    Climate vars: rcf
    Final Val R2:  0.7628 
    Final Test R2: -0.2108
    Total time: 48.91 minutes
    

	Best λ: 100.0
	Val R2: 0.7136


	Best λ: 0.09999999999999999
	Val R2: 0.7909


	Best λ: 0.09999999999999999
	Val R2: 0.7762


	Best λ: 0.009999999999999998
	Val R2: 0.7927


	Best λ: 0.009999999999999998
	Val R2: 0.7846


	Best λ: 0.009999999999999998
	Val R2: 0.7964


	Best λ: 0.009999999999999998
	Val R2: 0.8171


	Best λ: 0.009999999999999998
	Val R2: 0.7943


	Best λ: 0.009999999999999998
	Val R2: 0.7850


Finish:
    F1: landsat-8-c2-l2_bands-1-2-3-4-5-6-7_ZMB_20k-points_1000-features_yr-2013-2021_mn-4-9_lm-True_cm-True_wa-True_summary.feather
    F2: sentinel-2-l2a_bands-2-3-4_ZMB_20k-points_1000-features_yr-2016-2022_mn-1-12_lm-False_cm-True_wa-False_summary.feather
    One-hot encoding: True
    Anomaly: False
    Split: 9
    Random state: 107473
    N-splits: 5
    Include climate: False
    Climate vars: rcf
    Final Val R2:  0.8039 
    Final Test R2: 0.7429
    Total time: 52.69 minutes
    

Finish:
    F1: landsat-8-c2-l2_bands-1-2-3-4-5-6-7_ZMB_20k-points_1000-features_yr-2013-2021_mn-4-9_lm-True_cm-True_wa-True_summary.feather
    F2: sentinel-2-l2a_bands-2-3-4_ZMB_20k-points_1000-features_yr-2016-2022_mn-1-12_lm-False_cm-True_wa-True_summary.feather
    One-hot encoding: True
    Anomaly: False
    Split: 1
    Random state: 116739
    N-splits: 5
    Include climate: False
    Climate vars: rcf
    Final Val R2:  0.8066 
    Final Test R2: 0.8247
    Total time: 52.72 minutes
    

	Best λ: 0.09999999999999999
	Val R2: 0.7996


	Best λ: 0.09999999999999999
	Val R2: 0.8067


Finish:
    F1: landsat-8-c2-l2_bands-1-2-3-4-5-6-7_ZMB_20k-points_1000-features_yr-2013-2021_mn-4-9_lm-True_cm-True_wa-True_summary.feather
    F2: sentinel-2-l2a_bands-2-3-4_ZMB_4k-points_1000-features_yr-2016-2022_mn-1-12_lm-False_cm-True_wa-False_summary.feather
    One-hot encoding: True
    Anomaly: False
    Split: 1
    Random state: 116739
    N-splits: 5
    Include climate: False
    Climate vars: rcf
    Final Val R2:  0.8227 
    Final Test R2: 0.6594
    Total time: 53.00 minutes
    

Finish:
    F1: landsat-8-c2-l2_bands-1-2-3-4-5-6-7_ZMB_20k-points_1000-features_yr-2013-2021_mn-4-9_lm-True_cm-True_wa-True_summary.feather
    F2: sentinel-2-l2a_bands-2-3-4_ZMB_20k-points_1000-features_yr-2016-2022_mn-1-12_lm-False_cm-True_wa-True_summary.feather
    One-hot encoding: True
    Anomaly: False
    Split: 7
    Random state: 146316
    N-splits: 5
    Include climate: False
    Climate vars: rcf
    Final Val R2:  0.7966 
    Final Test R2: 0.8346
    Total time: 53.00 minutes
    

Finish:
    F1: landsat-8-c2-l2_bands-1-2-3-4-5-6-7_ZMB_20k-points_1000-features_yr-2013-2021_mn-4-9_lm-True_cm-True_wa-True_summary.feather
    F2: sentinel-2-l2a_bands-2-3-4_ZMB_15k-points_1000-features_yr-2016-2022_mn-1-12_lm-False_cm-True_wa-True_summary.feather
    One-hot encoding: True
    Anomaly: False
    Split: 4
    Random state: 288389
    N-splits: 5
    Include climate: False
    Climate vars: rcf
    Final Val R2:  0.8196 
    Final Test R2: 0.7798
    Total time: 53.04 minutes
    

Finish:
    F1: landsat-8-c2-l2_bands-1-2-3-4-5-6-7_ZMB_20k-points_1000-features_yr-2013-2021_mn-4-9_lm-True_cm-True_wa-True_summary.feather
    F2: sentinel-2-l2a_bands-2-3-4_ZMB_20k-points_1000-features_yr-2016-2022_mn-1-12_lm-False_cm-True_wa-False_summary.feather
    One-hot encoding: True
    Anomaly: False
    Split: 7
    Random state: 146316
    N-splits: 5
    Include climate: False
    Climate vars: rcf
    Final Val R2:  0.7980 
    Final Test R2: 0.8384
    Total time: 53.18 minutes
    

Finish:
    F1: landsat-8-c2-l2_bands-1-2-3-4-5-6-7_ZMB_20k-points_1000-features_yr-2013-2021_mn-4-9_lm-True_cm-True_wa-True_summary.feather
    F2: sentinel-2-l2a_bands-2-3-4_ZMB_20k-points_1000-features_yr-2016-2022_mn-1-12_lm-False_cm-True_wa-False_summary.feather
    One-hot encoding: True
    Anomaly: False
    Split: 1
    Random state: 116739
    N-splits: 5
    Include climate: False
    Climate vars: rcf
    Final Val R2:  0.8077 
    Final Test R2: 0.8250
    Total time: 53.19 minutes
    

	Best λ: 10.0
	Val R2: 0.5672


	Best λ: 0.009999999999999998
	Val R2: 0.7901


Finish:
    F1: landsat-8-c2-l2_bands-1-2-3-4-5-6-7_ZMB_20k-points_1000-features_yr-2013-2021_mn-4-9_lm-True_cm-True_wa-True_summary.feather
    F2: sentinel-2-l2a_bands-2-3-4_ZMB_20k-points_1000-features_yr-2016-2022_mn-1-12_lm-False_cm-True_wa-True_summary.feather
    One-hot encoding: True
    Anomaly: False
    Split: 5
    Random state: 256787
    N-splits: 5
    Include climate: False
    Climate vars: rcf
    Final Val R2:  0.7943 
    Final Test R2: 0.8079
    Total time: 55.17 minutes
    

Finish:
    F1: landsat-8-c2-l2_bands-1-2-3-4-5-6-7_ZMB_20k-points_1000-features_yr-2013-2021_mn-4-9_lm-True_cm-True_wa-True_summary.feather
    F2: sentinel-2-l2a_bands-2-3-4_ZMB_20k-points_1000-features_yr-2016-2022_mn-1-12_lm-False_cm-True_wa-True_summary.feather
    One-hot encoding: True
    Anomaly: False
    Split: 3
    Random state: 777572
    N-splits: 5
    Include climate: False
    Climate vars: rcf
    Final Val R2:  0.7993 
    Final Test R2: 0.8403
    Total time: 55.18 minutes
    

Finish:
    F1: landsat-8-c2-l2_bands-1-2-3-4-5-6-7_ZMB_20k-points_1000-features_yr-2013-2021_mn-4-9_lm-True_cm-True_wa-True_summary.feather
    F2: sentinel-2-l2a_bands-2-3-4_ZMB_20k-points_1000-features_yr-2016-2022_mn-1-12_lm-False_cm-True_wa-True_summary.feather
    One-hot encoding: True
    Anomaly: False
    Split: 9
    Random state: 107473
    N-splits: 5
    Include climate: False
    Climate vars: rcf
    Final Val R2:  0.8067 
    Final Test R2: 0.7695
    Total time: 55.40 minutes
    

Finish:
    F1: landsat-8-c2-l2_bands-1-2-3-4-5-6-7_ZMB_20k-points_1000-features_yr-2013-2021_mn-4-9_lm-True_cm-True_wa-True_summary.feather
    F2: sentinel-2-l2a_bands-2-3-4_ZMB_4k-points_1000-features_yr-2016-2022_mn-1-12_lm-False_cm-True_wa-False_summary.feather
    One-hot encoding: True
    Anomaly: False
    Split: 3
    Random state: 777572
    N-splits: 5
    Include climate: False
    Climate vars: rcf
    Final Val R2:  0.8259 
    Final Test R2: 0.8131
    Total time: 55.42 minutes
    

Finish:
    F1: landsat-8-c2-l2_bands-1-2-3-4-5-6-7_ZMB_20k-points_1000-features_yr-2013-2021_mn-4-9_lm-True_cm-True_wa-True_summary.feather
    F2: sentinel-2-l2a_bands-2-3-4_ZMB_20k-points_1000-features_yr-2016-2022_mn-1-12_lm-False_cm-True_wa-False_summary.feather
    One-hot encoding: True
    Anomaly: False
    Split: 5
    Random state: 256787
    N-splits: 5
    Include climate: False
    Climate vars: rcf
    Final Val R2:  0.7947 
    Final Test R2: 0.8085
    Total time: 55.62 minutes
    

Finish:
    F1: landsat-8-c2-l2_bands-1-2-3-4-5-6-7_ZMB_20k-points_1000-features_yr-2013-2021_mn-4-9_lm-True_cm-True_wa-True_summary.feather
    F2: sentinel-2-l2a_bands-2-3-4_ZMB_15k-points_1000-features_yr-2016-2022_mn-1-12_lm-False_cm-True_wa-True_summary.feather
    One-hot encoding: True
    Anomaly: False
    Split: 7
    Random state: 146316
    N-splits: 5
    Include climate: False
    Climate vars: rcf
    Final Val R2:  0.7982 
    Final Test R2: 0.8117
    Total time: 55.63 minutes
    

Finish:
    F1: landsat-8-c2-l2_bands-1-2-3-4-5-6-7_ZMB_20k-points_1000-features_yr-2013-2021_mn-4-9_lm-True_cm-True_wa-True_summary.feather
    F2: sentinel-2-l2a_bands-2-3-4_ZMB_15k-points_1000-features_yr-2016-2022_mn-1-12_lm-False_cm-True_wa-True_summary.feather
    One-hot encoding: True
    Anomaly: False
    Split: 6
    Random state: 234053
    N-splits: 5
    Include climate: False
    Climate vars: rcf
    Final Val R2:  0.7891 
    Final Test R2: 0.8306
    Total time: 55.64 minutes
    

Finish:
    F1: landsat-8-c2-l2_bands-1-2-3-4-5-6-7_ZMB_20k-points_1000-features_yr-2013-2021_mn-4-9_lm-True_cm-True_wa-True_summary.feather
    F2: sentinel-2-l2a_bands-2-3-4_ZMB_20k-points_1000-features_yr-2016-2022_mn-1-12_lm-False_cm-True_wa-False_summary.feather
    One-hot encoding: True
    Anomaly: False
    Split: 3
    Random state: 777572
    N-splits: 5
    Include climate: False
    Climate vars: rcf
    Final Val R2:  0.8008 
    Final Test R2: 0.8409
    Total time: 55.65 minutes
    

	Best λ: 10.0
	Val R2: 0.6670


	Best λ: 10.0
	Val R2: 0.5873


Finish:
    F1: landsat-8-c2-l2_bands-1-2-3-4-5-6-7_ZMB_20k-points_1000-features_yr-2013-2021_mn-4-9_lm-True_cm-True_wa-True_summary.feather
    F2: sentinel-2-l2a_bands-2-3-4_ZMB_15k-points_1000-features_yr-2016-2022_mn-1-12_lm-False_cm-True_wa-True_summary.feather
    One-hot encoding: True
    Anomaly: False
    Split: 3
    Random state: 777572
    N-splits: 5
    Include climate: False
    Climate vars: rcf
    Final Val R2:  0.8097 
    Final Test R2: 0.8385
    Total time: 56.51 minutes
    

Finish:
    F1: landsat-8-c2-l2_bands-1-2-3-4-5-6-7_ZMB_20k-points_1000-features_yr-2013-2021_mn-4-9_lm-True_cm-True_wa-True_summary.feather
    F2: sentinel-2-l2a_bands-2-3-4_ZMB_15k-points_1000-features_yr-2016-2022_mn-1-12_lm-False_cm-True_wa-True_summary.feather
    One-hot encoding: True
    Anomaly: False
    Split: 5
    Random state: 256787
    N-splits: 5
    Include climate: False
    Climate vars: rcf
    Final Val R2:  0.8064 
    Final Test R2: 0.7820
    Total time: 56.51 minutes
    

	Best λ: 10.0
	Val R2: 0.6635


	Best λ: 0.009999999999999998
	Val R2: 0.7705


	Best λ: 0.09999999999999999
	Val R2: 0.7955


	Best λ: 0.09999999999999999
	Val R2: 0.7969


	Best λ: 0.09999999999999999
	Val R2: 0.7781


	Best λ: 0.009999999999999998
	Val R2: 0.7844


	Best λ: 0.09999999999999999
	Val R2: 0.7936


	Best λ: 0.009999999999999998
	Val R2: 0.7976


Finish:
    F1: landsat-8-c2-l2_bands-1-2-3-4-5-6-7_ZMB_20k-points_1000-features_yr-2013-2021_mn-4-9_lm-True_cm-True_wa-True_summary.feather
    F2: sentinel-2-l2a_bands-2-3-4_ZMB_15k-points_1000-features_yr-2016-2022_mn-1-12_lm-False_cm-True_wa-True_summary.feather
    One-hot encoding: True
    Anomaly: False
    Split: 9
    Random state: 107473
    N-splits: 5
    Include climate: False
    Climate vars: rcf
    Final Val R2:  0.8011 
    Final Test R2: 0.7953
    Total time: 57.56 minutes
    

	Best λ: 0.009999999999999998
	Val R2: 0.7993


	Best λ: 0.009999999999999998
	Val R2: 0.7818


	Best λ: 0.009999999999999998
	Val R2: 0.7883


	Best λ: 0.009999999999999998
	Val R2: 0.7858


	Best λ: 10.0
	Val R2: 0.7183


	Best λ: 0.09999999999999999
	Val R2: 0.7984


	Best λ: 10.0
	Val R2: 0.6900


	Best λ: 100.0
	Val R2: 0.6993


	Best λ: 100.0
	Val R2: 0.7217


	Best λ: 0.09999999999999999
	Val R2: 0.7930


	Best λ: 0.009999999999999998
	Val R2: 0.8222


	Best λ: 0.09999999999999999
	Val R2: 0.8082


	Best λ: 0.09999999999999999
	Val R2: 0.7685


Finish:
    F1: landsat-8-c2-l2_bands-1-2-3-4-5-6-7_ZMB_20k-points_1000-features_yr-2013-2021_mn-4-9_lm-True_cm-True_wa-True_summary.feather
    F2: sentinel-2-l2a_bands-2-3-4_ZMB_20k-points_1000-features_yr-2016-2022_mn-1-12_lm-False_cm-True_wa-False_summary.feather
    One-hot encoding: True
    Anomaly: False
    Split: 8
    Random state: 772246
    N-splits: 5
    Include climate: False
    Climate vars: rcf
    Final Val R2:  0.8000 
    Final Test R2: 0.6988
    Total time: 62.47 minutes
    

Finish:
    F1: landsat-8-c2-l2_bands-1-2-3-4-5-6-7_ZMB_20k-points_1000-features_yr-2013-2021_mn-4-9_lm-True_cm-True_wa-True_summary.feather
    F2: sentinel-2-l2a_bands-2-3-4_ZMB_20k-points_1000-features_yr-2016-2022_mn-1-12_lm-False_cm-True_wa-True_summary.feather
    One-hot encoding: True
    Anomaly: False
    Split: 2
    Random state: 26225
    N-splits: 5
    Include climate: False
    Climate vars: rcf
    Final Val R2:  0.7988 
    Final Test R2: 0.7477
    Total time: 62.50 minutes
    

Finish:
    F1: landsat-8-c2-l2_bands-1-2-3-4-5-6-7_ZMB_20k-points_1000-features_yr-2013-2021_mn-4-9_lm-True_cm-True_wa-True_summary.feather
    F2: sentinel-2-l2a_bands-2-3-4_ZMB_20k-points_1000-features_yr-2016-2022_mn-1-12_lm-False_cm-True_wa-True_summary.feather
    One-hot encoding: True
    Anomaly: False
    Split: 0
    Random state: 670487
    N-splits: 5
    Include climate: False
    Climate vars: rcf
    Final Val R2:  0.7929 
    Final Test R2: 0.7688
    Total time: 62.50 minutes
    

	Best λ: 0.009999999999999998
	Val R2: 0.8047


Finish:
    F1: landsat-8-c2-l2_bands-1-2-3-4-5-6-7_ZMB_20k-points_1000-features_yr-2013-2021_mn-4-9_lm-True_cm-True_wa-True_summary.feather
    F2: sentinel-2-l2a_bands-2-3-4_ZMB_4k-points_1000-features_yr-2016-2022_mn-1-12_lm-False_cm-True_wa-False_summary.feather
    One-hot encoding: True
    Anomaly: False
    Split: 2
    Random state: 26225
    N-splits: 5
    Include climate: False
    Climate vars: rcf
    Final Val R2:  0.8051 
    Final Test R2: 0.7194
    Total time: 62.80 minutes
    

Finish:
    F1: landsat-8-c2-l2_bands-1-2-3-4-5-6-7_ZMB_20k-points_1000-features_yr-2013-2021_mn-4-9_lm-True_cm-True_wa-True_summary.feather
    F2: sentinel-2-l2a_bands-2-3-4_ZMB_20k-points_1000-features_yr-2016-2022_mn-1-12_lm-False_cm-True_wa-True_summary.feather
    One-hot encoding: True
    Anomaly: False
    Split: 8
    Random state: 772246
    N-splits: 5
    Include climate: False
    Climate vars: rcf
    Final Val R2:  0.7968 
    Final Test R2: 0.6959
    Total time: 62.81 minutes
    

Finish:
    F1: landsat-8-c2-l2_bands-1-2-3-4-5-6-7_ZMB_20k-points_1000-features_yr-2013-2021_mn-4-9_lm-True_cm-True_wa-True_summary.feather
    F2: sentinel-2-l2a_bands-2-3-4_ZMB_4k-points_1000-features_yr-2016-2022_mn-1-12_lm-False_cm-True_wa-True_summary.feather
    One-hot encoding: True
    Anomaly: False
    Split: 4
    Random state: 288389
    N-splits: 5
    Include climate: False
    Climate vars: rcf
    Final Val R2:  0.7831 
    Final Test R2: 0.4269
    Total time: 62.84 minutes
    

Finish:
    F1: landsat-8-c2-l2_bands-1-2-3-4-5-6-7_ZMB_20k-points_1000-features_yr-2013-2021_mn-4-9_lm-True_cm-True_wa-True_summary.feather
    F2: sentinel-2-l2a_bands-2-3-4_ZMB_4k-points_1000-features_yr-2016-2022_mn-1-12_lm-False_cm-True_wa-True_summary.feather
    One-hot encoding: True
    Anomaly: False
    Split: 7
    Random state: 146316
    N-splits: 5
    Include climate: False
    Climate vars: rcf
    Final Val R2:  0.7843 
    Final Test R2: -27895.6639
    Total time: 62.90 minutes
    

Finish:
    F1: landsat-8-c2-l2_bands-1-2-3-4-5-6-7_ZMB_20k-points_1000-features_yr-2013-2021_mn-4-9_lm-True_cm-True_wa-True_summary.feather
    F2: sentinel-2-l2a_bands-2-3-4_ZMB_4k-points_1000-features_yr-2016-2022_mn-1-12_lm-False_cm-True_wa-False_summary.feather
    One-hot encoding: True
    Anomaly: False
    Split: 0
    Random state: 670487
    N-splits: 5
    Include climate: False
    Climate vars: rcf
    Final Val R2:  0.8024 
    Final Test R2: -3.6983
    Total time: 63.15 minutes
    

Finish:
    F1: landsat-8-c2-l2_bands-1-2-3-4-5-6-7_ZMB_20k-points_1000-features_yr-2013-2021_mn-4-9_lm-True_cm-True_wa-True_summary.feather
    F2: sentinel-2-l2a_bands-2-3-4_ZMB_20k-points_1000-features_yr-2016-2022_mn-1-12_lm-False_cm-True_wa-True_summary.feather
    One-hot encoding: True
    Anomaly: False
    Split: 6
    Random state: 234053
    N-splits: 5
    Include climate: False
    Climate vars: rcf
    Final Val R2:  0.7893 
    Final Test R2: 0.8356
    Total time: 63.17 minutes
    

	Best λ: 0.09999999999999999
	Val R2: 0.7944


Finish:
    F1: landsat-8-c2-l2_bands-1-2-3-4-5-6-7_ZMB_20k-points_1000-features_yr-2013-2021_mn-4-9_lm-True_cm-True_wa-True_summary.feather
    F2: sentinel-2-l2a_bands-2-3-4_ZMB_20k-points_1000-features_yr-2016-2022_mn-1-12_lm-False_cm-True_wa-False_summary.feather
    One-hot encoding: True
    Anomaly: False
    Split: 0
    Random state: 670487
    N-splits: 5
    Include climate: False
    Climate vars: rcf
    Final Val R2:  0.7969 
    Final Test R2: 0.7688
    Total time: 63.82 minutes
    

Finish:
    F1: landsat-8-c2-l2_bands-1-2-3-4-5-6-7_ZMB_20k-points_1000-features_yr-2013-2021_mn-4-9_lm-True_cm-True_wa-True_summary.feather
    F2: sentinel-2-l2a_bands-2-3-4_ZMB_20k-points_1000-features_yr-2016-2022_mn-1-12_lm-False_cm-True_wa-False_summary.feather
    One-hot encoding: True
    Anomaly: False
    Split: 6
    Random state: 234053
    N-splits: 5
    Include climate: False
    Climate vars: rcf
    Final Val R2:  0.7933 
    Final Test R2: 0.8398
    Total time: 63.86 minutes
    

Finish:
    F1: landsat-8-c2-l2_bands-1-2-3-4-5-6-7_ZMB_20k-points_1000-features_yr-2013-2021_mn-4-9_lm-True_cm-True_wa-True_summary.feather
    F2: sentinel-2-l2a_bands-2-3-4_ZMB_20k-points_1000-features_yr-2016-2022_mn-1-12_lm-False_cm-True_wa-False_summary.feather
    One-hot encoding: True
    Anomaly: False
    Split: 2
    Random state: 26225
    N-splits: 5
    Include climate: False
    Climate vars: rcf
    Final Val R2:  0.8017 
    Final Test R2: 0.7447
    Total time: 64.18 minutes
    

Finish:
    F1: landsat-8-c2-l2_bands-1-2-3-4-5-6-7_ZMB_20k-points_1000-features_yr-2013-2021_mn-4-9_lm-True_cm-True_wa-True_summary.feather
    F2: sentinel-2-l2a_bands-2-3-4_ZMB_20k-points_1000-features_yr-2016-2022_mn-1-12_lm-False_cm-True_wa-True_summary.feather
    One-hot encoding: True
    Anomaly: False
    Split: 4
    Random state: 288389
    N-splits: 5
    Include climate: False
    Climate vars: rcf
    Final Val R2:  0.7982 
    Final Test R2: 0.8267
    Total time: 64.73 minutes
    

Finish:
    F1: landsat-8-c2-l2_bands-1-2-3-4-5-6-7_ZMB_20k-points_1000-features_yr-2013-2021_mn-4-9_lm-True_cm-True_wa-True_summary.feather
    F2: sentinel-2-l2a_bands-2-3-4_ZMB_20k-points_1000-features_yr-2016-2022_mn-1-12_lm-False_cm-True_wa-False_summary.feather
    One-hot encoding: True
    Anomaly: False
    Split: 4
    Random state: 288389
    N-splits: 5
    Include climate: False
    Climate vars: rcf
    Final Val R2:  0.8001 
    Final Test R2: 0.8290
    Total time: 66.32 minutes
    

	Best λ: 0.0009999999999999998
	Val R2: 0.7860


Finish:
    F1: landsat-8-c2-l2_bands-1-2-3-4-5-6-7_ZMB_20k-points_1000-features_yr-2013-2021_mn-4-9_lm-True_cm-True_wa-True_summary.feather
    F2: sentinel-2-l2a_bands-2-3-4_ZMB_4k-points_1000-features_yr-2016-2022_mn-1-12_lm-False_cm-True_wa-True_summary.feather
    One-hot encoding: True
    Anomaly: False
    Split: 5
    Random state: 256787
    N-splits: 5
    Include climate: False
    Climate vars: rcf
    Final Val R2:  0.8098 
    Final Test R2: 0.8289
    Total time: 66.94 minutes
    

Finish:
    F1: landsat-8-c2-l2_bands-1-2-3-4-5-6-7_ZMB_20k-points_1000-features_yr-2013-2021_mn-4-9_lm-True_cm-True_wa-True_summary.feather
    F2: sentinel-2-l2a_bands-2-3-4_ZMB_4k-points_1000-features_yr-2016-2022_mn-1-12_lm-False_cm-True_wa-True_summary.feather
    One-hot encoding: True
    Anomaly: False
    Split: 8
    Random state: 772246
    N-splits: 5
    Include climate: False
    Climate vars: rcf
    Final Val R2:  0.8265 
    Final Test R2: -31.6973
    Total time: 66.98 minutes
    

	Best λ: 10.0
	Val R2: 0.6906


Finish:
    F1: landsat-8-c2-l2_bands-1-2-3-4-5-6-7_ZMB_20k-points_1000-features_yr-2013-2021_mn-4-9_lm-True_cm-True_wa-True_summary.feather
    F2: sentinel-2-l2a_bands-2-3-4_ZMB_15k-points_1000-features_yr-2016-2022_mn-1-12_lm-False_cm-True_wa-False_summary.feather
    One-hot encoding: True
    Anomaly: False
    Split: 0
    Random state: 670487
    N-splits: 5
    Include climate: False
    Climate vars: rcf
    Final Val R2:  0.7745 
    Final Test R2: 0.8489
    Total time: 67.71 minutes
    

Finish:
    F1: landsat-8-c2-l2_bands-1-2-3-4-5-6-7_ZMB_20k-points_1000-features_yr-2013-2021_mn-4-9_lm-True_cm-True_wa-True_summary.feather
    F2: sentinel-2-l2a_bands-2-3-4_ZMB_15k-points_1000-features_yr-2016-2022_mn-1-12_lm-False_cm-True_wa-False_summary.feather
    One-hot encoding: True
    Anomaly: False
    Split: 2
    Random state: 26225
    N-splits: 5
    Include climate: False
    Climate vars: rcf
    Final Val R2:  0.8077 
    Final Test R2: 0.8051
    Total time: 67.72 minutes
    

	Best λ: 10.0
	Val R2: 0.7202


Finish:
    F1: landsat-8-c2-l2_bands-1-2-3-4-5-6-7_ZMB_20k-points_1000-features_yr-2013-2021_mn-4-9_lm-True_cm-True_wa-True_summary.feather
    F2: sentinel-2-l2a_bands-2-3-4_ZMB_4k-points_1000-features_yr-2016-2022_mn-1-12_lm-False_cm-True_wa-True_summary.feather
    One-hot encoding: True
    Anomaly: False
    Split: 6
    Random state: 234053
    N-splits: 5
    Include climate: False
    Climate vars: rcf
    Final Val R2:  0.7965 
    Final Test R2: 0.5848
    Total time: 69.98 minutes
    

	Best λ: 100.0
	Val R2: 0.5806


	Best λ: 0.09999999999999999
	Val R2: 0.8070


	Best λ: 0.009999999999999998
	Val R2: 0.7869


	Best λ: 100.0
	Val R2: 0.6837


	Best λ: 100.0
	Val R2: 0.6356


Finish:
    F1: landsat-8-c2-l2_bands-1-2-3-4-5-6-7_ZMB_20k-points_1000-features_yr-2013-2021_mn-4-9_lm-True_cm-True_wa-True_summary.feather
    F2: sentinel-2-l2a_bands-2-3-4_ZMB_15k-points_1000-features_yr-2016-2022_mn-1-12_lm-False_cm-True_wa-False_summary.feather
    One-hot encoding: True
    Anomaly: False
    Split: 1
    Random state: 116739
    N-splits: 5
    Include climate: False
    Climate vars: rcf
    Final Val R2:  0.7981 
    Final Test R2: 0.8320
    Total time: 76.87 minutes
    

Finish:
    F1: landsat-8-c2-l2_bands-1-2-3-4-5-6-7_ZMB_20k-points_1000-features_yr-2013-2021_mn-4-9_lm-True_cm-True_wa-True_summary.feather
    F2: sentinel-2-l2a_bands-2-3-4_ZMB_15k-points_1000-features_yr-2016-2022_mn-1-12_lm-False_cm-True_wa-False_summary.feather
    One-hot encoding: True
    Anomaly: False
    Split: 3
    Random state: 777572
    N-splits: 5
    Include climate: False
    Climate vars: rcf
    Final Val R2:  0.8105 
    Final Test R2: 0.8308
    Total time: 76.88 minutes
    

	Best λ: 0.09999999999999999
	Val R2: 0.7925


	Best λ: 0.09999999999999999
	Val R2: 0.8074


	Best λ: 10.0
	Val R2: 0.7239


	Best λ: 10.0
	Val R2: 0.7347


	Best λ: 10.0
	Val R2: 0.7103


Finish:
    F1: landsat-8-c2-l2_bands-1-2-3-4-5-6-7_ZMB_20k-points_1000-features_yr-2013-2021_mn-4-9_lm-True_cm-True_wa-True_summary.feather
    F2: sentinel-2-l2a_bands-2-3-4_ZMB_15k-points_1000-features_yr-2016-2022_mn-1-12_lm-False_cm-True_wa-True_summary.feather
    One-hot encoding: True
    Anomaly: False
    Split: 1
    Random state: 116739
    N-splits: 5
    Include climate: False
    Climate vars: rcf
    Final Val R2:  0.8041 
    Final Test R2: 0.7641
    Total time: 94.11 minutes
    

Finish:
    F1: landsat-8-c2-l2_bands-1-2-3-4-5-6-7_ZMB_20k-points_1000-features_yr-2013-2021_mn-4-9_lm-True_cm-True_wa-True_summary.feather
    F2: sentinel-2-l2a_bands-2-3-4_ZMB_15k-points_1000-features_yr-2016-2022_mn-1-12_lm-False_cm-True_wa-True_summary.feather
    One-hot encoding: True
    Anomaly: False
    Split: 2
    Random state: 26225
    N-splits: 5
    Include climate: False
    Climate vars: rcf
    Final Val R2:  0.8072 
    Final Test R2: 0.8070
    Total time: 94.26 minutes
    

	Best λ: 0.009999999999999998
	Val R2: 0.7760


	Best λ: 0.009999999999999998
	Val R2: 0.8067


	Best λ: 0.009999999999999998
	Val R2: 0.7766


Finish:
    F1: landsat-8-c2-l2_bands-1-2-3-4-5-6-7_ZMB_20k-points_1000-features_yr-2013-2021_mn-4-9_lm-True_cm-True_wa-True_summary.feather
    F2: sentinel-2-l2a_bands-2-3-4_ZMB_4k-points_1000-features_yr-2016-2022_mn-1-12_lm-False_cm-True_wa-False_summary.feather
    One-hot encoding: True
    Anomaly: False
    Split: 4
    Random state: 288389
    N-splits: 5
    Include climate: False
    Climate vars: rcf
    Final Val R2:  0.7895 
    Final Test R2: 0.6796
    Total time: 111.56 minutes
    

	Best λ: 10.0
	Val R2: 0.7103


Finish:
    F1: landsat-8-c2-l2_bands-1-2-3-4-5-6-7_ZMB_20k-points_1000-features_yr-2013-2021_mn-4-9_lm-True_cm-True_wa-True_summary.feather
    F2: sentinel-2-l2a_bands-2-3-4_ZMB_4k-points_1000-features_yr-2016-2022_mn-1-12_lm-False_cm-True_wa-True_summary.feather
    One-hot encoding: True
    Anomaly: False
    Split: 9
    Random state: 107473
    N-splits: 5
    Include climate: False
    Climate vars: rcf
    Final Val R2:  0.8148 
    Final Test R2: 0.7281
    Total time: 117.41 minutes
    

Finish:
    F1: landsat-8-c2-l2_bands-1-2-3-4-5-6-7_ZMB_20k-points_1000-features_yr-2013-2021_mn-4-9_lm-True_cm-True_wa-True_summary.feather
    F2: sentinel-2-l2a_bands-2-3-4_ZMB_4k-points_1000-features_yr-2016-2022_mn-1-12_lm-False_cm-True_wa-False_summary.feather
    One-hot encoding: True
    Anomaly: False
    Split: 6
    Random state: 234053
    N-splits: 5
    Include climate: False
    Climate vars: rcf
    Final Val R2:  0.7876 
    Final Test R2: 0.8189
    Total time: 118.08 minutes
    

	Best λ: 100.0
	Val R2: 0.6769


	Best λ: 100.0
	Val R2: 0.7128


	Best λ: 100.0
	Val R2: 0.6876


	Best λ: 10.0
	Val R2: 0.7186


	Best λ: 100.0
	Val R2: 0.6975


	Best λ: 9.999999999999997e-09
	Val R2: 0.8272


	Best λ: 100.0
	Val R2: 0.6976


	Best λ: 0.009999999999999998
	Val R2: 0.8050


Finish:
    F1: landsat-8-c2-l2_bands-1-2-3-4-5-6-7_ZMB_20k-points_1000-features_yr-2013-2021_mn-4-9_lm-True_cm-True_wa-True_summary.feather
    F2: sentinel-2-l2a_bands-2-3-4_ZMB_4k-points_1000-features_yr-2016-2022_mn-1-12_lm-False_cm-True_wa-False_summary.feather
    One-hot encoding: True
    Anomaly: False
    Split: 8
    Random state: 772246
    N-splits: 5
    Include climate: False
    Climate vars: rcf
    Final Val R2:  0.8318 
    Final Test R2: -1.9905
    Total time: 146.59 minutes
    

	Best λ: 0.009999999999999998
	Val R2: 0.8104


Finish:
    F1: landsat-8-c2-l2_bands-1-2-3-4-5-6-7_ZMB_20k-points_1000-features_yr-2013-2021_mn-4-9_lm-True_cm-True_wa-True_summary.feather
    F2: sentinel-2-l2a_bands-2-3-4_ZMB_4k-points_1000-features_yr-2016-2022_mn-1-12_lm-False_cm-True_wa-True_summary.feather
    One-hot encoding: True
    Anomaly: False
    Split: 1
    Random state: 116739
    N-splits: 5
    Include climate: False
    Climate vars: rcf
    Final Val R2:  0.8096 
    Final Test R2: -0.1613
    Total time: 157.63 minutes
    

Finish:
    F1: landsat-8-c2-l2_bands-1-2-3-4-5-6-7_ZMB_20k-points_1000-features_yr-2013-2021_mn-4-9_lm-True_cm-True_wa-True_summary.feather
    F2: sentinel-2-l2a_bands-2-3-4_ZMB_4k-points_1000-features_yr-2016-2022_mn-1-12_lm-False_cm-True_wa-False_summary.feather
    One-hot encoding: True
    Anomaly: False
    Split: 9
    Random state: 107473
    N-splits: 5
    Include climate: False
    Climate vars: rcf
    Final Val R2:  0.8196 
    Final Test R2: 0.7227
    Total time: 162.51 minutes
    

	Best λ: 0.09999999999999999
	Val R2: 0.7706


	Best λ: 0.009999999999999998
	Val R2: 0.7842


	Best λ: 0.09999999999999999
	Val R2: 0.7782


	Best λ: 0.09999999999999999
	Val R2: 0.7895


	Best λ: 9.999999999999997e-09
	Val R2: 0.8043


	Best λ: 0.09999999999999999
	Val R2: 0.7947


	Best λ: 0.009999999999999998
	Val R2: 0.8084


Finish:
    F1: landsat-8-c2-l2_bands-1-2-3-4-5-6-7_ZMB_20k-points_1000-features_yr-2013-2021_mn-4-9_lm-True_cm-True_wa-True_summary.feather
    F2: sentinel-2-l2a_bands-2-3-4_ZMB_15k-points_1000-features_yr-2016-2022_mn-1-12_lm-False_cm-True_wa-False_summary.feather
    One-hot encoding: True
    Anomaly: False
    Split: 8
    Random state: 772246
    N-splits: 5
    Include climate: False
    Climate vars: rcf
    Final Val R2:  0.7933 
    Final Test R2: 0.6992
    Total time: 196.57 minutes
    

Finish:
    F1: landsat-8-c2-l2_bands-1-2-3-4-5-6-7_ZMB_20k-points_1000-features_yr-2013-2021_mn-4-9_lm-True_cm-True_wa-True_summary.feather
    F2: sentinel-2-l2a_bands-2-3-4_ZMB_15k-points_1000-features_yr-2016-2022_mn-1-12_lm-False_cm-True_wa-True_summary.feather
    One-hot encoding: True
    Anomaly: False
    Split: 0
    Random state: 670487
    N-splits: 5
    Include climate: False
    Climate vars: rcf
    Final Val R2:  0.7773 
    Final Test R2: 0.7774
    Total time: 196.62 minutes
    

Finish:
    F1: landsat-8-c2-l2_bands-1-2-3-4-5-6-7_ZMB_20k-points_1000-features_yr-2013-2021_mn-4-9_lm-True_cm-True_wa-True_summary.feather
    F2: sentinel-2-l2a_bands-2-3-4_ZMB_15k-points_1000-features_yr-2016-2022_mn-1-12_lm-False_cm-True_wa-False_summary.feather
    One-hot encoding: True
    Anomaly: False
    Split: 6
    Random state: 234053
    N-splits: 5
    Include climate: False
    Climate vars: rcf
    Final Val R2:  0.7915 
    Final Test R2: 0.8268
    Total time: 197.18 minutes
    

Finish:
    F1: landsat-8-c2-l2_bands-1-2-3-4-5-6-7_ZMB_20k-points_1000-features_yr-2013-2021_mn-4-9_lm-True_cm-True_wa-True_summary.feather
    F2: sentinel-2-l2a_bands-2-3-4_ZMB_4k-points_1000-features_yr-2016-2022_mn-1-12_lm-False_cm-True_wa-True_summary.feather
    One-hot encoding: True
    Anomaly: False
    Split: 3
    Random state: 777572
    N-splits: 5
    Include climate: False
    Climate vars: rcf
    Final Val R2:  0.8144 
    Final Test R2: 0.7716
    Total time: 197.37 minutes
    

	Best λ: 0.09999999999999999
	Val R2: 0.7949


Finish:
    F1: landsat-8-c2-l2_bands-1-2-3-4-5-6-7_ZMB_20k-points_1000-features_yr-2013-2021_mn-4-9_lm-True_cm-True_wa-True_summary.feather
    F2: sentinel-2-l2a_bands-2-3-4_ZMB_15k-points_1000-features_yr-2016-2022_mn-1-12_lm-False_cm-True_wa-False_summary.feather
    One-hot encoding: True
    Anomaly: False
    Split: 7
    Random state: 146316
    N-splits: 5
    Include climate: False
    Climate vars: rcf
    Final Val R2:  0.7981 
    Final Test R2: 0.8139
    Total time: 199.03 minutes
    

Finish:
    F1: landsat-8-c2-l2_bands-1-2-3-4-5-6-7_ZMB_20k-points_1000-features_yr-2013-2021_mn-4-9_lm-True_cm-True_wa-True_summary.feather
    F2: sentinel-2-l2a_bands-2-3-4_ZMB_15k-points_1000-features_yr-2016-2022_mn-1-12_lm-False_cm-True_wa-False_summary.feather
    One-hot encoding: True
    Anomaly: False
    Split: 9
    Random state: 107473
    N-splits: 5
    Include climate: False
    Climate vars: rcf
    Final Val R2:  0.8010 
    Final Test R2: 0.8354
    Total time: 204.86 minutes
    

Finish:
    F1: landsat-8-c2-l2_bands-1-2-3-4-5-6-7_ZMB_20k-points_1000-features_yr-2013-2021_mn-4-9_lm-True_cm-True_wa-True_summary.feather
    F2: sentinel-2-l2a_bands-2-3-4_ZMB_15k-points_1000-features_yr-2016-2022_mn-1-12_lm-False_cm-True_wa-False_summary.feather
    One-hot encoding: True
    Anomaly: False
    Split: 4
    Random state: 288389
    N-splits: 5
    Include climate: False
    Climate vars: rcf
    Final Val R2:  0.8194 
    Final Test R2: 0.6152
    Total time: 205.10 minutes
    

Finish:
    F1: landsat-8-c2-l2_bands-1-2-3-4-5-6-7_ZMB_20k-points_1000-features_yr-2013-2021_mn-4-9_lm-True_cm-True_wa-True_summary.feather
    F2: sentinel-2-l2a_bands-2-3-4_ZMB_15k-points_1000-features_yr-2016-2022_mn-1-12_lm-False_cm-True_wa-False_summary.feather
    One-hot encoding: True
    Anomaly: False
    Split: 5
    Random state: 256787
    N-splits: 5
    Include climate: False
    Climate vars: rcf
    Final Val R2:  0.8012 
    Final Test R2: 0.7828
    Total time: 205.58 minutes
    
Saving results as: 2_sensor_10-splits_2023-06-30_9_rcf_climate-False_anomFalse.csv


Elapsed time for iteration 9: 12349.59720826149 seconds



Begin with paramters:
    F1: landsat-c2-l2_bands-r-g-b-nir-swir16-swir22_ZMB_20k-points_1024-features_yr-2009-2021_mn-1-12_lm-False_cm-True_wa-False_summary.feather
    F2: sentinel-2-l2a_bands-2-3-4-8_ZMB_15k-points_1000-features_yr-2016-2022_mn-1-12_lm-False_cm-True_wa-False_summary.feather
    One-hot encoding: True
    Anomaly: False
    Split: 0
    Random state: 670487
    N-splits: 5
    Include climate: False
    Climate vars: rcf
    

Begin with paramters:
    F1: landsat-c2-l2_bands-r-g-b-nir-swir16-swir22_ZMB_20k-points_1024-features_yr-2009-2021_mn-1-12_lm-False_cm-True_wa-False_summary.feather
    F2: sentinel-2-l2a_bands-2-3-4-8_ZMB_15k-points_1000-features_yr-2016-2022_mn-1-12_lm-False_cm-True_wa-False_summary.feather
    One-hot encoding: True
    Anomaly: False
    Split: 2
    Random state: 26225
    N-splits: 5
    Include climate: False
    Climate vars: rcf
    

Begin with paramters:
    F1: landsat-c2-l2_bands-r-g-b-nir-swir16-swir22_ZMB_20k-points_1024-features_yr-2009-2021_mn-1-12_lm-False_cm-True_wa-False_summary.feather
    F2: sentinel-2-l2a_bands-2-3-4-8_ZMB_15k-points_1000-features_yr-2016-2022_mn-1-12_lm-False_cm-True_wa-False_summary.feather
    One-hot encoding: True
    Anomaly: False
    Split: 1
    Random state: 116739
    N-splits: 5
    Include climate: False
    Climate vars: rcf
    

Begin with paramters:
    F1: landsat-c2-l2_bands-r-g-b-nir-swir16-swir22_ZMB_20k-points_1024-features_yr-2009-2021_mn-1-12_lm-False_cm-True_wa-False_summary.feather
    F2: sentinel-2-l2a_bands-2-3-4-8_ZMB_15k-points_1000-features_yr-2016-2022_mn-1-12_lm-False_cm-True_wa-False_summary.feather
    One-hot encoding: True
    Anomaly: False
    Split: 5
    Random state: 256787
    N-splits: 5
    Include climate: False
    Climate vars: rcf
    

Begin with paramters:
    F1: landsat-c2-l2_bands-r-g-b-nir-swir16-swir22_ZMB_20k-points_1024-features_yr-2009-2021_mn-1-12_lm-False_cm-True_wa-False_summary.feather
    F2: sentinel-2-l2a_bands-2-3-4-8_ZMB_15k-points_1000-features_yr-2016-2022_mn-1-12_lm-False_cm-True_wa-False_summary.feather
    One-hot encoding: True
    Anomaly: False
    Split: 3
    Random state: 777572
    N-splits: 5
    Include climate: False
    Climate vars: rcf
    

Begin with paramters:
    F1: landsat-c2-l2_bands-r-g-b-nir-swir16-swir22_ZMB_20k-points_1024-features_yr-2009-2021_mn-1-12_lm-False_cm-True_wa-False_summary.feather
    F2: sentinel-2-l2a_bands-2-3-4-8_ZMB_15k-points_1000-features_yr-2016-2022_mn-1-12_lm-False_cm-True_wa-False_summary.feather
    One-hot encoding: True
    Anomaly: False
    Split: 6
    Random state: 234053
    N-splits: 5
    Include climate: False
    Climate vars: rcf
    

Begin with paramters:
    F1: landsat-c2-l2_bands-r-g-b-nir-swir16-swir22_ZMB_20k-points_1024-features_yr-2009-2021_mn-1-12_lm-False_cm-True_wa-False_summary.feather
    F2: sentinel-2-l2a_bands-2-3-4-8_ZMB_15k-points_1000-features_yr-2016-2022_mn-1-12_lm-False_cm-True_wa-False_summary.feather
    One-hot encoding: True
    Anomaly: False
    Split: 7
    Random state: 146316
    N-splits: 5
    Include climate: False
    Climate vars: rcf
    

Begin with paramters:
    F1: landsat-c2-l2_bands-r-g-b-nir-swir16-swir22_ZMB_20k-points_1024-features_yr-2009-2021_mn-1-12_lm-False_cm-True_wa-False_summary.feather
    F2: sentinel-2-l2a_bands-2-3-4-8_ZMB_15k-points_1000-features_yr-2016-2022_mn-1-12_lm-False_cm-True_wa-False_summary.feather
    One-hot encoding: True
    Anomaly: False
    Split: 4
    Random state: 288389
    N-splits: 5
    Include climate: False
    Climate vars: rcf
    

Begin with paramters:
    F1: landsat-c2-l2_bands-r-g-b-nir-swir16-swir22_ZMB_20k-points_1024-features_yr-2009-2021_mn-1-12_lm-False_cm-True_wa-False_summary.feather
    F2: sentinel-2-l2a_bands-2-3-4-8_ZMB_15k-points_1000-features_yr-2016-2022_mn-1-12_lm-False_cm-True_wa-True_summary.feather
    One-hot encoding: True
    Anomaly: False
    Split: 5
    Random state: 256787
    N-splits: 5
    Include climate: False
    Climate vars: rcf
    

Begin with paramters:
    F1: landsat-c2-l2_bands-r-g-b-nir-swir16-swir22_ZMB_20k-points_1024-features_yr-2009-2021_mn-1-12_lm-False_cm-True_wa-False_summary.feather
    F2: sentinel-2-l2a_bands-2-3-4_ZMB_15k-points_1000-features_yr-2016-2022_mn-1-12_lm-False_cm-True_wa-False_summary.feather
    One-hot encoding: True
    Anomaly: False
    Split: 0
    Random state: 670487
    N-splits: 5
    Include climate: False
    Climate vars: rcf
    

Begin with paramters:
    F1: landsat-c2-l2_bands-r-g-b-nir-swir16-swir22_ZMB_20k-points_1024-features_yr-2009-2021_mn-1-12_lm-False_cm-True_wa-False_summary.feather
    F2: sentinel-2-l2a_bands-2-3-4-8_ZMB_15k-points_1000-features_yr-2016-2022_mn-1-12_lm-False_cm-True_wa-True_summary.feather
    One-hot encoding: True
    Anomaly: False
    Split: 4
    Random state: 288389
    N-splits: 5
    Include climate: False
    Climate vars: rcf
    

Begin with paramters:
    F1: landsat-c2-l2_bands-r-g-b-nir-swir16-swir22_ZMB_20k-points_1024-features_yr-2009-2021_mn-1-12_lm-False_cm-True_wa-False_summary.feather
    F2: sentinel-2-l2a_bands-2-3-4-8_ZMB_15k-points_1000-features_yr-2016-2022_mn-1-12_lm-False_cm-True_wa-True_summary.feather
    One-hot encoding: True
    Anomaly: False
    Split: 2
    Random state: 26225
    N-splits: 5
    Include climate: False
    Climate vars: rcf
    

Begin with paramters:
    F1: landsat-c2-l2_bands-r-g-b-nir-swir16-swir22_ZMB_20k-points_1024-features_yr-2009-2021_mn-1-12_lm-False_cm-True_wa-False_summary.feather
    F2: sentinel-2-l2a_bands-2-3-4-8_ZMB_15k-points_1000-features_yr-2016-2022_mn-1-12_lm-False_cm-True_wa-True_summary.feather
    One-hot encoding: True
    Anomaly: False
    Split: 6
    Random state: 234053
    N-splits: 5
    Include climate: False
    Climate vars: rcf
    

Begin with paramters:
    F1: landsat-c2-l2_bands-r-g-b-nir-swir16-swir22_ZMB_20k-points_1024-features_yr-2009-2021_mn-1-12_lm-False_cm-True_wa-False_summary.feather
    F2: sentinel-2-l2a_bands-2-3-4-8_ZMB_15k-points_1000-features_yr-2016-2022_mn-1-12_lm-False_cm-True_wa-True_summary.feather
    One-hot encoding: True
    Anomaly: False
    Split: 7
    Random state: 146316
    N-splits: 5
    Include climate: False
    Climate vars: rcf
    

Begin with paramters:
    F1: landsat-c2-l2_bands-r-g-b-nir-swir16-swir22_ZMB_20k-points_1024-features_yr-2009-2021_mn-1-12_lm-False_cm-True_wa-False_summary.feather
    F2: sentinel-2-l2a_bands-2-3-4-8_ZMB_15k-points_1000-features_yr-2016-2022_mn-1-12_lm-False_cm-True_wa-True_summary.feather
    One-hot encoding: True
    Anomaly: False
    Split: 9
    Random state: 107473
    N-splits: 5
    Include climate: False
    Climate vars: rcf
    

Begin with paramters:
    F1: landsat-c2-l2_bands-r-g-b-nir-swir16-swir22_ZMB_20k-points_1024-features_yr-2009-2021_mn-1-12_lm-False_cm-True_wa-False_summary.feather
    F2: sentinel-2-l2a_bands-2-3-4-8_ZMB_15k-points_1000-features_yr-2016-2022_mn-1-12_lm-False_cm-True_wa-False_summary.feather
    One-hot encoding: True
    Anomaly: False
    Split: 9
    Random state: 107473
    N-splits: 5
    Include climate: False
    Climate vars: rcf
    

Begin with paramters:
    F1: landsat-c2-l2_bands-r-g-b-nir-swir16-swir22_ZMB_20k-points_1024-features_yr-2009-2021_mn-1-12_lm-False_cm-True_wa-False_summary.feather
    F2: sentinel-2-l2a_bands-2-3-4-8_ZMB_15k-points_1000-features_yr-2016-2022_mn-1-12_lm-False_cm-True_wa-True_summary.feather
    One-hot encoding: True
    Anomaly: False
    Split: 1
    Random state: 116739
    N-splits: 5
    Include climate: False
    Climate vars: rcf
    

Begin with paramters:
    F1: landsat-c2-l2_bands-r-g-b-nir-swir16-swir22_ZMB_20k-points_1024-features_yr-2009-2021_mn-1-12_lm-False_cm-True_wa-False_summary.feather
    F2: sentinel-2-l2a_bands-2-3-4-8_ZMB_15k-points_1000-features_yr-2016-2022_mn-1-12_lm-False_cm-True_wa-False_summary.feather
    One-hot encoding: True
    Anomaly: False
    Split: 8
    Random state: 772246
    N-splits: 5
    Include climate: False
    Climate vars: rcf
    

Begin with paramters:
    F1: landsat-c2-l2_bands-r-g-b-nir-swir16-swir22_ZMB_20k-points_1024-features_yr-2009-2021_mn-1-12_lm-False_cm-True_wa-False_summary.feather
    F2: sentinel-2-l2a_bands-2-3-4-8_ZMB_15k-points_1000-features_yr-2016-2022_mn-1-12_lm-False_cm-True_wa-True_summary.feather
    One-hot encoding: True
    Anomaly: False
    Split: 3
    Random state: 777572
    N-splits: 5
    Include climate: False
    Climate vars: rcf
    

Begin with paramters:
    F1: landsat-c2-l2_bands-r-g-b-nir-swir16-swir22_ZMB_20k-points_1024-features_yr-2009-2021_mn-1-12_lm-False_cm-True_wa-False_summary.feather
    F2: sentinel-2-l2a_bands-2-3-4_ZMB_15k-points_1000-features_yr-2016-2022_mn-1-12_lm-False_cm-True_wa-False_summary.feather
    One-hot encoding: True
    Anomaly: False
    Split: 1
    Random state: 116739
    N-splits: 5
    Include climate: False
    Climate vars: rcf
    

Begin with paramters:
    F1: landsat-c2-l2_bands-r-g-b-nir-swir16-swir22_ZMB_20k-points_1024-features_yr-2009-2021_mn-1-12_lm-False_cm-True_wa-False_summary.feather
    F2: sentinel-2-l2a_bands-2-3-4-8_ZMB_15k-points_1000-features_yr-2016-2022_mn-1-12_lm-False_cm-True_wa-True_summary.feather
    One-hot encoding: True
    Anomaly: False
    Split: 0
    Random state: 670487
    N-splits: 5
    Include climate: False
    Climate vars: rcf
    

Begin with paramters:
    F1: landsat-c2-l2_bands-r-g-b-nir-swir16-swir22_ZMB_20k-points_1024-features_yr-2009-2021_mn-1-12_lm-False_cm-True_wa-False_summary.feather
    F2: sentinel-2-l2a_bands-2-3-4-8_ZMB_15k-points_1000-features_yr-2016-2022_mn-1-12_lm-False_cm-True_wa-True_summary.feather
    One-hot encoding: True
    Anomaly: False
    Split: 8
    Random state: 772246
    N-splits: 5
    Include climate: False
    Climate vars: rcf
    

Begin with paramters:
    F1: landsat-c2-l2_bands-r-g-b-nir-swir16-swir22_ZMB_20k-points_1024-features_yr-2009-2021_mn-1-12_lm-False_cm-True_wa-False_summary.feather
    F2: sentinel-2-l2a_bands-2-3-4_ZMB_15k-points_1000-features_yr-2016-2022_mn-1-12_lm-False_cm-True_wa-False_summary.feather
    One-hot encoding: True
    Anomaly: False
    Split: 2
    Random state: 26225
    N-splits: 5
    Include climate: False
    Climate vars: rcf
    

Begin with paramters:
    F1: landsat-c2-l2_bands-r-g-b-nir-swir16-swir22_ZMB_20k-points_1024-features_yr-2009-2021_mn-1-12_lm-False_cm-True_wa-False_summary.feather
    F2: sentinel-2-l2a_bands-2-3-4_ZMB_15k-points_1000-features_yr-2016-2022_mn-1-12_lm-False_cm-True_wa-False_summary.feather
    One-hot encoding: True
    Anomaly: False
    Split: 3
    Random state: 777572
    N-splits: 5
    Include climate: False
    Climate vars: rcf
    

Begin with paramters:
    F1: landsat-c2-l2_bands-r-g-b-nir-swir16-swir22_ZMB_20k-points_1024-features_yr-2009-2021_mn-1-12_lm-False_cm-True_wa-False_summary.feather
    F2: sentinel-2-l2a_bands-2-3-4_ZMB_15k-points_1000-features_yr-2016-2022_mn-1-12_lm-False_cm-True_wa-False_summary.feather
    One-hot encoding: True
    Anomaly: False
    Split: 4
    Random state: 288389
    N-splits: 5
    Include climate: False
    Climate vars: rcf
    

Begin with paramters:
    F1: landsat-c2-l2_bands-r-g-b-nir-swir16-swir22_ZMB_20k-points_1024-features_yr-2009-2021_mn-1-12_lm-False_cm-True_wa-False_summary.feather
    F2: sentinel-2-l2a_bands-2-3-4_ZMB_15k-points_1000-features_yr-2016-2022_mn-1-12_lm-False_cm-True_wa-False_summary.feather
    One-hot encoding: True
    Anomaly: False
    Split: 7
    Random state: 146316
    N-splits: 5
    Include climate: False
    Climate vars: rcf
    

Begin with paramters:
    F1: landsat-c2-l2_bands-r-g-b-nir-swir16-swir22_ZMB_20k-points_1024-features_yr-2009-2021_mn-1-12_lm-False_cm-True_wa-False_summary.feather
    F2: sentinel-2-l2a_bands-2-3-4_ZMB_15k-points_1000-features_yr-2016-2022_mn-1-12_lm-False_cm-True_wa-False_summary.feather
    One-hot encoding: True
    Anomaly: False
    Split: 5
    Random state: 256787
    N-splits: 5
    Include climate: False
    Climate vars: rcf
    

Begin with paramters:
    F1: landsat-c2-l2_bands-r-g-b-nir-swir16-swir22_ZMB_20k-points_1024-features_yr-2009-2021_mn-1-12_lm-False_cm-True_wa-False_summary.feather
    F2: sentinel-2-l2a_bands-2-3-4_ZMB_15k-points_1000-features_yr-2016-2022_mn-1-12_lm-False_cm-True_wa-False_summary.feather
    One-hot encoding: True
    Anomaly: False
    Split: 6
    Random state: 234053
    N-splits: 5
    Include climate: False
    Climate vars: rcf
    

Begin with paramters:
    F1: landsat-c2-l2_bands-r-g-b-nir-swir16-swir22_ZMB_20k-points_1024-features_yr-2009-2021_mn-1-12_lm-False_cm-True_wa-False_summary.feather
    F2: sentinel-2-l2a_bands-2-3-4_ZMB_15k-points_1000-features_yr-2016-2022_mn-1-12_lm-False_cm-True_wa-True_summary.feather
    One-hot encoding: True
    Anomaly: False
    Split: 1
    Random state: 116739
    N-splits: 5
    Include climate: False
    Climate vars: rcf
    

Begin with paramters:
    F1: landsat-c2-l2_bands-r-g-b-nir-swir16-swir22_ZMB_20k-points_1024-features_yr-2009-2021_mn-1-12_lm-False_cm-True_wa-False_summary.feather
    F2: sentinel-2-l2a_bands-2-3-4_ZMB_15k-points_1000-features_yr-2016-2022_mn-1-12_lm-False_cm-True_wa-False_summary.feather
    One-hot encoding: True
    Anomaly: False
    Split: 9
    Random state: 107473
    N-splits: 5
    Include climate: False
    Climate vars: rcf
    

Begin with paramters:
    F1: landsat-c2-l2_bands-r-g-b-nir-swir16-swir22_ZMB_20k-points_1024-features_yr-2009-2021_mn-1-12_lm-False_cm-True_wa-False_summary.feather
    F2: sentinel-2-l2a_bands-2-3-4_ZMB_15k-points_1000-features_yr-2016-2022_mn-1-12_lm-False_cm-True_wa-True_summary.feather
    One-hot encoding: True
    Anomaly: False
    Split: 2
    Random state: 26225
    N-splits: 5
    Include climate: False
    Climate vars: rcf
    

Begin with paramters:
    F1: landsat-c2-l2_bands-r-g-b-nir-swir16-swir22_ZMB_20k-points_1024-features_yr-2009-2021_mn-1-12_lm-False_cm-True_wa-False_summary.feather
    F2: sentinel-2-l2a_bands-2-3-4_ZMB_15k-points_1000-features_yr-2016-2022_mn-1-12_lm-False_cm-True_wa-True_summary.feather
    One-hot encoding: True
    Anomaly: False
    Split: 3
    Random state: 777572
    N-splits: 5
    Include climate: False
    Climate vars: rcf
    

Begin with paramters:
    F1: landsat-c2-l2_bands-r-g-b-nir-swir16-swir22_ZMB_20k-points_1024-features_yr-2009-2021_mn-1-12_lm-False_cm-True_wa-False_summary.feather
    F2: sentinel-2-l2a_bands-2-3-4_ZMB_15k-points_1000-features_yr-2016-2022_mn-1-12_lm-False_cm-True_wa-False_summary.feather
    One-hot encoding: True
    Anomaly: False
    Split: 8
    Random state: 772246
    N-splits: 5
    Include climate: False
    Climate vars: rcf
    

Begin with paramters:
    F1: landsat-c2-l2_bands-r-g-b-nir-swir16-swir22_ZMB_20k-points_1024-features_yr-2009-2021_mn-1-12_lm-False_cm-True_wa-False_summary.feather
    F2: sentinel-2-l2a_bands-2-3-4_ZMB_15k-points_1000-features_yr-2016-2022_mn-1-12_lm-False_cm-True_wa-True_summary.feather
    One-hot encoding: True
    Anomaly: False
    Split: 4
    Random state: 288389
    N-splits: 5
    Include climate: False
    Climate vars: rcf
    

Begin with paramters:
    F1: landsat-c2-l2_bands-r-g-b-nir-swir16-swir22_ZMB_20k-points_1024-features_yr-2009-2021_mn-1-12_lm-False_cm-True_wa-False_summary.feather
    F2: sentinel-2-l2a_bands-2-3-4_ZMB_15k-points_1000-features_yr-2016-2022_mn-1-12_lm-False_cm-True_wa-True_summary.feather
    One-hot encoding: True
    Anomaly: False
    Split: 7
    Random state: 146316
    N-splits: 5
    Include climate: False
    Climate vars: rcf
    

Begin with paramters:
    F1: landsat-c2-l2_bands-r-g-b-nir-swir16-swir22_ZMB_20k-points_1024-features_yr-2009-2021_mn-1-12_lm-False_cm-True_wa-False_summary.feather
    F2: sentinel-2-l2a_bands-2-3-4_ZMB_15k-points_1000-features_yr-2016-2022_mn-1-12_lm-False_cm-True_wa-True_summary.feather
    One-hot encoding: True
    Anomaly: False
    Split: 6
    Random state: 234053
    N-splits: 5
    Include climate: False
    Climate vars: rcf
    

Begin with paramters:
    F1: landsat-c2-l2_bands-r-g-b-nir-swir16-swir22_ZMB_20k-points_1024-features_yr-2009-2021_mn-1-12_lm-False_cm-True_wa-False_summary.feather
    F2: sentinel-2-l2a_bands-2-3-4_ZMB_15k-points_1000-features_yr-2016-2022_mn-1-12_lm-False_cm-True_wa-True_summary.feather
    One-hot encoding: True
    Anomaly: False
    Split: 0
    Random state: 670487
    N-splits: 5
    Include climate: False
    Climate vars: rcf
    

Begin with paramters:
    F1: landsat-c2-l2_bands-r-g-b-nir-swir16-swir22_ZMB_20k-points_1024-features_yr-2009-2021_mn-1-12_lm-False_cm-True_wa-False_summary.feather
    F2: sentinel-2-l2a_bands-2-3-4_ZMB_15k-points_1000-features_yr-2016-2022_mn-1-12_lm-False_cm-True_wa-True_summary.feather
    One-hot encoding: True
    Anomaly: False
    Split: 5
    Random state: 256787
    N-splits: 5
    Include climate: False
    Climate vars: rcf
    

Begin with paramters:
    F1: landsat-c2-l2_bands-r-g-b-nir-swir16-swir22_ZMB_20k-points_1024-features_yr-2009-2021_mn-1-12_lm-False_cm-True_wa-False_summary.feather
    F2: sentinel-2-l2a_bands-2-3-4_ZMB_15k-points_1000-features_yr-2016-2022_mn-1-12_lm-False_cm-True_wa-True_summary.feather
    One-hot encoding: True
    Anomaly: False
    Split: 9
    Random state: 107473
    N-splits: 5
    Include climate: False
    Climate vars: rcf
    

Begin with paramters:
    F1: landsat-c2-l2_bands-r-g-b-nir-swir16-swir22_ZMB_20k-points_1024-features_yr-2009-2021_mn-1-12_lm-False_cm-True_wa-False_summary.feather
    F2: sentinel-2-l2a_bands-2-3-4_ZMB_15k-points_1000-features_yr-2016-2022_mn-1-12_lm-False_cm-True_wa-True_summary.feather
    One-hot encoding: True
    Anomaly: False
    Split: 8
    Random state: 772246
    N-splits: 5
    Include climate: False
    Climate vars: rcf
    

Begin with paramters:
    F1: landsat-c2-l2_bands-r-g-b-nir-swir16-swir22_ZMB_20k-points_1024-features_yr-2009-2021_mn-1-12_lm-False_cm-True_wa-False_summary.feather
    F2: sentinel-2-l2a_bands-2-3-4_ZMB_20k-points_1000-features_yr-2016-2022_mn-1-12_lm-False_cm-True_wa-False_summary.feather
    One-hot encoding: True
    Anomaly: False
    Split: 1
    Random state: 116739
    N-splits: 5
    Include climate: False
    Climate vars: rcf
    

Begin with paramters:
    F1: landsat-c2-l2_bands-r-g-b-nir-swir16-swir22_ZMB_20k-points_1024-features_yr-2009-2021_mn-1-12_lm-False_cm-True_wa-False_summary.feather
    F2: sentinel-2-l2a_bands-2-3-4_ZMB_20k-points_1000-features_yr-2016-2022_mn-1-12_lm-False_cm-True_wa-False_summary.feather
    One-hot encoding: True
    Anomaly: False
    Split: 0
    Random state: 670487
    N-splits: 5
    Include climate: False
    Climate vars: rcf
    

Begin with paramters:
    F1: landsat-c2-l2_bands-r-g-b-nir-swir16-swir22_ZMB_20k-points_1024-features_yr-2009-2021_mn-1-12_lm-False_cm-True_wa-False_summary.feather
    F2: sentinel-2-l2a_bands-2-3-4_ZMB_20k-points_1000-features_yr-2016-2022_mn-1-12_lm-False_cm-True_wa-False_summary.feather
    One-hot encoding: True
    Anomaly: False
    Split: 2
    Random state: 26225
    N-splits: 5
    Include climate: False
    Climate vars: rcf
    

Begin with paramters:
    F1: landsat-c2-l2_bands-r-g-b-nir-swir16-swir22_ZMB_20k-points_1024-features_yr-2009-2021_mn-1-12_lm-False_cm-True_wa-False_summary.feather
    F2: sentinel-2-l2a_bands-2-3-4_ZMB_20k-points_1000-features_yr-2016-2022_mn-1-12_lm-False_cm-True_wa-False_summary.feather
    One-hot encoding: True
    Anomaly: False
    Split: 5
    Random state: 256787
    N-splits: 5
    Include climate: False
    Climate vars: rcf
    

Begin with paramters:
    F1: landsat-c2-l2_bands-r-g-b-nir-swir16-swir22_ZMB_20k-points_1024-features_yr-2009-2021_mn-1-12_lm-False_cm-True_wa-False_summary.feather
    F2: sentinel-2-l2a_bands-2-3-4_ZMB_20k-points_1000-features_yr-2016-2022_mn-1-12_lm-False_cm-True_wa-False_summary.feather
    One-hot encoding: True
    Anomaly: False
    Split: 4
    Random state: 288389
    N-splits: 5
    Include climate: False
    Climate vars: rcf
    

Begin with paramters:
    F1: landsat-c2-l2_bands-r-g-b-nir-swir16-swir22_ZMB_20k-points_1024-features_yr-2009-2021_mn-1-12_lm-False_cm-True_wa-False_summary.feather
    F2: sentinel-2-l2a_bands-2-3-4_ZMB_20k-points_1000-features_yr-2016-2022_mn-1-12_lm-False_cm-True_wa-False_summary.feather
    One-hot encoding: True
    Anomaly: False
    Split: 3
    Random state: 777572
    N-splits: 5
    Include climate: False
    Climate vars: rcf
    

Begin with paramters:
    F1: landsat-c2-l2_bands-r-g-b-nir-swir16-swir22_ZMB_20k-points_1024-features_yr-2009-2021_mn-1-12_lm-False_cm-True_wa-False_summary.feather
    F2: sentinel-2-l2a_bands-2-3-4_ZMB_20k-points_1000-features_yr-2016-2022_mn-1-12_lm-False_cm-True_wa-False_summary.feather
    One-hot encoding: True
    Anomaly: False
    Split: 7
    Random state: 146316
    N-splits: 5
    Include climate: False
    Climate vars: rcf
    

Begin with paramters:
    F1: landsat-c2-l2_bands-r-g-b-nir-swir16-swir22_ZMB_20k-points_1024-features_yr-2009-2021_mn-1-12_lm-False_cm-True_wa-False_summary.feather
    F2: sentinel-2-l2a_bands-2-3-4_ZMB_20k-points_1000-features_yr-2016-2022_mn-1-12_lm-False_cm-True_wa-False_summary.feather
    One-hot encoding: True
    Anomaly: False
    Split: 6
    Random state: 234053
    N-splits: 5
    Include climate: False
    Climate vars: rcf
    

Begin with paramters:
    F1: landsat-c2-l2_bands-r-g-b-nir-swir16-swir22_ZMB_20k-points_1024-features_yr-2009-2021_mn-1-12_lm-False_cm-True_wa-False_summary.feather
    F2: sentinel-2-l2a_bands-2-3-4_ZMB_20k-points_1000-features_yr-2016-2022_mn-1-12_lm-False_cm-True_wa-False_summary.feather
    One-hot encoding: True
    Anomaly: False
    Split: 8
    Random state: 772246
    N-splits: 5
    Include climate: False
    Climate vars: rcf
    

Begin with paramters:
    F1: landsat-c2-l2_bands-r-g-b-nir-swir16-swir22_ZMB_20k-points_1024-features_yr-2009-2021_mn-1-12_lm-False_cm-True_wa-False_summary.feather
    F2: sentinel-2-l2a_bands-2-3-4_ZMB_20k-points_1000-features_yr-2016-2022_mn-1-12_lm-False_cm-True_wa-False_summary.feather
    One-hot encoding: True
    Anomaly: False
    Split: 9
    Random state: 107473
    N-splits: 5
    Include climate: False
    Climate vars: rcf
    

Begin with paramters:
    F1: landsat-c2-l2_bands-r-g-b-nir-swir16-swir22_ZMB_20k-points_1024-features_yr-2009-2021_mn-1-12_lm-False_cm-True_wa-False_summary.feather
    F2: sentinel-2-l2a_bands-2-3-4_ZMB_20k-points_1000-features_yr-2016-2022_mn-1-12_lm-False_cm-True_wa-True_summary.feather
    One-hot encoding: True
    Anomaly: False
    Split: 2
    Random state: 26225
    N-splits: 5
    Include climate: False
    Climate vars: rcf
    

Begin with paramters:
    F1: landsat-c2-l2_bands-r-g-b-nir-swir16-swir22_ZMB_20k-points_1024-features_yr-2009-2021_mn-1-12_lm-False_cm-True_wa-False_summary.feather
    F2: sentinel-2-l2a_bands-2-3-4_ZMB_20k-points_1000-features_yr-2016-2022_mn-1-12_lm-False_cm-True_wa-True_summary.feather
    One-hot encoding: True
    Anomaly: False
    Split: 3
    Random state: 777572
    N-splits: 5
    Include climate: False
    Climate vars: rcf
    

Begin with paramters:
    F1: landsat-c2-l2_bands-r-g-b-nir-swir16-swir22_ZMB_20k-points_1024-features_yr-2009-2021_mn-1-12_lm-False_cm-True_wa-False_summary.feather
    F2: sentinel-2-l2a_bands-2-3-4_ZMB_20k-points_1000-features_yr-2016-2022_mn-1-12_lm-False_cm-True_wa-True_summary.feather
    One-hot encoding: True
    Anomaly: False
    Split: 0
    Random state: 670487
    N-splits: 5
    Include climate: False
    Climate vars: rcf
    

Begin with paramters:
    F1: landsat-c2-l2_bands-r-g-b-nir-swir16-swir22_ZMB_20k-points_1024-features_yr-2009-2021_mn-1-12_lm-False_cm-True_wa-False_summary.feather
    F2: sentinel-2-l2a_bands-2-3-4_ZMB_20k-points_1000-features_yr-2016-2022_mn-1-12_lm-False_cm-True_wa-True_summary.feather
    One-hot encoding: True
    Anomaly: False
    Split: 1
    Random state: 116739
    N-splits: 5
    Include climate: False
    Climate vars: rcf
    

Begin with paramters:
    F1: landsat-c2-l2_bands-r-g-b-nir-swir16-swir22_ZMB_20k-points_1024-features_yr-2009-2021_mn-1-12_lm-False_cm-True_wa-False_summary.feather
    F2: sentinel-2-l2a_bands-2-3-4_ZMB_20k-points_1000-features_yr-2016-2022_mn-1-12_lm-False_cm-True_wa-True_summary.feather
    One-hot encoding: True
    Anomaly: False
    Split: 7
    Random state: 146316
    N-splits: 5
    Include climate: False
    Climate vars: rcf
    

Begin with paramters:
    F1: landsat-c2-l2_bands-r-g-b-nir-swir16-swir22_ZMB_20k-points_1024-features_yr-2009-2021_mn-1-12_lm-False_cm-True_wa-False_summary.feather
    F2: sentinel-2-l2a_bands-2-3-4_ZMB_20k-points_1000-features_yr-2016-2022_mn-1-12_lm-False_cm-True_wa-True_summary.feather
    One-hot encoding: True
    Anomaly: False
    Split: 5
    Random state: 256787
    N-splits: 5
    Include climate: False
    Climate vars: rcf
    

Begin with paramters:
    F1: landsat-c2-l2_bands-r-g-b-nir-swir16-swir22_ZMB_20k-points_1024-features_yr-2009-2021_mn-1-12_lm-False_cm-True_wa-False_summary.feather
    F2: sentinel-2-l2a_bands-2-3-4_ZMB_20k-points_1000-features_yr-2016-2022_mn-1-12_lm-False_cm-True_wa-True_summary.feather
    One-hot encoding: True
    Anomaly: False
    Split: 4
    Random state: 288389
    N-splits: 5
    Include climate: False
    Climate vars: rcf
    

Begin with paramters:
    F1: landsat-c2-l2_bands-r-g-b-nir-swir16-swir22_ZMB_20k-points_1024-features_yr-2009-2021_mn-1-12_lm-False_cm-True_wa-False_summary.feather
    F2: sentinel-2-l2a_bands-2-3-4_ZMB_20k-points_1000-features_yr-2016-2022_mn-1-12_lm-False_cm-True_wa-True_summary.feather
    One-hot encoding: True
    Anomaly: False
    Split: 8
    Random state: 772246
    N-splits: 5
    Include climate: False
    Climate vars: rcf
    

Begin with paramters:
    F1: landsat-c2-l2_bands-r-g-b-nir-swir16-swir22_ZMB_20k-points_1024-features_yr-2009-2021_mn-1-12_lm-False_cm-True_wa-False_summary.feather
    F2: sentinel-2-l2a_bands-2-3-4_ZMB_20k-points_1000-features_yr-2016-2022_mn-1-12_lm-False_cm-True_wa-True_summary.feather
    One-hot encoding: True
    Anomaly: False
    Split: 9
    Random state: 107473
    N-splits: 5
    Include climate: False
    Climate vars: rcf
    

Begin with paramters:
    F1: landsat-c2-l2_bands-r-g-b-nir-swir16-swir22_ZMB_20k-points_1024-features_yr-2009-2021_mn-1-12_lm-False_cm-True_wa-False_summary.feather
    F2: sentinel-2-l2a_bands-2-3-4_ZMB_20k-points_1000-features_yr-2016-2022_mn-1-12_lm-False_cm-True_wa-True_summary.feather
    One-hot encoding: True
    Anomaly: False
    Split: 6
    Random state: 234053
    N-splits: 5
    Include climate: False
    Climate vars: rcf
    
Group indicies [0, 12288, 24288]
		  [12288, 24288, 24357]

Group indicies [0, 12288, 24288]
		  [12288, 24288, 24357]

Group indicies [0, 12288, 24288]
		  [12288, 24288, 24357]

Group indicies [0, 12288, 24288]
		  [12288, 24288, 24357]

Group indicies [0, 12288, 24288]
		  [12288, 24288, 24357]

Group indicies [0, 12288, 24288]
		  [12288, 24288, 24357]

Group indicies [0, 12288, 24288]
		  [12288, 24288, 24357]

Group indicies [0, 12288, 24288]
		  [12288, 24288, 24357]

Group indicies [0, 12288, 24288]
		  [12288, 24288, 24357]

Group indicies [0, 12288, 24288]
		  [12288, 24288, 24357]

Group indicies [0, 12288, 24288]
		  [12288, 24288, 24357]

Group indicies [0, 12288, 24288]
		  [12288, 24288, 24357]

Group indicies [0, 12288, 24288]
		  [12288, 24288, 24357]

Group indicies [0, 12288, 24288]
		  [12288, 24288, 24357]

Group indicies [0, 12288, 24288]
		  [12288, 24288, 24357]

Group indicies [0, 12288, 24288]
		  [12288, 24288, 24357]

Group indicies [0, 12288, 24288]
		  [12288, 24288, 24357]

Group indicies [0, 12288, 24288]
		  [12288, 24288, 24357]

Group indicies [0, 12288, 24288]
		  [12288, 24288, 24357]

Group indicies [0, 12288, 24288]
		  [12288, 24288, 24357]

Group indicies [0, 12288, 24288]
		  [12288, 24288, 24357]

Group indicies [0, 12288, 24288]
		  [12288, 24288, 24357]

Group indicies [0, 12288, 24288]
		  [12288, 24288, 24357]

Group indicies [0, 12288, 24288]
		  [12288, 24288, 24357]

Group indicies [0, 12288, 24288]
		  [12288, 24288, 24357]

Group indicies [0, 12288, 24288]
		  [12288, 24288, 24357]

Group indicies [0, 12288, 24288]
		  [12288, 24288, 24357]

Group indicies [0, 12288, 24288]
		  [12288, 24288, 24357]

Group indicies [0, 12288, 24288]
		  [12288, 24288, 24357]

Group indicies [0, 12288, 24288]
		  [12288, 24288, 24357]

Group indicies [0, 12288, 24288]
		  [12288, 24288, 24357]

Group indicies [0, 12288, 24288]
		  [12288, 24288, 24357]

Group indicies [0, 12288, 24288]
		  [12288, 24288, 24357]

Group indicies [0, 12288, 24288]
		  [12288, 24288, 24357]

Group indicies [0, 12288, 24288]
		  [12288, 24288, 24357]

Group indicies [0, 12288, 24288]
		  [12288, 24288, 24357]

Group indicies [0, 12288, 24288]
		  [12288, 24288, 24357]

Group indicies [0, 12288, 24288]
		  [12288, 24288, 24357]

Group indicies [0, 12288, 24288]
		  [12288, 24288, 24357]

Group indicies [0, 12288, 24288]
		  [12288, 24288, 24357]

Group indicies [0, 12288, 24288]
		  [12288, 24288, 24357]

Group indicies [0, 12288, 24288]
		  [12288, 24288, 24357]

Group indicies [0, 12288, 24288]
		  [12288, 24288, 24357]

Group indicies [0, 12288, 24288]
		  [12288, 24288, 24357]

Group indicies [0, 12288, 24288]
		  [12288, 24288, 24357]

Group indicies [0, 12288, 24288]
		  [12288, 24288, 24357]

Group indicies [0, 12288, 24288]
		  [12288, 24288, 24357]

Group indicies [0, 12288, 24288]
		  [12288, 24288, 24357]

Group indicies [0, 12288, 24288]
		  [12288, 24288, 24357]

Group indicies [0, 12288, 24288]
		  [12288, 24288, 24357]

Group indicies [0, 12288, 24288]
		  [12288, 24288, 24357]

Group indicies [0, 12288, 24288]
		  [12288, 24288, 24357]

Group indicies [0, 12288, 24288]
		  [12288, 24288, 24357]

Group indicies [0, 12288, 24288]
		  [12288, 24288, 24357]

Group indicies [0, 12288, 24288]
		  [12288, 24288, 24357]

Group indicies [0, 12288, 24288]
		  [12288, 24288, 24357]

Group indicies [0, 12288, 24288]
		  [12288, 24288, 24357]

Group indicies [0, 12288, 24288]
		  [12288, 24288, 24357]

Group indicies [0, 12288, 24288]
		  [12288, 24288, 24357]

Group indicies [0, 12288, 24288]
		  [12288, 24288, 24357]

--------------------------------------------------------------------------
Primary job  terminated normally, but 1 process returned
a non-zero exit code. Per user-direction, the job has been aborted.
--------------------------------------------------------------------------
--------------------------------------------------------------------------
mpirun noticed that process rank 9 with PID 361571 on node node17 exited on signal 9 (Killed).
--------------------------------------------------------------------------
