
Begin with paramters:
    F1: landsat-8-c2-l2_bands-1-2-3-4-5-6-7_ZMB_15k-points_1000-features_yr-2014-2021_mn-1-12_lm-False_cm-True_wa-False_summary.feather
    F2: sentinel-2-l2a_bands-2-3-4_ZMB_4k-points_1000-features_yr-2016-2022_mn-1-12_lm-False_cm-True_wa-False_summary.feather
    One-hot encoding: False
    Anomaly: True
    Split: 0
    Random state: 670487
    N-splits: 5
    Include climate: False
    Climate vars: rcf
    

Begin with paramters:
    F1: landsat-8-c2-l2_bands-1-2-3-4-5-6-7_ZMB_15k-points_1000-features_yr-2014-2021_mn-1-12_lm-False_cm-True_wa-False_summary.feather
    F2: sentinel-2-l2a_bands-2-3-4_ZMB_4k-points_1000-features_yr-2016-2022_mn-1-12_lm-False_cm-True_wa-False_summary.feather
    One-hot encoding: False
    Anomaly: True
    Split: 1
    Random state: 116739
    N-splits: 5
    Include climate: False
    Climate vars: rcf
    

Begin with paramters:
    F1: landsat-8-c2-l2_bands-1-2-3-4-5-6-7_ZMB_15k-points_1000-features_yr-2014-2021_mn-1-12_lm-False_cm-True_wa-False_summary.feather
    F2: sentinel-2-l2a_bands-2-3-4_ZMB_4k-points_1000-features_yr-2016-2022_mn-1-12_lm-False_cm-True_wa-False_summary.feather
    One-hot encoding: False
    Anomaly: True
    Split: 2
    Random state: 26225
    N-splits: 5
    Include climate: False
    Climate vars: rcf
    

Begin with paramters:
    F1: landsat-8-c2-l2_bands-1-2-3-4-5-6-7_ZMB_15k-points_1000-features_yr-2014-2021_mn-1-12_lm-False_cm-True_wa-False_summary.feather
    F2: sentinel-2-l2a_bands-2-3-4_ZMB_4k-points_1000-features_yr-2016-2022_mn-1-12_lm-False_cm-True_wa-False_summary.feather
    One-hot encoding: False
    Anomaly: True
    Split: 3
    Random state: 777572
    N-splits: 5
    Include climate: False
    Climate vars: rcf
    

Begin with paramters:
    F1: landsat-8-c2-l2_bands-1-2-3-4-5-6-7_ZMB_15k-points_1000-features_yr-2014-2021_mn-1-12_lm-False_cm-True_wa-False_summary.feather
    F2: sentinel-2-l2a_bands-2-3-4_ZMB_4k-points_1000-features_yr-2016-2022_mn-1-12_lm-False_cm-True_wa-False_summary.feather
    One-hot encoding: False
    Anomaly: True
    Split: 4
    Random state: 288389
    N-splits: 5
    Include climate: False
    Climate vars: rcf
    

Begin with paramters:
    F1: landsat-8-c2-l2_bands-1-2-3-4-5-6-7_ZMB_15k-points_1000-features_yr-2014-2021_mn-1-12_lm-False_cm-True_wa-False_summary.feather
    F2: sentinel-2-l2a_bands-2-3-4_ZMB_4k-points_1000-features_yr-2016-2022_mn-1-12_lm-False_cm-True_wa-False_summary.feather
    One-hot encoding: False
    Anomaly: True
    Split: 5
    Random state: 256787
    N-splits: 5
    Include climate: False
    Climate vars: rcf
    

Begin with paramters:
    F1: landsat-8-c2-l2_bands-1-2-3-4-5-6-7_ZMB_15k-points_1000-features_yr-2014-2021_mn-1-12_lm-False_cm-True_wa-False_summary.feather
    F2: sentinel-2-l2a_bands-2-3-4_ZMB_4k-points_1000-features_yr-2016-2022_mn-1-12_lm-False_cm-True_wa-False_summary.feather
    One-hot encoding: False
    Anomaly: True
    Split: 6
    Random state: 234053
    N-splits: 5
    Include climate: False
    Climate vars: rcf
    

Begin with paramters:
    F1: landsat-8-c2-l2_bands-1-2-3-4-5-6-7_ZMB_15k-points_1000-features_yr-2014-2021_mn-1-12_lm-False_cm-True_wa-False_summary.feather
    F2: sentinel-2-l2a_bands-2-3-4_ZMB_4k-points_1000-features_yr-2016-2022_mn-1-12_lm-False_cm-True_wa-False_summary.feather
    One-hot encoding: False
    Anomaly: True
    Split: 7
    Random state: 146316
    N-splits: 5
    Include climate: False
    Climate vars: rcf
    

Begin with paramters:
    F1: landsat-8-c2-l2_bands-1-2-3-4-5-6-7_ZMB_15k-points_1000-features_yr-2014-2021_mn-1-12_lm-False_cm-True_wa-False_summary.feather
    F2: sentinel-2-l2a_bands-2-3-4_ZMB_4k-points_1000-features_yr-2016-2022_mn-1-12_lm-False_cm-True_wa-False_summary.feather
    One-hot encoding: False
    Anomaly: True
    Split: 8
    Random state: 772246
    N-splits: 5
    Include climate: False
    Climate vars: rcf
    

Begin with paramters:
    F1: landsat-8-c2-l2_bands-1-2-3-4-5-6-7_ZMB_15k-points_1000-features_yr-2014-2021_mn-1-12_lm-False_cm-True_wa-False_summary.feather
    F2: sentinel-2-l2a_bands-2-3-4_ZMB_4k-points_1000-features_yr-2016-2022_mn-1-12_lm-False_cm-True_wa-False_summary.feather
    One-hot encoding: False
    Anomaly: True
    Split: 9
    Random state: 107473
    N-splits: 5
    Include climate: False
    Climate vars: rcf
    
Group indicies [0, 12000]
		  [12000, 24000]

Group indicies [0, 12000]
		  [12000, 24000]

Group indicies [0, 12000]
		  [12000, 24000]

Group indicies [0, 12000]
		  [12000, 24000]

Group indicies [0, 12000]
		  [12000, 24000]

Group indicies [0, 12000]
		  [12000, 24000]

Group indicies [0, 12000]
		  [12000, 24000]

Group indicies [0, 12000]
		  [12000, 24000]

Group indicies [0, 12000]
		  [12000, 24000]

Group indicies [0, 12000]
		  [12000, 24000]


	Best λ: 1.0
	Val R2: 0.6661


	Best λ: 1.0
	Val R2: 0.5469


	Best λ: 1.0
	Val R2: 0.6661


	Best λ: 10.0
	Val R2: 0.6836


	Best λ: 10.0
	Val R2: 0.4501


	Best λ: 1.0
	Val R2: 0.5469


Finish:
    F1: landsat-8-c2-l2_bands-1-2-3-4-5-6-7_ZMB_15k-points_1000-features_yr-2014-2021_mn-1-12_lm-False_cm-True_wa-False_summary.feather
    F2: sentinel-2-l2a_bands-2-3-4_ZMB_4k-points_1000-features_yr-2016-2022_mn-1-12_lm-False_cm-True_wa-False_summary.feather
    One-hot encoding: False
    Anomaly: True
    Split: 9
    Random state: 107473
    N-splits: 5
    Include climate: False
    Climate vars: rcf
    Final Val R2:  0.6674 
    Final Test R2: 0.8431
    Total time: 23.38 minutes
    

Finish:
    F1: landsat-8-c2-l2_bands-1-2-3-4-5-6-7_ZMB_15k-points_1000-features_yr-2014-2021_mn-1-12_lm-False_cm-True_wa-False_summary.feather
    F2: sentinel-2-l2a_bands-2-3-4_ZMB_4k-points_1000-features_yr-2016-2022_mn-1-12_lm-False_cm-True_wa-False_summary.feather
    One-hot encoding: False
    Anomaly: True
    Split: 8
    Random state: 772246
    N-splits: 5
    Include climate: False
    Climate vars: rcf
    Final Val R2:  0.5708 
    Final Test R2: 0.6879
    Total time: 27.41 minutes
    

	Best λ: 100.0
	Val R2: 0.6203


	Best λ: 10.0
	Val R2: 0.6162


	Best λ: 10.0
	Val R2: 0.6398


	Best λ: 10.0
	Val R2: 0.5938


	Best λ: 10.0
	Val R2: 0.6085


	Best λ: 10.0
	Val R2: 0.6205


	Best λ: 1.0
	Val R2: 0.6836


	Best λ: 1.0
	Val R2: 0.4501


	Best λ: 1.0
	Val R2: 0.6203


Finish:
    F1: landsat-8-c2-l2_bands-1-2-3-4-5-6-7_ZMB_15k-points_1000-features_yr-2014-2021_mn-1-12_lm-False_cm-True_wa-False_summary.feather
    F2: sentinel-2-l2a_bands-2-3-4_ZMB_4k-points_1000-features_yr-2016-2022_mn-1-12_lm-False_cm-True_wa-False_summary.feather
    One-hot encoding: False
    Anomaly: True
    Split: 0
    Random state: 670487
    N-splits: 5
    Include climate: False
    Climate vars: rcf
    Final Val R2:  0.6818 
    Final Test R2: 0.4128
    Total time: 46.71 minutes
    

Finish:
    F1: landsat-8-c2-l2_bands-1-2-3-4-5-6-7_ZMB_15k-points_1000-features_yr-2014-2021_mn-1-12_lm-False_cm-True_wa-False_summary.feather
    F2: sentinel-2-l2a_bands-2-3-4_ZMB_4k-points_1000-features_yr-2016-2022_mn-1-12_lm-False_cm-True_wa-False_summary.feather
    One-hot encoding: False
    Anomaly: True
    Split: 4
    Random state: 288389
    N-splits: 5
    Include climate: False
    Climate vars: rcf
    Final Val R2:  0.5339 
    Final Test R2: 0.7482
    Total time: 46.72 minutes
    

Finish:
    F1: landsat-8-c2-l2_bands-1-2-3-4-5-6-7_ZMB_15k-points_1000-features_yr-2014-2021_mn-1-12_lm-False_cm-True_wa-False_summary.feather
    F2: sentinel-2-l2a_bands-2-3-4_ZMB_4k-points_1000-features_yr-2016-2022_mn-1-12_lm-False_cm-True_wa-False_summary.feather
    One-hot encoding: False
    Anomaly: True
    Split: 2
    Random state: 26225
    N-splits: 5
    Include climate: False
    Climate vars: rcf
    Final Val R2:  0.6468 
    Final Test R2: 0.5631
    Total time: 50.17 minutes
    

	Best λ: 1.0
	Val R2: 0.6162


	Best λ: 1.0
	Val R2: 0.6398


	Best λ: 1.0
	Val R2: 0.5938


	Best λ: 1.0
	Val R2: 0.6085


	Best λ: 1.0
	Val R2: 0.6205


Finish:
    F1: landsat-8-c2-l2_bands-1-2-3-4-5-6-7_ZMB_15k-points_1000-features_yr-2014-2021_mn-1-12_lm-False_cm-True_wa-False_summary.feather
    F2: sentinel-2-l2a_bands-2-3-4_ZMB_4k-points_1000-features_yr-2016-2022_mn-1-12_lm-False_cm-True_wa-False_summary.feather
    One-hot encoding: False
    Anomaly: True
    Split: 6
    Random state: 234053
    N-splits: 5
    Include climate: False
    Climate vars: rcf
    Final Val R2:  0.6303 
    Final Test R2: 0.7475
    Total time: 76.23 minutes
    

Finish:
    F1: landsat-8-c2-l2_bands-1-2-3-4-5-6-7_ZMB_15k-points_1000-features_yr-2014-2021_mn-1-12_lm-False_cm-True_wa-False_summary.feather
    F2: sentinel-2-l2a_bands-2-3-4_ZMB_4k-points_1000-features_yr-2016-2022_mn-1-12_lm-False_cm-True_wa-False_summary.feather
    One-hot encoding: False
    Anomaly: True
    Split: 7
    Random state: 146316
    N-splits: 5
    Include climate: False
    Climate vars: rcf
    Final Val R2:  0.6130 
    Final Test R2: 0.6765
    Total time: 76.24 minutes
    

Finish:
    F1: landsat-8-c2-l2_bands-1-2-3-4-5-6-7_ZMB_15k-points_1000-features_yr-2014-2021_mn-1-12_lm-False_cm-True_wa-False_summary.feather
    F2: sentinel-2-l2a_bands-2-3-4_ZMB_4k-points_1000-features_yr-2016-2022_mn-1-12_lm-False_cm-True_wa-False_summary.feather
    One-hot encoding: False
    Anomaly: True
    Split: 5
    Random state: 256787
    N-splits: 5
    Include climate: False
    Climate vars: rcf
    Final Val R2:  0.6520 
    Final Test R2: 0.7612
    Total time: 76.24 minutes
    

Finish:
    F1: landsat-8-c2-l2_bands-1-2-3-4-5-6-7_ZMB_15k-points_1000-features_yr-2014-2021_mn-1-12_lm-False_cm-True_wa-False_summary.feather
    F2: sentinel-2-l2a_bands-2-3-4_ZMB_4k-points_1000-features_yr-2016-2022_mn-1-12_lm-False_cm-True_wa-False_summary.feather
    One-hot encoding: False
    Anomaly: True
    Split: 3
    Random state: 777572
    N-splits: 5
    Include climate: False
    Climate vars: rcf
    Final Val R2:  0.6366 
    Final Test R2: 0.8112
    Total time: 78.07 minutes
    

Finish:
    F1: landsat-8-c2-l2_bands-1-2-3-4-5-6-7_ZMB_15k-points_1000-features_yr-2014-2021_mn-1-12_lm-False_cm-True_wa-False_summary.feather
    F2: sentinel-2-l2a_bands-2-3-4_ZMB_4k-points_1000-features_yr-2016-2022_mn-1-12_lm-False_cm-True_wa-False_summary.feather
    One-hot encoding: False
    Anomaly: True
    Split: 1
    Random state: 116739
    N-splits: 5
    Include climate: False
    Climate vars: rcf
    Final Val R2:  0.6258 
    Final Test R2: 0.6963
    Total time: 78.08 minutes
    
Saving results as: 2_sensor_top-mod_10-splits_2023-06-30_rcf_climate-False_anom-True.csv


Saving results as: 2_sensor_top-mod_oos_predictions_10-splits_2023-06-30_rcf_climate-False_anom-True.csv


